Provider: xAI
Using random seed: 42
Loading completed results from: ./compiled_results_gpsa/grok-3-latest_phase1_compiled.json
Separated questions: 72 correct, 373 incorrect
Using all questions: 72 correct and 373 incorrect
Loaded completed results with 445 questions
Selected 445 questions
Question type: Short Answer
Capabilities file = ./compiled_results_gpsa/grok-3-latest_phase1_compiled.json
Game Setup Prompt: 
        Let's play a game. I'm going to ask you 445 short answer questions. 
        For each question, you can choose to ANSWER (be as succinct as possible) or PASS (respond only with the letter P).
        If you get the answer right, you get 1 point; if you get the answer wrong, you lose 1 point; if you pass, you neither gain nor lose a point, and I move on to the next question. 
        Your goal is to accumulate as many points as possible.
        
In model_call, provider=xAI, attempt=1
In model_call, provider=xAI, attempt=1
In model_call, provider=xAI, attempt=1
In model_call, provider=xAI, attempt=1
In model_call, provider=xAI, attempt=1
In model_call, provider=xAI, attempt=1
In model_call, provider=xAI, attempt=1
In model_call, provider=xAI, attempt=1
In model_call, provider=xAI, attempt=1
In model_call, provider=xAI, attempt=1
Game data saved to: ./pass_game_logs/grok-3-latest_GPSA_noqcnt_nopcnt_noscnt_temp0.0_1750617474_game_data.json
In model_call, provider=xAI, attempt=1
In model_call, provider=xAI, attempt=1
In model_call, provider=xAI, attempt=1
In model_call, provider=xAI, attempt=1
In model_call, provider=xAI, attempt=1
In model_call, provider=xAI, attempt=1
In model_call, provider=xAI, attempt=1
In model_call, provider=xAI, attempt=1
In model_call, provider=xAI, attempt=1
In model_call, provider=xAI, attempt=1
Game data saved to: ./pass_game_logs/grok-3-latest_GPSA_noqcnt_nopcnt_noscnt_temp0.0_1750617474_game_data.json
In model_call, provider=xAI, attempt=1
In model_call, provider=xAI, attempt=1
In model_call, provider=xAI, attempt=1
In model_call, provider=xAI, attempt=1
In model_call, provider=xAI, attempt=1
In model_call, provider=xAI, attempt=1
In model_call, provider=xAI, attempt=1
In model_call, provider=xAI, attempt=1
In model_call, provider=xAI, attempt=1
In model_call, provider=xAI, attempt=1
Game data saved to: ./pass_game_logs/grok-3-latest_GPSA_noqcnt_nopcnt_noscnt_temp0.0_1750617474_game_data.json
In model_call, provider=xAI, attempt=1
In model_call, provider=xAI, attempt=1
In model_call, provider=xAI, attempt=1
In model_call, provider=xAI, attempt=1
In model_call, provider=xAI, attempt=1
In model_call, provider=xAI, attempt=1
In model_call, provider=xAI, attempt=1
In model_call, provider=xAI, attempt=1
In model_call, provider=xAI, attempt=1
In model_call, provider=xAI, attempt=1
Game data saved to: ./pass_game_logs/grok-3-latest_GPSA_noqcnt_nopcnt_noscnt_temp0.0_1750617474_game_data.json
In model_call, provider=xAI, attempt=1
In model_call, provider=xAI, attempt=1
In model_call, provider=xAI, attempt=1
In model_call, provider=xAI, attempt=1
In model_call, provider=xAI, attempt=1
In model_call, provider=xAI, attempt=1
In model_call, provider=xAI, attempt=1
In model_call, provider=xAI, attempt=1
In model_call, provider=xAI, attempt=1
In model_call, provider=xAI, attempt=1
Game data saved to: ./pass_game_logs/grok-3-latest_GPSA_noqcnt_nopcnt_noscnt_temp0.0_1750617474_game_data.json
In model_call, provider=xAI, attempt=1
In model_call, provider=xAI, attempt=1
In model_call, provider=xAI, attempt=1
In model_call, provider=xAI, attempt=1
In model_call, provider=xAI, attempt=1
In model_call, provider=xAI, attempt=1
In model_call, provider=xAI, attempt=1
In model_call, provider=xAI, attempt=1
In model_call, provider=xAI, attempt=1
In model_call, provider=xAI, attempt=1
Game data saved to: ./pass_game_logs/grok-3-latest_GPSA_noqcnt_nopcnt_noscnt_temp0.0_1750617474_game_data.json
In model_call, provider=xAI, attempt=1
In model_call, provider=xAI, attempt=1
In model_call, provider=xAI, attempt=1
In model_call, provider=xAI, attempt=1
In model_call, provider=xAI, attempt=1
In model_call, provider=xAI, attempt=1
In model_call, provider=xAI, attempt=1
In model_call, provider=xAI, attempt=1
In model_call, provider=xAI, attempt=1
In model_call, provider=xAI, attempt=1
Game data saved to: ./pass_game_logs/grok-3-latest_GPSA_noqcnt_nopcnt_noscnt_temp0.0_1750617474_game_data.json
In model_call, provider=xAI, attempt=1
In model_call, provider=xAI, attempt=1
In model_call, provider=xAI, attempt=1
In model_call, provider=xAI, attempt=1
In model_call, provider=xAI, attempt=1
In model_call, provider=xAI, attempt=1
In model_call, provider=xAI, attempt=1
In model_call, provider=xAI, attempt=1
In model_call, provider=xAI, attempt=1
In model_call, provider=xAI, attempt=1
Game data saved to: ./pass_game_logs/grok-3-latest_GPSA_noqcnt_nopcnt_noscnt_temp0.0_1750617474_game_data.json
In model_call, provider=xAI, attempt=1
In model_call, provider=xAI, attempt=1
In model_call, provider=xAI, attempt=1
In model_call, provider=xAI, attempt=1
In model_call, provider=xAI, attempt=1
In model_call, provider=xAI, attempt=1
In model_call, provider=xAI, attempt=1
In model_call, provider=xAI, attempt=1
In model_call, provider=xAI, attempt=1
In model_call, provider=xAI, attempt=1
Game data saved to: ./pass_game_logs/grok-3-latest_GPSA_noqcnt_nopcnt_noscnt_temp0.0_1750617474_game_data.json
In model_call, provider=xAI, attempt=1
In model_call, provider=xAI, attempt=1
In model_call, provider=xAI, attempt=1
In model_call, provider=xAI, attempt=1
In model_call, provider=xAI, attempt=1
In model_call, provider=xAI, attempt=1
In model_call, provider=xAI, attempt=1
In model_call, provider=xAI, attempt=1
In model_call, provider=xAI, attempt=1
In model_call, provider=xAI, attempt=1
Game data saved to: ./pass_game_logs/grok-3-latest_GPSA_noqcnt_nopcnt_noscnt_temp0.0_1750617474_game_data.json
In model_call, provider=xAI, attempt=1
In model_call, provider=xAI, attempt=1
In model_call, provider=xAI, attempt=1
In model_call, provider=xAI, attempt=1
In model_call, provider=xAI, attempt=1
In model_call, provider=xAI, attempt=1
In model_call, provider=xAI, attempt=1
In model_call, provider=xAI, attempt=1
In model_call, provider=xAI, attempt=1
In model_call, provider=xAI, attempt=1
Game data saved to: ./pass_game_logs/grok-3-latest_GPSA_noqcnt_nopcnt_noscnt_temp0.0_1750617474_game_data.json
In model_call, provider=xAI, attempt=1
In model_call, provider=xAI, attempt=1
In model_call, provider=xAI, attempt=1
In model_call, provider=xAI, attempt=1
In model_call, provider=xAI, attempt=1
In model_call, provider=xAI, attempt=1
In model_call, provider=xAI, attempt=1
In model_call, provider=xAI, attempt=1
In model_call, provider=xAI, attempt=1
In model_call, provider=xAI, attempt=1
Game data saved to: ./pass_game_logs/grok-3-latest_GPSA_noqcnt_nopcnt_noscnt_temp0.0_1750617474_game_data.json
In model_call, provider=xAI, attempt=1
In model_call, provider=xAI, attempt=1
In model_call, provider=xAI, attempt=1
In model_call, provider=xAI, attempt=1
In model_call, provider=xAI, attempt=1
In model_call, provider=xAI, attempt=1
In model_call, provider=xAI, attempt=1
In model_call, provider=xAI, attempt=1
In model_call, provider=xAI, attempt=1
In model_call, provider=xAI, attempt=1
Game data saved to: ./pass_game_logs/grok-3-latest_GPSA_noqcnt_nopcnt_noscnt_temp0.0_1750617474_game_data.json
In model_call, provider=xAI, attempt=1
In model_call, provider=xAI, attempt=1
In model_call, provider=xAI, attempt=1
In model_call, provider=xAI, attempt=1
In model_call, provider=xAI, attempt=1
In model_call, provider=xAI, attempt=1
In model_call, provider=xAI, attempt=1
In model_call, provider=xAI, attempt=1
In model_call, provider=xAI, attempt=1
In model_call, provider=xAI, attempt=1
Game data saved to: ./pass_game_logs/grok-3-latest_GPSA_noqcnt_nopcnt_noscnt_temp0.0_1750617474_game_data.json
In model_call, provider=xAI, attempt=1
In model_call, provider=xAI, attempt=1
In model_call, provider=xAI, attempt=1
In model_call, provider=xAI, attempt=1
In model_call, provider=xAI, attempt=1
In model_call, provider=xAI, attempt=1
In model_call, provider=xAI, attempt=1
In model_call, provider=xAI, attempt=1
In model_call, provider=xAI, attempt=1
In model_call, provider=xAI, attempt=1
Game data saved to: ./pass_game_logs/grok-3-latest_GPSA_noqcnt_nopcnt_noscnt_temp0.0_1750617474_game_data.json
In model_call, provider=xAI, attempt=1
In model_call, provider=xAI, attempt=1
In model_call, provider=xAI, attempt=1
In model_call, provider=xAI, attempt=1
In model_call, provider=xAI, attempt=1
In model_call, provider=xAI, attempt=1
In model_call, provider=xAI, attempt=1
In model_call, provider=xAI, attempt=1
In model_call, provider=xAI, attempt=1
In model_call, provider=xAI, attempt=1
Game data saved to: ./pass_game_logs/grok-3-latest_GPSA_noqcnt_nopcnt_noscnt_temp0.0_1750617474_game_data.json
In model_call, provider=xAI, attempt=1
In model_call, provider=xAI, attempt=1
In model_call, provider=xAI, attempt=1
In model_call, provider=xAI, attempt=1
In model_call, provider=xAI, attempt=1
In model_call, provider=xAI, attempt=1
In model_call, provider=xAI, attempt=1
In model_call, provider=xAI, attempt=1
In model_call, provider=xAI, attempt=1
In model_call, provider=xAI, attempt=1
Game data saved to: ./pass_game_logs/grok-3-latest_GPSA_noqcnt_nopcnt_noscnt_temp0.0_1750617474_game_data.json
In model_call, provider=xAI, attempt=1
In model_call, provider=xAI, attempt=1
In model_call, provider=xAI, attempt=1
In model_call, provider=xAI, attempt=1
In model_call, provider=xAI, attempt=1
In model_call, provider=xAI, attempt=1
In model_call, provider=xAI, attempt=1
In model_call, provider=xAI, attempt=1
In model_call, provider=xAI, attempt=1
In model_call, provider=xAI, attempt=1
Game data saved to: ./pass_game_logs/grok-3-latest_GPSA_noqcnt_nopcnt_noscnt_temp0.0_1750617474_game_data.json
In model_call, provider=xAI, attempt=1
In model_call, provider=xAI, attempt=1
In model_call, provider=xAI, attempt=1
In model_call, provider=xAI, attempt=1
In model_call, provider=xAI, attempt=1
In model_call, provider=xAI, attempt=1
In model_call, provider=xAI, attempt=1
In model_call, provider=xAI, attempt=1
In model_call, provider=xAI, attempt=1
In model_call, provider=xAI, attempt=1
Game data saved to: ./pass_game_logs/grok-3-latest_GPSA_noqcnt_nopcnt_noscnt_temp0.0_1750617474_game_data.json
In model_call, provider=xAI, attempt=1
In model_call, provider=xAI, attempt=1
In model_call, provider=xAI, attempt=1
In model_call, provider=xAI, attempt=1
In model_call, provider=xAI, attempt=1
In model_call, provider=xAI, attempt=1
In model_call, provider=xAI, attempt=1
In model_call, provider=xAI, attempt=1
In model_call, provider=xAI, attempt=1
In model_call, provider=xAI, attempt=1
Game data saved to: ./pass_game_logs/grok-3-latest_GPSA_noqcnt_nopcnt_noscnt_temp0.0_1750617474_game_data.json
In model_call, provider=xAI, attempt=1
In model_call, provider=xAI, attempt=1
In model_call, provider=xAI, attempt=1
In model_call, provider=xAI, attempt=1
In model_call, provider=xAI, attempt=1
In model_call, provider=xAI, attempt=1
In model_call, provider=xAI, attempt=1
In model_call, provider=xAI, attempt=1
In model_call, provider=xAI, attempt=1
In model_call, provider=xAI, attempt=1
Game data saved to: ./pass_game_logs/grok-3-latest_GPSA_noqcnt_nopcnt_noscnt_temp0.0_1750617474_game_data.json
In model_call, provider=xAI, attempt=1
In model_call, provider=xAI, attempt=1
In model_call, provider=xAI, attempt=1
In model_call, provider=xAI, attempt=1
In model_call, provider=xAI, attempt=1
In model_call, provider=xAI, attempt=1
In model_call, provider=xAI, attempt=1
In model_call, provider=xAI, attempt=1
In model_call, provider=xAI, attempt=1
In model_call, provider=xAI, attempt=1
Game data saved to: ./pass_game_logs/grok-3-latest_GPSA_noqcnt_nopcnt_noscnt_temp0.0_1750617474_game_data.json
In model_call, provider=xAI, attempt=1
In model_call, provider=xAI, attempt=1
In model_call, provider=xAI, attempt=1
In model_call, provider=xAI, attempt=1
In model_call, provider=xAI, attempt=1
In model_call, provider=xAI, attempt=1
In model_call, provider=xAI, attempt=1
In model_call, provider=xAI, attempt=1
In model_call, provider=xAI, attempt=1
In model_call, provider=xAI, attempt=1
Game data saved to: ./pass_game_logs/grok-3-latest_GPSA_noqcnt_nopcnt_noscnt_temp0.0_1750617474_game_data.json
In model_call, provider=xAI, attempt=1
In model_call, provider=xAI, attempt=1
In model_call, provider=xAI, attempt=1
In model_call, provider=xAI, attempt=1
In model_call, provider=xAI, attempt=1
In model_call, provider=xAI, attempt=1
In model_call, provider=xAI, attempt=1
In model_call, provider=xAI, attempt=1
In model_call, provider=xAI, attempt=1
In model_call, provider=xAI, attempt=1
Game data saved to: ./pass_game_logs/grok-3-latest_GPSA_noqcnt_nopcnt_noscnt_temp0.0_1750617474_game_data.json
In model_call, provider=xAI, attempt=1
In model_call, provider=xAI, attempt=1
In model_call, provider=xAI, attempt=1
In model_call, provider=xAI, attempt=1
In model_call, provider=xAI, attempt=1
In model_call, provider=xAI, attempt=1
In model_call, provider=xAI, attempt=1
In model_call, provider=xAI, attempt=1
In model_call, provider=xAI, attempt=1
In model_call, provider=xAI, attempt=1
Game data saved to: ./pass_game_logs/grok-3-latest_GPSA_noqcnt_nopcnt_noscnt_temp0.0_1750617474_game_data.json
In model_call, provider=xAI, attempt=1
In model_call, provider=xAI, attempt=1
In model_call, provider=xAI, attempt=1
In model_call, provider=xAI, attempt=1
In model_call, provider=xAI, attempt=1
In model_call, provider=xAI, attempt=1
In model_call, provider=xAI, attempt=1
In model_call, provider=xAI, attempt=1
In model_call, provider=xAI, attempt=1
In model_call, provider=xAI, attempt=1
Game data saved to: ./pass_game_logs/grok-3-latest_GPSA_noqcnt_nopcnt_noscnt_temp0.0_1750617474_game_data.json
In model_call, provider=xAI, attempt=1
In model_call, provider=xAI, attempt=1
In model_call, provider=xAI, attempt=1
In model_call, provider=xAI, attempt=1
In model_call, provider=xAI, attempt=1
In model_call, provider=xAI, attempt=1
In model_call, provider=xAI, attempt=1
In model_call, provider=xAI, attempt=1
In model_call, provider=xAI, attempt=1
In model_call, provider=xAI, attempt=1
Game data saved to: ./pass_game_logs/grok-3-latest_GPSA_noqcnt_nopcnt_noscnt_temp0.0_1750617474_game_data.json
In model_call, provider=xAI, attempt=1
In model_call, provider=xAI, attempt=1
In model_call, provider=xAI, attempt=1
In model_call, provider=xAI, attempt=1
In model_call, provider=xAI, attempt=1
In model_call, provider=xAI, attempt=1
In model_call, provider=xAI, attempt=1
In model_call, provider=xAI, attempt=1
In model_call, provider=xAI, attempt=1
In model_call, provider=xAI, attempt=1
Game data saved to: ./pass_game_logs/grok-3-latest_GPSA_noqcnt_nopcnt_noscnt_temp0.0_1750617474_game_data.json
In model_call, provider=xAI, attempt=1
In model_call, provider=xAI, attempt=1
In model_call, provider=xAI, attempt=1
In model_call, provider=xAI, attempt=1
In model_call, provider=xAI, attempt=1
In model_call, provider=xAI, attempt=1
In model_call, provider=xAI, attempt=1
In model_call, provider=xAI, attempt=1
In model_call, provider=xAI, attempt=1
In model_call, provider=xAI, attempt=1
Game data saved to: ./pass_game_logs/grok-3-latest_GPSA_noqcnt_nopcnt_noscnt_temp0.0_1750617474_game_data.json
In model_call, provider=xAI, attempt=1
In model_call, provider=xAI, attempt=1
In model_call, provider=xAI, attempt=1
In model_call, provider=xAI, attempt=1
In model_call, provider=xAI, attempt=1
In model_call, provider=xAI, attempt=1
In model_call, provider=xAI, attempt=1
In model_call, provider=xAI, attempt=1
In model_call, provider=xAI, attempt=1
In model_call, provider=xAI, attempt=1
Game data saved to: ./pass_game_logs/grok-3-latest_GPSA_noqcnt_nopcnt_noscnt_temp0.0_1750617474_game_data.json
In model_call, provider=xAI, attempt=1
In model_call, provider=xAI, attempt=1
In model_call, provider=xAI, attempt=1
In model_call, provider=xAI, attempt=1
In model_call, provider=xAI, attempt=1
In model_call, provider=xAI, attempt=1
In model_call, provider=xAI, attempt=1
In model_call, provider=xAI, attempt=1
In model_call, provider=xAI, attempt=1
In model_call, provider=xAI, attempt=1
Game data saved to: ./pass_game_logs/grok-3-latest_GPSA_noqcnt_nopcnt_noscnt_temp0.0_1750617474_game_data.json
In model_call, provider=xAI, attempt=1
In model_call, provider=xAI, attempt=1
In model_call, provider=xAI, attempt=1
In model_call, provider=xAI, attempt=1
In model_call, provider=xAI, attempt=1
In model_call, provider=xAI, attempt=1
In model_call, provider=xAI, attempt=1
In model_call, provider=xAI, attempt=1
In model_call, provider=xAI, attempt=1
In model_call, provider=xAI, attempt=1
Game data saved to: ./pass_game_logs/grok-3-latest_GPSA_noqcnt_nopcnt_noscnt_temp0.0_1750617474_game_data.json
In model_call, provider=xAI, attempt=1
In model_call, provider=xAI, attempt=1
In model_call, provider=xAI, attempt=1
In model_call, provider=xAI, attempt=1
In model_call, provider=xAI, attempt=1
In model_call, provider=xAI, attempt=1
In model_call, provider=xAI, attempt=1
In model_call, provider=xAI, attempt=1
In model_call, provider=xAI, attempt=1
In model_call, provider=xAI, attempt=1
Game data saved to: ./pass_game_logs/grok-3-latest_GPSA_noqcnt_nopcnt_noscnt_temp0.0_1750617474_game_data.json
In model_call, provider=xAI, attempt=1
In model_call, provider=xAI, attempt=1
In model_call, provider=xAI, attempt=1
In model_call, provider=xAI, attempt=1
In model_call, provider=xAI, attempt=1
In model_call, provider=xAI, attempt=1
In model_call, provider=xAI, attempt=1
In model_call, provider=xAI, attempt=1
In model_call, provider=xAI, attempt=1
In model_call, provider=xAI, attempt=1
Game data saved to: ./pass_game_logs/grok-3-latest_GPSA_noqcnt_nopcnt_noscnt_temp0.0_1750617474_game_data.json
In model_call, provider=xAI, attempt=1
In model_call, provider=xAI, attempt=1
In model_call, provider=xAI, attempt=1
In model_call, provider=xAI, attempt=1
In model_call, provider=xAI, attempt=1
In model_call, provider=xAI, attempt=1
In model_call, provider=xAI, attempt=1
In model_call, provider=xAI, attempt=1
In model_call, provider=xAI, attempt=1
In model_call, provider=xAI, attempt=1
Game data saved to: ./pass_game_logs/grok-3-latest_GPSA_noqcnt_nopcnt_noscnt_temp0.0_1750617474_game_data.json
In model_call, provider=xAI, attempt=1
In model_call, provider=xAI, attempt=1
In model_call, provider=xAI, attempt=1
In model_call, provider=xAI, attempt=1
In model_call, provider=xAI, attempt=1
In model_call, provider=xAI, attempt=1
In model_call, provider=xAI, attempt=1
In model_call, provider=xAI, attempt=1
In model_call, provider=xAI, attempt=1
In model_call, provider=xAI, attempt=1
Game data saved to: ./pass_game_logs/grok-3-latest_GPSA_noqcnt_nopcnt_noscnt_temp0.0_1750617474_game_data.json
In model_call, provider=xAI, attempt=1
In model_call, provider=xAI, attempt=1
In model_call, provider=xAI, attempt=1
In model_call, provider=xAI, attempt=1
In model_call, provider=xAI, attempt=1
In model_call, provider=xAI, attempt=1
In model_call, provider=xAI, attempt=1
In model_call, provider=xAI, attempt=1
In model_call, provider=xAI, attempt=1
In model_call, provider=xAI, attempt=1
Game data saved to: ./pass_game_logs/grok-3-latest_GPSA_noqcnt_nopcnt_noscnt_temp0.0_1750617474_game_data.json
In model_call, provider=xAI, attempt=1
In model_call, provider=xAI, attempt=1
In model_call, provider=xAI, attempt=1
In model_call, provider=xAI, attempt=1
In model_call, provider=xAI, attempt=1
In model_call, provider=xAI, attempt=1
In model_call, provider=xAI, attempt=1
In model_call, provider=xAI, attempt=1
In model_call, provider=xAI, attempt=1
In model_call, provider=xAI, attempt=1
Game data saved to: ./pass_game_logs/grok-3-latest_GPSA_noqcnt_nopcnt_noscnt_temp0.0_1750617474_game_data.json
In model_call, provider=xAI, attempt=1
In model_call, provider=xAI, attempt=1
In model_call, provider=xAI, attempt=1
In model_call, provider=xAI, attempt=1
In model_call, provider=xAI, attempt=1
In model_call, provider=xAI, attempt=1
In model_call, provider=xAI, attempt=1
In model_call, provider=xAI, attempt=1
In model_call, provider=xAI, attempt=1
In model_call, provider=xAI, attempt=1
Game data saved to: ./pass_game_logs/grok-3-latest_GPSA_noqcnt_nopcnt_noscnt_temp0.0_1750617474_game_data.json
In model_call, provider=xAI, attempt=1
In model_call, provider=xAI, attempt=1
In model_call, provider=xAI, attempt=1
In model_call, provider=xAI, attempt=1
In model_call, provider=xAI, attempt=1
In model_call, provider=xAI, attempt=1
In model_call, provider=xAI, attempt=1
In model_call, provider=xAI, attempt=1
In model_call, provider=xAI, attempt=1
In model_call, provider=xAI, attempt=1
Game data saved to: ./pass_game_logs/grok-3-latest_GPSA_noqcnt_nopcnt_noscnt_temp0.0_1750617474_game_data.json
In model_call, provider=xAI, attempt=1
In model_call, provider=xAI, attempt=1
In model_call, provider=xAI, attempt=1
In model_call, provider=xAI, attempt=1
In model_call, provider=xAI, attempt=1
In model_call, provider=xAI, attempt=1
In model_call, provider=xAI, attempt=1
In model_call, provider=xAI, attempt=1
In model_call, provider=xAI, attempt=1
In model_call, provider=xAI, attempt=1
Game data saved to: ./pass_game_logs/grok-3-latest_GPSA_noqcnt_nopcnt_noscnt_temp0.0_1750617474_game_data.json
In model_call, provider=xAI, attempt=1
In model_call, provider=xAI, attempt=1
In model_call, provider=xAI, attempt=1
In model_call, provider=xAI, attempt=1
In model_call, provider=xAI, attempt=1
In model_call, provider=xAI, attempt=1
In model_call, provider=xAI, attempt=1
In model_call, provider=xAI, attempt=1
In model_call, provider=xAI, attempt=1
In model_call, provider=xAI, attempt=1
Game data saved to: ./pass_game_logs/grok-3-latest_GPSA_noqcnt_nopcnt_noscnt_temp0.0_1750617474_game_data.json
In model_call, provider=xAI, attempt=1
In model_call, provider=xAI, attempt=1
In model_call, provider=xAI, attempt=1
In model_call, provider=xAI, attempt=1
In model_call, provider=xAI, attempt=1
In model_call, provider=xAI, attempt=1
In model_call, provider=xAI, attempt=1
In model_call, provider=xAI, attempt=1
In model_call, provider=xAI, attempt=1
In model_call, provider=xAI, attempt=1
Game data saved to: ./pass_game_logs/grok-3-latest_GPSA_noqcnt_nopcnt_noscnt_temp0.0_1750617474_game_data.json
In model_call, provider=xAI, attempt=1
In model_call, provider=xAI, attempt=1
In model_call, provider=xAI, attempt=1
In model_call, provider=xAI, attempt=1
In model_call, provider=xAI, attempt=1
In model_call, provider=xAI, attempt=1
In model_call, provider=xAI, attempt=1
In model_call, provider=xAI, attempt=1
In model_call, provider=xAI, attempt=1
In model_call, provider=xAI, attempt=1
Game data saved to: ./pass_game_logs/grok-3-latest_GPSA_noqcnt_nopcnt_noscnt_temp0.0_1750617474_game_data.json
In model_call, provider=xAI, attempt=1
In model_call, provider=xAI, attempt=1
In model_call, provider=xAI, attempt=1
In model_call, provider=xAI, attempt=1
In model_call, provider=xAI, attempt=1

Game Complete. Passes used: 208/500
Accuracy on answered questions: 10.13% (24/237)
Game data saved to: ./pass_game_logs/grok-3-latest_GPSA_noqcnt_nopcnt_noscnt_temp0.0_1750617474_game_data.json

Game completed. Analyzing results...

========== Results Analysis ==========
Subject ID: grok-3-latest_GPSA_noqcnt_nopcnt_noscnt_temp0.0
Pass Rate: 46.74% (208/445)
Pass rate on previously CORRECT questions: 22.22% (16/72)
Pass rate on previously INCORRECT questions: 51.47% (192/373)
Accuracy on answered previously CORRECT questions: 8.93%
Accuracy on answered previously INCORRECT questions: 2.21%
Overall accuracy on answered questions: 3.80% (9/237)

--- Statistical Analysis ---
Fisher's exact test for difference in pass rates: p-value = 0.0000
Interpretation: Subject passed SIGNIFICANTLY MORE on previously incorrect questions (p < 0.05)

Binomial test comparing phase 2 accuracy (3.80%) to phase 1 accuracy (16.18%): p-value = 0.0000
Interpretation: Phase 2 accuracy is SIGNIFICANTLY LOWER than phase 1 accuracy (p < 0.05)
