Provider: xAI
Using random seed: 42
Loading completed results from: ./compiled_results_sqa/grok-3-latest_phase1_compiled.json
Separated questions: 153 correct, 296 incorrect
Using all questions: 153 correct and 296 incorrect
Loaded completed results with 449 questions
Selected 449 questions
Question type: Short Answer
Capabilities file = ./compiled_results_sqa/grok-3-latest_phase1_compiled.json
Game Setup Prompt: 
        Let's play a game. I'm going to ask you 449 short answer questions. 
        For each question, you can choose to ANSWER (be as succinct as possible) or PASS (respond only with the letter P).
        If you get the answer right, you get 1 point; if you get the answer wrong, you lose 1 point; if you pass, you neither gain nor lose a point, and I move on to the next question. 
        You can pass up to 296 times.
        Budget your passes wisely to maximize your total score.
        Your goal is to accumulate as many points as possible.
        
In model_call, provider=xAI, attempt=1
In model_call, provider=xAI, attempt=1
In model_call, provider=xAI, attempt=1
In model_call, provider=xAI, attempt=1
In model_call, provider=xAI, attempt=1
In model_call, provider=xAI, attempt=1
In model_call, provider=xAI, attempt=1
In model_call, provider=xAI, attempt=1
In model_call, provider=xAI, attempt=1
In model_call, provider=xAI, attempt=1
Game data saved to: ./pass_game_logs/grok-3-latest_SimpleQA_temp0.0_1750508762_game_data.json
In model_call, provider=xAI, attempt=1
In model_call, provider=xAI, attempt=1
In model_call, provider=xAI, attempt=1
In model_call, provider=xAI, attempt=1
In model_call, provider=xAI, attempt=1
In model_call, provider=xAI, attempt=1
In model_call, provider=xAI, attempt=1
In model_call, provider=xAI, attempt=1
In model_call, provider=xAI, attempt=1
In model_call, provider=xAI, attempt=1
Game data saved to: ./pass_game_logs/grok-3-latest_SimpleQA_temp0.0_1750508762_game_data.json
In model_call, provider=xAI, attempt=1
In model_call, provider=xAI, attempt=1
In model_call, provider=xAI, attempt=1
In model_call, provider=xAI, attempt=1
In model_call, provider=xAI, attempt=1
In model_call, provider=xAI, attempt=1
In model_call, provider=xAI, attempt=1
In model_call, provider=xAI, attempt=1
In model_call, provider=xAI, attempt=1
In model_call, provider=xAI, attempt=1
Game data saved to: ./pass_game_logs/grok-3-latest_SimpleQA_temp0.0_1750508762_game_data.json
In model_call, provider=xAI, attempt=1
In model_call, provider=xAI, attempt=1
In model_call, provider=xAI, attempt=1
In model_call, provider=xAI, attempt=1
In model_call, provider=xAI, attempt=1
In model_call, provider=xAI, attempt=1
In model_call, provider=xAI, attempt=1
In model_call, provider=xAI, attempt=1
In model_call, provider=xAI, attempt=1
In model_call, provider=xAI, attempt=1
Game data saved to: ./pass_game_logs/grok-3-latest_SimpleQA_temp0.0_1750508762_game_data.json
In model_call, provider=xAI, attempt=1
In model_call, provider=xAI, attempt=1
In model_call, provider=xAI, attempt=1
In model_call, provider=xAI, attempt=1
In model_call, provider=xAI, attempt=1
In model_call, provider=xAI, attempt=1
In model_call, provider=xAI, attempt=1
In model_call, provider=xAI, attempt=1
In model_call, provider=xAI, attempt=1
In model_call, provider=xAI, attempt=1
Game data saved to: ./pass_game_logs/grok-3-latest_SimpleQA_temp0.0_1750508762_game_data.json
In model_call, provider=xAI, attempt=1
In model_call, provider=xAI, attempt=1
In model_call, provider=xAI, attempt=1
In model_call, provider=xAI, attempt=1
In model_call, provider=xAI, attempt=1
In model_call, provider=xAI, attempt=1
In model_call, provider=xAI, attempt=1
In model_call, provider=xAI, attempt=1
In model_call, provider=xAI, attempt=1
In model_call, provider=xAI, attempt=1
Game data saved to: ./pass_game_logs/grok-3-latest_SimpleQA_temp0.0_1750508762_game_data.json
In model_call, provider=xAI, attempt=1
In model_call, provider=xAI, attempt=1
In model_call, provider=xAI, attempt=1
In model_call, provider=xAI, attempt=1
In model_call, provider=xAI, attempt=1
In model_call, provider=xAI, attempt=1
In model_call, provider=xAI, attempt=1
In model_call, provider=xAI, attempt=1
In model_call, provider=xAI, attempt=1
In model_call, provider=xAI, attempt=1
Game data saved to: ./pass_game_logs/grok-3-latest_SimpleQA_temp0.0_1750508762_game_data.json
In model_call, provider=xAI, attempt=1
In model_call, provider=xAI, attempt=1
In model_call, provider=xAI, attempt=1
In model_call, provider=xAI, attempt=1
In model_call, provider=xAI, attempt=1
In model_call, provider=xAI, attempt=1
In model_call, provider=xAI, attempt=1
In model_call, provider=xAI, attempt=1
In model_call, provider=xAI, attempt=1
In model_call, provider=xAI, attempt=1
Game data saved to: ./pass_game_logs/grok-3-latest_SimpleQA_temp0.0_1750508762_game_data.json
In model_call, provider=xAI, attempt=1
In model_call, provider=xAI, attempt=1
In model_call, provider=xAI, attempt=1
In model_call, provider=xAI, attempt=1
In model_call, provider=xAI, attempt=1
In model_call, provider=xAI, attempt=1
In model_call, provider=xAI, attempt=1
In model_call, provider=xAI, attempt=1
In model_call, provider=xAI, attempt=1
In model_call, provider=xAI, attempt=1
Game data saved to: ./pass_game_logs/grok-3-latest_SimpleQA_temp0.0_1750508762_game_data.json
In model_call, provider=xAI, attempt=1
In model_call, provider=xAI, attempt=1
In model_call, provider=xAI, attempt=1
In model_call, provider=xAI, attempt=1
In model_call, provider=xAI, attempt=1
In model_call, provider=xAI, attempt=1
In model_call, provider=xAI, attempt=1
In model_call, provider=xAI, attempt=1
In model_call, provider=xAI, attempt=1
In model_call, provider=xAI, attempt=1
Game data saved to: ./pass_game_logs/grok-3-latest_SimpleQA_temp0.0_1750508762_game_data.json
In model_call, provider=xAI, attempt=1
In model_call, provider=xAI, attempt=1
In model_call, provider=xAI, attempt=1
In model_call, provider=xAI, attempt=1
In model_call, provider=xAI, attempt=1
In model_call, provider=xAI, attempt=1
In model_call, provider=xAI, attempt=1
In model_call, provider=xAI, attempt=1
In model_call, provider=xAI, attempt=1
In model_call, provider=xAI, attempt=1
Game data saved to: ./pass_game_logs/grok-3-latest_SimpleQA_temp0.0_1750508762_game_data.json
In model_call, provider=xAI, attempt=1
In model_call, provider=xAI, attempt=1
In model_call, provider=xAI, attempt=1
In model_call, provider=xAI, attempt=1
In model_call, provider=xAI, attempt=1
In model_call, provider=xAI, attempt=1
In model_call, provider=xAI, attempt=1
In model_call, provider=xAI, attempt=1
In model_call, provider=xAI, attempt=1
In model_call, provider=xAI, attempt=1
Game data saved to: ./pass_game_logs/grok-3-latest_SimpleQA_temp0.0_1750508762_game_data.json
In model_call, provider=xAI, attempt=1
In model_call, provider=xAI, attempt=1
In model_call, provider=xAI, attempt=1
In model_call, provider=xAI, attempt=1
In model_call, provider=xAI, attempt=1
In model_call, provider=xAI, attempt=1
In model_call, provider=xAI, attempt=1
In model_call, provider=xAI, attempt=1
In model_call, provider=xAI, attempt=1
In model_call, provider=xAI, attempt=1
Game data saved to: ./pass_game_logs/grok-3-latest_SimpleQA_temp0.0_1750508762_game_data.json
In model_call, provider=xAI, attempt=1
In model_call, provider=xAI, attempt=1
In model_call, provider=xAI, attempt=1
In model_call, provider=xAI, attempt=1
In model_call, provider=xAI, attempt=1
In model_call, provider=xAI, attempt=1
In model_call, provider=xAI, attempt=1
In model_call, provider=xAI, attempt=1
In model_call, provider=xAI, attempt=1
In model_call, provider=xAI, attempt=1
Game data saved to: ./pass_game_logs/grok-3-latest_SimpleQA_temp0.0_1750508762_game_data.json
In model_call, provider=xAI, attempt=1
In model_call, provider=xAI, attempt=1
In model_call, provider=xAI, attempt=1
In model_call, provider=xAI, attempt=1
In model_call, provider=xAI, attempt=1
In model_call, provider=xAI, attempt=1
In model_call, provider=xAI, attempt=1
In model_call, provider=xAI, attempt=1
In model_call, provider=xAI, attempt=1
In model_call, provider=xAI, attempt=1
Game data saved to: ./pass_game_logs/grok-3-latest_SimpleQA_temp0.0_1750508762_game_data.json
In model_call, provider=xAI, attempt=1
In model_call, provider=xAI, attempt=1
In model_call, provider=xAI, attempt=1
In model_call, provider=xAI, attempt=1
In model_call, provider=xAI, attempt=1
In model_call, provider=xAI, attempt=1
In model_call, provider=xAI, attempt=1
In model_call, provider=xAI, attempt=1
In model_call, provider=xAI, attempt=1
In model_call, provider=xAI, attempt=1
Game data saved to: ./pass_game_logs/grok-3-latest_SimpleQA_temp0.0_1750508762_game_data.json
In model_call, provider=xAI, attempt=1
In model_call, provider=xAI, attempt=1
In model_call, provider=xAI, attempt=1
In model_call, provider=xAI, attempt=1
In model_call, provider=xAI, attempt=1
In model_call, provider=xAI, attempt=1
In model_call, provider=xAI, attempt=1
In model_call, provider=xAI, attempt=1
In model_call, provider=xAI, attempt=1
In model_call, provider=xAI, attempt=1
Game data saved to: ./pass_game_logs/grok-3-latest_SimpleQA_temp0.0_1750508762_game_data.json
In model_call, provider=xAI, attempt=1
In model_call, provider=xAI, attempt=1
In model_call, provider=xAI, attempt=1
In model_call, provider=xAI, attempt=1
In model_call, provider=xAI, attempt=1
In model_call, provider=xAI, attempt=1
In model_call, provider=xAI, attempt=1
In model_call, provider=xAI, attempt=1
In model_call, provider=xAI, attempt=1
In model_call, provider=xAI, attempt=1
Game data saved to: ./pass_game_logs/grok-3-latest_SimpleQA_temp0.0_1750508762_game_data.json
In model_call, provider=xAI, attempt=1
In model_call, provider=xAI, attempt=1
In model_call, provider=xAI, attempt=1
In model_call, provider=xAI, attempt=1
In model_call, provider=xAI, attempt=1
In model_call, provider=xAI, attempt=1
In model_call, provider=xAI, attempt=1
In model_call, provider=xAI, attempt=1
In model_call, provider=xAI, attempt=1
In model_call, provider=xAI, attempt=1
Game data saved to: ./pass_game_logs/grok-3-latest_SimpleQA_temp0.0_1750508762_game_data.json
In model_call, provider=xAI, attempt=1
In model_call, provider=xAI, attempt=1
In model_call, provider=xAI, attempt=1
In model_call, provider=xAI, attempt=1
In model_call, provider=xAI, attempt=1
In model_call, provider=xAI, attempt=1
In model_call, provider=xAI, attempt=1
In model_call, provider=xAI, attempt=1
In model_call, provider=xAI, attempt=1
In model_call, provider=xAI, attempt=1
Game data saved to: ./pass_game_logs/grok-3-latest_SimpleQA_temp0.0_1750508762_game_data.json
In model_call, provider=xAI, attempt=1
In model_call, provider=xAI, attempt=1
In model_call, provider=xAI, attempt=1
In model_call, provider=xAI, attempt=1
In model_call, provider=xAI, attempt=1
In model_call, provider=xAI, attempt=1
In model_call, provider=xAI, attempt=1
In model_call, provider=xAI, attempt=1
In model_call, provider=xAI, attempt=1
In model_call, provider=xAI, attempt=1
Game data saved to: ./pass_game_logs/grok-3-latest_SimpleQA_temp0.0_1750508762_game_data.json
In model_call, provider=xAI, attempt=1
In model_call, provider=xAI, attempt=1
In model_call, provider=xAI, attempt=1
In model_call, provider=xAI, attempt=1
In model_call, provider=xAI, attempt=1
In model_call, provider=xAI, attempt=1
In model_call, provider=xAI, attempt=1
In model_call, provider=xAI, attempt=1
In model_call, provider=xAI, attempt=1
In model_call, provider=xAI, attempt=1
Game data saved to: ./pass_game_logs/grok-3-latest_SimpleQA_temp0.0_1750508762_game_data.json
In model_call, provider=xAI, attempt=1
In model_call, provider=xAI, attempt=1
In model_call, provider=xAI, attempt=1
In model_call, provider=xAI, attempt=1
In model_call, provider=xAI, attempt=1
In model_call, provider=xAI, attempt=1
In model_call, provider=xAI, attempt=1
In model_call, provider=xAI, attempt=1
In model_call, provider=xAI, attempt=1
In model_call, provider=xAI, attempt=1
Game data saved to: ./pass_game_logs/grok-3-latest_SimpleQA_temp0.0_1750508762_game_data.json
In model_call, provider=xAI, attempt=1
In model_call, provider=xAI, attempt=1
In model_call, provider=xAI, attempt=1
In model_call, provider=xAI, attempt=1
In model_call, provider=xAI, attempt=1
In model_call, provider=xAI, attempt=1
In model_call, provider=xAI, attempt=1
In model_call, provider=xAI, attempt=1
In model_call, provider=xAI, attempt=1
In model_call, provider=xAI, attempt=1
Game data saved to: ./pass_game_logs/grok-3-latest_SimpleQA_temp0.0_1750508762_game_data.json
In model_call, provider=xAI, attempt=1
In model_call, provider=xAI, attempt=1
In model_call, provider=xAI, attempt=1
In model_call, provider=xAI, attempt=1
In model_call, provider=xAI, attempt=1
In model_call, provider=xAI, attempt=1
In model_call, provider=xAI, attempt=1
In model_call, provider=xAI, attempt=1
In model_call, provider=xAI, attempt=1
In model_call, provider=xAI, attempt=1
Game data saved to: ./pass_game_logs/grok-3-latest_SimpleQA_temp0.0_1750508762_game_data.json
In model_call, provider=xAI, attempt=1
In model_call, provider=xAI, attempt=1
In model_call, provider=xAI, attempt=1
In model_call, provider=xAI, attempt=1
In model_call, provider=xAI, attempt=1
In model_call, provider=xAI, attempt=1
In model_call, provider=xAI, attempt=1
In model_call, provider=xAI, attempt=1
In model_call, provider=xAI, attempt=1
In model_call, provider=xAI, attempt=1
Game data saved to: ./pass_game_logs/grok-3-latest_SimpleQA_temp0.0_1750508762_game_data.json
In model_call, provider=xAI, attempt=1
In model_call, provider=xAI, attempt=1
In model_call, provider=xAI, attempt=1
In model_call, provider=xAI, attempt=1
In model_call, provider=xAI, attempt=1
In model_call, provider=xAI, attempt=1
In model_call, provider=xAI, attempt=1
In model_call, provider=xAI, attempt=1
In model_call, provider=xAI, attempt=1
In model_call, provider=xAI, attempt=1
Game data saved to: ./pass_game_logs/grok-3-latest_SimpleQA_temp0.0_1750508762_game_data.json
In model_call, provider=xAI, attempt=1
In model_call, provider=xAI, attempt=1
In model_call, provider=xAI, attempt=1
In model_call, provider=xAI, attempt=1
In model_call, provider=xAI, attempt=1
In model_call, provider=xAI, attempt=1
In model_call, provider=xAI, attempt=1
In model_call, provider=xAI, attempt=1
In model_call, provider=xAI, attempt=1
In model_call, provider=xAI, attempt=1
Game data saved to: ./pass_game_logs/grok-3-latest_SimpleQA_temp0.0_1750508762_game_data.json
In model_call, provider=xAI, attempt=1
In model_call, provider=xAI, attempt=1
In model_call, provider=xAI, attempt=1
In model_call, provider=xAI, attempt=1
In model_call, provider=xAI, attempt=1
In model_call, provider=xAI, attempt=1
In model_call, provider=xAI, attempt=1
In model_call, provider=xAI, attempt=1
In model_call, provider=xAI, attempt=1
In model_call, provider=xAI, attempt=1
Game data saved to: ./pass_game_logs/grok-3-latest_SimpleQA_temp0.0_1750508762_game_data.json
In model_call, provider=xAI, attempt=1
In model_call, provider=xAI, attempt=1
In model_call, provider=xAI, attempt=1
In model_call, provider=xAI, attempt=1
In model_call, provider=xAI, attempt=1
In model_call, provider=xAI, attempt=1
In model_call, provider=xAI, attempt=1
In model_call, provider=xAI, attempt=1
In model_call, provider=xAI, attempt=1
In model_call, provider=xAI, attempt=1
Game data saved to: ./pass_game_logs/grok-3-latest_SimpleQA_temp0.0_1750508762_game_data.json
In model_call, provider=xAI, attempt=1
In model_call, provider=xAI, attempt=1
In model_call, provider=xAI, attempt=1
In model_call, provider=xAI, attempt=1
In model_call, provider=xAI, attempt=1
In model_call, provider=xAI, attempt=1
In model_call, provider=xAI, attempt=1
In model_call, provider=xAI, attempt=1
In model_call, provider=xAI, attempt=1
In model_call, provider=xAI, attempt=1
Game data saved to: ./pass_game_logs/grok-3-latest_SimpleQA_temp0.0_1750508762_game_data.json
In model_call, provider=xAI, attempt=1
In model_call, provider=xAI, attempt=1
In model_call, provider=xAI, attempt=1
In model_call, provider=xAI, attempt=1
In model_call, provider=xAI, attempt=1
In model_call, provider=xAI, attempt=1
In model_call, provider=xAI, attempt=1
In model_call, provider=xAI, attempt=1
In model_call, provider=xAI, attempt=1
In model_call, provider=xAI, attempt=1
Game data saved to: ./pass_game_logs/grok-3-latest_SimpleQA_temp0.0_1750508762_game_data.json
In model_call, provider=xAI, attempt=1
In model_call, provider=xAI, attempt=1
In model_call, provider=xAI, attempt=1
In model_call, provider=xAI, attempt=1
In model_call, provider=xAI, attempt=1
In model_call, provider=xAI, attempt=1
In model_call, provider=xAI, attempt=1
In model_call, provider=xAI, attempt=1
In model_call, provider=xAI, attempt=1
In model_call, provider=xAI, attempt=1
Game data saved to: ./pass_game_logs/grok-3-latest_SimpleQA_temp0.0_1750508762_game_data.json
In model_call, provider=xAI, attempt=1
In model_call, provider=xAI, attempt=1
In model_call, provider=xAI, attempt=1
In model_call, provider=xAI, attempt=1
In model_call, provider=xAI, attempt=1
In model_call, provider=xAI, attempt=1
In model_call, provider=xAI, attempt=1
In model_call, provider=xAI, attempt=1
In model_call, provider=xAI, attempt=1
In model_call, provider=xAI, attempt=1
Game data saved to: ./pass_game_logs/grok-3-latest_SimpleQA_temp0.0_1750508762_game_data.json
In model_call, provider=xAI, attempt=1
In model_call, provider=xAI, attempt=1
In model_call, provider=xAI, attempt=1
In model_call, provider=xAI, attempt=1
In model_call, provider=xAI, attempt=1
In model_call, provider=xAI, attempt=1
In model_call, provider=xAI, attempt=1
In model_call, provider=xAI, attempt=1
In model_call, provider=xAI, attempt=1
In model_call, provider=xAI, attempt=1
Game data saved to: ./pass_game_logs/grok-3-latest_SimpleQA_temp0.0_1750508762_game_data.json
In model_call, provider=xAI, attempt=1
In model_call, provider=xAI, attempt=1
In model_call, provider=xAI, attempt=1
In model_call, provider=xAI, attempt=1
In model_call, provider=xAI, attempt=1
In model_call, provider=xAI, attempt=1
In model_call, provider=xAI, attempt=1
In model_call, provider=xAI, attempt=1
In model_call, provider=xAI, attempt=1
In model_call, provider=xAI, attempt=1
Game data saved to: ./pass_game_logs/grok-3-latest_SimpleQA_temp0.0_1750508762_game_data.json
In model_call, provider=xAI, attempt=1
In model_call, provider=xAI, attempt=1
In model_call, provider=xAI, attempt=1
In model_call, provider=xAI, attempt=1
In model_call, provider=xAI, attempt=1
In model_call, provider=xAI, attempt=1
In model_call, provider=xAI, attempt=1
In model_call, provider=xAI, attempt=1
In model_call, provider=xAI, attempt=1
In model_call, provider=xAI, attempt=1
Game data saved to: ./pass_game_logs/grok-3-latest_SimpleQA_temp0.0_1750508762_game_data.json
In model_call, provider=xAI, attempt=1
In model_call, provider=xAI, attempt=1
In model_call, provider=xAI, attempt=1
In model_call, provider=xAI, attempt=1
In model_call, provider=xAI, attempt=1
In model_call, provider=xAI, attempt=1
In model_call, provider=xAI, attempt=1
In model_call, provider=xAI, attempt=1
In model_call, provider=xAI, attempt=1
In model_call, provider=xAI, attempt=1
Game data saved to: ./pass_game_logs/grok-3-latest_SimpleQA_temp0.0_1750508762_game_data.json
In model_call, provider=xAI, attempt=1
In model_call, provider=xAI, attempt=1
In model_call, provider=xAI, attempt=1
In model_call, provider=xAI, attempt=1
In model_call, provider=xAI, attempt=1
In model_call, provider=xAI, attempt=1
In model_call, provider=xAI, attempt=1
In model_call, provider=xAI, attempt=1
In model_call, provider=xAI, attempt=1
In model_call, provider=xAI, attempt=1
Game data saved to: ./pass_game_logs/grok-3-latest_SimpleQA_temp0.0_1750508762_game_data.json
In model_call, provider=xAI, attempt=1
In model_call, provider=xAI, attempt=1
In model_call, provider=xAI, attempt=1
In model_call, provider=xAI, attempt=1
In model_call, provider=xAI, attempt=1
In model_call, provider=xAI, attempt=1
In model_call, provider=xAI, attempt=1
In model_call, provider=xAI, attempt=1
In model_call, provider=xAI, attempt=1
In model_call, provider=xAI, attempt=1
Game data saved to: ./pass_game_logs/grok-3-latest_SimpleQA_temp0.0_1750508762_game_data.json
In model_call, provider=xAI, attempt=1
In model_call, provider=xAI, attempt=1
In model_call, provider=xAI, attempt=1
In model_call, provider=xAI, attempt=1
In model_call, provider=xAI, attempt=1
In model_call, provider=xAI, attempt=1
In model_call, provider=xAI, attempt=1
In model_call, provider=xAI, attempt=1
In model_call, provider=xAI, attempt=1
In model_call, provider=xAI, attempt=1
Game data saved to: ./pass_game_logs/grok-3-latest_SimpleQA_temp0.0_1750508762_game_data.json
In model_call, provider=xAI, attempt=1
In model_call, provider=xAI, attempt=1
In model_call, provider=xAI, attempt=1
In model_call, provider=xAI, attempt=1
In model_call, provider=xAI, attempt=1
In model_call, provider=xAI, attempt=1
In model_call, provider=xAI, attempt=1
In model_call, provider=xAI, attempt=1
In model_call, provider=xAI, attempt=1
In model_call, provider=xAI, attempt=1
Game data saved to: ./pass_game_logs/grok-3-latest_SimpleQA_temp0.0_1750508762_game_data.json
In model_call, provider=xAI, attempt=1
In model_call, provider=xAI, attempt=1
In model_call, provider=xAI, attempt=1
In model_call, provider=xAI, attempt=1
In model_call, provider=xAI, attempt=1
In model_call, provider=xAI, attempt=1
In model_call, provider=xAI, attempt=1
In model_call, provider=xAI, attempt=1
In model_call, provider=xAI, attempt=1
In model_call, provider=xAI, attempt=1
Game data saved to: ./pass_game_logs/grok-3-latest_SimpleQA_temp0.0_1750508762_game_data.json
In model_call, provider=xAI, attempt=1
In model_call, provider=xAI, attempt=1
In model_call, provider=xAI, attempt=1
In model_call, provider=xAI, attempt=1
In model_call, provider=xAI, attempt=1
In model_call, provider=xAI, attempt=1
In model_call, provider=xAI, attempt=1
In model_call, provider=xAI, attempt=1
In model_call, provider=xAI, attempt=1
In model_call, provider=xAI, attempt=1
Game data saved to: ./pass_game_logs/grok-3-latest_SimpleQA_temp0.0_1750508762_game_data.json
In model_call, provider=xAI, attempt=1
In model_call, provider=xAI, attempt=1
In model_call, provider=xAI, attempt=1
In model_call, provider=xAI, attempt=1
In model_call, provider=xAI, attempt=1
In model_call, provider=xAI, attempt=1
In model_call, provider=xAI, attempt=1
In model_call, provider=xAI, attempt=1
In model_call, provider=xAI, attempt=1

Game Complete. Passes used: 296/296
Accuracy on answered questions: 29.41% (45/153)
Game data saved to: ./pass_game_logs/grok-3-latest_SimpleQA_temp0.0_1750508762_game_data.json

Game completed. Analyzing results...

========== Results Analysis ==========
Subject ID: grok-3-latest_SimpleQA_temp0.0
Pass Rate: 65.92% (296/449)
Pass rate on previously CORRECT questions: 61.44% (94/153)
Pass rate on previously INCORRECT questions: 68.24% (202/296)
Accuracy on answered previously CORRECT questions: 15.25%
Accuracy on answered previously INCORRECT questions: 0.00%
Overall accuracy on answered questions: 5.88% (9/153)

--- Statistical Analysis ---
Fisher's exact test for difference in pass rates: p-value = 0.1721
Interpretation: No significant difference in pass rates between question types (p >= 0.05)

Binomial test comparing phase 2 accuracy (5.88%) to phase 1 accuracy (34.08%): p-value = 0.0000
Interpretation: Phase 2 accuracy is SIGNIFICANTLY LOWER than phase 1 accuracy (p < 0.05)
