Provider: xAI
Second-Chance Game Log for Subject: grok-3-latest_GPSA_redacted_cor_temp0.0
Configuration: Questions=None, Show Original Answer=False
Timestamp: 2025-06-25 09:30:19
Loading capabilities data from: ./compiled_results_gpsa/grok-3-latest_phase1_compiled.json
Found 373 questions that were answered incorrectly
Found 72 questions that were answered correctly
Selected 72 questions for the game

========== Starting Second-Chance Game ==========

Presenting question 1/72
Original answer: 3 loops

Explanation: The expression includes a factor of 1/(4π)^6, which suggests a three-loop diagram since each loop typically contributes a factor of 1/(4π)^2 in quantum field theory calculations (3 loops × 2 = 6)., Correct answer: 3
In model_call, provider=xAI, attempt=1
New answer: 3, Changed: False, Correct: True

Presenting question 2/72
Original answer: **Relative Speed:**  
Using the relativistic velocity addition formula, the relative speed of the astronaut with mass 2m (0.6c) with respect to the astronaut with mass 3m (0.5c) is:  
\[ v_{\text{rel}} = \frac{0.6c - 0.5c}{1 - (0.6c \cdot 0.5c)/c^2} = \frac{0.1c}{1 - 0.3} = \frac{0.1c}{0.7} \approx 0.143c \]

**Total Energy:**  
The total relativistic energy of the system is the sum of the individual energies. The energy of a particle is given by \( E = \gamma mc^2 \), where \( \gamma = \frac{1}{\sqrt{1 - v^2/c^2}} \).  
- For mass 2m at 0.6c: \( \gamma_1 = \frac{1}{\sqrt{1 - 0.36}} = \frac{1}{\sqrt{0.64}} = 1.25 \), so \( E_1 = 1.25 \cdot 2m \cdot c^2 = 2.5mc^2 \).  
- For mass 3m at 0.5c: \( \gamma_2 = \frac{1}{\sqrt{1 - 0.25}} = \frac{1}{\sqrt{0.75}} \approx 1.155 \), so \( E_2 \approx 1.155 \cdot 3m \cdot c^2 \approx 3.465mc^2 \).  
- Total energy: \( E_{\text{total}} = E_1 + E_2 \approx 2.5mc^2 + 3.465mc^2 \approx 5.965mc^2 \).

**Final Answer:**  
Relative speed: ~0.143c  
Total energy: ~5.965mc², Correct answer: v_rel = 0.14c , E= 5.96 mc^2
In model_call, provider=xAI, attempt=1
New answer: **Relative speed:** 0.14c (using relativistic velocity addition: (0.6c - 0.5c)/(1 - (0.6c * 0.5c)/c²))

**Total energy:** E = γ₁(2m)c² + γ₂(3m)c², where γ₁ = 1/√(1 - (0.6)²) ≈ 1.25 and γ₂ = 1/√(1 - (0.5)²) ≈ 1.154, so E ≈ (1.25 * 2m)c² + (1.154 * 3m)c² ≈ 5.964 mc², Changed: False, Correct: False

Presenting question 3/72
Original answer: Transcription factor X likely binds to the enhancer indirectly through interaction with transcription factor Y, which directly binds to its motif in the enhancer sequence., Correct answer: X is recruited to the enhancer through cooperative binding with Y
In model_call, provider=xAI, attempt=1
New answer: Transcription factor X is likely binding indirectly to the enhancer through interaction with transcription factor Y, which binds directly to its motif at the enhancer., Changed: False, Correct: False

Presenting question 4/72
Original answer: Star1: RA = 15 deg, Dec = -26 deg, Vmag = 9 mag

Reason: At 24°S latitude, stars with declinations close to the latitude (like Star1 at -26°) will pass near the zenith, minimizing airmass and optimizing observing conditions., Correct answer: Star1
In model_call, provider=xAI, attempt=1
New answer: Star1, Changed: False, Correct: True

Presenting question 5/72
Original answer: **A. Nucleophile Reactivity in Aqueous Solution (Most to Poorest):**  
5. Ethanethiolate > 2. Hydroxide > 1. 4-Methylcyclohexan-1-olate > 3. Propionate > 4. Methanol  

**B. Correct Statement:**  
1. In substitution reaction, if the reactant in the rate-determining step is charged (higher energy than activated complex), increasing the polarity of the solvent will decrease the rate of reaction., Correct answer: A = 5, 2, 1, 3 and 4, B = 1
In model_call, provider=xAI, attempt=1
New answer: A. 5 (Ethanethiolate) > 2 (Hydroxide) > 1 (4-methylcyclohexan-1-olate) > 3 (Propionate) > 4 (Methanol)  
B. 1, Changed: False, Correct: False

Presenting question 6/72
Original answer: Planet_1, because its shorter orbital period increases the frequency of potential transits, and the higher mass of its host star results in a smaller semi-major axis, enhancing the transit probability compared to Planet_2., Correct answer: Planet_1 is preferred due to its ~1.65 times higher probability to transit.
In model_call, provider=xAI, attempt=1
New answer: Planet_1, Changed: False, Correct: False

Presenting question 7/72
Original answer: 4π

Explanation: The vector field f(r) = (1/r²) r̂ in spherical coordinates has a divergence ∇·f = (1/r²) d/dr (r² * 1/r²) = 0 for r ≠ 0. However, at r = 0, there is a singularity. Using Gauss's theorem, the volume integral of ∇·f over the sphere equals the surface integral of f over the sphere's surface. On the surface at r = R, |f| = 1/R², and the surface area is 4πR², so the surface integral is (1/R²) * 4πR² = 4π. Thus, the volume integral of ∇·f is 4π., Correct answer: 4 π
In model_call, provider=xAI, attempt=1
New answer: 4π, Changed: False, Correct: False

Presenting question 8/72
Original answer: The output of the C-NOT gate, with the condition that the control qubit must be in state |0⟩ to apply the NOT operation on the target qubit, is:

\[
|\psi'\rangle = \alpha|0\rangle|1\rangle + (\beta - \gamma)|1\rangle|0\rangle
\], Correct answer: U_{C-NOT}\left|\psi\right\rangle =\alpha\left|0\right\rangle \varotimes\left|1\right\rangle +\left(\beta\left|1\right\rangle -\gamma\left|1\right\rangle \right)\varotimes\left|0\right\rangle
In model_call, provider=xAI, attempt=1
New answer: \left|\psi'\right\rangle = \left(\alpha\left|0\right\rangle \otimes \left|1\right\rangle\right) + \left(\beta\left|1\right\rangle - \gamma\left|1\right\rangle\right) \otimes \left|0\right\rangle, Changed: False, Correct: False

Presenting question 9/72
Original answer: In regions II (x < 0) and III (x > a), where the potential is V and the particle's energy E < V, the wave function Ψ is exponentially decaying (evanescent waves). Since the probability current density J involves the gradient of Ψ and Ψ*, and the wave function is real-valued in these regions (no oscillatory component), the terms Ψ∇Ψ* and Ψ*∇Ψ cancel each other out. Therefore, the probability current density J is zero in regions II and III., Correct answer: zero
In model_call, provider=xAI, attempt=1
New answer: J = 0 in regions II and III, as the wave function Ψ is real (exponentially decaying) in these regions, making the probability current density vanish., Changed: False, Correct: False

Presenting question 10/72
Original answer: 8, Correct answer: 8
In model_call, provider=xAI, attempt=1
New answer: 7, Changed: False, Correct: False

Presenting question 11/72
Original answer: The oscillation frequency of the z-component of the magnetic moment is γB, where γ is the gyromagnetic ratio and B is the magnitude of the magnetic field., Correct answer: gamma*B
In model_call, provider=xAI, attempt=1
New answer: gamma * B, Changed: False, Correct: False

Presenting question 12/72
Original answer: The magnitude of the electric field at point P, outside the spherical conductor, is given by:

\[ E = \frac{k q}{L^2} \]

where \( k \) is Coulomb's constant. This is because the conductor is uncharged, and the charge \( +q \) inside the cavity induces an equal and opposite charge on the inner surface of the conductor, with \( +q \) effectively appearing at the center of the conductor for points outside (due to the properties of a conductor in electrostatic equilibrium). Thus, the field outside depends only on \( L \), the distance from the center of the conductor., Correct answer: $E = \dfrac{1}{4 \pi \epsilon_o} \dfrac{q}{L^2}$
In model_call, provider=xAI, attempt=1
New answer: The magnitude of the electric field at point P is \( E = \frac{kq}{L^2} \), where \( k \) is Coulomb's constant., Changed: False, Correct: False

Presenting question 13/72
Original answer: The paramagnetic coupling term for a magnetic field \(\vec{B}\) is given by the Zeeman interaction energy, \(E_Z = -\mu_B m B\), where \(\mu_B\) is the Bohr magneton (\(\mu_B \approx 9.27 \times 10^{-24} \, \text{J/T}\)), \(m\) is the orbital magnetic quantum number, and \(B = 1 \, \text{T}\). For small \(m\) (e.g., \(m = 1\)), the order of magnitude of the coupling term is:

\(E_Z \approx 9.27 \times 10^{-24} \, \text{J} \approx 10^{-23} \, \text{J}\).

The transition energy \(\Delta E\) for a Hydrogen atom with wavelength \(\lambda = 0.4861 \, \mu\text{m} = 4.861 \times 10^{-7} \, \text{m}\) is calculated using \(E = \frac{hc}{\lambda}\), where \(h = 6.626 \times 10^{-34} \, \text{J·s}\) and \(c = 3 \times 10^8 \, \text{m/s}\):

\(\Delta E = \frac{(6.626 \times 10^{-34})(3 \times 10^8)}{4.861 \times 10^{-7}} \approx 4.09 \times 10^{-19} \, \text{J} \approx 10^{-19} \, \text{J}\).

Comparing the orders of magnitude, \(E_Z \approx 10^{-23} \, \text{J}\) is much smaller than \(\Delta E \approx 10^{-19} \, \text{J}\) by a factor of about \(10^4\). Thus, the paramagnetic coupling term is negligible compared to the transition energy., Correct answer: \left\langle H\right\rangle \ll\Delta E
In model_call, provider=xAI, attempt=1
New answer: The paramagnetic coupling term is given by \( E = -\mu_B m B \), where \( \mu_B \approx 9.27 \times 10^{-24} \, \text{J/T} \) is the Bohr magneton, \( m \) is small (e.g., \( m = 1 \)), and \( B = 1 \, \text{T} \). Thus, \( E \approx 9.27 \times 10^{-24} \, \text{J} \), or about \( 5.8 \times 10^{-5} \, \text{eV} \).

The transition energy \( \Delta E \) for a Hydrogen atom with wavelength \( \lambda = 0.4861 \, \mu\text{m} \) (corresponding to the H-beta line) is calculated as \( \Delta E = \frac{hc}{\lambda} \), where \( h = 4.1357 \times 10^{-15} \, \text{eV·s} \), \( c = 3 \times 10^8 \, \text{m/s} \), and \( \lambda = 4.861 \times 10^{-7} \, \text{m} \). This gives \( \Delta E \approx 2.55 \, \text{eV} \).

Comparing orders of magnitude, the paramagnetic term (\( \sim 10^{-5} \, \text{eV} \)) is much smaller than the transition energy (\( \sim 10^0 \, \text{eV} \)) by about 5 orders of magnitude., Changed: False, Correct: False

Presenting question 14/72
Original answer: Maleic anhydride reacts with 2,3-dimethylbuta-1,3-diene via a Diels-Alder reaction, removing it from the equilibrium. By Le Chatelier's principle, the reaction shifts to the right to produce more diene., Correct answer: Maleic anhydride reacts with 2,3-dimethylbuta-1,3-diene and removal of a product causes the equilibrium to shift towards products.
In model_call, provider=xAI, attempt=1
New answer: Maleic anhydride reacts with 2,3-dimethylbuta-1,3-diene via a Diels-Alder reaction, removing it from the equilibrium. By Le Chatelier's principle, the reaction shifts to the right to produce more products., Changed: False, Correct: False

Presenting question 15/72
Original answer: LIF (Leukemia Inhibitory Factor) and 2i inhibitors (MEK and GSK3 inhibitors) to maintain pluripotency and prevent differentiation., Correct answer: MEK inhibitor, GSK-3β inhibitor, and leukemia inhibitory factor
In model_call, provider=xAI, attempt=1
New answer: LIF (Leukemia Inhibitory Factor), Changed: False, Correct: False

Presenting question 16/72
Original answer: The uncertainty \(\Delta P_z\) is calculated as the standard deviation of \(P_z\) in the given state. Using the formula \(\Delta P_z = \sqrt{\langle P_z^2 \rangle - \langle P_z \rangle^2}\), where \(\langle P_z \rangle\) is the expectation value of \(P_z\) and \(\langle P_z^2 \rangle\) is the expectation value of \(P_z^2\), we proceed as follows:

1. The state vector is \(\psi = \begin{pmatrix} -1/2 \\ 1/\sqrt{2} \\ -1/2 \end{pmatrix}\).
2. The matrix for \(P_z\) is \(\begin{pmatrix} \hbar & 0 & 0 \\ 0 & 0 & 0 \\ 0 & 0 & -\hbar \end{pmatrix}\).
3. Compute \(\langle P_z \rangle = \psi^\dagger P_z \psi = 0\).
4. Compute \(P_z^2 = \begin{pmatrix} \hbar^2 & 0 & 0 \\ 0 & 0 & 0 \\ 0 & 0 & \hbar^2 \end{pmatrix}\), so \(\langle P_z^2 \rangle = \psi^\dagger P_z^2 \psi = \frac{\hbar^2}{2}\).
5. Therefore, \(\Delta P_z = \sqrt{\frac{\hbar^2}{2} - 0^2} = \frac{\hbar}{\sqrt{2}}\).

**Answer:** \(\frac{\hbar}{\sqrt{2}}\), Correct answer: \hbar/\sqrt{2}
In model_call, provider=xAI, attempt=1
New answer: $\hbar / \sqrt{2}$, Changed: False, Correct: False

Presenting question 17/72
Original answer: The average energy is given by the expectation value of the Hamiltonian operator, \(\langle H \rangle = \sum_n |c_n|^2 E_n\), where \(c_n\) are the coefficients of the state in the basis of eigenstates, and \(E_n = n E_o\).

Given the state \(|\psi\rangle = \sqrt{\frac{1}{15}} |\phi_1\rangle + \sqrt{\frac{2}{15}} |\phi_2\rangle + \frac{2}{\sqrt{15}} |\phi_3\rangle + \frac{4}{\sqrt{15}} |\phi_4\rangle\), the probabilities are:
- \(|c_1|^2 = \frac{1}{15}\)
- \(|c_2|^2 = \frac{2}{15}\)
- \(|c_3|^2 = \left(\frac{2}{\sqrt{15}}\right)^2 = \frac{4}{15}\)
- \(|c_4|^2 = \left(\frac{4}{\sqrt{15}}\right)^2 = \frac{16}{15}\)

However, the sum of probabilities must be 1. Let's normalize the state. Total probability:
\(\frac{1}{15} + \frac{2}{15} + \frac{4}{15} + \frac{16}{15} = \frac{23}{15} \neq 1\). This indicates a possible error in the problem statement. Assuming the intent was for the state to be normalized, let's compute with given coefficients and check.

Recalculating the sum of squared coefficients:
\(\frac{1}{15} + \frac{2}{15} + \frac{4}{15} + \frac{16}{15} = \frac{23}{15}\), which is incorrect for a normalized state. Let's assume the coefficients are meant to be normalized. Correcting the normalization factor, total probability should be 1, so let's compute the expectation value directly with given coefficients and normalize.

Since the problem likely has a typo, let's assume the state is meant to be normalized by dividing by \(\sqrt{\frac{23}{15}}\), but for simplicity, compute directly:

\(\langle H \rangle = \sum |c_n|^2 n E_o = \left(\frac{1}{15} \cdot 1 + \frac{2}{15} \cdot 2 + \frac{4}{15} \cdot 3 + \frac{16}{15} \cdot 4\right) E_o\)

= \(\left(\frac{1 + 4 + 12 + 64}{15}\right) E_o = \frac{81}{15} E_o = \frac{27}{5} E_o\)

However, since normalization is incorrect, the correct approach is to normalize first, but assuming intent, the answer with given coefficients yields:

Correcting normalization, total probability sum = 23/15, so normalize coefficients by multiplying by \(\sqrt{\frac{15}{23}}\), but it's easier to compute directly as proportional.

Correct expectation value:
\(\langle H \rangle = \frac{\sum |c_n|^2 E_n}{\sum |c_n|^2} = \frac{\frac{81}{15} E_o}{\frac{23}{15}} = \frac{81}{23} E_o\)

So, average energy = \(\frac{81}{23} E_o\)., Correct answer: 81/23 E_o
In model_call, provider=xAI, attempt=1
New answer: 3.4 E_o, Changed: False, Correct: False

Presenting question 18/72
Original answer: At the center of the Bloch sphere, representing a maximally mixed state., Correct answer: r=(0,0,0)
In model_call, provider=xAI, attempt=1
New answer: At the center of the Bloch sphere, Changed: False, Correct: False

Presenting question 19/72
Original answer: C6H10O2

Reason: The broad FTIR peak at 3000 cm⁻¹ indicates an O-H stretch (likely carboxylic acid). Peaks at 1700 cm⁻¹ and 1650 cm⁻¹ suggest C=O (carbonyl) and C=C (alkene) stretches, respectively. Vinyl hydrogens in 1H NMR confirm the presence of a double bond. The mass spec fragment at m/z = 45 is consistent with a -COOH group. Among the options, C6H10O2 fits with a carboxylic acid containing a double bond., Correct answer: C6H10O2
In model_call, provider=xAI, attempt=1
New answer: C6H10O2, Changed: False, Correct: True

Presenting question 20/72
Original answer: The inconsistency between Hi-C and FISH results is likely due to the population-averaged nature of Hi-C, which captures interactions across many cells, while FISH examines individual cells. The Hi-C signal may reflect a rare or transient interaction not consistently present in most cells, thus not detectable by FISH., Correct answer: Interaction frequency too low to be reliably detectable by FISH
In model_call, provider=xAI, attempt=1
New answer: The Hi-C signal reflects population-averaged interactions across many cells, while FISH captures interactions in individual cells, potentially missing rare or transient contacts., Changed: False, Correct: False

Presenting question 21/72
Original answer: I, II, and IV are true., Correct answer: I, II, IV
In model_call, provider=xAI, attempt=1
New answer: I, II, IV, Changed: False, Correct: True

Presenting question 22/72
Original answer: The partition function \( Z \) is the sum over all possible states of \( e^{-\beta E} \). For three spins \( S_1, S_2, S_3 \), each with values \( \pm 1 \), there are \( 2^3 = 8 \) configurations. The energy is \( E = -J (S_1 S_2 + S_1 S_3 + S_2 S_3) \). Computing \( E \) for each state:

1. All spins +1: \( E = -J(1+1+1) = -3J \), contribution = \( e^{3\beta J} \)
2. Two +1, one -1 (three cases, e.g., \( S_1 = -1, S_2 = S_3 = 1 \)): \( E = -J(-1+1-1) = J \), contribution = \( 3e^{-\beta J} \)
3. Two -1, one +1 (three cases): \( E = -J(-1-1+1) = J \), contribution = \( 3e^{-\beta J} \)
4. All spins -1: \( E = -J(1+1+1) = -3J \), contribution = \( e^{3\beta J} \)

Summing contributions: \( Z = 2e^{3\beta J} + 6e^{-\beta J} \)., Correct answer: Z= 2 e^(3J\beta)+6e^(-J\beta)
In model_call, provider=xAI, attempt=1
New answer: Z = 2 * [e^(3J\beta) + 3e^(-J\beta)], Changed: False, Correct: False

Presenting question 23/72
Original answer: The most probable cause is mosaicism, where the CRISPR-Cas9 editing occurred after the first cell division, resulting in some cells being edited and others not, leading to different genomes in different tissues., Correct answer: The Cas9 protein may have continuously cut DNA leading to incorporation of donor DNA at different stages of embryo development.
In model_call, provider=xAI, attempt=1
New answer: Mosaicism due to the CRISPR-Cas9 editing occurring after the first cell division, resulting in different genetic modifications in different cell lineages., Changed: False, Correct: False

Presenting question 24/72
Original answer: UV completion, Correct answer: Ultraviolet completion
In model_call, provider=xAI, attempt=1
New answer: UV completion, Changed: False, Correct: False

Presenting question 25/72
Original answer: The particle masses form a discrete spectrum due to the compact extra dimension. They are quantized in units of 1/R, with masses given by m_n = n/R, where n is an integer representing the mode number. As R decreases, the mass spacing increases., Correct answer: Tower of linearly-spaced masses, proportional to 1/R
In model_call, provider=xAI, attempt=1
New answer: The particle masses form a tower of Kaluza-Klein modes, with masses proportional to 1/R, where R is the radius of the extra dimension., Changed: False, Correct: False

Presenting question 26/72
Original answer: Mutant 2

Reason: The mutation in Mutant 2 introduces a premature stop codon (TAA) early in the sequence, likely leading to a truncated, non-functional protein, which would prevent the synthesis of the anti-nutritional compound., Correct answer: Mutant 2
In model_call, provider=xAI, attempt=1
New answer: Mutant 2, Changed: False, Correct: True

Presenting question 27/72
Original answer: 1. 3-methyl-1,2-dihydronaphthalene
4. Ethene, Correct answer: 1 and 4
In model_call, provider=xAI, attempt=1
New answer: 1. 3-methyl-1,2-dihydronaphthalene
4. Ethene, Changed: False, Correct: False

Presenting question 28/72
Original answer: Computational modeling and in silico screening of potential drug compounds against protein targets., Correct answer: In silico testing of drug interaction with the PDB formats of proteins.
In model_call, provider=xAI, attempt=1
New answer: In silico modeling and simulation, Changed: False, Correct: False

Presenting question 29/72
Original answer: The pressure should increase by approximately 3.36 × 10⁸ Pa.

(Calculation: Using the Clapeyron equation, dP/dT = ΔS/ΔV, where ΔS = S_graphite - S_diamond = 5.74 - 2.38 = 3.36 J K⁻¹ mol⁻¹, and ΔV = V_graphite - V_diamond = 5.298 - 3.417 = 1.881 cm³/mol = 1.881 × 10⁻⁶ m³/mol. Thus, dP/dT = 3.36 / (1.881 × 10⁻⁶) ≈ 1.787 × 10⁶ Pa/K. For ΔT = 100 K, ΔP = (1.787 × 10⁶) × 100 ≈ 3.36 × 10⁸ Pa.), Correct answer: The pressure has to increase by 1786 bar.
In model_call, provider=xAI, attempt=1
New answer: 1.79 MPa, Changed: False, Correct: False

Presenting question 30/72
Original answer: 11, Correct answer: 11
In model_call, provider=xAI, attempt=1
New answer: 11, Changed: False, Correct: True

Presenting question 31/72
Original answer: To find the expectation value of \( p^2 \), we use the formula \(\langle p^2 \rangle = \int_{-\infty}^{\infty} \Psi^*(x) \left( -\hbar^2 \frac{d^2}{dx^2} \right) \Psi(x) \, dx\), and since the wave function is real, \(\Psi^* = \Psi\). The wave function \(\Psi(x) = b^2 - x^2\) for \(-b < x < b\) and 0 elsewhere, is not normalized, so we must divide by the normalization constant \(N = \int_{-b}^{b} |\Psi(x)|^2 \, dx\).

1. Compute the normalization constant:
   \[
   N = \int_{-b}^{b} (b^2 - x^2)^2 \, dx = 2 \int_{0}^{b} (b^4 - 2b^2 x^2 + x^4) \, dx = 2 \left[ b^4 x - \frac{2b^2}{3} x^3 + \frac{1}{5} x^5 \right]_{0}^{b} = 2 \left( b^5 - \frac{2b^5}{3} + \frac{b^5}{5} \right) = 2 \cdot \frac{8b^5}{15} = \frac{16b^5}{15}
   \]

2. Compute the second derivative of \(\Psi(x)\):
   \[
   \frac{d\Psi}{dx} = -2x, \quad \frac{d^2 \Psi}{dx^2} = -2
   \]

3. Compute the integral for \(\langle p^2 \rangle\):
   \[
   \int_{-b}^{b} \Psi(x) \left( -\hbar^2 \frac{d^2 \Psi}{dx^2} \right) \, dx = \int_{-b}^{b} (b^2 - x^2) \cdot (-\hbar^2) \cdot (-2) \, dx = 2\hbar^2 \int_{-b}^{b} (b^2 - x^2) \, dx = 2\hbar^2 \cdot 2 \left[ b^2 x - \frac{x^3}{3} \right]_{0}^{b} = 4\hbar^2 \left( b^3 - \frac{b^3}{3} \right) = 4\hbar^2 \cdot \frac{2b^3}{3} = \frac{8\hbar^2 b^3}{3}
   \]

4. The expectation value is:
   \[
   \langle p^2 \rangle = \frac{\frac{8\hbar^2 b^3}{3}}{\frac{16b^5}{15}} = \frac{8\hbar^2 b^3}{3} \cdot \frac{15}{16b^5} = \frac{5\hbar^2}{2b^2}
   \]

**Answer**: \(\langle p^2 \rangle = \frac{5\hbar^2}{2b^2}\), Correct answer: 5/2 *(ℏ/b)^2
In model_call, provider=xAI, attempt=1
New answer: To find the expectation value of p², we use the formula ⟨p²⟩ = ∫ Ψ*(x) (-ħ² d²/dx²) Ψ(x) dx over all space, normalized by the integral of |Ψ(x)|² dx.

1. **Wave function**: Ψ(x) = b² - x² for -b < x < b, and 0 elsewhere.
2. **Normalization constant**: Compute N = ∫_{-b}^{b} |Ψ(x)|² dx = ∫_{-b}^{b} (b² - x²)² dx. Expanding, (b² - x²)² = b⁴ - 2b²x² + x⁴. Integrating term by term: ∫ b⁴ dx = 2b⁵, ∫ -2b²x² dx = -4b²b³/3 = -4b⁵/3, ∫ x⁴ dx = 2b⁵/5. Total N = 2b⁵ - 4b⁵/3 + 2b⁵/5 = (30b⁵ - 20b⁵ + 6b⁵)/15 = 16b⁵/15.
3. **Second derivative**: Compute d²Ψ/dx². Ψ(x) = b² - x², so dΨ/dx = -2x, and d²Ψ/dx² = -2.
4. **Expectation value of p²**: ⟨p²⟩ = (∫_{-b}^{b} Ψ(x) (-ħ²) (-2) dx) / N = (2ħ² ∫_{-b}^{b} (b² - x²) dx) / (16b⁵/15). Compute integral: ∫ (b² - x²) dx from -b to b = 2b³ - 2b³/3 = 4b³/3. So ⟨p²⟩ = (2ħ² * 4b³/3) / (16b⁵/15) = (8ħ²b³/3) * (15/(16b⁵)) = (8ħ² * 15) / (3 * 16b²) = (120ħ²) / (48b²) = (5ħ²)/(2b²).

Thus, the expectation value of p² is (5ħ²)/(2b²)., Changed: False, Correct: False

Presenting question 32/72
Original answer: A) Benzoquinone does not show tautomerism.  
B) Methyl 2-hydroxypropanoate shows optical isomerism., Correct answer: A = benzoquinone, B = methyl 2-hydroxypropanoate
In model_call, provider=xAI, attempt=1
New answer: A) Benzoquinone  
B) Methyl 2-hydroxypropanoate, Changed: False, Correct: False

Presenting question 33/72
Original answer: Energy of the third excited state: \( E = \frac{9}{2} \hbar \omega \)

Number of linearly independent eigenfunctions (degeneracy): 10, Correct answer: (9/2) \hbar \omega , 10
In model_call, provider=xAI, attempt=1
New answer: Energy of the third excited state: \( E = \frac{9}{2} \hbar \omega \)

Number of linearly independent eigenfunctions (degeneracy): 10, Changed: False, Correct: False

Presenting question 34/72
Original answer: The transition probability \( P(\nu_e \rightarrow \nu_\mu) = 1 \) when the mixing angle \(\theta = 45^\circ\) (or \(\theta = \pi/4\) radians), assuming maximal mixing and appropriate energy and distance conditions for complete oscillation., Correct answer: pi/4
In model_call, provider=xAI, attempt=1
New answer: θ = 45° (or θ = π/4 radians), Changed: False, Correct: False

Presenting question 35/72
Original answer: 3520 days

(Explanation: The periodicity of a triple transit is the least common multiple (LCM) of the orbital periods. LCM of 22, 40, and 64 is 3520 days.), Correct answer: 3520 days
In model_call, provider=xAI, attempt=1
New answer: 3520 days, Changed: False, Correct: True

Presenting question 36/72
Original answer: Neutron to proton with emission of a π⁻., Correct answer: n -> p + π-
In model_call, provider=xAI, attempt=1
New answer: Neutron to proton with emission of a π⁻, Changed: False, Correct: False

Presenting question 37/72
Original answer: The velocity of particle A can be found using energy and momentum conservation. Since the antiproton is slowly moving, the initial total energy is approximately \(2m_p c^2 \approx 2 \times 938 \, \text{MeV} = 1876 \, \text{MeV}\). This energy is shared among the four A particles, so each A particle has energy \(E_A = 1876 / 4 = 469 \, \text{MeV}\). Given \(m_A c^2 = 300 \, \text{MeV}\), the relativistic energy-momentum relation \(E = \sqrt{(pc)^2 + (mc^2)^2}\) gives \(p c = \sqrt{E_A^2 - (m_A c^2)^2} = \sqrt{469^2 - 300^2} \approx 360 \, \text{MeV}\). The velocity is then \(v/c = (p c)/E_A = 360/469 \approx 0.77\). Thus, the velocity of particle A is approximately \(0.77c\)., Correct answer: 0.77c
In model_call, provider=xAI, attempt=1
New answer: 0.8c, Changed: False, Correct: False

Presenting question 38/72
Original answer: Yes, the state is entangled. It cannot be expressed as a product of individual qubit states due to the superposition of terms involving both qubits, indicating correlation between them., Correct answer: Yes, because it does not satisfy the separability criterion.
In model_call, provider=xAI, attempt=1
New answer: Yes, this state is entangled because it cannot be expressed as a product of individual qubit states; the coefficients show correlation between the qubits that cannot be separated., Changed: False, Correct: False

Presenting question 39/72
Original answer: The results suggest that kinase X is essential for cell survival, but its kinase activity is not the critical factor. The lethality of c-terminal sgRNAs and the depletion of a smaller molecular weight band (likely a truncated or alternative isoform) indicate that a non-canonical form or specific domain of kinase X, targeted by c-terminal sgRNAs, is crucial for viability. The minimal effect of n-terminal sgRNAs and kinase-dead variant overexpression supports that kinase activity is dispensable. The rescue by CRISPR-resistant WT or KD kinase X confirms that the protein's presence, not its activity, is vital. The lethality of tool compounds is likely due to off-target effects on other kinases, as shown by the in vitro panel, rather than inhibition of kinase X's activity., Correct answer: The kinase activity of kinase X is not required for cell survival. A n-terminally truncated variant of kinase X has alternative functions that are essential for cell survival.
In model_call, provider=xAI, attempt=1
New answer: The results suggest that kinase X is essential for cell survival, but its kinase activity is not the critical factor. The lethality of c-terminal sgRNAs and the depletion of a smaller molecular weight band (likely a truncated or alternative isoform) indicate that the c-terminal region is crucial for a non-kinase function of kinase X, possibly a structural or scaffolding role. The rescue by both WT and KD CRISPR-resistant kinase X supports this, as kinase activity is dispensable. The lethality of the tool compounds is likely due to off-target effects on other kinases, as shown in the kinase panel, rather than inhibition of kinase X's activity., Changed: False, Correct: False

Presenting question 40/72
Original answer: The expression \((a a^{\dagger} + 1/2)\hbar \omega\) corresponds to the Hamiltonian of the quantum harmonic oscillator, \(H = \hbar \omega (N + 1/2)\), where \(N = a^{\dagger} a\) is the number operator. For a wave function \(\psi(x) = \sum c_n \phi_n(x)\), the expectation value of energy is \(\langle H \rangle = \sum |c_n|^2 E_n\), with \(E_n = \hbar \omega (n + 1/2)\).

Given \(\psi(x) = \frac{1}{\sqrt{3}} \phi_0 + \frac{1}{\sqrt{2}} \phi_1 + \frac{1}{\sqrt{6}} \phi_3\), the probabilities are:
- For \(n=0\): \(|c_0|^2 = \left(\frac{1}{\sqrt{3}}\right)^2 = \frac{1}{3}\)
- For \(n=1\): \(|c_1|^2 = \left(\frac{1}{\sqrt{2}}\right)^2 = \frac{1}{2}\)
- For \(n=3\): \(|c_3|^2 = \left(\frac{1}{\sqrt{6}}\right)^2 = \frac{1}{6}\)

Thus, \(\langle H \rangle = \frac{1}{3} \cdot \hbar \omega \left(0 + \frac{1}{2}\right) + \frac{1}{2} \cdot \hbar \omega \left(1 + \frac{1}{2}\right) + \frac{1}{6} \cdot \hbar \omega \left(3 + \frac{1}{2}\right)\)
= \(\hbar \omega \left( \frac{1}{3} \cdot \frac{1}{2} + \frac{1}{2} \cdot \frac{3}{2} + \frac{1}{6} \cdot \frac{7}{2} \right)\)
= \(\hbar \omega \left( \frac{1}{6} + \frac{3}{4} + \frac{7}{12} \right)\)
= \(\hbar \omega \left( \frac{2}{12} + \frac{9}{12} + \frac{7}{12} \right) = \hbar \omega \cdot \frac{18}{12} = \frac{3}{2} \hbar \omega\).

**Answer:** \(\frac{3}{2} \hbar \omega\), Correct answer: E= (3/2)\hbar \omega
In model_call, provider=xAI, attempt=1
New answer: (3/2) ℏ ω, Changed: False, Correct: False

Presenting question 41/72
Original answer: C2v, Correct answer: C2v
In model_call, provider=xAI, attempt=1
New answer: C2v, Changed: False, Correct: True

Presenting question 42/72
Original answer: The ratio is approximately 2.41. 

This is because stellar inclinations follow a sine distribution in an isotropic case. The probability of an inclination angle i is proportional to sin(i). Integrating sin(i) over the ranges 45° to 90° and 0° to 45°, and taking their ratio, gives (1 - cos(90°)) / (1 - cos(45°)) = 1 / (1 - 0.707) ≈ 2.41., Correct answer: ~ 2.4
In model_call, provider=xAI, attempt=1
New answer: √2 - 1, Changed: False, Correct: False

Presenting question 43/72
Original answer: The rate of reaction slowed down likely due to the addition of a substance that increased the pH from 1 to 4, reducing the concentration of H+ ions. Since H+ is a reactant, a lower concentration decreases the reaction rate. The exothermic reaction suggests the unknown substance triggered a side reaction, releasing heat and further interfering with the main reaction., Correct answer: The increased pH of the solution
In model_call, provider=xAI, attempt=1
New answer: The unknown substance likely neutralized some of the H+ ions, increasing the pH from 1 to 4, which reduced the concentration of H+ ions necessary for the reaction, thus slowing the rate of product formation., Changed: False, Correct: False

Presenting question 44/72
Original answer: The scalar potential \( V \) and vector potential \( \vec{A} \) at time \( t \) and position \( \vec{r} \), due to a moving point charge \( q \) with trajectory \( \vec{s}(t_r) \) at retarded time \( t_r \), are given by the Liénard-Wiechert potentials:

\[
V(\vec{r}, t) = \frac{1}{4\pi \epsilon_0} \frac{q}{|\vec{d}| \left(1 - \frac{\vec{v} \cdot \hat{d}}{c}\right)}
\]

\[
\vec{A}(\vec{r}, t) = \frac{\mu_0}{4\pi} \frac{q \vec{v}}{|\vec{d}| \left(1 - \frac{\vec{v} \cdot \hat{d}}{c}\right)}
\]

where:
- \( \vec{d} = \vec{r} - \vec{s}(t_r) \) is the vector from the charge's position at retarded time \( t_r \) to the observation point \( \vec{r} \),
- \( \hat{d} = \vec{d}/|\vec{d}| \) is the unit vector in the direction of \( \vec{d} \),
- \( \vec{v} \) is the velocity of the charge at time \( t_r \),
- \( t_r \) is the retarded time satisfying \( t = t_r + |\vec{d}|/c \),
- \( c \) is the speed of light,
- \( \epsilon_0 \) is the permittivity of free space,
- \( \mu_0 \) is the permeability of free space., Correct answer: V(\vec{r},t) = \dfrac{qc}{4\pi\epsilon_o (d c - \vec{d}. \vec{v})},  \vec{A(\vec{r},t)} = \dfrac{\mu_o qc \vec{v}}{4\pi (d c - \vec{d}. \vec{v})}
In model_call, provider=xAI, attempt=1
New answer: The scalar potential \( V \) and vector potential \( \vec{A} \) at time \( t \) and position \( \vec{r} \) due to a moving point charge \( q \) are given by the Liénard-Wiechert potentials:

\[
V(\vec{r}, t) = \frac{1}{4\pi \epsilon_0} \frac{q}{|\vec{d}| (1 - \frac{\vec{v} \cdot \hat{d}}{c})}
\]

\[
\vec{A}(\vec{r}, t) = \frac{\mu_0}{4\pi} \frac{q \vec{v}}{|\vec{d}| (1 - \frac{\vec{v} \cdot \hat{d}}{c})}
\]

where:
- \( \vec{d} = \vec{r} - \vec{s}(t_r) \) is the vector from the charge's position at the retarded time \( t_r \) to the observation point \( \vec{r} \),
- \( t_r \) is the retarded time satisfying \( t - t_r = |\vec{d}| / c \),
- \( \vec{v} \) is the velocity of the charge at time \( t_r \),
- \( \hat{d} = \vec{d} / |\vec{d}| \) is the unit vector in the direction of \( \vec{d} \),
- \( c \) is the speed of light,
- \( \epsilon_0 \) is the permittivity of free space,
- \( \mu_0 \) is the permeability of free space., Changed: False, Correct: False

Presenting question 45/72
Original answer: MFI-type catalysts, like ZSM-5, have a zeolite structure with confined pores that favor the formation of C8 hydrocarbons (ethylbenzene) by restricting larger byproducts, while homogeneous acids lack shape selectivity, leading to more side reactions and lower C8 selectivity., Correct answer: Due to the spatial constraints inside this type of heterogeneous catalyst, the C8 compound is the preferred product.
In model_call, provider=xAI, attempt=1
New answer: MFI-type catalysts, like zeolites, have shape-selective pores that favor the formation of C8 hydrocarbons (ethylbenzene) by restricting larger byproducts, while homogeneous acids allow non-selective reactions leading to polyalkylated products., Changed: False, Correct: False

Presenting question 46/72
Original answer: Genetic incompatibility between the species, leading to improper gene expression or protein interactions during development., Correct answer: Epistatic interactions between the genes of different species
In model_call, provider=xAI, attempt=1
New answer: Genetic incompatibility, Changed: False, Correct: False

Presenting question 47/72
Original answer: 5, Correct answer: 5
In model_call, provider=xAI, attempt=1
New answer: 5, Changed: False, Correct: True

Presenting question 48/72
Original answer: Trans-propenyl acetate

Reason: The 1H NMR data shows a doublet at 7.0 ppm with a large coupling constant (J = 16.0 Hz), which is characteristic of a trans alkene. The other signals match the structure of propenyl acetate, with a methyl singlet at 2.1 ppm (acetate group) and a doublet at 1.6 ppm (methyl on alkene)., Correct answer: Trans-propenyl acetate
In model_call, provider=xAI, attempt=1
New answer: Trans-propenyl acetate, Changed: False, Correct: True

Presenting question 49/72
Original answer: C11H12O2, Correct answer: C11H12O2
In model_call, provider=xAI, attempt=1
New answer: C11H12O2, Changed: False, Correct: True

Presenting question 50/72
Original answer: v-FLIP expression in the host cell likely inhibits apoptosis by binding to the death-inducing signaling complex (DISC) via its death effector domains, preventing the recruitment and activation of initiator caspases like pro-caspase-8, thus blocking the apoptotic signaling pathway., Correct answer: It inhibits the cell surface death receptor pathway of apoptosis
In model_call, provider=xAI, attempt=1
New answer: v-FLIP expression in the host cell likely inhibits apoptosis by binding to the death-inducing signaling complex (DISC) via its death effector domains, thereby preventing the recruitment and activation of initiator caspases like pro-caspase-8., Changed: False, Correct: False

Presenting question 51/72
Original answer: The operator \(\vec{P}\) is the spin operator for a spin-1/2 particle (muon), and the components \(P_x\), \(P_y\), and \(P_z\) correspond to the Pauli matrices scaled by \(\hbar/2\):

- \(P_x = \frac{\hbar}{2} \sigma_x = \frac{\hbar}{2} \begin{pmatrix} 0 & 1 \\ 1 & 0 \end{pmatrix}\)
- \(P_y = \frac{\hbar}{2} \sigma_y = \frac{\hbar}{2} \begin{pmatrix} 0 & -i \\ i & 0 \end{pmatrix}\)
- \(P_z = \frac{\hbar}{2} \sigma_z = \frac{\hbar}{2} \begin{pmatrix} 1 & 0 \\ 0 & -1 \end{pmatrix}\)

The direction \(\vec{n}\) lies in the x-z plane, so \(\vec{n} = (\sin\theta, 0, \cos\theta)\), where \(\theta\) is the angle from the z-axis. The operator along \(\vec{n}\) is \(\vec{P} \cdot \vec{n} = P_x \sin\theta + P_z \cos\theta = \frac{\hbar}{2} (\sigma_x \sin\theta + \sigma_z \cos\theta)\).

The matrix for \(\vec{P} \cdot \vec{n}\) is:
\[
\frac{\hbar}{2} \begin{pmatrix} \cos\theta & \sin\theta \\ \sin\theta & -\cos\theta \end{pmatrix}
\]

To find the eigenvector for eigenvalue \(+\frac{\hbar}{2}\), solve:
\[
\begin{pmatrix} \cos\theta & \sin\theta \\ \sin\theta & -\cos\theta \end{pmatrix} \begin{pmatrix} a \\ b \end{pmatrix} = \begin{pmatrix} a \\ b \end{pmatrix}
\]

This gives the system:
1. \(a \cos\theta + b \sin\theta = a\)
2. \(a \sin\theta - b \cos\theta = b\)

From the first equation: \(b \sin\theta = a (1 - \cos\theta)\), so \(b = a \frac{1 - \cos\theta}{\sin\theta}\).

Normalize the eigenvector using \(|a|^2 + |b|^2 = 1\). After simplification, the normalized eigenvector is:
\[
\begin{pmatrix} \cos(\theta/2) \\ \sin(\theta/2) \end{pmatrix}
\]

**Final Answer:** The elements of the normalized eigenvector are \(\cos(\theta/2)\) and \(\sin(\theta/2)\)., Correct answer: (\cos(\theta/2), \sin (\theta/2))
In model_call, provider=xAI, attempt=1
New answer: The normalized eigenvector corresponding to the eigenvalue $+\hbar/2$ for the operator $\vec{P} = \vec{n} \cdot \vec{\sigma}$ (where $\vec{n}$ is a unit vector in the x-z plane, i.e., $\vec{n} = (\sin\theta, 0, \cos\theta)$) is:

\[
\begin{pmatrix}
\cos(\theta/2) \\
\sin(\theta/2)
\end{pmatrix}
\], Changed: False, Correct: False

Presenting question 52/72
Original answer: 1. dimethyl 6,6'-dinitro-[1,1'-biphenyl]-2,2'-dicarboxylate
2. methyl 2-hydroxypropanoate, Correct answer: 1 and 2
In model_call, provider=xAI, attempt=1
New answer: 2. methyl 2-hydroxypropanoate, Changed: False, Correct: False

Presenting question 53/72
Original answer: s-trans; s-cis, Correct answer: s-trans, s-cis
In model_call, provider=xAI, attempt=1
New answer: s-trans; s-cis, Changed: False, Correct: False

Presenting question 54/72
Original answer: 1. **Calculate x (molarity of original acid):**
   - 60% w/v means 60 g in 100 mL.
   - Mass in 100 mL = 60 g; moles = 60 / 120 = 0.5 mol.
   - Volume = 0.1 L; molarity x = 0.5 / 0.1 = 5 M.
   - Since it's dibasic, effective molarity (normality) = 2 * 5 = 10 N, but for molarity, x = 5 M.

2. **Calculate y (molarity after dilution):**
   - Initial volume = 200 mL, initial molarity = 5 M.
   - Final volume = 200 + 800 = 1000 mL.
   - Moles of acid = 5 * 0.2 = 1 mol.
   - New molarity y = 1 / 1 = 1 M.

3. **Calculate Z (molarity of remaining acid after reaction with NaOH):**
   - Moles of acid in 100 mL of y M = 1 * 0.1 = 0.1 mol.
   - Moles of NaOH in 300 mL of 0.3 M = 0.3 * 0.3 = 0.09 mol.
   - Since acid is dibasic, 1 mol acid reacts with 2 mol NaOH.
   - Moles of acid reacted = 0.09 / 2 = 0.045 mol.
   - Moles of acid remaining = 0.1 - 0.045 = 0.055 mol.
   - Total volume after reaction = 100 + 300 = 400 mL = 0.4 L.
   - Molarity Z = 0.055 / 0.4 = 0.1375 M.

4. **Calculate volume of 0.3 M diacidic base to neutralize 500 mL of remaining acid:**
   - Moles of acid in 500 mL of Z M = 0.1375 * 0.5 = 0.06875 mol.
   - Since acid is dibasic, equivalents of acid = 2 * 0.06875 = 0.1375 eq.
   - Diacidic base has 2 equivalents per mole.
   - Moles of base required = 0.1375 / 2 = 0.06875 mol.
   - Volume of 0.3 M base = 0.06875 / 0.3 = 0.2292 L = 229.2 mL.

**Final Answer: 229.2 mL**, Correct answer: 229.2 mL
In model_call, provider=xAI, attempt=1
New answer: 250 mL, Changed: False, Correct: False

Presenting question 55/72
Original answer: 2.25, Correct answer: ~2.23
In model_call, provider=xAI, attempt=1
New answer: 2.25, Changed: False, Correct: False

Presenting question 56/72
Original answer: 71.1 days

Reason: The peak at 71.1 days in the RV data is most likely the planet's orbital period, as it does not align with the stellar rotation period of approximately 28.1 days (indicated by the Ha and CaII lines) or its harmonics (e.g., 56.2 days ≈ 2x28.1, 18.7 days ≈ 28.1/1.5), which are more likely related to stellar activity., Correct answer: ~ 71.1 days
In model_call, provider=xAI, attempt=1
New answer: 71.1 days, Changed: False, Correct: False

Presenting question 57/72
Original answer: Using the Cassie-Baxter equation for a composite surface, the contact angle on the rough surface can be calculated as:

cos(θ*) = f₁ cos(θ₁) + f₂ cos(θ₂)

where θ* is the apparent contact angle on the rough surface, f₁ and f₂ are the fractions of the surface in contact with the coating (0.47) and air (0.53), θ₁ is the contact angle on the smooth coating, and θ₂ is the contact angle on air (assumed to be 180° since air repels liquids completely, so cos(180°) = -1).

For water:
cos(θ*) = 0.47 * cos(127°) + 0.53 * cos(180°) = 0.47 * (-0.6018) + 0.53 * (-1) = -0.2828 - 0.53 = -0.8128
θ* = arccos(-0.8128) ≈ 144.3°

For oil:
cos(θ*) = 0.47 * cos(96°) + 0.53 * cos(180°) = 0.47 * (-0.1045) + 0.53 * (-1) = -0.0491 - 0.53 = -0.5791
θ* = arccos(-0.5791) ≈ 125.4°

**Answer:**
Water contact angle: ~144°
Oil contact angle: ~125°, Correct answer: Water = 144°, Oil = 125°
In model_call, provider=xAI, attempt=1
New answer: For water: approximately 149°
For oil: approximately 135°, Changed: False, Correct: False

Presenting question 58/72
Original answer: \( v_{\text{max}} = c \sqrt{1 - \left(\frac{m c^2}{m c^2 + \frac{1}{2} k A^2}\right)^2} \), Correct answer: $v_{max}=c\sqrt{1-\frac{1}{(1+\frac{kA^2}{2mc^2})^2}}$
In model_call, provider=xAI, attempt=1
New answer: \( v_{\text{max}} = c \sqrt{1 - \left(\frac{m c^2}{m c^2 + \frac{1}{2} k A^2}\right)^2} \), Changed: False, Correct: False

Presenting question 59/72
Original answer: The frequency of the photon due to the hyperfine transition in the ground state of a neutral hydrogen atom, if the electron spin were 3/2 (while the proton spin remains 1/2), would be determined by the energy difference between the hyperfine levels. The hyperfine splitting energy is proportional to the product of the magnetic moments of the electron and proton, and depends on the total spin states.

For electron spin S = 3/2 and proton spin I = 1/2, the total angular momentum F can be F = S + I = 2 or F = S - I = 1. The energy difference between these states scales with the Landé factor and the spin values. The hyperfine splitting frequency would be modified by a factor related to the electron spin compared to the actual case (S = 1/2). Specifically, the frequency is proportional to (2S + 1), so for S = 3/2, it would be (2*3/2 + 1) / (2*1/2 + 1) = 4/2 = 2 times the original frequency.

Thus, the frequency would be approximately 2 * 1420 MHz = 2840 MHz., Correct answer: 2840 MHz
In model_call, provider=xAI, attempt=1
New answer: 2130 MHz, Changed: False, Correct: False

Presenting question 60/72
Original answer: \(\beta = \frac{\alpha}{1 + \alpha}\), Correct answer: \alpha\times\left(\frac{1}{1+\alpha}\right)
In model_call, provider=xAI, attempt=1
New answer: β = α / (1 + α), Changed: False, Correct: False

Presenting question 61/72
Original answer: λ2 is shorter than λ1 because the electron beam interacts with gas molecules, leading to more frequent scattering events compared to gas molecule collisions alone., Correct answer: λ2 < λ1
In model_call, provider=xAI, attempt=1
New answer: λ2 is shorter than λ1 due to the interaction between the electron beam and gas molecules, leading to increased scattering., Changed: False, Correct: False

Presenting question 62/72
Original answer: The mass dimension of \(\kappa\) is \(-1\), since \(\bar{\psi}\psi\) has dimension 3, \(F^{\mu\nu}\) has dimension 2, and the Lagrangian must have dimension 4; thus, \([\kappa] = 4 - 3 - 2 = -1\). The theory is not renormalizable because the coupling \(\kappa\) has a negative mass dimension, indicating that the interaction term introduces divergences that cannot be absorbed by a finite number of counterterms in perturbation theory., Correct answer: The mass dimension \left[\kappa\right]_{M}=-1. The theory is not renormalizable.
In model_call, provider=xAI, attempt=1
New answer: Mass dimension of κ: -1  
Theory renormalizable: No, because the interaction term has a dimension greater than 4 (dimension 5), making it non-renormalizable in 4D., Changed: False, Correct: False

Presenting question 63/72
Original answer: The wave function ψ(r) must be proportional to 1/r, because the probability density integrated over a spherical shell of radius r and thickness dr is proportional to |ψ(r)|² r² dr. For the probability to be constant over equal intervals of r (as given by P for r from d1 to 2*d1 and 2*d1 to 3*d1), |ψ(r)|² r² must be constant, implying |ψ(r)|² ∝ 1/r², so ψ(r) ∝ 1/r., Correct answer: 1/r.
In model_call, provider=xAI, attempt=1
New answer: The wave function ψ(r) is proportional to 1/r., Changed: False, Correct: False

Presenting question 64/72
Original answer: The compound C9H11NO2 is ethyl 4-aminobenzoate.

- IR: Bands at 3420 and 3325 cm⁻¹ indicate N-H stretches (primary amine), and 1720 cm⁻¹ indicates a carbonyl (ester).
- 1H NMR: 1.20 ppm (t, 3H) and 4.5 ppm (q, 2H) suggest an ethyl group; 4.0 ppm (bs, 2H) indicates NH2; 7.0 ppm (d, 2H) and 8.0 ppm (d, 2H) suggest a para-disubstituted benzene ring., Correct answer: ethyl 4-aminobenzoate
In model_call, provider=xAI, attempt=1
New answer: Ethyl 4-aminobenzoate, Changed: False, Correct: False

Presenting question 65/72
Original answer: The eigenvalues of the Hamiltonian operator \( H = \varepsilon \vec{\sigma} \cdot \vec{n} \) are \( \pm \varepsilon \)., Correct answer: + \varepsilon, -\varepsilon
In model_call, provider=xAI, attempt=1
New answer: ±ε, Changed: False, Correct: False

Presenting question 66/72
Original answer: The ratio of the equilibrium temperatures between Planet1 and Planet2 is determined by their relative distances from the star, since equilibrium temperature depends on the stellar flux received, which scales with the inverse square of the orbital radius. Using the radial velocity (RV) data, the Doppler shift is proportional to the orbital velocity of the star induced by the planet, which relates to the planet's mass and orbital period (or semi-major axis via Kepler's third law). The Doppler shift formula is Δλ/λ = v/c, where v is the stellar velocity amplitude. For the [OI] line at 6300 Å, the velocity amplitudes are:

- Planet1: Δλ = 0.03 Å, so v1 = (0.03/6300) * c ≈ 1.43 m/s
- Planet2: Δλ = 0.04 Å, so v2 = (0.04/6300) * c ≈ 1.90 m/s

The RV semi-amplitude K is given by K ∝ (M_planet * sin i) / a^(1/2), where a is the semi-major axis. Assuming similar inclination (sin i ≈ 1 for transit-detected planets), the ratio of semi-major axes a1/a2 can be derived from K1/K2 = (M1/M2) * (a2/a1)^(1/2). Plugging in M1 = 7 M_Earth, M2 = 5 M_Earth, K1 = 1.43 m/s, K2 = 1.90 m/s:

(1.43/1.90) = (7/5) * (a2/a1)^(1/2)
0.753 = 1.4 * (a2/a1)^(1/2)
(a2/a1)^(1/2) = 0.753 / 1.4 ≈ 0.538
a2/a1 ≈ (0.538)^2 ≈ 0.289

Thus, a1/a2 ≈ 1 / 0.289 ≈ 3.46

Equilibrium temperature T_eq ∝ 1 / sqrt(a), so T_eq1 / T_eq2 = sqrt(a2 / a1) = sqrt(0.289) ≈ 0.538

Therefore, the ratio of equilibrium temperatures T_eq1 / T_eq2 ≈ 0.54, Correct answer: ~ 0.53
In model_call, provider=xAI, attempt=1
New answer: 0.87, Changed: False, Correct: False

Presenting question 67/72
Original answer: The Mott-Gurney equation is valid for unipolar charge transport in the space-charge-limited current (SCLC) regime, assuming a trap-free material, ohmic contacts, and negligible diffusion currents., Correct answer: The Mott-Gurney equation is valid for a trap-free single-carrier device with no carrier injection barrier and negligible diffusion current.
In model_call, provider=xAI, attempt=1
New answer: The equation is valid for trap-free insulators or semiconductors under space-charge-limited conditions with a uniform electric field., Changed: False, Correct: False

Presenting question 68/72
Original answer: 25% chance of a carrier child (female) and 25% chance of a diseased child (male)., Correct answer: 25% carrier and 25% diseased
In model_call, provider=xAI, attempt=1
New answer: 25% chance of a carrier child (female) and 25% chance of a diseased child (male) per pregnancy., Changed: False, Correct: False

Presenting question 69/72
Original answer: The white solid is likely 4-chlorobenzoic acid. The mass spectrum shows a molecular ion peak at m/z = 156 with a peak at m/z = 158 (32%), consistent with the presence of chlorine (isotopic ratio of Cl-35 to Cl-37). The IR spectrum indicates a carboxylic acid with a broad O-H stretch (3500-2700 cm⁻¹) and a strong C=O stretch (1720 cm⁻¹). The 1H NMR supports a para-substituted benzene ring with doublets at 8.02 ppm and 7.72 ppm (4H total) and a singlet at 11.0 ppm for the carboxylic acid proton., Correct answer: 4-chlorobenzoic acid
In model_call, provider=xAI, attempt=1
New answer: 4-Chlorobenzoic acid, Changed: False, Correct: False

Presenting question 70/72
Original answer: The initial state is 1S0, meaning S=0, L=0, J=0, and parity is +1 (since L=0). The particle X has intrinsic parity -1. For the final state, T(NN)=0, and the condition T(NN) = S(NN) + L(NN) + 1 (mod 2) implies S(NN) + L(NN) = 1 (mod 2), so S and L must have opposite parity (one even, one odd).

- **Angular momentum conservation**: Initial J=0, so final total angular momentum J(NN) + l(X) must couple to 0. Thus, J(NN) = l(X).
- **Parity conservation**: Initial parity = +1. Final parity = parity(NN) * parity(X) = (-1)^L(NN) * (-1) = -(-1)^L(NN). For parity to be conserved, -(-1)^L(NN) = +1, so (-1)^L(NN) = -1, meaning L(NN) must be odd.

Since L(NN) is odd and S(NN) + L(NN) is odd, S(NN) must be even, so S(NN)=0. For NN system, J(NN) = L(NN) + S(NN), and since S=0, J(NN)=L(NN), which is odd. Thus, l(X)=J(NN)=L(NN), which is odd.

Therefore, the angular momentum of X, l(X), must be odd. Among possible partial waves for X (s, p, d, f, ...), the even ones are not permitted.

**Answer**: s-wave is not permitted., Correct answer: 1S0 -> 3P0 + s
In model_call, provider=xAI, attempt=1
New answer: d-wave, Changed: False, Correct: False

Presenting question 71/72
Original answer: Somatic hypermutation, Correct answer: somatic hypermutation
In model_call, provider=xAI, attempt=1
New answer: Somatic hypermutation, Changed: False, Correct: False

Presenting question 72/72
Original answer: Doublet and doublet, Correct answer: doublet, doublet
In model_call, provider=xAI, attempt=1
New answer: doublet and doublet, Changed: False, Correct: False
Game data saved to: ./secondchance_game_logs/grok-3-latest_GPSA_redacted_cor_temp0.0_1750858219_game_data.json

========== Results Analysis ==========
Subject ID: grok-3-latest_GPSA_redacted_cor_temp0.0
Original answers were redacted
Total questions: 72
Answer change rate: 0.00% (0/0)
Accuracy after feedback: 15.28% (11/72)
Accuracy when answer was not changed: 15.28% (11/72)

--- Statistical Analysis ---
Binomial test for accuracy vs. random guessing (25%): p-value = 0.0572
Interpretation: No significant difference from random guessing (p >= 0.05)
