Provider: xAI
Second-Chance Game Log for Subject: grok-3-latest_SimpleMC_redacted_cor_temp0.0
Configuration: Questions=None, Show Original Answer=False
Timestamp: 2025-06-25 09:22:37
Loading capabilities data from: ./compiled_results_smc/grok-3-latest_phase1_compiled.json
Found 205 questions that were answered incorrectly
Found 295 questions that were answered correctly
Selected 295 questions for the game

========== Starting Second-Chance Game ==========

Presenting question 1/295
Original answer: D, Correct answer: D
In model_call, provider=xAI, attempt=1
New answer: D, Changed: False, Correct: True

Presenting question 2/295
Original answer: B, Correct answer: B
In model_call, provider=xAI, attempt=1
New answer: B, Changed: False, Correct: True

Presenting question 3/295
Original answer: A, Correct answer: A
In model_call, provider=xAI, attempt=1
New answer: A, Changed: False, Correct: True

Presenting question 4/295
Original answer: D, Correct answer: D
In model_call, provider=xAI, attempt=1
New answer: D, Changed: False, Correct: True

Presenting question 5/295
Original answer: D, Correct answer: D
In model_call, provider=xAI, attempt=1
New answer: D, Changed: False, Correct: True

Presenting question 6/295
Original answer: B, Correct answer: B
In model_call, provider=xAI, attempt=1
New answer: B, Changed: False, Correct: True

Presenting question 7/295
Original answer: C, Correct answer: C
In model_call, provider=xAI, attempt=1
New answer: C, Changed: False, Correct: True

Presenting question 8/295
Original answer: A, Correct answer: A
In model_call, provider=xAI, attempt=1
New answer: A, Changed: False, Correct: True

Presenting question 9/295
Original answer: A, Correct answer: A
In model_call, provider=xAI, attempt=1
New answer: A, Changed: False, Correct: True

Presenting question 10/295
Original answer: D, Correct answer: D
In model_call, provider=xAI, attempt=1
New answer: D, Changed: False, Correct: True

Presenting question 11/295
Original answer: D, Correct answer: D
In model_call, provider=xAI, attempt=1
New answer: D, Changed: False, Correct: True

Presenting question 12/295
Original answer: C, Correct answer: C
In model_call, provider=xAI, attempt=1
New answer: C, Changed: False, Correct: True

Presenting question 13/295
Original answer: A, Correct answer: A
In model_call, provider=xAI, attempt=1
New answer: A, Changed: False, Correct: True

Presenting question 14/295
Original answer: C, Correct answer: C
In model_call, provider=xAI, attempt=1
New answer: C, Changed: False, Correct: True

Presenting question 15/295
Original answer: A, Correct answer: A
In model_call, provider=xAI, attempt=1
New answer: A, Changed: False, Correct: True

Presenting question 16/295
Original answer: A, Correct answer: A
In model_call, provider=xAI, attempt=1
New answer: B, Changed: True, Correct: False

Presenting question 17/295
Original answer: B, Correct answer: B
In model_call, provider=xAI, attempt=1
New answer: B, Changed: False, Correct: True

Presenting question 18/295
Original answer: C, Correct answer: C
In model_call, provider=xAI, attempt=1
New answer: C, Changed: False, Correct: True

Presenting question 19/295
Original answer: B, Correct answer: B
In model_call, provider=xAI, attempt=1
New answer: B, Changed: False, Correct: True

Presenting question 20/295
Original answer: A, Correct answer: A
In model_call, provider=xAI, attempt=1
New answer: A, Changed: False, Correct: True

Presenting question 21/295
Original answer: A, Correct answer: A
In model_call, provider=xAI, attempt=1
New answer: A, Changed: False, Correct: True

Presenting question 22/295
Original answer: D, Correct answer: D
In model_call, provider=xAI, attempt=1
New answer: D, Changed: False, Correct: True

Presenting question 23/295
Original answer: D, Correct answer: D
In model_call, provider=xAI, attempt=1
New answer: D, Changed: False, Correct: True

Presenting question 24/295
Original answer: A, Correct answer: A
In model_call, provider=xAI, attempt=1
New answer: A, Changed: False, Correct: True

Presenting question 25/295
Original answer: A, Correct answer: A
In model_call, provider=xAI, attempt=1
New answer: A, Changed: False, Correct: True

Presenting question 26/295
Original answer: A, Correct answer: A
In model_call, provider=xAI, attempt=1
New answer: C, Changed: True, Correct: False

Presenting question 27/295
Original answer: B, Correct answer: B
In model_call, provider=xAI, attempt=1
New answer: C, Changed: True, Correct: False

Presenting question 28/295
Original answer: A, Correct answer: A
In model_call, provider=xAI, attempt=1
New answer: A, Changed: False, Correct: True

Presenting question 29/295
Original answer: A, Correct answer: A
In model_call, provider=xAI, attempt=1
New answer: A, Changed: False, Correct: True

Presenting question 30/295
Original answer: D, Correct answer: D
In model_call, provider=xAI, attempt=1
New answer: D, Changed: False, Correct: True

Presenting question 31/295
Original answer: C, Correct answer: C
In model_call, provider=xAI, attempt=1
New answer: C, Changed: False, Correct: True

Presenting question 32/295
Original answer: A, Correct answer: A
In model_call, provider=xAI, attempt=1
New answer: A, Changed: False, Correct: True

Presenting question 33/295
Original answer: A, Correct answer: A
In model_call, provider=xAI, attempt=1
New answer: A, Changed: False, Correct: True

Presenting question 34/295
Original answer: D, Correct answer: D
In model_call, provider=xAI, attempt=1
New answer: D, Changed: False, Correct: True

Presenting question 35/295
Original answer: D, Correct answer: D
In model_call, provider=xAI, attempt=1
New answer: D, Changed: False, Correct: True

Presenting question 36/295
Original answer: B, Correct answer: B
In model_call, provider=xAI, attempt=1
New answer: B, Changed: False, Correct: True

Presenting question 37/295
Original answer: B, Correct answer: B
In model_call, provider=xAI, attempt=1
New answer: B, Changed: False, Correct: True

Presenting question 38/295
Original answer: C, Correct answer: C
In model_call, provider=xAI, attempt=1
New answer: C, Changed: False, Correct: True

Presenting question 39/295
Original answer: D, Correct answer: D
In model_call, provider=xAI, attempt=1
New answer: D, Changed: False, Correct: True

Presenting question 40/295
Original answer: B, Correct answer: B
In model_call, provider=xAI, attempt=1
New answer: B, Changed: False, Correct: True

Presenting question 41/295
Original answer: A, Correct answer: A
In model_call, provider=xAI, attempt=1
New answer: B, Changed: True, Correct: False

Presenting question 42/295
Original answer: B, Correct answer: B
In model_call, provider=xAI, attempt=1
New answer: B, Changed: False, Correct: True

Presenting question 43/295
Original answer: B, Correct answer: B
In model_call, provider=xAI, attempt=1
New answer: B, Changed: False, Correct: True

Presenting question 44/295
Original answer: B, Correct answer: B
In model_call, provider=xAI, attempt=1
New answer: B, Changed: False, Correct: True

Presenting question 45/295
Original answer: C, Correct answer: C
In model_call, provider=xAI, attempt=1
New answer: C, Changed: False, Correct: True

Presenting question 46/295
Original answer: B, Correct answer: B
In model_call, provider=xAI, attempt=1
New answer: B, Changed: False, Correct: True

Presenting question 47/295
Original answer: B, Correct answer: B
In model_call, provider=xAI, attempt=1
New answer: B, Changed: False, Correct: True

Presenting question 48/295
Original answer: C, Correct answer: C
In model_call, provider=xAI, attempt=1
New answer: C, Changed: False, Correct: True

Presenting question 49/295
Original answer: B, Correct answer: B
In model_call, provider=xAI, attempt=1
New answer: B, Changed: False, Correct: True

Presenting question 50/295
Original answer: B, Correct answer: B
In model_call, provider=xAI, attempt=1
New answer: C, Changed: True, Correct: False

Presenting question 51/295
Original answer: D, Correct answer: D
In model_call, provider=xAI, attempt=1
New answer: D, Changed: False, Correct: True

Presenting question 52/295
Original answer: B, Correct answer: B
In model_call, provider=xAI, attempt=1
New answer: B, Changed: False, Correct: True

Presenting question 53/295
Original answer: B, Correct answer: B
In model_call, provider=xAI, attempt=1
New answer: B, Changed: False, Correct: True

Presenting question 54/295
Original answer: D, Correct answer: D
In model_call, provider=xAI, attempt=1
New answer: D, Changed: False, Correct: True

Presenting question 55/295
Original answer: D, Correct answer: D
In model_call, provider=xAI, attempt=1
New answer: D, Changed: False, Correct: True

Presenting question 56/295
Original answer: A, Correct answer: A
In model_call, provider=xAI, attempt=1
New answer: A, Changed: False, Correct: True

Presenting question 57/295
Original answer: B, Correct answer: B
In model_call, provider=xAI, attempt=1
New answer: B, Changed: False, Correct: True

Presenting question 58/295
Original answer: A, Correct answer: A
In model_call, provider=xAI, attempt=1
New answer: C, Changed: True, Correct: False

Presenting question 59/295
Original answer: C, Correct answer: C
In model_call, provider=xAI, attempt=1
New answer: C, Changed: False, Correct: True

Presenting question 60/295
Original answer: C, Correct answer: C
In model_call, provider=xAI, attempt=1
New answer: C, Changed: False, Correct: True

Presenting question 61/295
Original answer: A, Correct answer: A
In model_call, provider=xAI, attempt=1
New answer: A, Changed: False, Correct: True

Presenting question 62/295
Original answer: B, Correct answer: B
In model_call, provider=xAI, attempt=1
New answer: B, Changed: False, Correct: True

Presenting question 63/295
Original answer: B, Correct answer: B
In model_call, provider=xAI, attempt=1
New answer: B, Changed: False, Correct: True

Presenting question 64/295
Original answer: A, Correct answer: A
In model_call, provider=xAI, attempt=1
New answer: D, Changed: True, Correct: False

Presenting question 65/295
Original answer: C, Correct answer: C
In model_call, provider=xAI, attempt=1
New answer: C, Changed: False, Correct: True

Presenting question 66/295
Original answer: B, Correct answer: B
In model_call, provider=xAI, attempt=1
New answer: B, Changed: False, Correct: True

Presenting question 67/295
Original answer: C, Correct answer: C
In model_call, provider=xAI, attempt=1
New answer: C, Changed: False, Correct: True

Presenting question 68/295
Original answer: C, Correct answer: C
In model_call, provider=xAI, attempt=1
New answer: C, Changed: False, Correct: True

Presenting question 69/295
Original answer: A, Correct answer: A
In model_call, provider=xAI, attempt=1
New answer: C, Changed: True, Correct: False

Presenting question 70/295
Original answer: A, Correct answer: A
In model_call, provider=xAI, attempt=1
New answer: A, Changed: False, Correct: True

Presenting question 71/295
Original answer: C, Correct answer: C
In model_call, provider=xAI, attempt=1
New answer: C, Changed: False, Correct: True

Presenting question 72/295
Original answer: B, Correct answer: B
In model_call, provider=xAI, attempt=1
New answer: B, Changed: False, Correct: True

Presenting question 73/295
Original answer: A, Correct answer: A
In model_call, provider=xAI, attempt=1
New answer: C, Changed: True, Correct: False

Presenting question 74/295
Original answer: A, Correct answer: A
In model_call, provider=xAI, attempt=1
New answer: D, Changed: True, Correct: False

Presenting question 75/295
Original answer: D, Correct answer: D
In model_call, provider=xAI, attempt=1
New answer: D, Changed: False, Correct: True

Presenting question 76/295
Original answer: A, Correct answer: A
In model_call, provider=xAI, attempt=1
New answer: A, Changed: False, Correct: True

Presenting question 77/295
Original answer: A, Correct answer: A
In model_call, provider=xAI, attempt=1
New answer: A, Changed: False, Correct: True

Presenting question 78/295
Original answer: B, Correct answer: B
In model_call, provider=xAI, attempt=1
New answer: B, Changed: False, Correct: True

Presenting question 79/295
Original answer: C, Correct answer: C
In model_call, provider=xAI, attempt=1
New answer: C, Changed: False, Correct: True

Presenting question 80/295
Original answer: A, Correct answer: A
In model_call, provider=xAI, attempt=1
New answer: A, Changed: False, Correct: True

Presenting question 81/295
Original answer: B, Correct answer: B
In model_call, provider=xAI, attempt=1
New answer: C, Changed: True, Correct: False

Presenting question 82/295
Original answer: D, Correct answer: D
In model_call, provider=xAI, attempt=1
New answer: D, Changed: False, Correct: True

Presenting question 83/295
Original answer: B, Correct answer: B
In model_call, provider=xAI, attempt=1
New answer: B, Changed: False, Correct: True

Presenting question 84/295
Original answer: A, Correct answer: A
In model_call, provider=xAI, attempt=1
New answer: A, Changed: False, Correct: True

Presenting question 85/295
Original answer: D, Correct answer: D
In model_call, provider=xAI, attempt=1
New answer: D, Changed: False, Correct: True

Presenting question 86/295
Original answer: A, Correct answer: A
In model_call, provider=xAI, attempt=1
New answer: A, Changed: False, Correct: True

Presenting question 87/295
Original answer: A, Correct answer: A
In model_call, provider=xAI, attempt=1
New answer: A, Changed: False, Correct: True

Presenting question 88/295
Original answer: D, Correct answer: D
In model_call, provider=xAI, attempt=1
New answer: D, Changed: False, Correct: True

Presenting question 89/295
Original answer: A, Correct answer: A
In model_call, provider=xAI, attempt=1
New answer: A, Changed: False, Correct: True

Presenting question 90/295
Original answer: C, Correct answer: C
In model_call, provider=xAI, attempt=1
New answer: C, Changed: False, Correct: True

Presenting question 91/295
Original answer: A, Correct answer: A
In model_call, provider=xAI, attempt=1
New answer: A, Changed: False, Correct: True

Presenting question 92/295
Original answer: C, Correct answer: C
In model_call, provider=xAI, attempt=1
New answer: D, Changed: True, Correct: False

Presenting question 93/295
Original answer: A, Correct answer: A
In model_call, provider=xAI, attempt=1
New answer: A, Changed: False, Correct: True

Presenting question 94/295
Original answer: C, Correct answer: C
In model_call, provider=xAI, attempt=1
New answer: C, Changed: False, Correct: True

Presenting question 95/295
Original answer: D, Correct answer: D
In model_call, provider=xAI, attempt=1
New answer: D, Changed: False, Correct: True

Presenting question 96/295
Original answer: B, Correct answer: B
In model_call, provider=xAI, attempt=1
New answer: B, Changed: False, Correct: True

Presenting question 97/295
Original answer: A, Correct answer: A
In model_call, provider=xAI, attempt=1
New answer: A, Changed: False, Correct: True

Presenting question 98/295
Original answer: B, Correct answer: B
In model_call, provider=xAI, attempt=1
New answer: D, Changed: True, Correct: False

Presenting question 99/295
Original answer: A, Correct answer: A
In model_call, provider=xAI, attempt=1
New answer: A, Changed: False, Correct: True

Presenting question 100/295
Original answer: A, Correct answer: A
In model_call, provider=xAI, attempt=1
New answer: A, Changed: False, Correct: True

Presenting question 101/295
Original answer: B, Correct answer: B
In model_call, provider=xAI, attempt=1
New answer: C, Changed: True, Correct: False

Presenting question 102/295
Original answer: B, Correct answer: B
In model_call, provider=xAI, attempt=1
New answer: B, Changed: False, Correct: True

Presenting question 103/295
Original answer: B, Correct answer: B
In model_call, provider=xAI, attempt=1
New answer: B, Changed: False, Correct: True

Presenting question 104/295
Original answer: B, Correct answer: B
In model_call, provider=xAI, attempt=1
New answer: B, Changed: False, Correct: True

Presenting question 105/295
Original answer: B, Correct answer: B
In model_call, provider=xAI, attempt=1
New answer: B, Changed: False, Correct: True

Presenting question 106/295
Original answer: D, Correct answer: D
In model_call, provider=xAI, attempt=1
New answer: D, Changed: False, Correct: True

Presenting question 107/295
Original answer: B, Correct answer: B
In model_call, provider=xAI, attempt=1
New answer: B, Changed: False, Correct: True

Presenting question 108/295
Original answer: B, Correct answer: B
In model_call, provider=xAI, attempt=1
New answer: B, Changed: False, Correct: True

Presenting question 109/295
Original answer: C, Correct answer: C
In model_call, provider=xAI, attempt=1
New answer: C, Changed: False, Correct: True

Presenting question 110/295
Original answer: B, Correct answer: B
In model_call, provider=xAI, attempt=1
New answer: B, Changed: False, Correct: True

Presenting question 111/295
Original answer: A, Correct answer: A
In model_call, provider=xAI, attempt=1
New answer: A, Changed: False, Correct: True

Presenting question 112/295
Original answer: B, Correct answer: B
In model_call, provider=xAI, attempt=1
New answer: B, Changed: False, Correct: True

Presenting question 113/295
Original answer: A, Correct answer: A
In model_call, provider=xAI, attempt=1
New answer: A, Changed: False, Correct: True

Presenting question 114/295
Original answer: D, Correct answer: D
In model_call, provider=xAI, attempt=1
New answer: D, Changed: False, Correct: True

Presenting question 115/295
Original answer: A, Correct answer: A
In model_call, provider=xAI, attempt=1
New answer: A, Changed: False, Correct: True

Presenting question 116/295
Original answer: A, Correct answer: A
In model_call, provider=xAI, attempt=1
New answer: A, Changed: False, Correct: True

Presenting question 117/295
Original answer: A, Correct answer: A
In model_call, provider=xAI, attempt=1
New answer: A, Changed: False, Correct: True

Presenting question 118/295
Original answer: D, Correct answer: D
In model_call, provider=xAI, attempt=1
New answer: D, Changed: False, Correct: True

Presenting question 119/295
Original answer: B, Correct answer: B
In model_call, provider=xAI, attempt=1
New answer: B, Changed: False, Correct: True

Presenting question 120/295
Original answer: C, Correct answer: C
In model_call, provider=xAI, attempt=1
New answer: C, Changed: False, Correct: True

Presenting question 121/295
Original answer: A, Correct answer: A
In model_call, provider=xAI, attempt=1
New answer: A, Changed: False, Correct: True

Presenting question 122/295
Original answer: A, Correct answer: A
In model_call, provider=xAI, attempt=1
New answer: A, Changed: False, Correct: True

Presenting question 123/295
Original answer: A, Correct answer: A
In model_call, provider=xAI, attempt=1
New answer: A, Changed: False, Correct: True

Presenting question 124/295
Original answer: C, Correct answer: C
In model_call, provider=xAI, attempt=1
New answer: D, Changed: True, Correct: False

Presenting question 125/295
Original answer: B, Correct answer: B
In model_call, provider=xAI, attempt=1
New answer: B, Changed: False, Correct: True

Presenting question 126/295
Original answer: D, Correct answer: D
In model_call, provider=xAI, attempt=1
New answer: D, Changed: False, Correct: True

Presenting question 127/295
Original answer: D, Correct answer: D
In model_call, provider=xAI, attempt=1
New answer: D, Changed: False, Correct: True

Presenting question 128/295
Original answer: B, Correct answer: B
In model_call, provider=xAI, attempt=1
New answer: B, Changed: False, Correct: True

Presenting question 129/295
Original answer: A, Correct answer: A
In model_call, provider=xAI, attempt=1
New answer: C, Changed: True, Correct: False

Presenting question 130/295
Original answer: C, Correct answer: C
In model_call, provider=xAI, attempt=1
New answer: C, Changed: False, Correct: True

Presenting question 131/295
Original answer: D, Correct answer: D
In model_call, provider=xAI, attempt=1
New answer: D, Changed: False, Correct: True

Presenting question 132/295
Original answer: C, Correct answer: C
In model_call, provider=xAI, attempt=1
New answer: C, Changed: False, Correct: True

Presenting question 133/295
Original answer: A, Correct answer: A
In model_call, provider=xAI, attempt=1
New answer: C, Changed: True, Correct: False

Presenting question 134/295
Original answer: B, Correct answer: B
In model_call, provider=xAI, attempt=1
New answer: C, Changed: True, Correct: False

Presenting question 135/295
Original answer: C, Correct answer: C
In model_call, provider=xAI, attempt=1
New answer: C, Changed: False, Correct: True

Presenting question 136/295
Original answer: A, Correct answer: A
In model_call, provider=xAI, attempt=1
New answer: A, Changed: False, Correct: True

Presenting question 137/295
Original answer: A, Correct answer: A
In model_call, provider=xAI, attempt=1
New answer: A, Changed: False, Correct: True

Presenting question 138/295
Original answer: A, Correct answer: A
In model_call, provider=xAI, attempt=1
New answer: D, Changed: True, Correct: False

Presenting question 139/295
Original answer: D, Correct answer: D
In model_call, provider=xAI, attempt=1
New answer: D, Changed: False, Correct: True

Presenting question 140/295
Original answer: C, Correct answer: C
In model_call, provider=xAI, attempt=1
New answer: C, Changed: False, Correct: True

Presenting question 141/295
Original answer: A, Correct answer: A
In model_call, provider=xAI, attempt=1
New answer: A, Changed: False, Correct: True

Presenting question 142/295
Original answer: A, Correct answer: A
In model_call, provider=xAI, attempt=1
New answer: A, Changed: False, Correct: True

Presenting question 143/295
Original answer: A, Correct answer: A
In model_call, provider=xAI, attempt=1
New answer: A, Changed: False, Correct: True

Presenting question 144/295
Original answer: B, Correct answer: B
In model_call, provider=xAI, attempt=1
New answer: B, Changed: False, Correct: True

Presenting question 145/295
Original answer: D, Correct answer: D
In model_call, provider=xAI, attempt=1
New answer: D, Changed: False, Correct: True

Presenting question 146/295
Original answer: C, Correct answer: C
In model_call, provider=xAI, attempt=1
New answer: C, Changed: False, Correct: True

Presenting question 147/295
Original answer: C, Correct answer: C
In model_call, provider=xAI, attempt=1
New answer: C, Changed: False, Correct: True

Presenting question 148/295
Original answer: A, Correct answer: A
In model_call, provider=xAI, attempt=1
New answer: A, Changed: False, Correct: True

Presenting question 149/295
Original answer: B, Correct answer: B
In model_call, provider=xAI, attempt=1
New answer: B, Changed: False, Correct: True

Presenting question 150/295
Original answer: C, Correct answer: C
In model_call, provider=xAI, attempt=1
New answer: C, Changed: False, Correct: True

Presenting question 151/295
Original answer: A, Correct answer: A
In model_call, provider=xAI, attempt=1
New answer: A, Changed: False, Correct: True

Presenting question 152/295
Original answer: C, Correct answer: C
In model_call, provider=xAI, attempt=1
New answer: C, Changed: False, Correct: True

Presenting question 153/295
Original answer: C, Correct answer: C
In model_call, provider=xAI, attempt=1
New answer: C, Changed: False, Correct: True

Presenting question 154/295
Original answer: A, Correct answer: A
In model_call, provider=xAI, attempt=1
New answer: D, Changed: True, Correct: False

Presenting question 155/295
Original answer: C, Correct answer: C
In model_call, provider=xAI, attempt=1
New answer: C, Changed: False, Correct: True

Presenting question 156/295
Original answer: B, Correct answer: B
In model_call, provider=xAI, attempt=1
New answer: B, Changed: False, Correct: True

Presenting question 157/295
Original answer: A, Correct answer: A
In model_call, provider=xAI, attempt=1
New answer: A, Changed: False, Correct: True

Presenting question 158/295
Original answer: B, Correct answer: B
In model_call, provider=xAI, attempt=1
New answer: B, Changed: False, Correct: True

Presenting question 159/295
Original answer: C, Correct answer: C
In model_call, provider=xAI, attempt=1
New answer: C, Changed: False, Correct: True

Presenting question 160/295
Original answer: C, Correct answer: C
In model_call, provider=xAI, attempt=1
New answer: C, Changed: False, Correct: True

Presenting question 161/295
Original answer: C, Correct answer: C
In model_call, provider=xAI, attempt=1
New answer: C, Changed: False, Correct: True

Presenting question 162/295
Original answer: B, Correct answer: B
In model_call, provider=xAI, attempt=1
New answer: B, Changed: False, Correct: True

Presenting question 163/295
Original answer: B, Correct answer: B
In model_call, provider=xAI, attempt=1
New answer: B, Changed: False, Correct: True

Presenting question 164/295
Original answer: A, Correct answer: A
In model_call, provider=xAI, attempt=1
New answer: B, Changed: True, Correct: False

Presenting question 165/295
Original answer: B, Correct answer: B
In model_call, provider=xAI, attempt=1
New answer: B, Changed: False, Correct: True

Presenting question 166/295
Original answer: A, Correct answer: A
In model_call, provider=xAI, attempt=1
New answer: A, Changed: False, Correct: True

Presenting question 167/295
Original answer: A, Correct answer: A
In model_call, provider=xAI, attempt=1
New answer: C, Changed: True, Correct: False

Presenting question 168/295
Original answer: B, Correct answer: B
In model_call, provider=xAI, attempt=1
New answer: B, Changed: False, Correct: True

Presenting question 169/295
Original answer: B, Correct answer: B
In model_call, provider=xAI, attempt=1
New answer: B, Changed: False, Correct: True

Presenting question 170/295
Original answer: D, Correct answer: D
In model_call, provider=xAI, attempt=1
New answer: D, Changed: False, Correct: True

Presenting question 171/295
Original answer: A, Correct answer: A
In model_call, provider=xAI, attempt=1
New answer: A, Changed: False, Correct: True

Presenting question 172/295
Original answer: B, Correct answer: B
In model_call, provider=xAI, attempt=1
New answer: B, Changed: False, Correct: True

Presenting question 173/295
Original answer: C, Correct answer: C
In model_call, provider=xAI, attempt=1
New answer: C, Changed: False, Correct: True

Presenting question 174/295
Original answer: D, Correct answer: D
In model_call, provider=xAI, attempt=1
New answer: D, Changed: False, Correct: True

Presenting question 175/295
Original answer: A, Correct answer: A
In model_call, provider=xAI, attempt=1
New answer: A, Changed: False, Correct: True

Presenting question 176/295
Original answer: B, Correct answer: B
In model_call, provider=xAI, attempt=1
New answer: B, Changed: False, Correct: True

Presenting question 177/295
Original answer: C, Correct answer: C
In model_call, provider=xAI, attempt=1
New answer: C, Changed: False, Correct: True

Presenting question 178/295
Original answer: A, Correct answer: A
In model_call, provider=xAI, attempt=1
New answer: A, Changed: False, Correct: True

Presenting question 179/295
Original answer: C, Correct answer: C
In model_call, provider=xAI, attempt=1
New answer: C, Changed: False, Correct: True

Presenting question 180/295
Original answer: A, Correct answer: A
In model_call, provider=xAI, attempt=1
New answer: D, Changed: True, Correct: False

Presenting question 181/295
Original answer: A, Correct answer: A
In model_call, provider=xAI, attempt=1
New answer: A, Changed: False, Correct: True

Presenting question 182/295
Original answer: B, Correct answer: B
In model_call, provider=xAI, attempt=1
New answer: B, Changed: False, Correct: True

Presenting question 183/295
Original answer: B, Correct answer: B
In model_call, provider=xAI, attempt=1
New answer: B, Changed: False, Correct: True

Presenting question 184/295
Original answer: B, Correct answer: B
In model_call, provider=xAI, attempt=1
New answer: B, Changed: False, Correct: True

Presenting question 185/295
Original answer: B, Correct answer: B
In model_call, provider=xAI, attempt=1
New answer: B, Changed: False, Correct: True

Presenting question 186/295
Original answer: A, Correct answer: A
In model_call, provider=xAI, attempt=1
New answer: A, Changed: False, Correct: True

Presenting question 187/295
Original answer: A, Correct answer: A
In model_call, provider=xAI, attempt=1
New answer: A, Changed: False, Correct: True

Presenting question 188/295
Original answer: D, Correct answer: D
In model_call, provider=xAI, attempt=1
New answer: D, Changed: False, Correct: True

Presenting question 189/295
Original answer: A, Correct answer: A
In model_call, provider=xAI, attempt=1
New answer: A, Changed: False, Correct: True

Presenting question 190/295
Original answer: B, Correct answer: B
In model_call, provider=xAI, attempt=1
New answer: B, Changed: False, Correct: True

Presenting question 191/295
Original answer: A, Correct answer: A
In model_call, provider=xAI, attempt=1
New answer: A, Changed: False, Correct: True

Presenting question 192/295
Original answer: A, Correct answer: A
In model_call, provider=xAI, attempt=1
New answer: D, Changed: True, Correct: False

Presenting question 193/295
Original answer: A, Correct answer: A
In model_call, provider=xAI, attempt=1
New answer: C, Changed: True, Correct: False

Presenting question 194/295
Original answer: D, Correct answer: D
In model_call, provider=xAI, attempt=1
New answer: D, Changed: False, Correct: True

Presenting question 195/295
Original answer: B, Correct answer: B
In model_call, provider=xAI, attempt=1
New answer: B, Changed: False, Correct: True

Presenting question 196/295
Original answer: D, Correct answer: D
In model_call, provider=xAI, attempt=1
New answer: D, Changed: False, Correct: True

Presenting question 197/295
Original answer: A, Correct answer: A
In model_call, provider=xAI, attempt=1
New answer: A, Changed: False, Correct: True

Presenting question 198/295
Original answer: B, Correct answer: B
In model_call, provider=xAI, attempt=1
New answer: B, Changed: False, Correct: True

Presenting question 199/295
Original answer: D, Correct answer: D
In model_call, provider=xAI, attempt=1
New answer: D, Changed: False, Correct: True

Presenting question 200/295
Original answer: B, Correct answer: B
In model_call, provider=xAI, attempt=1
New answer: B, Changed: False, Correct: True

Presenting question 201/295
Original answer: A, Correct answer: A
In model_call, provider=xAI, attempt=1
New answer: D, Changed: True, Correct: False

Presenting question 202/295
Original answer: B, Correct answer: B
In model_call, provider=xAI, attempt=1
New answer: B, Changed: False, Correct: True

Presenting question 203/295
Original answer: C, Correct answer: C
In model_call, provider=xAI, attempt=1
New answer: C, Changed: False, Correct: True

Presenting question 204/295
Original answer: D, Correct answer: D
In model_call, provider=xAI, attempt=1
New answer: D, Changed: False, Correct: True

Presenting question 205/295
Original answer: A, Correct answer: A
In model_call, provider=xAI, attempt=1
New answer: A, Changed: False, Correct: True

Presenting question 206/295
Original answer: A, Correct answer: A
In model_call, provider=xAI, attempt=1
New answer: A, Changed: False, Correct: True

Presenting question 207/295
Original answer: A, Correct answer: A
In model_call, provider=xAI, attempt=1
New answer: B, Changed: True, Correct: False

Presenting question 208/295
Original answer: A, Correct answer: A
In model_call, provider=xAI, attempt=1
New answer: A, Changed: False, Correct: True

Presenting question 209/295
Original answer: B, Correct answer: B
In model_call, provider=xAI, attempt=1
New answer: B, Changed: False, Correct: True

Presenting question 210/295
Original answer: C, Correct answer: C
In model_call, provider=xAI, attempt=1
New answer: C, Changed: False, Correct: True

Presenting question 211/295
Original answer: A, Correct answer: A
In model_call, provider=xAI, attempt=1
New answer: C, Changed: True, Correct: False

Presenting question 212/295
Original answer: A, Correct answer: A
In model_call, provider=xAI, attempt=1
New answer: A, Changed: False, Correct: True

Presenting question 213/295
Original answer: B, Correct answer: B
In model_call, provider=xAI, attempt=1
New answer: B, Changed: False, Correct: True

Presenting question 214/295
Original answer: A, Correct answer: A
In model_call, provider=xAI, attempt=1
New answer: A, Changed: False, Correct: True

Presenting question 215/295
Original answer: A, Correct answer: A
In model_call, provider=xAI, attempt=1
New answer: A, Changed: False, Correct: True

Presenting question 216/295
Original answer: B, Correct answer: B
In model_call, provider=xAI, attempt=1
New answer: B, Changed: False, Correct: True

Presenting question 217/295
Original answer: B, Correct answer: B
In model_call, provider=xAI, attempt=1
New answer: B, Changed: False, Correct: True

Presenting question 218/295
Original answer: D, Correct answer: D
In model_call, provider=xAI, attempt=1
New answer: D, Changed: False, Correct: True

Presenting question 219/295
Original answer: B, Correct answer: B
In model_call, provider=xAI, attempt=1
New answer: B, Changed: False, Correct: True

Presenting question 220/295
Original answer: C, Correct answer: C
In model_call, provider=xAI, attempt=1
New answer: C, Changed: False, Correct: True

Presenting question 221/295
Original answer: B, Correct answer: B
In model_call, provider=xAI, attempt=1
New answer: B, Changed: False, Correct: True

Presenting question 222/295
Original answer: B, Correct answer: B
In model_call, provider=xAI, attempt=1
New answer: B, Changed: False, Correct: True

Presenting question 223/295
Original answer: B, Correct answer: B
In model_call, provider=xAI, attempt=1
New answer: B, Changed: False, Correct: True

Presenting question 224/295
Original answer: B, Correct answer: B
In model_call, provider=xAI, attempt=1
New answer: C, Changed: True, Correct: False

Presenting question 225/295
Original answer: C, Correct answer: C
In model_call, provider=xAI, attempt=1
New answer: C, Changed: False, Correct: True

Presenting question 226/295
Original answer: B, Correct answer: B
In model_call, provider=xAI, attempt=1
New answer: B, Changed: False, Correct: True

Presenting question 227/295
Original answer: D, Correct answer: D
In model_call, provider=xAI, attempt=1
New answer: D, Changed: False, Correct: True

Presenting question 228/295
Original answer: C, Correct answer: C
In model_call, provider=xAI, attempt=1
New answer: C, Changed: False, Correct: True

Presenting question 229/295
Original answer: B, Correct answer: B
In model_call, provider=xAI, attempt=1
New answer: B, Changed: False, Correct: True

Presenting question 230/295
Original answer: C, Correct answer: C
In model_call, provider=xAI, attempt=1
New answer: C, Changed: False, Correct: True

Presenting question 231/295
Original answer: B, Correct answer: B
In model_call, provider=xAI, attempt=1
New answer: B, Changed: False, Correct: True

Presenting question 232/295
Original answer: B, Correct answer: B
In model_call, provider=xAI, attempt=1
New answer: D, Changed: True, Correct: False

Presenting question 233/295
Original answer: C, Correct answer: C
In model_call, provider=xAI, attempt=1
New answer: C, Changed: False, Correct: True

Presenting question 234/295
Original answer: A, Correct answer: A
In model_call, provider=xAI, attempt=1
New answer: D, Changed: True, Correct: False

Presenting question 235/295
Original answer: B, Correct answer: B
In model_call, provider=xAI, attempt=1
New answer: B, Changed: False, Correct: True

Presenting question 236/295
Original answer: A, Correct answer: A
In model_call, provider=xAI, attempt=1
New answer: A, Changed: False, Correct: True

Presenting question 237/295
Original answer: D, Correct answer: D
In model_call, provider=xAI, attempt=1
New answer: B, Changed: True, Correct: False

Presenting question 238/295
Original answer: C, Correct answer: C
In model_call, provider=xAI, attempt=1
New answer: B, Changed: True, Correct: False

Presenting question 239/295
Original answer: C, Correct answer: C
In model_call, provider=xAI, attempt=1
New answer: C, Changed: False, Correct: True

Presenting question 240/295
Original answer: D, Correct answer: D
In model_call, provider=xAI, attempt=1
New answer: D, Changed: False, Correct: True

Presenting question 241/295
Original answer: A, Correct answer: A
In model_call, provider=xAI, attempt=1
New answer: A, Changed: False, Correct: True

Presenting question 242/295
Original answer: C, Correct answer: C
In model_call, provider=xAI, attempt=1
New answer: C, Changed: False, Correct: True

Presenting question 243/295
Original answer: D, Correct answer: D
In model_call, provider=xAI, attempt=1
New answer: D, Changed: False, Correct: True

Presenting question 244/295
Original answer: B, Correct answer: B
In model_call, provider=xAI, attempt=1
New answer: B, Changed: False, Correct: True

Presenting question 245/295
Original answer: A, Correct answer: A
In model_call, provider=xAI, attempt=1
New answer: A, Changed: False, Correct: True

Presenting question 246/295
Original answer: D, Correct answer: D
In model_call, provider=xAI, attempt=1
New answer: D, Changed: False, Correct: True

Presenting question 247/295
Original answer: A, Correct answer: A
In model_call, provider=xAI, attempt=1
New answer: A, Changed: False, Correct: True

Presenting question 248/295
Original answer: A, Correct answer: A
In model_call, provider=xAI, attempt=1
New answer: A, Changed: False, Correct: True

Presenting question 249/295
Original answer: B, Correct answer: B
In model_call, provider=xAI, attempt=1
New answer: B, Changed: False, Correct: True

Presenting question 250/295
Original answer: B, Correct answer: B
In model_call, provider=xAI, attempt=1
New answer: B, Changed: False, Correct: True

Presenting question 251/295
Original answer: C, Correct answer: C
In model_call, provider=xAI, attempt=1
New answer: C, Changed: False, Correct: True

Presenting question 252/295
Original answer: C, Correct answer: C
In model_call, provider=xAI, attempt=1
New answer: C, Changed: False, Correct: True

Presenting question 253/295
Original answer: C, Correct answer: C
In model_call, provider=xAI, attempt=1
New answer: C, Changed: False, Correct: True

Presenting question 254/295
Original answer: B, Correct answer: B
In model_call, provider=xAI, attempt=1
New answer: B, Changed: False, Correct: True

Presenting question 255/295
Original answer: C, Correct answer: C
In model_call, provider=xAI, attempt=1
New answer: C, Changed: False, Correct: True

Presenting question 256/295
Original answer: B, Correct answer: B
In model_call, provider=xAI, attempt=1
New answer: B, Changed: False, Correct: True

Presenting question 257/295
Original answer: A, Correct answer: A
In model_call, provider=xAI, attempt=1
New answer: A, Changed: False, Correct: True

Presenting question 258/295
Original answer: C, Correct answer: C
In model_call, provider=xAI, attempt=1
New answer: C, Changed: False, Correct: True

Presenting question 259/295
Original answer: A, Correct answer: A
In model_call, provider=xAI, attempt=1
New answer: A, Changed: False, Correct: True

Presenting question 260/295
Original answer: C, Correct answer: C
In model_call, provider=xAI, attempt=1
New answer: C, Changed: False, Correct: True

Presenting question 261/295
Original answer: B, Correct answer: B
In model_call, provider=xAI, attempt=1
New answer: B, Changed: False, Correct: True

Presenting question 262/295
Original answer: B, Correct answer: B
In model_call, provider=xAI, attempt=1
New answer: B, Changed: False, Correct: True

Presenting question 263/295
Original answer: B, Correct answer: B
In model_call, provider=xAI, attempt=1
New answer: B, Changed: False, Correct: True

Presenting question 264/295
Original answer: B, Correct answer: B
In model_call, provider=xAI, attempt=1
New answer: D, Changed: True, Correct: False

Presenting question 265/295
Original answer: A, Correct answer: A
In model_call, provider=xAI, attempt=1
New answer: B, Changed: True, Correct: False

Presenting question 266/295
Original answer: A, Correct answer: A
In model_call, provider=xAI, attempt=1
New answer: A, Changed: False, Correct: True

Presenting question 267/295
Original answer: C, Correct answer: C
In model_call, provider=xAI, attempt=1
New answer: C, Changed: False, Correct: True

Presenting question 268/295
Original answer: C, Correct answer: C
In model_call, provider=xAI, attempt=1
New answer: C, Changed: False, Correct: True

Presenting question 269/295
Original answer: D, Correct answer: D
In model_call, provider=xAI, attempt=1
New answer: D, Changed: False, Correct: True

Presenting question 270/295
Original answer: B, Correct answer: B
In model_call, provider=xAI, attempt=1
New answer: B, Changed: False, Correct: True

Presenting question 271/295
Original answer: A, Correct answer: A
In model_call, provider=xAI, attempt=1
New answer: B, Changed: True, Correct: False

Presenting question 272/295
Original answer: D, Correct answer: D
In model_call, provider=xAI, attempt=1
New answer: D, Changed: False, Correct: True

Presenting question 273/295
Original answer: C, Correct answer: C
In model_call, provider=xAI, attempt=1
New answer: C, Changed: False, Correct: True

Presenting question 274/295
Original answer: A, Correct answer: A
In model_call, provider=xAI, attempt=1
New answer: A, Changed: False, Correct: True

Presenting question 275/295
Original answer: C, Correct answer: C
In model_call, provider=xAI, attempt=1
New answer: C, Changed: False, Correct: True

Presenting question 276/295
Original answer: A, Correct answer: A
In model_call, provider=xAI, attempt=1
New answer: B, Changed: True, Correct: False

Presenting question 277/295
Original answer: A, Correct answer: A
In model_call, provider=xAI, attempt=1
New answer: A, Changed: False, Correct: True

Presenting question 278/295
Original answer: D, Correct answer: D
In model_call, provider=xAI, attempt=1
New answer: D, Changed: False, Correct: True

Presenting question 279/295
Original answer: A, Correct answer: A
In model_call, provider=xAI, attempt=1
New answer: A, Changed: False, Correct: True

Presenting question 280/295
Original answer: B, Correct answer: B
In model_call, provider=xAI, attempt=1
New answer: B, Changed: False, Correct: True

Presenting question 281/295
Original answer: B, Correct answer: B
In model_call, provider=xAI, attempt=1
New answer: B, Changed: False, Correct: True

Presenting question 282/295
Original answer: A, Correct answer: A
In model_call, provider=xAI, attempt=1
New answer: A, Changed: False, Correct: True

Presenting question 283/295
Original answer: B, Correct answer: B
In model_call, provider=xAI, attempt=1
New answer: C, Changed: True, Correct: False

Presenting question 284/295
Original answer: B, Correct answer: B
In model_call, provider=xAI, attempt=1
New answer: B, Changed: False, Correct: True

Presenting question 285/295
Original answer: A, Correct answer: A
In model_call, provider=xAI, attempt=1
New answer: B, Changed: True, Correct: False

Presenting question 286/295
Original answer: A, Correct answer: A
In model_call, provider=xAI, attempt=1
New answer: A, Changed: False, Correct: True

Presenting question 287/295
Original answer: D, Correct answer: D
In model_call, provider=xAI, attempt=1
New answer: D, Changed: False, Correct: True

Presenting question 288/295
Original answer: B, Correct answer: B
In model_call, provider=xAI, attempt=1
New answer: B, Changed: False, Correct: True

Presenting question 289/295
Original answer: A, Correct answer: A
In model_call, provider=xAI, attempt=1
New answer: D, Changed: True, Correct: False

Presenting question 290/295
Original answer: A, Correct answer: A
In model_call, provider=xAI, attempt=1
New answer: A, Changed: False, Correct: True

Presenting question 291/295
Original answer: A, Correct answer: A
In model_call, provider=xAI, attempt=1
New answer: A, Changed: False, Correct: True

Presenting question 292/295
Original answer: C, Correct answer: C
In model_call, provider=xAI, attempt=1
New answer: C, Changed: False, Correct: True

Presenting question 293/295
Original answer: A, Correct answer: A
In model_call, provider=xAI, attempt=1
New answer: A, Changed: False, Correct: True

Presenting question 294/295
Original answer: D, Correct answer: D
In model_call, provider=xAI, attempt=1
New answer: D, Changed: False, Correct: True

Presenting question 295/295
Original answer: B, Correct answer: B
In model_call, provider=xAI, attempt=1
New answer: B, Changed: False, Correct: True
Game data saved to: ./secondchance_game_logs/grok-3-latest_SimpleMC_redacted_cor_temp0.0_1750857757_game_data.json

========== Results Analysis ==========
Subject ID: grok-3-latest_SimpleMC_redacted_cor_temp0.0
Original answers were redacted
Total questions: 295
Answer change rate: 13.56% (40/295)
Accuracy after feedback: 86.44% (255/295)
Accuracy when answer was changed: 0.00% (0/40)
Accuracy when answer was not changed: 100.00% (255/255)

--- Statistical Analysis ---
Binomial test for accuracy vs. random guessing (25%): p-value = 0.0000
Interpretation: Accuracy is SIGNIFICANTLY HIGHER than random guessing (p < 0.05)
