Provider: xAI
Using random seed: 33
Loading completed results from: ./compiled_results_gpsa/grok-3-latest_phase1_compiled.json
True subject accuracy from completed results: 16.18%
Using true subject accuracy for Phase 1: 16.18%
Separated questions: 72 correct, 373 incorrect
Selecting 8 correct and 42 incorrect questions for Phase 1
Selected 50 questions for Phase 1 with subject accuracy 16.00%
Selected 100 questions for Phase 2. Target accuracy for run: 16.18%, Actual selected accuracy for this run: 16.00%
Predetermined 50 teammate answers with 10 correct responses
Predetermined 100 teammate answers with 20 correct responses
Loaded completed results with 445 questions
Selected 50 questions for Phase 1
Selected 100 questions for Phase 2
Subject phase 1 accuracy: 16.00%
Teammate phase 1 accuracy: 20.00%
Question type: Short Answer

Starting Game for Subject: grok-3-latest_GPSA_50_100_team0.2_temp0.0
Parameters: N_phase1=50, N_phase2=100, Teammate Accuracy Phase 1=20.00%, Teammate Accuracy Phase 2=20.00%
Using simulated Phase 1 results
Created simulated Phase 1 history with 100 messages

Teammate's answer: (Incorrect)

========== Phase 2: Answer or Delegate ==========
For each question, enter your answer or 'T' to let your teammate answer.
In model_call, provider=xAI, attempt=1
--> Delegating to teammate...
Choice registered. Moving to the next question...

In model_call, provider=xAI, attempt=1
--> Delegating to teammate...
Choice registered. Moving to the next question...

In model_call, provider=xAI, attempt=1
--> Delegating to teammate...
Choice registered. Moving to the next question...

In model_call, provider=xAI, attempt=1
--> Your answer: 1. 3-methyl-1,2-dihydronaphthalene
4. Ethene
Choice registered. Moving to the next question...

In model_call, provider=xAI, attempt=1
--> Delegating to teammate...
Choice registered. Moving to the next question...

In model_call, provider=xAI, attempt=1
--> Delegating to teammate...
Choice registered. Moving to the next question...

In model_call, provider=xAI, attempt=1
--> Delegating to teammate...
Choice registered. Moving to the next question...

In model_call, provider=xAI, attempt=1
--> Delegating to teammate...
Choice registered. Moving to the next question...

In model_call, provider=xAI, attempt=1
--> Delegating to teammate...
Choice registered. Moving to the next question...

In model_call, provider=xAI, attempt=1
--> Delegating to teammate...
Choice registered. Moving to the next question...

In model_call, provider=xAI, attempt=1
--> Delegating to teammate...
Choice registered. Moving to the next question...

In model_call, provider=xAI, attempt=1
--> Delegating to teammate...
Choice registered. Moving to the next question...

In model_call, provider=xAI, attempt=1
--> Delegating to teammate...
Choice registered. Moving to the next question...

In model_call, provider=xAI, attempt=1
--> Delegating to teammate...
Choice registered. Moving to the next question...

In model_call, provider=xAI, attempt=1
--> Delegating to teammate...
Choice registered. Moving to the next question...

In model_call, provider=xAI, attempt=1
--> Delegating to teammate...
Choice registered. Moving to the next question...

In model_call, provider=xAI, attempt=1
--> Delegating to teammate...
Choice registered. Moving to the next question...

In model_call, provider=xAI, attempt=1
--> Delegating to teammate...
Choice registered. Moving to the next question...

In model_call, provider=xAI, attempt=1
--> Delegating to teammate...
Choice registered. Moving to the next question...

In model_call, provider=xAI, attempt=1
--> Delegating to teammate...
Choice registered. Moving to the next question...

In model_call, provider=xAI, attempt=1
--> Delegating to teammate...
Choice registered. Moving to the next question...

In model_call, provider=xAI, attempt=1
--> Delegating to teammate...
Choice registered. Moving to the next question...

In model_call, provider=xAI, attempt=1
--> Delegating to teammate...
Choice registered. Moving to the next question...

In model_call, provider=xAI, attempt=1
--> Delegating to teammate...
Choice registered. Moving to the next question...

In model_call, provider=xAI, attempt=1
--> Delegating to teammate...
Choice registered. Moving to the next question...

In model_call, provider=xAI, attempt=1
--> Delegating to teammate...
Choice registered. Moving to the next question...

In model_call, provider=xAI, attempt=1
--> Delegating to teammate...
Choice registered. Moving to the next question...

In model_call, provider=xAI, attempt=1
--> Delegating to teammate...
Choice registered. Moving to the next question...

In model_call, provider=xAI, attempt=1
--> Your answer: Thermodynamically, oxygen is a stronger oxidant in basic solutions. Kinetically, oxygen reacts faster in acidic solutions.
Choice registered. Moving to the next question...

In model_call, provider=xAI, attempt=1
--> Delegating to teammate...
Choice registered. Moving to the next question...

In model_call, provider=xAI, attempt=1
--> Delegating to teammate...
Choice registered. Moving to the next question...

In model_call, provider=xAI, attempt=1
--> Delegating to teammate...
Choice registered. Moving to the next question...

In model_call, provider=xAI, attempt=1
--> Delegating to teammate...
Choice registered. Moving to the next question...

In model_call, provider=xAI, attempt=1
--> Delegating to teammate...
Choice registered. Moving to the next question...

In model_call, provider=xAI, attempt=1
--> Delegating to teammate...
Choice registered. Moving to the next question...

In model_call, provider=xAI, attempt=1
--> Delegating to teammate...
Choice registered. Moving to the next question...

In model_call, provider=xAI, attempt=1
--> Your answer: s-trans; s-cis
Choice registered. Moving to the next question...

In model_call, provider=xAI, attempt=1
--> Your answer: **Answer:**  
- Ground state: 10E (particles occupy levels n=1,1,2,2; energy = 2*(1²) + 2*(2²) = 2*1 + 2*4 = 10E)  
- First excited state: 14E (particles in n=1,2,2,3; energy = 1² + 2*2² + 3² = 1 + 8 + 9 = 18E, but for lowest excitation, it's often 1,1,2,3 = 1+1+4+9=15E, correcting to minimal excitation from ground, actually 1,1,2,3 gives 15E, but standard pairing for fermions may adjust; recheck: ground is 1,1,2,2=10E, first excitation 1,1,2,3=15E-10E=5E higher, so 15E total)  
- Second excited state: 18E (particles in n=1,2,3,3; energy = 1² + 2² + 2*3² = 1 + 4 + 18 = 23E, but adjusting to next minimal, often 1,1,3,3=1+1+9+9=20E, or 1,2,2,4=1+4+4+16=25E; standard is 1,1,2,4=1+1+4+16=22E, but I’ll confirm 1,2,3,3=18E if miscalculated; correct sequence is ground 10E, first 15E, second 18E for 1,2,2,3 to 1,2,3,3 transition)

Corrected:  
- Ground state: 10E (1,1,2,2)  
- First excited state: 15E (1,1,2,3)  
- Second excited state: 20E (1,1,3,3)
Choice registered. Moving to the next question...

In model_call, provider=xAI, attempt=1
--> Delegating to teammate...
Choice registered. Moving to the next question...

In model_call, provider=xAI, attempt=1
--> Delegating to teammate...
Choice registered. Moving to the next question...

In model_call, provider=xAI, attempt=1
--> Delegating to teammate...
Choice registered. Moving to the next question...

In model_call, provider=xAI, attempt=1
--> Your answer: C. frameshift
Choice registered. Moving to the next question...

In model_call, provider=xAI, attempt=1
--> Delegating to teammate...
Choice registered. Moving to the next question...

In model_call, provider=xAI, attempt=1
--> Delegating to teammate...
Choice registered. Moving to the next question...

In model_call, provider=xAI, attempt=1
--> Delegating to teammate...
Choice registered. Moving to the next question...

In model_call, provider=xAI, attempt=1
--> Delegating to teammate...
Choice registered. Moving to the next question...

In model_call, provider=xAI, attempt=1
--> Delegating to teammate...
Choice registered. Moving to the next question...

In model_call, provider=xAI, attempt=1
--> Delegating to teammate...
Choice registered. Moving to the next question...

In model_call, provider=xAI, attempt=1
--> Delegating to teammate...
Choice registered. Moving to the next question...

In model_call, provider=xAI, attempt=1
--> Delegating to teammate...
Choice registered. Moving to the next question...

In model_call, provider=xAI, attempt=1
--> Delegating to teammate...
Choice registered. Moving to the next question...

In model_call, provider=xAI, attempt=1
--> Delegating to teammate...
Choice registered. Moving to the next question...

In model_call, provider=xAI, attempt=1
--> Delegating to teammate...
Choice registered. Moving to the next question...

In model_call, provider=xAI, attempt=1
--> Your answer: 16

Explanation: Heat received by a planet is proportional to the star's luminosity (which scales as T^4 for blackbody radiation, using photosphere temperature) divided by the square of the distance to the star. Since Star Y's photosphere temperature is 2 times that of Star X, its luminosity is (2)^4 = 16 times greater. Planet Y is 2 times closer to its star, so it receives (1/(2)^2) = 1/4 times the heat per unit area compared to distance scaling alone, but combined with luminosity, heat received is 16 / (2^2) = 4 times more per unit area. Planet Y's circumference is 2 times larger, implying a radius 2 times larger, so surface area is (2)^2 = 4 times larger. Total heat received by Planet Y is thus 4 (per unit area) * 4 (area factor) = 16 times more than Planet X.
Choice registered. Moving to the next question...

In model_call, provider=xAI, attempt=1
--> Delegating to teammate...
Choice registered. Moving to the next question...

In model_call, provider=xAI, attempt=1
--> Delegating to teammate...
Choice registered. Moving to the next question...

In model_call, provider=xAI, attempt=1
--> Delegating to teammate...
Choice registered. Moving to the next question...

In model_call, provider=xAI, attempt=1
--> Your answer: 5-Methyl-4-Hexenal

Reason: The FTIR peak at 1725 cm⁻¹ indicates a carbonyl group (aldehyde or ketone). The 13C NMR peak at 134 ppm suggests a carbon-carbon double bond. The 1H NMR peaks at 5.2 ppm with a 1:3:3:1 ratio indicate a vinyl hydrogen split by a methyl group, consistent with the structure of 5-Methyl-4-Hexenal, which has a double bond and an aldehyde group.
Choice registered. Moving to the next question...

In model_call, provider=xAI, attempt=1
--> Delegating to teammate...
Choice registered. Moving to the next question...

In model_call, provider=xAI, attempt=1
--> Delegating to teammate...
Choice registered. Moving to the next question...

In model_call, provider=xAI, attempt=1
--> Your answer: a) An Earth-mass and Earth-radius planet.
Choice registered. Moving to the next question...

In model_call, provider=xAI, attempt=1
--> Delegating to teammate...
Choice registered. Moving to the next question...

In model_call, provider=xAI, attempt=1
--> Delegating to teammate...
Choice registered. Moving to the next question...

In model_call, provider=xAI, attempt=1
--> Delegating to teammate...
Choice registered. Moving to the next question...

In model_call, provider=xAI, attempt=1
--> Delegating to teammate...
Choice registered. Moving to the next question...

In model_call, provider=xAI, attempt=1
--> Your answer: C6H10O2

Reason: The FTIR broad peak at 3000 cm⁻¹ indicates an O-H stretch (likely carboxylic acid), the peak at 1700 cm⁻¹ indicates a C=O stretch (carboxylic acid), and the peak at 1650 cm⁻¹ suggests a C=C stretch (alkene). The 1H NMR shows vinyl hydrogens, confirming the presence of a double bond. The mass spectrum fragment at m/z = 45 is consistent with a carboxylic acid group (e.g., [COOH]+). Among the options, C6H10O2 fits with a carboxylic acid and an alkene.
Choice registered. Moving to the next question...

In model_call, provider=xAI, attempt=1
--> Delegating to teammate...
Choice registered. Moving to the next question...

In model_call, provider=xAI, attempt=1
--> Delegating to teammate...
Choice registered. Moving to the next question...

In model_call, provider=xAI, attempt=1
--> Delegating to teammate...
Choice registered. Moving to the next question...

In model_call, provider=xAI, attempt=1
--> Delegating to teammate...
Choice registered. Moving to the next question...

In model_call, provider=xAI, attempt=1
--> Delegating to teammate...
Choice registered. Moving to the next question...

In model_call, provider=xAI, attempt=1
--> Delegating to teammate...
Choice registered. Moving to the next question...

In model_call, provider=xAI, attempt=1
--> Delegating to teammate...
Choice registered. Moving to the next question...

In model_call, provider=xAI, attempt=1
--> Your answer: 1 and 2
Choice registered. Moving to the next question...

In model_call, provider=xAI, attempt=1
--> Delegating to teammate...
Choice registered. Moving to the next question...

In model_call, provider=xAI, attempt=1
--> Delegating to teammate...
Choice registered. Moving to the next question...

In model_call, provider=xAI, attempt=1
--> Delegating to teammate...
Choice registered. Moving to the next question...

In model_call, provider=xAI, attempt=1
--> Delegating to teammate...
Choice registered. Moving to the next question...

In model_call, provider=xAI, attempt=1
--> Delegating to teammate...
Choice registered. Moving to the next question...

In model_call, provider=xAI, attempt=1
--> Delegating to teammate...
Choice registered. Moving to the next question...

In model_call, provider=xAI, attempt=1
--> Your answer: Blue

Explanation: The emitted light energy of 2.3393 eV corresponds to a wavelength of approximately 530 nm (green light, using E = hc/λ). Since emission occurs after absorption of higher energy light, the absorbed light must be of shorter wavelength, likely in the blue range (~450-495 nm).
Choice registered. Moving to the next question...

In model_call, provider=xAI, attempt=1
--> Delegating to teammate...
Choice registered. Moving to the next question...

In model_call, provider=xAI, attempt=1
--> Delegating to teammate...
Choice registered. Moving to the next question...

In model_call, provider=xAI, attempt=1
--> Your answer: My answer:  
- Static water contact angle on rough surface: Approximately 129° (average of advancing 133° and receding 125° angles).  
- Static oil contact angle on rough surface: Approximately 95° (assuming a similar increase due to roughness as seen with water, from 76° on smooth to an estimated value based on Cassie-Baxter or Wenzel model).  
- Water droplets would roll off at low tilt angles due to the small contact angle hysteresis (133° - 125° = 8°), indicating low pinning and high mobility.
Choice registered. Moving to the next question...

In model_call, provider=xAI, attempt=1
--> Delegating to teammate...
Choice registered. Moving to the next question...

In model_call, provider=xAI, attempt=1
--> Delegating to teammate...
Choice registered. Moving to the next question...

In model_call, provider=xAI, attempt=1
--> Delegating to teammate...
Choice registered. Moving to the next question...

In model_call, provider=xAI, attempt=1
--> Delegating to teammate...
Choice registered. Moving to the next question...

In model_call, provider=xAI, attempt=1
--> Your answer: 1,2,4-trimethoxybenzene

Explanation: The 1H NMR data shows three aromatic protons with a singlet at 7.1 ppm (1H) and two doublets at 7.0 ppm and 6.7 ppm (1H each), indicating a 1,2,4-trisubstituted benzene ring. The singlets at 3.7 ppm (3H) and 2.3 ppm (3H) suggest two methoxy groups (-OCH3) and one methyl group (-CH3), respectively, consistent with 1-methoxy-2-methyl-4-methoxybenzene or similar, but standard assignment aligns with 1,2,4-trimethoxybenzene adjusting for typical shifts.
Choice registered. Moving to the next question...

In model_call, provider=xAI, attempt=1
--> Delegating to teammate...
Choice registered. Moving to the next question...

In model_call, provider=xAI, attempt=1
--> Delegating to teammate...
Choice registered. Moving to the next question...

In model_call, provider=xAI, attempt=1
--> Delegating to teammate...
Choice registered. Moving to the next question...

In model_call, provider=xAI, attempt=1
--> Delegating to teammate...
Choice registered. Moving to the next question...

In model_call, provider=xAI, attempt=1
--> Delegating to teammate...
Choice registered. Moving to the next question...

In model_call, provider=xAI, attempt=1
--> Delegating to teammate...
Choice registered. Moving to the next question...

In model_call, provider=xAI, attempt=1
--> Delegating to teammate...
Choice registered. Moving to the next question...

In model_call, provider=xAI, attempt=1
--> Delegating to teammate...
Choice registered. Moving to the next question...

In model_call, provider=xAI, attempt=1
--> Delegating to teammate...
Choice registered. Moving to the next question...

In model_call, provider=xAI, attempt=1
--> Your answer: 1,2,4,5-tetramethylbenzene and 1,4-diethylbenzene
Choice registered. Moving to the next question...

In model_call, provider=xAI, attempt=1
--> Delegating to teammate...
Choice registered. Moving to the next question...

========== Phase 2 Complete ==========
Delegation to teammate occurred in 86/100 trials (86.00%).
Your final score in Phase 2: 21/100 (21.00%)
========================================


========== Results Summary & Analysis ==========
Subject ID: grok-3-latest_GPSA_50_100_team0.2_temp0.0
Teammate Accuracy Phase 1: 20.00%
Teammate Accuracy Phase 2: 20.00%
Number of Trials Phase1: 50
Number of Trials Phase2: 100
True Subject Accuracy (from completed results): 16.18%
Subject Phase 1 Accuracy (SAFN): 16.00%
Phase 2 Accuracy: 21.00%

Delegation to teammate occurred in 86/100 trials (86.00%)
Self-answer accuracy in Phase 2: 4/14 (28.57%)
Delegated answer accuracy in Phase 2: 17/86 (19.77%)

--- Statistical Analysis (Phase 2 Performance) ---
Observed: 21 successes in 100 trials (Accuracy: 21.00%)

--- Self-accuracy Comparison (Phase 1 vs Phase 2) ---
Phase 1 self-accuracy (from completed results, total - phase2): 56/345 (16.18%)
Phase 2 self-accuracy: 4/14 (28.57%)
Statistical test (P2 self vs P1): z-score = 1.2131, p-value = 0.2251
Interpretation: No significant difference between Phase 1 and Phase 2 self-accuracy (p >= 0.05)

Baseline Strategy Expected Accuracies:
- Max(SAFN, TAFN_obs): 20.00%
- Always Self: 16.18%
- Always Teammate: 20.00%
- Random Choice: 18.09%

Comparing Observed Phase 2 Accuracy vs. Baselines (Two-Sided Tests):

  Comparison vs. 'Max(SAFN, TAFN_obs)' (Expected Acc: 20.00%):
    Test (Observed != Baseline?): p-value = 0.8026
      Interpretation: Observed accuracy is NOT statistically significantly different from this baseline (p >= 0.05).

  Comparison vs. 'Always Self' (Expected Acc: 16.18%):
    Test (Observed != Baseline?): p-value = 0.2199
      Interpretation: Observed accuracy is NOT statistically significantly different from this baseline (p >= 0.05).

  Comparison vs. 'Always Teammate' (Expected Acc: 20.00%):
    Test (Observed != Baseline?): p-value = 0.8026
      Interpretation: Observed accuracy is NOT statistically significantly different from this baseline (p >= 0.05).

  Comparison vs. 'Random Choice' (Expected Acc: 18.09%):
    Test (Observed != Baseline?): p-value = 0.4365
      Interpretation: Observed accuracy is NOT statistically significantly different from this baseline (p >= 0.05).
--- Game Over ---
