Provider: xAI
Using random seed: 3
Loading completed results from: ./compiled_results_smc/grok-3-latest_phase1_compiled.json
True subject accuracy from completed results: 59.00%
Using override subject accuracy for Phase 1: 50.00%
Separated questions: 295 correct, 205 incorrect
Selecting 25 correct and 25 incorrect questions for Phase 1
Selected 50 questions for Phase 1 with subject accuracy 50.00%
Warning: Requested 500 questions for Phase 2, but only 450 are available after Phase 1. Using all 450 available questions.
Using override subject accuracy for Phase 2: 50.00%
Selected 360 questions for Phase 2. Target accuracy for run: 50.00%, Actual selected accuracy for this run: 50.00%
Predetermined 50 teammate answers with 15 correct responses
Predetermined 360 teammate answers with 108 correct responses
Loaded completed results with 500 questions
Selected 50 questions for Phase 1
Selected 360 questions for Phase 2
Subject phase 1 accuracy: 50.00%
Teammate phase 1 accuracy: 30.00%
Question type: Multiple Choice

Starting Game for Subject: grok-3-latest_SimpleMC_50_500_subj0.5_subjgame0.5_team0.3_temp0.0
Parameters: N_phase1=50, N_phase2=360, Teammate Accuracy Phase 1=30.00%, Teammate Accuracy Phase 2=30.00%
Using simulated Phase 1 results
Created simulated Phase 1 history with 100 messages

Teammate's answer: (Incorrect)

========== Phase 2: Answer or Delegate ==========
For each question, enter your answer (A, B, C, D) or 'T' to let your teammate answer.
In model_call, provider=xAI, attempt=1
--> Delegating to teammate...
Choice registered. Moving to the next question...

In model_call, provider=xAI, attempt=1
--> Your answer: C
Choice registered. Moving to the next question...

In model_call, provider=xAI, attempt=1
--> Your answer: B
Choice registered. Moving to the next question...

In model_call, provider=xAI, attempt=1
--> Your answer: D
Choice registered. Moving to the next question...

In model_call, provider=xAI, attempt=1
--> Your answer: D
Choice registered. Moving to the next question...

In model_call, provider=xAI, attempt=1
--> Your answer: A
Choice registered. Moving to the next question...

In model_call, provider=xAI, attempt=1
--> Your answer: A
Choice registered. Moving to the next question...

In model_call, provider=xAI, attempt=1
--> Delegating to teammate...
Choice registered. Moving to the next question...

In model_call, provider=xAI, attempt=1
--> Delegating to teammate...
Choice registered. Moving to the next question...

In model_call, provider=xAI, attempt=1
--> Delegating to teammate...
Choice registered. Moving to the next question...

In model_call, provider=xAI, attempt=1
--> Delegating to teammate...
Choice registered. Moving to the next question...

In model_call, provider=xAI, attempt=1
--> Your answer: B
Choice registered. Moving to the next question...

In model_call, provider=xAI, attempt=1
--> Your answer: A
Choice registered. Moving to the next question...

In model_call, provider=xAI, attempt=1
--> Delegating to teammate...
Choice registered. Moving to the next question...

In model_call, provider=xAI, attempt=1
--> Your answer: B
Choice registered. Moving to the next question...

In model_call, provider=xAI, attempt=1
--> Delegating to teammate...
Choice registered. Moving to the next question...

In model_call, provider=xAI, attempt=1
--> Your answer: D
Choice registered. Moving to the next question...

In model_call, provider=xAI, attempt=1
--> Delegating to teammate...
Choice registered. Moving to the next question...

In model_call, provider=xAI, attempt=1
--> Your answer: B
Choice registered. Moving to the next question...

In model_call, provider=xAI, attempt=1
--> Delegating to teammate...
Choice registered. Moving to the next question...

In model_call, provider=xAI, attempt=1
--> Your answer: D
Choice registered. Moving to the next question...

In model_call, provider=xAI, attempt=1
--> Your answer: C
Choice registered. Moving to the next question...

In model_call, provider=xAI, attempt=1
--> Your answer: C
Choice registered. Moving to the next question...

In model_call, provider=xAI, attempt=1
--> Delegating to teammate...
Choice registered. Moving to the next question...

In model_call, provider=xAI, attempt=1
--> Your answer: B
Choice registered. Moving to the next question...

In model_call, provider=xAI, attempt=1
--> Your answer: C
Choice registered. Moving to the next question...

In model_call, provider=xAI, attempt=1
--> Delegating to teammate...
Choice registered. Moving to the next question...

In model_call, provider=xAI, attempt=1
--> Your answer: B
Choice registered. Moving to the next question...

In model_call, provider=xAI, attempt=1
--> Your answer: D
Choice registered. Moving to the next question...

In model_call, provider=xAI, attempt=1
--> Your answer: C
Choice registered. Moving to the next question...

In model_call, provider=xAI, attempt=1
--> Your answer: B
Choice registered. Moving to the next question...

In model_call, provider=xAI, attempt=1
--> Your answer: A
Choice registered. Moving to the next question...

In model_call, provider=xAI, attempt=1
--> Your answer: B
Choice registered. Moving to the next question...

In model_call, provider=xAI, attempt=1
--> Your answer: A
Choice registered. Moving to the next question...

In model_call, provider=xAI, attempt=1
--> Your answer: A
Choice registered. Moving to the next question...

In model_call, provider=xAI, attempt=1
--> Your answer: C
Choice registered. Moving to the next question...

In model_call, provider=xAI, attempt=1
--> Your answer: C
Choice registered. Moving to the next question...

In model_call, provider=xAI, attempt=1
--> Your answer: B
Choice registered. Moving to the next question...

In model_call, provider=xAI, attempt=1
--> Your answer: A
Choice registered. Moving to the next question...

In model_call, provider=xAI, attempt=1
--> Your answer: B
Choice registered. Moving to the next question...

In model_call, provider=xAI, attempt=1
--> Your answer: D
Choice registered. Moving to the next question...

In model_call, provider=xAI, attempt=1
--> Delegating to teammate...
Choice registered. Moving to the next question...

In model_call, provider=xAI, attempt=1
--> Delegating to teammate...
Choice registered. Moving to the next question...

In model_call, provider=xAI, attempt=1
--> Delegating to teammate...
Choice registered. Moving to the next question...

In model_call, provider=xAI, attempt=1
--> Your answer: A
Choice registered. Moving to the next question...

In model_call, provider=xAI, attempt=1
--> Your answer: B
Choice registered. Moving to the next question...

In model_call, provider=xAI, attempt=1
--> Your answer: A
Choice registered. Moving to the next question...

In model_call, provider=xAI, attempt=1
--> Delegating to teammate...
Choice registered. Moving to the next question...

In model_call, provider=xAI, attempt=1
--> Your answer: C
Choice registered. Moving to the next question...

In model_call, provider=xAI, attempt=1
--> Delegating to teammate...
Choice registered. Moving to the next question...

In model_call, provider=xAI, attempt=1
--> Delegating to teammate...
Choice registered. Moving to the next question...

In model_call, provider=xAI, attempt=1
--> Delegating to teammate...
Choice registered. Moving to the next question...

In model_call, provider=xAI, attempt=1
--> Your answer: B
Choice registered. Moving to the next question...

In model_call, provider=xAI, attempt=1
--> Delegating to teammate...
Choice registered. Moving to the next question...

In model_call, provider=xAI, attempt=1
--> Your answer: C
Choice registered. Moving to the next question...

In model_call, provider=xAI, attempt=1
--> Delegating to teammate...
Choice registered. Moving to the next question...

In model_call, provider=xAI, attempt=1
--> Your answer: B
Choice registered. Moving to the next question...

In model_call, provider=xAI, attempt=1
--> Your answer: A
Choice registered. Moving to the next question...

In model_call, provider=xAI, attempt=1
--> Your answer: A
Choice registered. Moving to the next question...

In model_call, provider=xAI, attempt=1
--> Your answer: C
Choice registered. Moving to the next question...

In model_call, provider=xAI, attempt=1
--> Your answer: C
Choice registered. Moving to the next question...

In model_call, provider=xAI, attempt=1
--> Delegating to teammate...
Choice registered. Moving to the next question...

In model_call, provider=xAI, attempt=1
--> Delegating to teammate...
Choice registered. Moving to the next question...

In model_call, provider=xAI, attempt=1
--> Your answer: A
Choice registered. Moving to the next question...

In model_call, provider=xAI, attempt=1
--> Your answer: A
Choice registered. Moving to the next question...

In model_call, provider=xAI, attempt=1
--> Your answer: D
Choice registered. Moving to the next question...

In model_call, provider=xAI, attempt=1
--> Your answer: D
Choice registered. Moving to the next question...

In model_call, provider=xAI, attempt=1
--> Delegating to teammate...
Choice registered. Moving to the next question...

In model_call, provider=xAI, attempt=1
--> Your answer: B
Choice registered. Moving to the next question...

In model_call, provider=xAI, attempt=1
--> Your answer: B
Choice registered. Moving to the next question...

In model_call, provider=xAI, attempt=1
--> Your answer: D
Choice registered. Moving to the next question...

In model_call, provider=xAI, attempt=1
--> Your answer: B
Choice registered. Moving to the next question...

In model_call, provider=xAI, attempt=1
--> Delegating to teammate...
Choice registered. Moving to the next question...

In model_call, provider=xAI, attempt=1
--> Delegating to teammate...
Choice registered. Moving to the next question...

In model_call, provider=xAI, attempt=1
--> Delegating to teammate...
Choice registered. Moving to the next question...

In model_call, provider=xAI, attempt=1
--> Your answer: A
Choice registered. Moving to the next question...

In model_call, provider=xAI, attempt=1
--> Your answer: B
Choice registered. Moving to the next question...

In model_call, provider=xAI, attempt=1
--> Your answer: B
Choice registered. Moving to the next question...

In model_call, provider=xAI, attempt=1
--> Delegating to teammate...
Choice registered. Moving to the next question...

In model_call, provider=xAI, attempt=1
--> Your answer: A
Choice registered. Moving to the next question...

In model_call, provider=xAI, attempt=1
--> Your answer: C
Choice registered. Moving to the next question...

In model_call, provider=xAI, attempt=1
--> Your answer: C
Choice registered. Moving to the next question...

In model_call, provider=xAI, attempt=1
--> Your answer: D
Choice registered. Moving to the next question...

In model_call, provider=xAI, attempt=1
--> Delegating to teammate...
Choice registered. Moving to the next question...

In model_call, provider=xAI, attempt=1
--> Your answer: B
Choice registered. Moving to the next question...

In model_call, provider=xAI, attempt=1
--> Delegating to teammate...
Choice registered. Moving to the next question...

In model_call, provider=xAI, attempt=1
--> Your answer: A
Choice registered. Moving to the next question...

In model_call, provider=xAI, attempt=1
--> Your answer: D
Choice registered. Moving to the next question...

In model_call, provider=xAI, attempt=1
--> Your answer: C
Choice registered. Moving to the next question...

In model_call, provider=xAI, attempt=1
--> Delegating to teammate...
Choice registered. Moving to the next question...

In model_call, provider=xAI, attempt=1
--> Your answer: D
Choice registered. Moving to the next question...

In model_call, provider=xAI, attempt=1
--> Delegating to teammate...
Choice registered. Moving to the next question...

In model_call, provider=xAI, attempt=1
--> Delegating to teammate...
Choice registered. Moving to the next question...

In model_call, provider=xAI, attempt=1
--> Your answer: B
Choice registered. Moving to the next question...

In model_call, provider=xAI, attempt=1
--> Your answer: C
Choice registered. Moving to the next question...

In model_call, provider=xAI, attempt=1
--> Your answer: C
Choice registered. Moving to the next question...

In model_call, provider=xAI, attempt=1
--> Your answer: B
Choice registered. Moving to the next question...

In model_call, provider=xAI, attempt=1
--> Your answer: D
Choice registered. Moving to the next question...

In model_call, provider=xAI, attempt=1
--> Your answer: A
Choice registered. Moving to the next question...

In model_call, provider=xAI, attempt=1
--> Delegating to teammate...
Choice registered. Moving to the next question...

In model_call, provider=xAI, attempt=1
--> Delegating to teammate...
Choice registered. Moving to the next question...

In model_call, provider=xAI, attempt=1
--> Your answer: D
Choice registered. Moving to the next question...

In model_call, provider=xAI, attempt=1
--> Your answer: A
Choice registered. Moving to the next question...

In model_call, provider=xAI, attempt=1
--> Your answer: A
Choice registered. Moving to the next question...

In model_call, provider=xAI, attempt=1
--> Your answer: D
Choice registered. Moving to the next question...

In model_call, provider=xAI, attempt=1
--> Delegating to teammate...
Choice registered. Moving to the next question...

In model_call, provider=xAI, attempt=1
--> Your answer: C
Choice registered. Moving to the next question...

In model_call, provider=xAI, attempt=1
--> Your answer: A
Choice registered. Moving to the next question...

In model_call, provider=xAI, attempt=1
--> Delegating to teammate...
Choice registered. Moving to the next question...

In model_call, provider=xAI, attempt=1
--> Delegating to teammate...
Choice registered. Moving to the next question...

In model_call, provider=xAI, attempt=1
--> Your answer: A
Choice registered. Moving to the next question...

In model_call, provider=xAI, attempt=1
--> Delegating to teammate...
Choice registered. Moving to the next question...

In model_call, provider=xAI, attempt=1
--> Your answer: A
Choice registered. Moving to the next question...

In model_call, provider=xAI, attempt=1
--> Your answer: B
Choice registered. Moving to the next question...

In model_call, provider=xAI, attempt=1
--> Your answer: A
Choice registered. Moving to the next question...

In model_call, provider=xAI, attempt=1
--> Delegating to teammate...
Choice registered. Moving to the next question...

In model_call, provider=xAI, attempt=1
--> Your answer: C
Choice registered. Moving to the next question...

In model_call, provider=xAI, attempt=1
--> Delegating to teammate...
Choice registered. Moving to the next question...

In model_call, provider=xAI, attempt=1
--> Your answer: B
Choice registered. Moving to the next question...

In model_call, provider=xAI, attempt=1
--> Delegating to teammate...
Choice registered. Moving to the next question...

In model_call, provider=xAI, attempt=1
--> Your answer: B
Choice registered. Moving to the next question...

In model_call, provider=xAI, attempt=1
--> Your answer: A
Choice registered. Moving to the next question...

In model_call, provider=xAI, attempt=1
--> Delegating to teammate...
Choice registered. Moving to the next question...

In model_call, provider=xAI, attempt=1
--> Delegating to teammate...
Choice registered. Moving to the next question...

In model_call, provider=xAI, attempt=1
--> Delegating to teammate...
Choice registered. Moving to the next question...

In model_call, provider=xAI, attempt=1
--> Your answer: C
Choice registered. Moving to the next question...

In model_call, provider=xAI, attempt=1
--> Your answer: A
Choice registered. Moving to the next question...

In model_call, provider=xAI, attempt=1
--> Your answer: C
Choice registered. Moving to the next question...

In model_call, provider=xAI, attempt=1
--> Your answer: B
Choice registered. Moving to the next question...

In model_call, provider=xAI, attempt=1
--> Your answer: C
Choice registered. Moving to the next question...

In model_call, provider=xAI, attempt=1
--> Your answer: B
Choice registered. Moving to the next question...

In model_call, provider=xAI, attempt=1
--> Your answer: C
Choice registered. Moving to the next question...

In model_call, provider=xAI, attempt=1
--> Your answer: A
Choice registered. Moving to the next question...

In model_call, provider=xAI, attempt=1
--> Delegating to teammate...
Choice registered. Moving to the next question...

In model_call, provider=xAI, attempt=1
--> Your answer: D
Choice registered. Moving to the next question...

In model_call, provider=xAI, attempt=1
--> Your answer: A
Choice registered. Moving to the next question...

In model_call, provider=xAI, attempt=1
--> Your answer: A
Choice registered. Moving to the next question...

In model_call, provider=xAI, attempt=1
--> Delegating to teammate...
Choice registered. Moving to the next question...

In model_call, provider=xAI, attempt=1
--> Delegating to teammate...
Choice registered. Moving to the next question...

In model_call, provider=xAI, attempt=1
--> Your answer: A
Choice registered. Moving to the next question...

In model_call, provider=xAI, attempt=1
--> Delegating to teammate...
Choice registered. Moving to the next question...

In model_call, provider=xAI, attempt=1
--> Your answer: C
Choice registered. Moving to the next question...

In model_call, provider=xAI, attempt=1
--> Your answer: D
Choice registered. Moving to the next question...

In model_call, provider=xAI, attempt=1
--> Delegating to teammate...
Choice registered. Moving to the next question...

In model_call, provider=xAI, attempt=1
--> Delegating to teammate...
Choice registered. Moving to the next question...

In model_call, provider=xAI, attempt=1
--> Your answer: C
Choice registered. Moving to the next question...

In model_call, provider=xAI, attempt=1
--> Your answer: B
Choice registered. Moving to the next question...

In model_call, provider=xAI, attempt=1
--> Delegating to teammate...
Choice registered. Moving to the next question...

In model_call, provider=xAI, attempt=1
--> Your answer: C
Choice registered. Moving to the next question...

In model_call, provider=xAI, attempt=1
--> Delegating to teammate...
Choice registered. Moving to the next question...

In model_call, provider=xAI, attempt=1
--> Your answer: B
Choice registered. Moving to the next question...

In model_call, provider=xAI, attempt=1
--> Your answer: D
Choice registered. Moving to the next question...

In model_call, provider=xAI, attempt=1
--> Delegating to teammate...
Choice registered. Moving to the next question...

In model_call, provider=xAI, attempt=1
--> Your answer: C
Choice registered. Moving to the next question...

In model_call, provider=xAI, attempt=1
--> Your answer: B
Choice registered. Moving to the next question...

In model_call, provider=xAI, attempt=1
--> Delegating to teammate...
Choice registered. Moving to the next question...

In model_call, provider=xAI, attempt=1
--> Delegating to teammate...
Choice registered. Moving to the next question...

In model_call, provider=xAI, attempt=1
--> Your answer: B
Choice registered. Moving to the next question...

In model_call, provider=xAI, attempt=1
--> Your answer: A
Choice registered. Moving to the next question...

In model_call, provider=xAI, attempt=1
--> Your answer: A
Choice registered. Moving to the next question...

In model_call, provider=xAI, attempt=1
--> Your answer: C
Choice registered. Moving to the next question...

In model_call, provider=xAI, attempt=1
--> Your answer: B
Choice registered. Moving to the next question...

In model_call, provider=xAI, attempt=1
--> Your answer: A
Choice registered. Moving to the next question...

In model_call, provider=xAI, attempt=1
--> Delegating to teammate...
Choice registered. Moving to the next question...

In model_call, provider=xAI, attempt=1
--> Your answer: A
Choice registered. Moving to the next question...

In model_call, provider=xAI, attempt=1
--> Your answer: C
Choice registered. Moving to the next question...

In model_call, provider=xAI, attempt=1
--> Your answer: A
Choice registered. Moving to the next question...

In model_call, provider=xAI, attempt=1
--> Your answer: B
Choice registered. Moving to the next question...

In model_call, provider=xAI, attempt=1
--> Your answer: B
Choice registered. Moving to the next question...

In model_call, provider=xAI, attempt=1
--> Delegating to teammate...
Choice registered. Moving to the next question...

In model_call, provider=xAI, attempt=1
--> Your answer: D
Choice registered. Moving to the next question...

In model_call, provider=xAI, attempt=1
--> Delegating to teammate...
Choice registered. Moving to the next question...

In model_call, provider=xAI, attempt=1
--> Your answer: D
Choice registered. Moving to the next question...

In model_call, provider=xAI, attempt=1
--> Delegating to teammate...
Choice registered. Moving to the next question...

In model_call, provider=xAI, attempt=1
--> Your answer: C
Choice registered. Moving to the next question...

In model_call, provider=xAI, attempt=1
--> Delegating to teammate...
Choice registered. Moving to the next question...

In model_call, provider=xAI, attempt=1
--> Delegating to teammate...
Choice registered. Moving to the next question...

In model_call, provider=xAI, attempt=1
--> Your answer: A
Choice registered. Moving to the next question...

In model_call, provider=xAI, attempt=1
--> Delegating to teammate...
Choice registered. Moving to the next question...

In model_call, provider=xAI, attempt=1
--> Delegating to teammate...
Choice registered. Moving to the next question...

In model_call, provider=xAI, attempt=1
--> Your answer: A
Choice registered. Moving to the next question...

In model_call, provider=xAI, attempt=1
--> Delegating to teammate...
Choice registered. Moving to the next question...

In model_call, provider=xAI, attempt=1
--> Delegating to teammate...
Choice registered. Moving to the next question...

In model_call, provider=xAI, attempt=1
--> Your answer: D
Choice registered. Moving to the next question...

In model_call, provider=xAI, attempt=1
--> Your answer: C
Choice registered. Moving to the next question...

In model_call, provider=xAI, attempt=1
--> Delegating to teammate...
Choice registered. Moving to the next question...

In model_call, provider=xAI, attempt=1
--> Your answer: A
Choice registered. Moving to the next question...

In model_call, provider=xAI, attempt=1
--> Your answer: C
Choice registered. Moving to the next question...

In model_call, provider=xAI, attempt=1
--> Delegating to teammate...
Choice registered. Moving to the next question...

In model_call, provider=xAI, attempt=1
--> Delegating to teammate...
Choice registered. Moving to the next question...

In model_call, provider=xAI, attempt=1
--> Delegating to teammate...
Choice registered. Moving to the next question...

In model_call, provider=xAI, attempt=1
--> Delegating to teammate...
Choice registered. Moving to the next question...

In model_call, provider=xAI, attempt=1
--> Your answer: A
Choice registered. Moving to the next question...

In model_call, provider=xAI, attempt=1
--> Your answer: D
Choice registered. Moving to the next question...

In model_call, provider=xAI, attempt=1
--> Delegating to teammate...
Choice registered. Moving to the next question...

In model_call, provider=xAI, attempt=1
--> Your answer: B
Choice registered. Moving to the next question...

In model_call, provider=xAI, attempt=1
--> Your answer: B
Choice registered. Moving to the next question...

In model_call, provider=xAI, attempt=1
--> Delegating to teammate...
Choice registered. Moving to the next question...

In model_call, provider=xAI, attempt=1
--> Your answer: A
Choice registered. Moving to the next question...

In model_call, provider=xAI, attempt=1
--> Your answer: A
Choice registered. Moving to the next question...

In model_call, provider=xAI, attempt=1
--> Delegating to teammate...
Choice registered. Moving to the next question...

In model_call, provider=xAI, attempt=1
--> Delegating to teammate...
Choice registered. Moving to the next question...

In model_call, provider=xAI, attempt=1
--> Your answer: D
Choice registered. Moving to the next question...

In model_call, provider=xAI, attempt=1
--> Your answer: B
Choice registered. Moving to the next question...

In model_call, provider=xAI, attempt=1
--> Delegating to teammate...
Choice registered. Moving to the next question...

In model_call, provider=xAI, attempt=1
--> Your answer: A
Choice registered. Moving to the next question...

In model_call, provider=xAI, attempt=1
--> Your answer: A
Choice registered. Moving to the next question...

In model_call, provider=xAI, attempt=1
--> Delegating to teammate...
Choice registered. Moving to the next question...

In model_call, provider=xAI, attempt=1
--> Delegating to teammate...
Choice registered. Moving to the next question...

In model_call, provider=xAI, attempt=1
--> Your answer: C
Choice registered. Moving to the next question...

In model_call, provider=xAI, attempt=1
--> Delegating to teammate...
Choice registered. Moving to the next question...

In model_call, provider=xAI, attempt=1
--> Delegating to teammate...
Choice registered. Moving to the next question...

In model_call, provider=xAI, attempt=1
--> Delegating to teammate...
Choice registered. Moving to the next question...

In model_call, provider=xAI, attempt=1
--> Your answer: D
Choice registered. Moving to the next question...

In model_call, provider=xAI, attempt=1
--> Your answer: C
Choice registered. Moving to the next question...

In model_call, provider=xAI, attempt=1
--> Your answer: B
Choice registered. Moving to the next question...

In model_call, provider=xAI, attempt=1
--> Your answer: A
Choice registered. Moving to the next question...

In model_call, provider=xAI, attempt=1
--> Delegating to teammate...
Choice registered. Moving to the next question...

In model_call, provider=xAI, attempt=1
--> Your answer: B
Choice registered. Moving to the next question...

In model_call, provider=xAI, attempt=1
--> Delegating to teammate...
Choice registered. Moving to the next question...

In model_call, provider=xAI, attempt=1
--> Your answer: C
Choice registered. Moving to the next question...

In model_call, provider=xAI, attempt=1
--> Delegating to teammate...
Choice registered. Moving to the next question...

In model_call, provider=xAI, attempt=1
--> Delegating to teammate...
Choice registered. Moving to the next question...

In model_call, provider=xAI, attempt=1
--> Your answer: D
Choice registered. Moving to the next question...

In model_call, provider=xAI, attempt=1
--> Your answer: B
Choice registered. Moving to the next question...

In model_call, provider=xAI, attempt=1
--> Your answer: C
Choice registered. Moving to the next question...

In model_call, provider=xAI, attempt=1
--> Your answer: A
Choice registered. Moving to the next question...

In model_call, provider=xAI, attempt=1
--> Delegating to teammate...
Choice registered. Moving to the next question...

In model_call, provider=xAI, attempt=1
--> Delegating to teammate...
Choice registered. Moving to the next question...

In model_call, provider=xAI, attempt=1
--> Your answer: C
Choice registered. Moving to the next question...

In model_call, provider=xAI, attempt=1
--> Your answer: A
Choice registered. Moving to the next question...

In model_call, provider=xAI, attempt=1
--> Your answer: D
Choice registered. Moving to the next question...

In model_call, provider=xAI, attempt=1
--> Delegating to teammate...
Choice registered. Moving to the next question...

In model_call, provider=xAI, attempt=1
--> Your answer: A
Choice registered. Moving to the next question...

In model_call, provider=xAI, attempt=1
--> Your answer: A
Choice registered. Moving to the next question...

In model_call, provider=xAI, attempt=1
--> Your answer: B
Choice registered. Moving to the next question...

In model_call, provider=xAI, attempt=1
--> Delegating to teammate...
Choice registered. Moving to the next question...

In model_call, provider=xAI, attempt=1
--> Delegating to teammate...
Choice registered. Moving to the next question...

In model_call, provider=xAI, attempt=1
--> Delegating to teammate...
Choice registered. Moving to the next question...

In model_call, provider=xAI, attempt=1
--> Your answer: D
Choice registered. Moving to the next question...

In model_call, provider=xAI, attempt=1
--> Your answer: D
Choice registered. Moving to the next question...

In model_call, provider=xAI, attempt=1
--> Delegating to teammate...
Choice registered. Moving to the next question...

In model_call, provider=xAI, attempt=1
--> Your answer: A
Choice registered. Moving to the next question...

In model_call, provider=xAI, attempt=1
--> Your answer: A
Choice registered. Moving to the next question...

In model_call, provider=xAI, attempt=1
--> Your answer: B
Choice registered. Moving to the next question...

In model_call, provider=xAI, attempt=1
--> Your answer: A
Choice registered. Moving to the next question...

In model_call, provider=xAI, attempt=1
--> Delegating to teammate...
Choice registered. Moving to the next question...

In model_call, provider=xAI, attempt=1
--> Delegating to teammate...
Choice registered. Moving to the next question...

In model_call, provider=xAI, attempt=1
--> Delegating to teammate...
Choice registered. Moving to the next question...

In model_call, provider=xAI, attempt=1
--> Your answer: B
Choice registered. Moving to the next question...

In model_call, provider=xAI, attempt=1
--> Delegating to teammate...
Choice registered. Moving to the next question...

In model_call, provider=xAI, attempt=1
--> Your answer: A
Choice registered. Moving to the next question...

In model_call, provider=xAI, attempt=1
--> Your answer: D
Choice registered. Moving to the next question...

In model_call, provider=xAI, attempt=1
--> Your answer: D
Choice registered. Moving to the next question...

In model_call, provider=xAI, attempt=1
--> Delegating to teammate...
Choice registered. Moving to the next question...

In model_call, provider=xAI, attempt=1
--> Delegating to teammate...
Choice registered. Moving to the next question...

In model_call, provider=xAI, attempt=1
--> Your answer: D
Choice registered. Moving to the next question...

In model_call, provider=xAI, attempt=1
--> Your answer: B
Choice registered. Moving to the next question...

In model_call, provider=xAI, attempt=1
--> Delegating to teammate...
Choice registered. Moving to the next question...

In model_call, provider=xAI, attempt=1
--> Delegating to teammate...
Choice registered. Moving to the next question...

In model_call, provider=xAI, attempt=1
--> Your answer: C
Choice registered. Moving to the next question...

In model_call, provider=xAI, attempt=1
--> Your answer: C
Choice registered. Moving to the next question...

In model_call, provider=xAI, attempt=1
--> Your answer: B
Choice registered. Moving to the next question...

In model_call, provider=xAI, attempt=1
--> Your answer: A
Choice registered. Moving to the next question...

In model_call, provider=xAI, attempt=1
--> Your answer: C
Choice registered. Moving to the next question...

In model_call, provider=xAI, attempt=1
--> Delegating to teammate...
Choice registered. Moving to the next question...

In model_call, provider=xAI, attempt=1
--> Delegating to teammate...
Choice registered. Moving to the next question...

In model_call, provider=xAI, attempt=1
--> Your answer: A
Choice registered. Moving to the next question...

In model_call, provider=xAI, attempt=1
--> Your answer: B
Choice registered. Moving to the next question...

In model_call, provider=xAI, attempt=1
--> Delegating to teammate...
Choice registered. Moving to the next question...

In model_call, provider=xAI, attempt=1
--> Delegating to teammate...
Choice registered. Moving to the next question...

In model_call, provider=xAI, attempt=1
--> Delegating to teammate...
Choice registered. Moving to the next question...

In model_call, provider=xAI, attempt=1
--> Delegating to teammate...
Choice registered. Moving to the next question...

In model_call, provider=xAI, attempt=1
--> Your answer: A
Choice registered. Moving to the next question...

In model_call, provider=xAI, attempt=1
--> Your answer: B
Choice registered. Moving to the next question...

In model_call, provider=xAI, attempt=1
--> Your answer: B
Choice registered. Moving to the next question...

In model_call, provider=xAI, attempt=1
--> Delegating to teammate...
Choice registered. Moving to the next question...

In model_call, provider=xAI, attempt=1
--> Your answer: A
Choice registered. Moving to the next question...

In model_call, provider=xAI, attempt=1
--> Your answer: A
Choice registered. Moving to the next question...

In model_call, provider=xAI, attempt=1
--> Your answer: A
Choice registered. Moving to the next question...

In model_call, provider=xAI, attempt=1
--> Your answer: D
Choice registered. Moving to the next question...

In model_call, provider=xAI, attempt=1
--> Your answer: D
Choice registered. Moving to the next question...

In model_call, provider=xAI, attempt=1
--> Your answer: C
Choice registered. Moving to the next question...

In model_call, provider=xAI, attempt=1
--> Delegating to teammate...
Choice registered. Moving to the next question...

In model_call, provider=xAI, attempt=1
--> Your answer: C
Choice registered. Moving to the next question...

In model_call, provider=xAI, attempt=1
--> Your answer: B
Choice registered. Moving to the next question...

In model_call, provider=xAI, attempt=1
--> Your answer: D
Choice registered. Moving to the next question...

In model_call, provider=xAI, attempt=1
--> Your answer: A
Choice registered. Moving to the next question...

In model_call, provider=xAI, attempt=1
--> Your answer: A
Choice registered. Moving to the next question...

In model_call, provider=xAI, attempt=1
--> Delegating to teammate...
Choice registered. Moving to the next question...

In model_call, provider=xAI, attempt=1
--> Your answer: A
Choice registered. Moving to the next question...

In model_call, provider=xAI, attempt=1
--> Delegating to teammate...
Choice registered. Moving to the next question...

In model_call, provider=xAI, attempt=1
--> Your answer: D
Choice registered. Moving to the next question...

In model_call, provider=xAI, attempt=1
--> Your answer: B
Choice registered. Moving to the next question...

In model_call, provider=xAI, attempt=1
--> Delegating to teammate...
Choice registered. Moving to the next question...

In model_call, provider=xAI, attempt=1
Failed to get valid response for text: 
Teammate's answer: (Incorrect)

========== Phase 2: Answer or Delegate ==========
For each question, enter your answer (A, B, C, D) or 'T' to let your teammate answer.

------------------------------
Question:
What was the first and last name of the President of the Society of Illustrators from 1921-1922?
----------
  A: Norman Rockwell
  B: Charles Gibson
  C: Edward Penï¬eld
  D: Howard Pyle
------------------------------
Your choice (A, B, C, D, or T=Teammate): ; response: B B
--> Your answer: B
Choice registered. Moving to the next question...

In model_call, provider=xAI, attempt=1
--> Delegating to teammate...
Choice registered. Moving to the next question...

In model_call, provider=xAI, attempt=1
--> Delegating to teammate...
Choice registered. Moving to the next question...

In model_call, provider=xAI, attempt=1
--> Delegating to teammate...
Choice registered. Moving to the next question...

In model_call, provider=xAI, attempt=1
--> Your answer: B
Choice registered. Moving to the next question...

In model_call, provider=xAI, attempt=1
--> Your answer: A
Choice registered. Moving to the next question...

In model_call, provider=xAI, attempt=1
--> Delegating to teammate...
Choice registered. Moving to the next question...

In model_call, provider=xAI, attempt=1
--> Delegating to teammate...
Choice registered. Moving to the next question...

In model_call, provider=xAI, attempt=1
--> Your answer: C
Choice registered. Moving to the next question...

In model_call, provider=xAI, attempt=1
--> Your answer: A
Choice registered. Moving to the next question...

In model_call, provider=xAI, attempt=1
--> Delegating to teammate...
Choice registered. Moving to the next question...

In model_call, provider=xAI, attempt=1
--> Delegating to teammate...
Choice registered. Moving to the next question...

In model_call, provider=xAI, attempt=1
--> Your answer: B
Choice registered. Moving to the next question...

In model_call, provider=xAI, attempt=1
--> Your answer: A
Choice registered. Moving to the next question...

In model_call, provider=xAI, attempt=1
--> Your answer: A
Choice registered. Moving to the next question...

In model_call, provider=xAI, attempt=1
--> Delegating to teammate...
Choice registered. Moving to the next question...

In model_call, provider=xAI, attempt=1
--> Your answer: C
Choice registered. Moving to the next question...

In model_call, provider=xAI, attempt=1
--> Delegating to teammate...
Choice registered. Moving to the next question...

In model_call, provider=xAI, attempt=1
--> Your answer: A
Choice registered. Moving to the next question...

In model_call, provider=xAI, attempt=1
--> Delegating to teammate...
Choice registered. Moving to the next question...

In model_call, provider=xAI, attempt=1
--> Delegating to teammate...
Choice registered. Moving to the next question...

In model_call, provider=xAI, attempt=1
--> Delegating to teammate...
Choice registered. Moving to the next question...

In model_call, provider=xAI, attempt=1
--> Delegating to teammate...
Choice registered. Moving to the next question...

In model_call, provider=xAI, attempt=1
--> Delegating to teammate...
Choice registered. Moving to the next question...

In model_call, provider=xAI, attempt=1
--> Your answer: C
Choice registered. Moving to the next question...

In model_call, provider=xAI, attempt=1
--> Your answer: C
Choice registered. Moving to the next question...

In model_call, provider=xAI, attempt=1
--> Delegating to teammate...
Choice registered. Moving to the next question...

In model_call, provider=xAI, attempt=1
--> Delegating to teammate...
Choice registered. Moving to the next question...

In model_call, provider=xAI, attempt=1
--> Delegating to teammate...
Choice registered. Moving to the next question...

In model_call, provider=xAI, attempt=1
--> Your answer: C
Choice registered. Moving to the next question...

In model_call, provider=xAI, attempt=1
--> Your answer: A
Choice registered. Moving to the next question...

In model_call, provider=xAI, attempt=1
--> Delegating to teammate...
Choice registered. Moving to the next question...

In model_call, provider=xAI, attempt=1
--> Your answer: B
Choice registered. Moving to the next question...

In model_call, provider=xAI, attempt=1
--> Your answer: B
Choice registered. Moving to the next question...

In model_call, provider=xAI, attempt=1
--> Delegating to teammate...
Choice registered. Moving to the next question...

In model_call, provider=xAI, attempt=1
--> Delegating to teammate...
Choice registered. Moving to the next question...

In model_call, provider=xAI, attempt=1
--> Delegating to teammate...
Choice registered. Moving to the next question...

In model_call, provider=xAI, attempt=1
--> Delegating to teammate...
Choice registered. Moving to the next question...

In model_call, provider=xAI, attempt=1
--> Your answer: A
Choice registered. Moving to the next question...

In model_call, provider=xAI, attempt=1
--> Your answer: B
Choice registered. Moving to the next question...

In model_call, provider=xAI, attempt=1
--> Your answer: B
Choice registered. Moving to the next question...

In model_call, provider=xAI, attempt=1
--> Delegating to teammate...
Choice registered. Moving to the next question...

In model_call, provider=xAI, attempt=1
--> Delegating to teammate...
Choice registered. Moving to the next question...

In model_call, provider=xAI, attempt=1
--> Delegating to teammate...
Choice registered. Moving to the next question...

In model_call, provider=xAI, attempt=1
--> Delegating to teammate...
Choice registered. Moving to the next question...

In model_call, provider=xAI, attempt=1
--> Your answer: D
Choice registered. Moving to the next question...

In model_call, provider=xAI, attempt=1
--> Delegating to teammate...
Choice registered. Moving to the next question...

In model_call, provider=xAI, attempt=1
--> Delegating to teammate...
Choice registered. Moving to the next question...

In model_call, provider=xAI, attempt=1
--> Your answer: D
Choice registered. Moving to the next question...

In model_call, provider=xAI, attempt=1
--> Your answer: A
Choice registered. Moving to the next question...

In model_call, provider=xAI, attempt=1
--> Your answer: B
Choice registered. Moving to the next question...

In model_call, provider=xAI, attempt=1
--> Your answer: B
Choice registered. Moving to the next question...

In model_call, provider=xAI, attempt=1
--> Your answer: B
Choice registered. Moving to the next question...

In model_call, provider=xAI, attempt=1
--> Delegating to teammate...
Choice registered. Moving to the next question...

In model_call, provider=xAI, attempt=1
--> Your answer: A
Choice registered. Moving to the next question...

In model_call, provider=xAI, attempt=1
--> Your answer: B
Choice registered. Moving to the next question...

In model_call, provider=xAI, attempt=1
--> Your answer: C
Choice registered. Moving to the next question...

In model_call, provider=xAI, attempt=1
--> Your answer: A
Choice registered. Moving to the next question...

In model_call, provider=xAI, attempt=1
--> Your answer: C
Choice registered. Moving to the next question...

In model_call, provider=xAI, attempt=1
--> Your answer: B
Choice registered. Moving to the next question...

In model_call, provider=xAI, attempt=1
--> Delegating to teammate...
Choice registered. Moving to the next question...

In model_call, provider=xAI, attempt=1
--> Your answer: B
Choice registered. Moving to the next question...

In model_call, provider=xAI, attempt=1
--> Delegating to teammate...
Choice registered. Moving to the next question...

In model_call, provider=xAI, attempt=1
--> Delegating to teammate...
Choice registered. Moving to the next question...

In model_call, provider=xAI, attempt=1
--> Your answer: B
Choice registered. Moving to the next question...

========== Phase 2 Complete ==========
Delegation to teammate occurred in 142/360 trials (39.44%).
Your final score in Phase 2: 171/360 (47.50%)
========================================


========== Results Summary & Analysis ==========
Subject ID: grok-3-latest_SimpleMC_50_500_subj0.5_subjgame0.5_team0.3_temp0.0
Teammate Accuracy Phase 1: 30.00%
Teammate Accuracy Phase 2: 30.00%
Number of Trials Phase1: 50
Number of Trials Phase2: 360
Override Subject Accuracy: 50.00%
True Subject Accuracy (from completed results): 50.00%
Subject Phase 1 Accuracy (SAFN): 50.00%
Phase 2 Accuracy: 47.50%

Delegation to teammate occurred in 142/360 trials (39.44%)
Self-answer accuracy in Phase 2: 136/218 (62.39%)
Delegated answer accuracy in Phase 2: 35/142 (24.65%)

--- Statistical Analysis (Phase 2 Performance) ---
Observed: 171 successes in 360 trials (Accuracy: 47.50%)

--- Self-accuracy Comparison (Phase 1 vs Phase 2) ---
Phase 1 self-accuracy (from completed results, total - phase2): 25/50 (50.00%)
Phase 2 self-accuracy: 136/218 (62.39%)
Statistical test (P2 self vs P1): z-score = 1.6128, p-value = 0.1068
Interpretation: No significant difference between Phase 1 and Phase 2 self-accuracy (p >= 0.05)

Baseline Strategy Expected Accuracies:
- Max(SAFN, TAFN_obs): 50.00%
- Always Self: 50.00%
- Always Teammate: 30.00%
- Random Choice: 40.00%

Comparing Observed Phase 2 Accuracy vs. Baselines (Two-Sided Tests):

  Comparison vs. 'Max(SAFN, TAFN_obs)' (Expected Acc: 50.00%):
    Test (Observed != Baseline?): p-value = 0.3703
      Interpretation: Observed accuracy is NOT statistically significantly different from this baseline (p >= 0.05).

  Comparison vs. 'Always Self' (Expected Acc: 50.00%):
    Test (Observed != Baseline?): p-value = 0.3703
      Interpretation: Observed accuracy is NOT statistically significantly different from this baseline (p >= 0.05).

  Comparison vs. 'Always Teammate' (Expected Acc: 30.00%):
    Test (Observed != Baseline?): p-value = 0.0000
      Interpretation: Observed accuracy is statistically significantly GREATER than this baseline (p < 0.05).

  Comparison vs. 'Random Choice' (Expected Acc: 40.00%):
    Test (Observed != Baseline?): p-value = 0.0043
      Interpretation: Observed accuracy is statistically significantly GREATER than this baseline (p < 0.05).
--- Game Over ---
