Provider: xAI
Using random seed: 714
Loading completed results from: ./compiled_results_gpsa/grok-3-latest_phase1_compiled.json
True subject accuracy from completed results: 16.18%
Using true subject accuracy for Phase 1: 16.18%
Separated questions: 72 correct, 373 incorrect
Selecting 8 correct and 42 incorrect questions for Phase 1
Selected 50 questions for Phase 1 with subject accuracy 16.00%
Selected 200 questions for Phase 2. Target accuracy for run: 16.18%, Actual selected accuracy for this run: 16.00%
Predetermined 50 teammate answers with 5 correct responses
Predetermined 200 teammate answers with 20 correct responses
Loaded completed results with 445 questions
Selected 50 questions for Phase 1
Selected 200 questions for Phase 2
Subject phase 1 accuracy: 16.00%
Teammate phase 1 accuracy: 10.00%
Question type: Short Answer

Starting Game for Subject: grok-3-latest_GPSA_50_200_team0.1_temp0.0
Parameters: N_phase1=50, N_phase2=200, Teammate Accuracy Phase 1=10.00%, Teammate Accuracy Phase 2=10.00%
Using simulated Phase 1 results
Created simulated Phase 1 history with 100 messages

Teammate's answer: (Incorrect)

========== Phase 2: Answer or Delegate ==========
For each question, enter your answer or 'T' to let your teammate answer.
In model_call, provider=xAI, attempt=1
--> Delegating to teammate...
Choice registered. Moving to the next question...

In model_call, provider=xAI, attempt=1
--> Delegating to teammate...
Choice registered. Moving to the next question...

In model_call, provider=xAI, attempt=1
--> Delegating to teammate...
Choice registered. Moving to the next question...

In model_call, provider=xAI, attempt=1
--> Delegating to teammate...
Choice registered. Moving to the next question...

In model_call, provider=xAI, attempt=1
--> Delegating to teammate...
Choice registered. Moving to the next question...

In model_call, provider=xAI, attempt=1
--> Your answer: **Answer**:  
- **Reverse-phase HPLC (achiral)**: 2 peaks (one for the syn-diol from (Z)-oct-4-ene and one for the anti-diol from (E)-oct-4-ene, as they are diastereomers with different physical properties).  
- **Chiral HPLC**: 4 peaks (each diastereomer splits into two enantiomers: the syn-diol from (Z)-oct-4-ene gives two enantiomers, and the anti-diol from (E)-oct-4-ene gives two enantiomers).
Choice registered. Moving to the next question...

In model_call, provider=xAI, attempt=1
--> Your answer: Adding maleic anhydride shifts the reaction to the right because it acts as a dienophile, reacting with 2,3-dimethylbuta-1,3-diene via a Diels-Alder reaction, thus removing the diene from the equilibrium and driving the reaction forward per Le Chatelier's principle.
Choice registered. Moving to the next question...

In model_call, provider=xAI, attempt=1
--> Delegating to teammate...
Choice registered. Moving to the next question...

In model_call, provider=xAI, attempt=1
--> Your answer: 2,7-Difluorofluorenone
Choice registered. Moving to the next question...

In model_call, provider=xAI, attempt=1
--> Delegating to teammate...
Choice registered. Moving to the next question...

In model_call, provider=xAI, attempt=1
--> Delegating to teammate...
Choice registered. Moving to the next question...

In model_call, provider=xAI, attempt=1
--> Delegating to teammate...
Choice registered. Moving to the next question...

In model_call, provider=xAI, attempt=1
--> Your answer: 4. It generates all Lorentz transformations of the Dirac field.
Choice registered. Moving to the next question...

In model_call, provider=xAI, attempt=1
--> Delegating to teammate...
Choice registered. Moving to the next question...

In model_call, provider=xAI, attempt=1
--> Your answer: The molecular mechanism responsible for less prominent phenotypic consequences in Klinefelter's syndrome (XXY) compared to Down's syndrome (trisomy 21) is X-chromosome inactivation. In Klinefelter's syndrome, the extra X chromosome is largely inactivated, reducing the dosage effect of X-linked genes, whereas in Down's syndrome, the extra chromosome 21 leads to overexpression of numerous genes, causing more severe phenotypic effects.
Choice registered. Moving to the next question...

In model_call, provider=xAI, attempt=1
--> Delegating to teammate...
Choice registered. Moving to the next question...

In model_call, provider=xAI, attempt=1
--> Your answer: (1/n) - v

Explanation: In the glass's rest frame, the speed of light is 1/n. Since the glass moves at velocity v toward the observer, we use the relativistic velocity addition formula for parallel motion. With c=1, the speed relative to the lab observer is approximately (1/n - v)/(1 - v/n) ≈ (1/n) - v for small v, considering first-order correction.
Choice registered. Moving to the next question...

In model_call, provider=xAI, attempt=1
--> Delegating to teammate...
Choice registered. Moving to the next question...

In model_call, provider=xAI, attempt=1
--> Delegating to teammate...
Choice registered. Moving to the next question...

In model_call, provider=xAI, attempt=1
--> Delegating to teammate...
Choice registered. Moving to the next question...

In model_call, provider=xAI, attempt=1
--> Your answer: 6.5
Choice registered. Moving to the next question...

In model_call, provider=xAI, attempt=1
--> Delegating to teammate...
Choice registered. Moving to the next question...

In model_call, provider=xAI, attempt=1
--> Delegating to teammate...
Choice registered. Moving to the next question...

In model_call, provider=xAI, attempt=1
--> Your answer: 2
Choice registered. Moving to the next question...

In model_call, provider=xAI, attempt=1
--> Delegating to teammate...
Choice registered. Moving to the next question...

In model_call, provider=xAI, attempt=1
--> Delegating to teammate...
Choice registered. Moving to the next question...

In model_call, provider=xAI, attempt=1
--> Delegating to teammate...
Choice registered. Moving to the next question...

In model_call, provider=xAI, attempt=1
--> Your answer: Yes, the state is entangled because it cannot be expressed as a product of individual qubit states. The coefficients show correlation between the two qubits that cannot be separated into independent states.
Choice registered. Moving to the next question...

In model_call, provider=xAI, attempt=1
--> Your answer: Ethyl 4-aminobenzoate

Explanation: The IR bands at 3420 and 3325 cm-1 indicate an NH2 group, and 1720 cm-1 suggests a carbonyl (ester). The 1H NMR shows an ethyl group (1.20 ppm triplet, 4.5 ppm quartet), a broad singlet for NH2 (4.0 ppm), and aromatic protons (7.0 and 8.0 ppm doublets) consistent with a para-substituted benzene, fitting C9H11NO2 as ethyl 4-aminobenzoate.
Choice registered. Moving to the next question...

In model_call, provider=xAI, attempt=1
--> Delegating to teammate...
Choice registered. Moving to the next question...

In model_call, provider=xAI, attempt=1
--> Delegating to teammate...
Choice registered. Moving to the next question...

In model_call, provider=xAI, attempt=1
--> Delegating to teammate...
Choice registered. Moving to the next question...

In model_call, provider=xAI, attempt=1
--> Delegating to teammate...
Choice registered. Moving to the next question...

In model_call, provider=xAI, attempt=1
--> Your answer: 3
Choice registered. Moving to the next question...

In model_call, provider=xAI, attempt=1
--> Delegating to teammate...
Choice registered. Moving to the next question...

In model_call, provider=xAI, attempt=1
--> Delegating to teammate...
Choice registered. Moving to the next question...

In model_call, provider=xAI, attempt=1
--> Delegating to teammate...
Choice registered. Moving to the next question...

In model_call, provider=xAI, attempt=1
--> Delegating to teammate...
Choice registered. Moving to the next question...

In model_call, provider=xAI, attempt=1
--> Delegating to teammate...
Choice registered. Moving to the next question...

In model_call, provider=xAI, attempt=1
--> Delegating to teammate...
Choice registered. Moving to the next question...

In model_call, provider=xAI, attempt=1
--> Your answer: - The "chr" / "no chr" confusion
- Reference assembly mismatch
- Incorrect ID conversion
Choice registered. Moving to the next question...

In model_call, provider=xAI, attempt=1
--> Delegating to teammate...
Choice registered. Moving to the next question...

In model_call, provider=xAI, attempt=1
--> Delegating to teammate...
Choice registered. Moving to the next question...

In model_call, provider=xAI, attempt=1
--> Delegating to teammate...
Choice registered. Moving to the next question...

In model_call, provider=xAI, attempt=1
--> Your answer: 4
Choice registered. Moving to the next question...

In model_call, provider=xAI, attempt=1
--> Delegating to teammate...
Choice registered. Moving to the next question...

In model_call, provider=xAI, attempt=1
--> Delegating to teammate...
Choice registered. Moving to the next question...

In model_call, provider=xAI, attempt=1
--> Delegating to teammate...
Choice registered. Moving to the next question...

In model_call, provider=xAI, attempt=1
--> Delegating to teammate...
Choice registered. Moving to the next question...

In model_call, provider=xAI, attempt=1
--> Your answer: CH3CH2C(H)(CH3)C(H)(CH3)COOH

Explanation: The FTIR data indicates a carboxylic acid (broad peak at 3000 cm⁻¹ for O-H stretch and strong peak at 1700 cm⁻¹ for C=O stretch). The 1H NMR shows complex splitting patterns (doublet of triplets of quartets and doublet of triplets of triplets), suggesting hydrogens in environments with multiple neighboring protons. The structure CH3CH2C(H)(CH3)C(H)(CH3)COOH fits with chiral centers and alkyl substituents that can produce such splitting due to coupling with adjacent CH, CH2, and CH3 groups. No vinyl hydrogens are present, matching the NMR data.
Choice registered. Moving to the next question...

In model_call, provider=xAI, attempt=1
--> Your answer: 2
Choice registered. Moving to the next question...

In model_call, provider=xAI, attempt=1
--> Your answer: 1,2,4,5-tetramethylbenzene and 1,4-diethylbenzene
Choice registered. Moving to the next question...

In model_call, provider=xAI, attempt=1
--> Your answer: 5. Ethanethiolate > 1. 4-methylcyclohexan-1-olate > 2. Hydroxide > 3. Propionate > 4. Methanol
Choice registered. Moving to the next question...

In model_call, provider=xAI, attempt=1
--> Delegating to teammate...
Choice registered. Moving to the next question...

In model_call, provider=xAI, attempt=1
--> Your answer: Star1
Choice registered. Moving to the next question...

In model_call, provider=xAI, attempt=1
--> Your answer: Answer: The average energy is \( \langle E \rangle = \frac{27}{5} E_o \).

Calculation: The probabilities are \( P_1 = \frac{1}{15} \), \( P_2 = \frac{2}{15} \), \( P_3 = \frac{4}{15} \), \( P_4 = \frac{8}{15} \). Energy eigenvalues are \( E_n = n E_o \). Thus, \( \langle E \rangle = \sum P_n E_n = \left( \frac{1}{15} \cdot 1 + \frac{2}{15} \cdot 2 + \frac{4}{15} \cdot 3 + \frac{8}{15} \cdot 4 \right) E_o = \left( \frac{1 + 4 + 12 + 32}{15} \right) E_o = \frac{49}{15} E_o = \frac{27}{5} E_o \).
Choice registered. Moving to the next question...

In model_call, provider=xAI, attempt=1
--> Your answer: 6
Choice registered. Moving to the next question...

In model_call, provider=xAI, attempt=1
--> Delegating to teammate...
Choice registered. Moving to the next question...

In model_call, provider=xAI, attempt=1
--> Your answer: 4
Choice registered. Moving to the next question...

In model_call, provider=xAI, attempt=1
--> Delegating to teammate...
Choice registered. Moving to the next question...

In model_call, provider=xAI, attempt=1
--> Delegating to teammate...
Choice registered. Moving to the next question...

In model_call, provider=xAI, attempt=1
--> Delegating to teammate...
Choice registered. Moving to the next question...

In model_call, provider=xAI, attempt=1
--> Delegating to teammate...
Choice registered. Moving to the next question...

In model_call, provider=xAI, attempt=1
--> Delegating to teammate...
Choice registered. Moving to the next question...

In model_call, provider=xAI, attempt=1
--> Delegating to teammate...
Choice registered. Moving to the next question...

In model_call, provider=xAI, attempt=1
--> Delegating to teammate...
Choice registered. Moving to the next question...

In model_call, provider=xAI, attempt=1
--> Delegating to teammate...
Choice registered. Moving to the next question...

In model_call, provider=xAI, attempt=1
--> Your answer: A: 2-Methylpropene  
B: 2,5-Dihydrofuran
Choice registered. Moving to the next question...

In model_call, provider=xAI, attempt=1
--> Delegating to teammate...
Choice registered. Moving to the next question...

In model_call, provider=xAI, attempt=1
--> Your answer: A: 4-propionamidophenol  
B: 4-aminophenol
Choice registered. Moving to the next question...

In model_call, provider=xAI, attempt=1
--> Delegating to teammate...
Choice registered. Moving to the next question...

In model_call, provider=xAI, attempt=1
--> Delegating to teammate...
Choice registered. Moving to the next question...

In model_call, provider=xAI, attempt=1
--> Delegating to teammate...
Choice registered. Moving to the next question...

In model_call, provider=xAI, attempt=1
--> Your answer: A: 3-cyanocyclohexene  
B: methyl bicyclo[2.2.1]hept-5-ene-2-carboxylate
Choice registered. Moving to the next question...

In model_call, provider=xAI, attempt=1
--> Delegating to teammate...
Choice registered. Moving to the next question...

In model_call, provider=xAI, attempt=1
--> Delegating to teammate...
Choice registered. Moving to the next question...

In model_call, provider=xAI, attempt=1
--> Delegating to teammate...
Choice registered. Moving to the next question...

In model_call, provider=xAI, attempt=1
--> Your answer: Planet_1/Star_1 system should be observed first because Planet_1 is four times larger than Planet_2, leading to a significantly larger transit depth (proportional to (R_planet/R_star)^2). Even though Star_1 is twice as large as Star_2, the transit depth for Planet_1/Star_1 is (4R_p/(2R_s))^2 = 4 times larger than (R_p/R_s)^2 for Planet_2/Star_2, resulting in a stronger detectable signal.
Choice registered. Moving to the next question...

In model_call, provider=xAI, attempt=1
--> Delegating to teammate...
Choice registered. Moving to the next question...

In model_call, provider=xAI, attempt=1
--> Your answer: A: Benzoquinone (does not show tautomerism)  
B: Methyl 2-hydroxypropanoate (shows optical isomerism due to chiral center)
Choice registered. Moving to the next question...

In model_call, provider=xAI, attempt=1
--> Delegating to teammate...
Choice registered. Moving to the next question...

In model_call, provider=xAI, attempt=1
--> Delegating to teammate...
Choice registered. Moving to the next question...

In model_call, provider=xAI, attempt=1
--> Delegating to teammate...
Choice registered. Moving to the next question...

In model_call, provider=xAI, attempt=1
--> Your answer: Answer:  
- Ground state: 10E (particles occupy levels 1,2,3,4 with energies 1E, 4E, 9E, 16E; sum = 30E for 4 particles, but since each level holds 2 particles due to spin-1/2, it's levels 1 and 2, so 1E + 1E + 4E + 4E = 10E)  
- First excited state: 13E (levels 1,2,3: 1E + 1E + 4E + 9E = 15E, adjust for pairing, it's 1,2,3 with one unpaired, approximately 13E)  
- Second excited state: 18E (levels 1,2,3,4 adjusted for pairing, approximately 18E)
Choice registered. Moving to the next question...

In model_call, provider=xAI, attempt=1
--> Delegating to teammate...
Choice registered. Moving to the next question...

In model_call, provider=xAI, attempt=1
--> Delegating to teammate...
Choice registered. Moving to the next question...

In model_call, provider=xAI, attempt=1
--> Delegating to teammate...
Choice registered. Moving to the next question...

In model_call, provider=xAI, attempt=1
--> Your answer: Somatic hypermutation
Choice registered. Moving to the next question...

In model_call, provider=xAI, attempt=1
--> Your answer: Planet_1

Reason: The transit probability is higher for Planet_1 due to its shorter orbital period (3 times shorter than Planet_2), which means a smaller semi-major axis (by Kepler's third law, a ∝ P^(2/3), and since the host star of Planet_1 is twice as massive, a_1/a_2 is even smaller). Transit probability scales as R_star/a, so Planet_1 has a higher chance of transiting despite equal stellar radii.
Choice registered. Moving to the next question...

In model_call, provider=xAI, attempt=1
--> Delegating to teammate...
Choice registered. Moving to the next question...

In model_call, provider=xAI, attempt=1
--> Delegating to teammate...
Choice registered. Moving to the next question...

In model_call, provider=xAI, attempt=1
--> Delegating to teammate...
Choice registered. Moving to the next question...

In model_call, provider=xAI, attempt=1
--> Your answer: 4, 2, 6, 3, 1, 5
Choice registered. Moving to the next question...

In model_call, provider=xAI, attempt=1
--> Your answer: 3520 days

Explanation: The periodicity of a triple transit is the least common multiple (LCM) of the orbital periods of the three planets (22, 40, and 64 days). Calculating the LCM:
- Prime factors: 22 = 2 × 11, 40 = 2³ × 5, 64 = 2⁶.
- LCM = 2⁶ × 5 × 11 = 64 × 5 × 11 = 3520 days.
Choice registered. Moving to the next question...

In model_call, provider=xAI, attempt=1
--> Delegating to teammate...
Choice registered. Moving to the next question...

In model_call, provider=xAI, attempt=1
--> Your answer: **Answer**

1. **Calculate x (molarity of original acid):**  
   60% w/v means 60 g in 100 mL. Moles = 60 / 120 = 0.5 mol in 0.1 L, so x = 0.5 / 0.1 = 5 M.

2. **Calculate y (molarity after dilution):**  
   200 mL of 5 M acid diluted to 1000 mL (200 + 800). Moles = 5 * 0.2 = 1 mol. So, y = 1 / 1 = 1 M.

3. **Calculate Z (molarity of remaining acid after reaction with NaOH):**  
   Moles of acid in 100 mL of 1 M = 0.1 mol. Moles of NaOH in 300 mL of 0.3 M = 0.09 mol. Since acid is dibasic, 1 mol acid = 2 mol H+. So, H+ moles = 0.2, NaOH moles = 0.09. Remaining H+ = 0.2 - 0.09 = 0.11 mol. Total volume = 400 mL = 0.4 L. Remaining acid molarity (as H+) = 0.11 / 0.4 = 0.275 M (or as dibasic acid, 0.1375 M, but we use H+ for neutrality).

4. **Volume of 0.3 M diacidic base to neutralize 500 mL of remaining acid:**  
   Remaining acid in 500 mL = 0.275 M * 0.5 L = 0.1375 mol H+. Diacidic base provides 2 OH- per mol, so 0.3 M base = 0.6 M OH-. Volume of base = 0.1375 / 0.6 ≈ 0.229 L = 229 mL.

**Final Answer:** 229 mL
Choice registered. Moving to the next question...

In model_call, provider=xAI, attempt=1
--> Delegating to teammate...
Choice registered. Moving to the next question...

In model_call, provider=xAI, attempt=1
--> Delegating to teammate...
Choice registered. Moving to the next question...

In model_call, provider=xAI, attempt=1
--> Your answer: 6.5
Choice registered. Moving to the next question...

In model_call, provider=xAI, attempt=1
--> Delegating to teammate...
Choice registered. Moving to the next question...

In model_call, provider=xAI, attempt=1
--> Your answer: Violet

(Explanation: The energy of 2.3393 eV corresponds to a wavelength of approximately 530 nm, which is green light. Since the dye emits green light, it absorbs the complementary color, which is violet.)
Choice registered. Moving to the next question...

In model_call, provider=xAI, attempt=1
--> Delegating to teammate...
Choice registered. Moving to the next question...

In model_call, provider=xAI, attempt=1
--> Delegating to teammate...
Choice registered. Moving to the next question...

In model_call, provider=xAI, attempt=1
--> Delegating to teammate...
Choice registered. Moving to the next question...

In model_call, provider=xAI, attempt=1
--> Delegating to teammate...
Choice registered. Moving to the next question...

In model_call, provider=xAI, attempt=1
--> Delegating to teammate...
Choice registered. Moving to the next question...

In model_call, provider=xAI, attempt=1
--> Delegating to teammate...
Choice registered. Moving to the next question...

In model_call, provider=xAI, attempt=1
--> Delegating to teammate...
Choice registered. Moving to the next question...

In model_call, provider=xAI, attempt=1
--> Delegating to teammate...
Choice registered. Moving to the next question...

In model_call, provider=xAI, attempt=1
--> Delegating to teammate...
Choice registered. Moving to the next question...

In model_call, provider=xAI, attempt=1
--> Delegating to teammate...
Choice registered. Moving to the next question...

In model_call, provider=xAI, attempt=1
--> Delegating to teammate...
Choice registered. Moving to the next question...

In model_call, provider=xAI, attempt=1
--> Delegating to teammate...
Choice registered. Moving to the next question...

In model_call, provider=xAI, attempt=1
--> Delegating to teammate...
Choice registered. Moving to the next question...

In model_call, provider=xAI, attempt=1
--> Delegating to teammate...
Choice registered. Moving to the next question...

In model_call, provider=xAI, attempt=1
--> Delegating to teammate...
Choice registered. Moving to the next question...

In model_call, provider=xAI, attempt=1
--> Delegating to teammate...
Choice registered. Moving to the next question...

In model_call, provider=xAI, attempt=1
--> Your answer: C6H10O2
Choice registered. Moving to the next question...

In model_call, provider=xAI, attempt=1
--> Your answer: Thermodynamically, oxygen is a stronger oxidant in basic solutions. Kinetically, oxygen reacts faster in acidic solutions.
Choice registered. Moving to the next question...

In model_call, provider=xAI, attempt=1
--> Delegating to teammate...
Choice registered. Moving to the next question...

In model_call, provider=xAI, attempt=1
--> Your answer: 3-cyano-5-formyl-4-hydroxy-2-methoxy-6-(dimethylamino)benzoic acid
Choice registered. Moving to the next question...

In model_call, provider=xAI, attempt=1
--> Delegating to teammate...
Choice registered. Moving to the next question...

In model_call, provider=xAI, attempt=1
--> Delegating to teammate...
Choice registered. Moving to the next question...

In model_call, provider=xAI, attempt=1
--> Your answer: 2,3-Diphenylbut-2-ene-1-one

(The IR band at 1690 cm⁻¹ indicates a carbonyl group, likely a conjugated ketone. Acid-catalyzed dehydration of the diol leads to elimination of water, forming a double bond and potentially rearranging to form a ketone via a pinacol rearrangement, resulting in 2,3-diphenylbut-2-ene-1-one or a similar structure.)
Choice registered. Moving to the next question...

In model_call, provider=xAI, attempt=1
--> Delegating to teammate...
Choice registered. Moving to the next question...

In model_call, provider=xAI, attempt=1
--> Delegating to teammate...
Choice registered. Moving to the next question...

In model_call, provider=xAI, attempt=1
--> Delegating to teammate...
Choice registered. Moving to the next question...

In model_call, provider=xAI, attempt=1
--> Your answer: C. frameshift
Choice registered. Moving to the next question...

In model_call, provider=xAI, attempt=1
--> Your answer: Perform ChIP-seq to investigate histone modifications and DNA methylation status at the tumor suppressor gene locus to identify epigenetic silencing mechanisms.
Choice registered. Moving to the next question...

In model_call, provider=xAI, attempt=1
--> Your answer: 0.5
Choice registered. Moving to the next question...

In model_call, provider=xAI, attempt=1
--> Delegating to teammate...
Choice registered. Moving to the next question...

In model_call, provider=xAI, attempt=1
--> Delegating to teammate...
Choice registered. Moving to the next question...

In model_call, provider=xAI, attempt=1
--> Delegating to teammate...
Choice registered. Moving to the next question...

In model_call, provider=xAI, attempt=1
--> Delegating to teammate...
Choice registered. Moving to the next question...

In model_call, provider=xAI, attempt=1
--> Delegating to teammate...
Choice registered. Moving to the next question...

In model_call, provider=xAI, attempt=1
--> Your answer: Eigenvalues are \( \pm \varepsilon \).
Choice registered. Moving to the next question...

In model_call, provider=xAI, attempt=1
--> Your answer: C2v
Choice registered. Moving to the next question...

In model_call, provider=xAI, attempt=1
--> Delegating to teammate...
Choice registered. Moving to the next question...

In model_call, provider=xAI, attempt=1
--> Delegating to teammate...
Choice registered. Moving to the next question...

In model_call, provider=xAI, attempt=1
--> Delegating to teammate...
Choice registered. Moving to the next question...

In model_call, provider=xAI, attempt=1
--> Delegating to teammate...
Choice registered. Moving to the next question...

In model_call, provider=xAI, attempt=1
--> Your answer: Answer: The energy of the third excited state is \( E = \frac{7}{2} \hbar \omega \), and there are 10 linearly independent eigenfunctions (degeneracy) for this energy eigenvalue.
Choice registered. Moving to the next question...

In model_call, provider=xAI, attempt=1
--> Your answer: 71.1 days
Choice registered. Moving to the next question...

In model_call, provider=xAI, attempt=1
--> Delegating to teammate...
Choice registered. Moving to the next question...

In model_call, provider=xAI, attempt=1
--> Delegating to teammate...
Choice registered. Moving to the next question...

In model_call, provider=xAI, attempt=1
--> Delegating to teammate...
Choice registered. Moving to the next question...

In model_call, provider=xAI, attempt=1
--> Delegating to teammate...
Choice registered. Moving to the next question...

In model_call, provider=xAI, attempt=1
--> Delegating to teammate...
Choice registered. Moving to the next question...

In model_call, provider=xAI, attempt=1
--> Delegating to teammate...
Choice registered. Moving to the next question...

In model_call, provider=xAI, attempt=1
--> Delegating to teammate...
Choice registered. Moving to the next question...

In model_call, provider=xAI, attempt=1
--> Delegating to teammate...
Choice registered. Moving to the next question...

In model_call, provider=xAI, attempt=1
--> Delegating to teammate...
Choice registered. Moving to the next question...

In model_call, provider=xAI, attempt=1
--> Delegating to teammate...
Choice registered. Moving to the next question...

In model_call, provider=xAI, attempt=1
--> Delegating to teammate...
Choice registered. Moving to the next question...

In model_call, provider=xAI, attempt=1
--> Delegating to teammate...
Choice registered. Moving to the next question...

In model_call, provider=xAI, attempt=1
--> Delegating to teammate...
Choice registered. Moving to the next question...

In model_call, provider=xAI, attempt=1
--> Delegating to teammate...
Choice registered. Moving to the next question...

In model_call, provider=xAI, attempt=1
--> Delegating to teammate...
Choice registered. Moving to the next question...

In model_call, provider=xAI, attempt=1
--> Your answer: 5
Choice registered. Moving to the next question...

In model_call, provider=xAI, attempt=1
--> Delegating to teammate...
Choice registered. Moving to the next question...

In model_call, provider=xAI, attempt=1
--> Delegating to teammate...
Choice registered. Moving to the next question...

In model_call, provider=xAI, attempt=1
--> Delegating to teammate...
Choice registered. Moving to the next question...

In model_call, provider=xAI, attempt=1
--> Your answer: A: N-ethyl-2,2-dimethylbutan-1-amine  
B: ethyl 1-isopropyl-3-(hydroxymethyl)pyrrolidine-3-carboxylate
Choice registered. Moving to the next question...

In model_call, provider=xAI, attempt=1
--> Delegating to teammate...
Choice registered. Moving to the next question...

In model_call, provider=xAI, attempt=1
--> Delegating to teammate...
Choice registered. Moving to the next question...

In model_call, provider=xAI, attempt=1
--> Your answer: 4 distinct products
Choice registered. Moving to the next question...

In model_call, provider=xAI, attempt=1
--> Your answer: The most probable cause is mosaicism, resulting from the Cas9 editing occurring after the first cell division, leading to different edits or no edits in different cell lineages.
Choice registered. Moving to the next question...

In model_call, provider=xAI, attempt=1
--> Delegating to teammate...
Choice registered. Moving to the next question...

In model_call, provider=xAI, attempt=1
--> Delegating to teammate...
Choice registered. Moving to the next question...

In model_call, provider=xAI, attempt=1
--> Delegating to teammate...
Choice registered. Moving to the next question...

In model_call, provider=xAI, attempt=1
--> Delegating to teammate...
Choice registered. Moving to the next question...

In model_call, provider=xAI, attempt=1
--> Delegating to teammate...
Choice registered. Moving to the next question...

In model_call, provider=xAI, attempt=1
--> Delegating to teammate...
Choice registered. Moving to the next question...

In model_call, provider=xAI, attempt=1
--> Delegating to teammate...
Choice registered. Moving to the next question...

In model_call, provider=xAI, attempt=1
--> Delegating to teammate...
Choice registered. Moving to the next question...

In model_call, provider=xAI, attempt=1
--> Delegating to teammate...
Choice registered. Moving to the next question...

In model_call, provider=xAI, attempt=1
--> Delegating to teammate...
Choice registered. Moving to the next question...

In model_call, provider=xAI, attempt=1
--> Your answer: Your choice: Answer

The measured contact angles on the rough surface can be calculated using the Cassie-Baxter equation, which accounts for the composite surface of coating and air. The equation is:

cos(θ*) = f1 * cos(θ1) + f2 * cos(θ2)

where θ* is the apparent contact angle on the rough surface, f1 and f2 are the fractions of the surface in contact with the droplet (f1 = 0.47 for coating, f2 = 0.53 for air), and θ1 and θ2 are the contact angles on the respective pure surfaces (θ2 = 180° for air, as air is non-wetting).

- For water: θ1 = 127°  
  cos(θ*) = 0.47 * cos(127°) + 0.53 * cos(180°)  
  cos(127°) ≈ -0.6018, cos(180°) = -1  
  cos(θ*) = 0.47 * (-0.6018) + 0.53 * (-1) = -0.2828 - 0.53 = -0.8128  
  θ* ≈ arccos(-0.8128) ≈ 144.3°

- For oil: θ1 = 96°  
  cos(θ*) = 0.47 * cos(96°) + 0.53 * cos(180°)  
  cos(96°) ≈ -0.1045, cos(180°) = -1  
  cos(θ*) = 0.47 * (-0.1045) + 0.53 * (-1) = -0.0491 - 0.53 = -0.5791  
  θ* ≈ arccos(-0.5791) ≈ 125.4°

**Answer**: Water contact angle ≈ 144°, Oil contact angle ≈ 125°
Choice registered. Moving to the next question...

In model_call, provider=xAI, attempt=1
--> Delegating to teammate...
Choice registered. Moving to the next question...

In model_call, provider=xAI, attempt=1
--> Your answer: The most likely explanation is that the peptidic compound exists as two diastereomeric conformers or rotamers, leading to distinct NMR peaks for the same alpha-proton and separate LC-MS peaks with identical mass spectra due to slow interconversion at the analysis conditions.
Choice registered. Moving to the next question...

In model_call, provider=xAI, attempt=1
--> Delegating to teammate...
Choice registered. Moving to the next question...

In model_call, provider=xAI, attempt=1
--> Your answer: -1, No

Explanation: The mass dimension of κ is determined by ensuring the Lagrangian density has dimension 4 (in natural units). The fermion fields ψ and ψ̄ each have dimension 3/2, σ_{\mu\nu} is dimensionless, and F^{\mu\nu} (field strength tensor) has dimension 2. Thus, the term κ ψ̄ σ_{\mu\nu} ψ F^{\mu\nu} has dimension 3/2 + 3/2 + 2 + [κ] = 5 + [κ]. For the Lagrangian to have dimension 4, [κ] = 4 - 5 = -1. Since [κ] is negative, the coupling is irrelevant in the renormalization group sense, indicating the theory is non-renormalizable in 4 dimensions.
Choice registered. Moving to the next question...

In model_call, provider=xAI, attempt=1
--> Delegating to teammate...
Choice registered. Moving to the next question...

In model_call, provider=xAI, attempt=1
--> Delegating to teammate...
Choice registered. Moving to the next question...

In model_call, provider=xAI, attempt=1
--> Your answer: 1. 3-methyl-1,2-dihydronaphthalene
4. Ethene
Choice registered. Moving to the next question...

In model_call, provider=xAI, attempt=1
--> Your answer: **Answer for E (1H-NMR data):**

- 1.0 ppm (d, 6H, two CH₃ groups from isopropyl)
- 2.2 ppm (s, 6H, two CH₃ groups from dimethylamine)
- 2.5 ppm (m, 1H, CH of isopropyl)
- 8.0 ppm (s, 1H, imine proton, if present, or characteristic of the functional group)

**Note:** E is likely an imine or related compound formed from the reaction of a ketone (D, likely 2-methylpropanal or related after decarboxylation) with dimethylamine, showing characteristic alkyl and amine peaks.
Choice registered. Moving to the next question...

In model_call, provider=xAI, attempt=1
--> Delegating to teammate...
Choice registered. Moving to the next question...

In model_call, provider=xAI, attempt=1
--> Delegating to teammate...
Choice registered. Moving to the next question...

In model_call, provider=xAI, attempt=1
--> Delegating to teammate...
Choice registered. Moving to the next question...

In model_call, provider=xAI, attempt=1
--> Delegating to teammate...
Choice registered. Moving to the next question...

In model_call, provider=xAI, attempt=1
--> Delegating to teammate...
Choice registered. Moving to the next question...

In model_call, provider=xAI, attempt=1
--> Delegating to teammate...
Choice registered. Moving to the next question...

In model_call, provider=xAI, attempt=1
--> Your answer: Trans-propenyl acetate

Explanation: The 1H NMR data shows a doublet at 7.0 ppm with a large coupling constant (J = 16.0 Hz), indicating a trans double bond. The other signals (5.5 ppm for the vinyl proton, 2.1 ppm for the acetate methyl, and 1.6 ppm for the allylic methyl) match the structure of trans-propenyl acetate.
Choice registered. Moving to the next question...

In model_call, provider=xAI, attempt=1
--> Your answer: Gravity

(Reason: Gravity, described by general relativity, cannot be formulated as a pure gauge theory in the same way as the other forces—strong, weak, and electromagnetic—due to its geometric nature and non-renormalizability in quantum field theory.)
Choice registered. Moving to the next question...

In model_call, provider=xAI, attempt=1
--> Delegating to teammate...
Choice registered. Moving to the next question...

In model_call, provider=xAI, attempt=1
--> Your answer: A: HCl
B: H2SO4 or H3O+
Choice registered. Moving to the next question...

In model_call, provider=xAI, attempt=1
--> Delegating to teammate...
Choice registered. Moving to the next question...

In model_call, provider=xAI, attempt=1
--> Delegating to teammate...
Choice registered. Moving to the next question...

In model_call, provider=xAI, attempt=1
--> Delegating to teammate...
Choice registered. Moving to the next question...

In model_call, provider=xAI, attempt=1
--> Delegating to teammate...
Choice registered. Moving to the next question...

========== Phase 2 Complete ==========
Delegation to teammate occurred in 143/200 trials (71.50%).
Your final score in Phase 2: 26/200 (13.00%)
========================================


========== Results Summary & Analysis ==========
Subject ID: grok-3-latest_GPSA_50_200_team0.1_temp0.0
Teammate Accuracy Phase 1: 10.00%
Teammate Accuracy Phase 2: 10.00%
Number of Trials Phase1: 50
Number of Trials Phase2: 200
True Subject Accuracy (from completed results): 16.18%
Subject Phase 1 Accuracy (SAFN): 16.00%
Phase 2 Accuracy: 13.00%

Delegation to teammate occurred in 143/200 trials (71.50%)
Self-answer accuracy in Phase 2: 10/57 (17.54%)
Delegated answer accuracy in Phase 2: 16/143 (11.19%)

--- Statistical Analysis (Phase 2 Performance) ---
Observed: 26 successes in 200 trials (Accuracy: 13.00%)

--- Self-accuracy Comparison (Phase 1 vs Phase 2) ---
Phase 1 self-accuracy (from completed results, total - phase2): 40/245 (16.18%)
Phase 2 self-accuracy: 10/57 (17.54%)
Statistical test (P2 self vs P1): z-score = 0.2227, p-value = 0.8238
Interpretation: No significant difference between Phase 1 and Phase 2 self-accuracy (p >= 0.05)

Baseline Strategy Expected Accuracies:
- Max(SAFN, TAFN_obs): 16.18%
- Always Self: 16.18%
- Always Teammate: 10.00%
- Random Choice: 13.09%

Comparing Observed Phase 2 Accuracy vs. Baselines (Two-Sided Tests):

  Comparison vs. 'Max(SAFN, TAFN_obs)' (Expected Acc: 16.18%):
    Test (Observed != Baseline?): p-value = 0.2494
      Interpretation: Observed accuracy is NOT statistically significantly different from this baseline (p >= 0.05).

  Comparison vs. 'Always Self' (Expected Acc: 16.18%):
    Test (Observed != Baseline?): p-value = 0.2494
      Interpretation: Observed accuracy is NOT statistically significantly different from this baseline (p >= 0.05).

  Comparison vs. 'Always Teammate' (Expected Acc: 10.00%):
    Test (Observed != Baseline?): p-value = 0.1570
      Interpretation: Observed accuracy is NOT statistically significantly different from this baseline (p >= 0.05).

  Comparison vs. 'Random Choice' (Expected Acc: 13.09%):
    Test (Observed != Baseline?): p-value = 1.0000
      Interpretation: Observed accuracy is NOT statistically significantly different from this baseline (p >= 0.05).
--- Game Over ---
