Provider: xAI
Using random seed: 3
Loading completed results from: ./compiled_results_smc/grok-3-latest_phase1_compiled.json
True subject accuracy from completed results: 59.00%
Using true subject accuracy for Phase 1: 59.00%
Separated questions: 295 correct, 205 incorrect
Selecting 30 correct and 20 incorrect questions for Phase 1
Selected 50 questions for Phase 1 with subject accuracy 60.00%
Selected 450 questions for Phase 2. Target accuracy for run: 59.00%, Actual selected accuracy for this run: 58.89%
Predetermined 50 teammate answers with 20 correct responses
Predetermined 450 teammate answers with 180 correct responses
Loaded completed results with 500 questions
Selected 50 questions for Phase 1
Selected 450 questions for Phase 2
Subject phase 1 accuracy: 60.00%
Teammate phase 1 accuracy: 40.00%
Question type: Multiple Choice

Starting Game for Subject: grok-3-latest_SimpleMC_50_450_team0.4_temp0.0
Parameters: N_phase1=50, N_phase2=450, Teammate Accuracy Phase 1=40.00%, Teammate Accuracy Phase 2=40.00%
Using simulated Phase 1 results
Created simulated Phase 1 history with 100 messages

Teammate's answer: (Incorrect)

========== Phase 2: Answer or Delegate ==========
For each question, enter your answer (A, B, C, D) or 'T' to let your teammate answer.
In model_call, provider=xAI, attempt=1
--> Delegating to teammate...
Choice registered. Moving to the next question...

In model_call, provider=xAI, attempt=1
--> Delegating to teammate...
Choice registered. Moving to the next question...

In model_call, provider=xAI, attempt=1
--> Delegating to teammate...
Choice registered. Moving to the next question...

In model_call, provider=xAI, attempt=1
--> Delegating to teammate...
Choice registered. Moving to the next question...

In model_call, provider=xAI, attempt=1
--> Your answer: B
Choice registered. Moving to the next question...

In model_call, provider=xAI, attempt=1
--> Delegating to teammate...
Choice registered. Moving to the next question...

In model_call, provider=xAI, attempt=1
--> Your answer: A
Choice registered. Moving to the next question...

In model_call, provider=xAI, attempt=1
--> Your answer: A
Choice registered. Moving to the next question...

In model_call, provider=xAI, attempt=1
--> Your answer: C
Choice registered. Moving to the next question...

In model_call, provider=xAI, attempt=1
--> Delegating to teammate...
Choice registered. Moving to the next question...

In model_call, provider=xAI, attempt=1
--> Your answer: A
Choice registered. Moving to the next question...

In model_call, provider=xAI, attempt=1
--> Delegating to teammate...
Choice registered. Moving to the next question...

In model_call, provider=xAI, attempt=1
--> Delegating to teammate...
Choice registered. Moving to the next question...

In model_call, provider=xAI, attempt=1
--> Your answer: A
Choice registered. Moving to the next question...

In model_call, provider=xAI, attempt=1
--> Delegating to teammate...
Choice registered. Moving to the next question...

In model_call, provider=xAI, attempt=1
--> Delegating to teammate...
Choice registered. Moving to the next question...

In model_call, provider=xAI, attempt=1
--> Delegating to teammate...
Choice registered. Moving to the next question...

In model_call, provider=xAI, attempt=1
--> Your answer: C
Choice registered. Moving to the next question...

In model_call, provider=xAI, attempt=1
--> Your answer: D
Choice registered. Moving to the next question...

In model_call, provider=xAI, attempt=1
--> Delegating to teammate...
Choice registered. Moving to the next question...

In model_call, provider=xAI, attempt=1
--> Delegating to teammate...
Choice registered. Moving to the next question...

In model_call, provider=xAI, attempt=1
--> Delegating to teammate...
Choice registered. Moving to the next question...

In model_call, provider=xAI, attempt=1
--> Delegating to teammate...
Choice registered. Moving to the next question...

In model_call, provider=xAI, attempt=1
--> Delegating to teammate...
Choice registered. Moving to the next question...

In model_call, provider=xAI, attempt=1
--> Delegating to teammate...
Choice registered. Moving to the next question...

In model_call, provider=xAI, attempt=1
--> Your answer: D
Choice registered. Moving to the next question...

In model_call, provider=xAI, attempt=1
--> Delegating to teammate...
Choice registered. Moving to the next question...

In model_call, provider=xAI, attempt=1
--> Your answer: D
Choice registered. Moving to the next question...

In model_call, provider=xAI, attempt=1
--> Delegating to teammate...
Choice registered. Moving to the next question...

In model_call, provider=xAI, attempt=1
--> Delegating to teammate...
Choice registered. Moving to the next question...

In model_call, provider=xAI, attempt=1
--> Your answer: D
Choice registered. Moving to the next question...

In model_call, provider=xAI, attempt=1
--> Your answer: D
Choice registered. Moving to the next question...

In model_call, provider=xAI, attempt=1
--> Your answer: B
Choice registered. Moving to the next question...

In model_call, provider=xAI, attempt=1
--> Your answer: D
Choice registered. Moving to the next question...

In model_call, provider=xAI, attempt=1
--> Delegating to teammate...
Choice registered. Moving to the next question...

In model_call, provider=xAI, attempt=1
--> Your answer: B
Choice registered. Moving to the next question...

In model_call, provider=xAI, attempt=1
--> Your answer: A
Choice registered. Moving to the next question...

In model_call, provider=xAI, attempt=1
--> Your answer: D
Choice registered. Moving to the next question...

In model_call, provider=xAI, attempt=1
--> Your answer: B
Choice registered. Moving to the next question...

In model_call, provider=xAI, attempt=1
--> Your answer: B
Choice registered. Moving to the next question...

In model_call, provider=xAI, attempt=1
--> Your answer: C
Choice registered. Moving to the next question...

In model_call, provider=xAI, attempt=1
--> Delegating to teammate...
Choice registered. Moving to the next question...

In model_call, provider=xAI, attempt=1
--> Delegating to teammate...
Choice registered. Moving to the next question...

In model_call, provider=xAI, attempt=1
--> Your answer: B
Choice registered. Moving to the next question...

In model_call, provider=xAI, attempt=1
--> Your answer: B
Choice registered. Moving to the next question...

In model_call, provider=xAI, attempt=1
--> Your answer: D
Choice registered. Moving to the next question...

In model_call, provider=xAI, attempt=1
--> Delegating to teammate...
Choice registered. Moving to the next question...

In model_call, provider=xAI, attempt=1
--> Delegating to teammate...
Choice registered. Moving to the next question...

In model_call, provider=xAI, attempt=1
--> Your answer: B
Choice registered. Moving to the next question...

In model_call, provider=xAI, attempt=1
--> Delegating to teammate...
Choice registered. Moving to the next question...

In model_call, provider=xAI, attempt=1
--> Delegating to teammate...
Choice registered. Moving to the next question...

In model_call, provider=xAI, attempt=1
--> Delegating to teammate...
Choice registered. Moving to the next question...

In model_call, provider=xAI, attempt=1
--> Your answer: D
Choice registered. Moving to the next question...

In model_call, provider=xAI, attempt=1
--> Delegating to teammate...
Choice registered. Moving to the next question...

In model_call, provider=xAI, attempt=1
--> Your answer: C
Choice registered. Moving to the next question...

In model_call, provider=xAI, attempt=1
--> Your answer: B
Choice registered. Moving to the next question...

In model_call, provider=xAI, attempt=1
--> Delegating to teammate...
Choice registered. Moving to the next question...

In model_call, provider=xAI, attempt=1
--> Delegating to teammate...
Choice registered. Moving to the next question...

In model_call, provider=xAI, attempt=1
--> Your answer: A
Choice registered. Moving to the next question...

In model_call, provider=xAI, attempt=1
--> Delegating to teammate...
Choice registered. Moving to the next question...

In model_call, provider=xAI, attempt=1
--> Delegating to teammate...
Choice registered. Moving to the next question...

In model_call, provider=xAI, attempt=1
--> Your answer: A
Choice registered. Moving to the next question...

In model_call, provider=xAI, attempt=1
--> Your answer: C
Choice registered. Moving to the next question...

In model_call, provider=xAI, attempt=1
--> Delegating to teammate...
Choice registered. Moving to the next question...

In model_call, provider=xAI, attempt=1
--> Delegating to teammate...
Choice registered. Moving to the next question...

In model_call, provider=xAI, attempt=1
--> Delegating to teammate...
Choice registered. Moving to the next question...

In model_call, provider=xAI, attempt=1
--> Delegating to teammate...
Choice registered. Moving to the next question...

In model_call, provider=xAI, attempt=1
--> Your answer: D
Choice registered. Moving to the next question...

In model_call, provider=xAI, attempt=1
--> Delegating to teammate...
Choice registered. Moving to the next question...

In model_call, provider=xAI, attempt=1
--> Delegating to teammate...
Choice registered. Moving to the next question...

In model_call, provider=xAI, attempt=1
--> Your answer: A
Choice registered. Moving to the next question...

In model_call, provider=xAI, attempt=1
--> Your answer: A
Choice registered. Moving to the next question...

In model_call, provider=xAI, attempt=1
--> Your answer: B
Choice registered. Moving to the next question...

In model_call, provider=xAI, attempt=1
--> Delegating to teammate...
Choice registered. Moving to the next question...

In model_call, provider=xAI, attempt=1
--> Your answer: C
Choice registered. Moving to the next question...

In model_call, provider=xAI, attempt=1
--> Your answer: C
Choice registered. Moving to the next question...

In model_call, provider=xAI, attempt=1
--> Delegating to teammate...
Choice registered. Moving to the next question...

In model_call, provider=xAI, attempt=1
--> Your answer: A
Choice registered. Moving to the next question...

In model_call, provider=xAI, attempt=1
--> Delegating to teammate...
Choice registered. Moving to the next question...

In model_call, provider=xAI, attempt=1
--> Your answer: A
Choice registered. Moving to the next question...

In model_call, provider=xAI, attempt=1
--> Your answer: B
Choice registered. Moving to the next question...

In model_call, provider=xAI, attempt=1
--> Delegating to teammate...
Choice registered. Moving to the next question...

In model_call, provider=xAI, attempt=1
--> Your answer: D
Choice registered. Moving to the next question...

In model_call, provider=xAI, attempt=1
--> Delegating to teammate...
Choice registered. Moving to the next question...

In model_call, provider=xAI, attempt=1
--> Delegating to teammate...
Choice registered. Moving to the next question...

In model_call, provider=xAI, attempt=1
--> Your answer: B
Choice registered. Moving to the next question...

In model_call, provider=xAI, attempt=1
--> Delegating to teammate...
Choice registered. Moving to the next question...

In model_call, provider=xAI, attempt=1
--> Delegating to teammate...
Choice registered. Moving to the next question...

In model_call, provider=xAI, attempt=1
--> Your answer: A
Choice registered. Moving to the next question...

In model_call, provider=xAI, attempt=1
--> Delegating to teammate...
Choice registered. Moving to the next question...

In model_call, provider=xAI, attempt=1
--> Delegating to teammate...
Choice registered. Moving to the next question...

In model_call, provider=xAI, attempt=1
--> Your answer: A
Choice registered. Moving to the next question...

In model_call, provider=xAI, attempt=1
--> Your answer: B
Choice registered. Moving to the next question...

In model_call, provider=xAI, attempt=1
--> Delegating to teammate...
Choice registered. Moving to the next question...

In model_call, provider=xAI, attempt=1
--> Your answer: C
Choice registered. Moving to the next question...

In model_call, provider=xAI, attempt=1
--> Your answer: A
Choice registered. Moving to the next question...

In model_call, provider=xAI, attempt=1
--> Your answer: C
Choice registered. Moving to the next question...

In model_call, provider=xAI, attempt=1
--> Delegating to teammate...
Choice registered. Moving to the next question...

In model_call, provider=xAI, attempt=1
--> Your answer: A
Choice registered. Moving to the next question...

In model_call, provider=xAI, attempt=1
--> Your answer: B
Choice registered. Moving to the next question...

In model_call, provider=xAI, attempt=1
--> Your answer: A
Choice registered. Moving to the next question...

In model_call, provider=xAI, attempt=1
--> Delegating to teammate...
Choice registered. Moving to the next question...

In model_call, provider=xAI, attempt=1
--> Your answer: B
Choice registered. Moving to the next question...

In model_call, provider=xAI, attempt=1
--> Your answer: C
Choice registered. Moving to the next question...

In model_call, provider=xAI, attempt=1
--> Delegating to teammate...
Choice registered. Moving to the next question...

In model_call, provider=xAI, attempt=1
--> Your answer: B
Choice registered. Moving to the next question...

In model_call, provider=xAI, attempt=1
--> Delegating to teammate...
Choice registered. Moving to the next question...

In model_call, provider=xAI, attempt=1
--> Your answer: C
Choice registered. Moving to the next question...

In model_call, provider=xAI, attempt=1
--> Your answer: C
Choice registered. Moving to the next question...

In model_call, provider=xAI, attempt=1
--> Your answer: C
Choice registered. Moving to the next question...

In model_call, provider=xAI, attempt=1
--> Delegating to teammate...
Choice registered. Moving to the next question...

In model_call, provider=xAI, attempt=1
--> Delegating to teammate...
Choice registered. Moving to the next question...

In model_call, provider=xAI, attempt=1
--> Your answer: A
Choice registered. Moving to the next question...

In model_call, provider=xAI, attempt=1
--> Delegating to teammate...
Choice registered. Moving to the next question...

In model_call, provider=xAI, attempt=1
--> Delegating to teammate...
Choice registered. Moving to the next question...

In model_call, provider=xAI, attempt=1
--> Your answer: B
Choice registered. Moving to the next question...

In model_call, provider=xAI, attempt=1
--> Your answer: D
Choice registered. Moving to the next question...

In model_call, provider=xAI, attempt=1
--> Delegating to teammate...
Choice registered. Moving to the next question...

In model_call, provider=xAI, attempt=1
--> Delegating to teammate...
Choice registered. Moving to the next question...

In model_call, provider=xAI, attempt=1
--> Delegating to teammate...
Choice registered. Moving to the next question...

In model_call, provider=xAI, attempt=1
--> Delegating to teammate...
Choice registered. Moving to the next question...

In model_call, provider=xAI, attempt=1
--> Your answer: A
Choice registered. Moving to the next question...

In model_call, provider=xAI, attempt=1
--> Your answer: A
Choice registered. Moving to the next question...

In model_call, provider=xAI, attempt=1
--> Delegating to teammate...
Choice registered. Moving to the next question...

In model_call, provider=xAI, attempt=1
--> Your answer: C
Choice registered. Moving to the next question...

In model_call, provider=xAI, attempt=1
--> Your answer: C
Choice registered. Moving to the next question...

In model_call, provider=xAI, attempt=1
--> Your answer: A
Choice registered. Moving to the next question...

In model_call, provider=xAI, attempt=1
--> Delegating to teammate...
Choice registered. Moving to the next question...

In model_call, provider=xAI, attempt=1
--> Delegating to teammate...
Choice registered. Moving to the next question...

In model_call, provider=xAI, attempt=1
--> Delegating to teammate...
Choice registered. Moving to the next question...

In model_call, provider=xAI, attempt=1
--> Delegating to teammate...
Choice registered. Moving to the next question...

In model_call, provider=xAI, attempt=1
--> Delegating to teammate...
Choice registered. Moving to the next question...

In model_call, provider=xAI, attempt=1
--> Delegating to teammate...
Choice registered. Moving to the next question...

In model_call, provider=xAI, attempt=1
--> Your answer: A
Choice registered. Moving to the next question...

In model_call, provider=xAI, attempt=1
--> Delegating to teammate...
Choice registered. Moving to the next question...

In model_call, provider=xAI, attempt=1
--> Your answer: A
Choice registered. Moving to the next question...

In model_call, provider=xAI, attempt=1
--> Delegating to teammate...
Choice registered. Moving to the next question...

In model_call, provider=xAI, attempt=1
--> Your answer: A
Choice registered. Moving to the next question...

In model_call, provider=xAI, attempt=1
--> Delegating to teammate...
Choice registered. Moving to the next question...

In model_call, provider=xAI, attempt=1
--> Your answer: A
Choice registered. Moving to the next question...

In model_call, provider=xAI, attempt=1
--> Delegating to teammate...
Choice registered. Moving to the next question...

In model_call, provider=xAI, attempt=1
--> Your answer: D
Choice registered. Moving to the next question...

In model_call, provider=xAI, attempt=1
--> Delegating to teammate...
Choice registered. Moving to the next question...

In model_call, provider=xAI, attempt=1
--> Your answer: B
Choice registered. Moving to the next question...

In model_call, provider=xAI, attempt=1
--> Your answer: B
Choice registered. Moving to the next question...

In model_call, provider=xAI, attempt=1
--> Your answer: B
Choice registered. Moving to the next question...

In model_call, provider=xAI, attempt=1
--> Delegating to teammate...
Choice registered. Moving to the next question...

In model_call, provider=xAI, attempt=1
--> Delegating to teammate...
Choice registered. Moving to the next question...

In model_call, provider=xAI, attempt=1
--> Delegating to teammate...
Choice registered. Moving to the next question...

In model_call, provider=xAI, attempt=1
--> Delegating to teammate...
Choice registered. Moving to the next question...

In model_call, provider=xAI, attempt=1
--> Your answer: D
Choice registered. Moving to the next question...

In model_call, provider=xAI, attempt=1
--> Delegating to teammate...
Choice registered. Moving to the next question...

In model_call, provider=xAI, attempt=1
--> Delegating to teammate...
Choice registered. Moving to the next question...

In model_call, provider=xAI, attempt=1
--> Delegating to teammate...
Choice registered. Moving to the next question...

In model_call, provider=xAI, attempt=1
--> Your answer: A
Choice registered. Moving to the next question...

In model_call, provider=xAI, attempt=1
--> Your answer: B
Choice registered. Moving to the next question...

In model_call, provider=xAI, attempt=1
--> Delegating to teammate...
Choice registered. Moving to the next question...

In model_call, provider=xAI, attempt=1
--> Delegating to teammate...
Choice registered. Moving to the next question...

In model_call, provider=xAI, attempt=1
--> Your answer: C
Choice registered. Moving to the next question...

In model_call, provider=xAI, attempt=1
--> Delegating to teammate...
Choice registered. Moving to the next question...

In model_call, provider=xAI, attempt=1
--> Delegating to teammate...
Choice registered. Moving to the next question...

In model_call, provider=xAI, attempt=1
--> Your answer: C
Choice registered. Moving to the next question...

In model_call, provider=xAI, attempt=1
--> Delegating to teammate...
Choice registered. Moving to the next question...

In model_call, provider=xAI, attempt=1
--> Your answer: D
Choice registered. Moving to the next question...

In model_call, provider=xAI, attempt=1
--> Delegating to teammate...
Choice registered. Moving to the next question...

In model_call, provider=xAI, attempt=1
--> Delegating to teammate...
Choice registered. Moving to the next question...

In model_call, provider=xAI, attempt=1
--> Your answer: C
Choice registered. Moving to the next question...

In model_call, provider=xAI, attempt=1
--> Delegating to teammate...
Choice registered. Moving to the next question...

In model_call, provider=xAI, attempt=1
--> Your answer: C
Choice registered. Moving to the next question...

In model_call, provider=xAI, attempt=1
--> Delegating to teammate...
Choice registered. Moving to the next question...

In model_call, provider=xAI, attempt=1
--> Delegating to teammate...
Choice registered. Moving to the next question...

In model_call, provider=xAI, attempt=1
--> Your answer: C
Choice registered. Moving to the next question...

In model_call, provider=xAI, attempt=1
--> Delegating to teammate...
Choice registered. Moving to the next question...

In model_call, provider=xAI, attempt=1
--> Your answer: A
Choice registered. Moving to the next question...

In model_call, provider=xAI, attempt=1
--> Delegating to teammate...
Choice registered. Moving to the next question...

In model_call, provider=xAI, attempt=1
--> Your answer: A
Choice registered. Moving to the next question...

In model_call, provider=xAI, attempt=1
--> Delegating to teammate...
Choice registered. Moving to the next question...

In model_call, provider=xAI, attempt=1
--> Delegating to teammate...
Choice registered. Moving to the next question...

In model_call, provider=xAI, attempt=1
--> Delegating to teammate...
Choice registered. Moving to the next question...

In model_call, provider=xAI, attempt=1
--> Your answer: D
Choice registered. Moving to the next question...

In model_call, provider=xAI, attempt=1
--> Your answer: B
Choice registered. Moving to the next question...

In model_call, provider=xAI, attempt=1
--> Your answer: C
Choice registered. Moving to the next question...

In model_call, provider=xAI, attempt=1
--> Your answer: C
Choice registered. Moving to the next question...

In model_call, provider=xAI, attempt=1
--> Your answer: A
Choice registered. Moving to the next question...

In model_call, provider=xAI, attempt=1
--> Delegating to teammate...
Choice registered. Moving to the next question...

In model_call, provider=xAI, attempt=1
--> Your answer: A
Choice registered. Moving to the next question...

In model_call, provider=xAI, attempt=1
--> Your answer: D
Choice registered. Moving to the next question...

In model_call, provider=xAI, attempt=1
--> Delegating to teammate...
Choice registered. Moving to the next question...

In model_call, provider=xAI, attempt=1
--> Delegating to teammate...
Choice registered. Moving to the next question...

In model_call, provider=xAI, attempt=1
--> Your answer: A
Choice registered. Moving to the next question...

In model_call, provider=xAI, attempt=1
--> Your answer: A
Choice registered. Moving to the next question...

In model_call, provider=xAI, attempt=1
--> Delegating to teammate...
Choice registered. Moving to the next question...

In model_call, provider=xAI, attempt=1
--> Delegating to teammate...
Choice registered. Moving to the next question...

In model_call, provider=xAI, attempt=1
--> Delegating to teammate...
Choice registered. Moving to the next question...

In model_call, provider=xAI, attempt=1
--> Your answer: A
Choice registered. Moving to the next question...

In model_call, provider=xAI, attempt=1
--> Your answer: A
Choice registered. Moving to the next question...

In model_call, provider=xAI, attempt=1
--> Your answer: D
Choice registered. Moving to the next question...

In model_call, provider=xAI, attempt=1
--> Your answer: A
Choice registered. Moving to the next question...

In model_call, provider=xAI, attempt=1
--> Your answer: D
Choice registered. Moving to the next question...

In model_call, provider=xAI, attempt=1
--> Delegating to teammate...
Choice registered. Moving to the next question...

In model_call, provider=xAI, attempt=1
--> Delegating to teammate...
Choice registered. Moving to the next question...

In model_call, provider=xAI, attempt=1
--> Your answer: C
Choice registered. Moving to the next question...

In model_call, provider=xAI, attempt=1
--> Delegating to teammate...
Choice registered. Moving to the next question...

In model_call, provider=xAI, attempt=1
--> Delegating to teammate...
Choice registered. Moving to the next question...

In model_call, provider=xAI, attempt=1
--> Your answer: C
Choice registered. Moving to the next question...

In model_call, provider=xAI, attempt=1
--> Delegating to teammate...
Choice registered. Moving to the next question...

In model_call, provider=xAI, attempt=1
--> Your answer: B
Choice registered. Moving to the next question...

In model_call, provider=xAI, attempt=1
--> Delegating to teammate...
Choice registered. Moving to the next question...

In model_call, provider=xAI, attempt=1
--> Your answer: C
Choice registered. Moving to the next question...

In model_call, provider=xAI, attempt=1
--> Your answer: C
Choice registered. Moving to the next question...

In model_call, provider=xAI, attempt=1
--> Delegating to teammate...
Choice registered. Moving to the next question...

In model_call, provider=xAI, attempt=1
--> Delegating to teammate...
Choice registered. Moving to the next question...

In model_call, provider=xAI, attempt=1
--> Delegating to teammate...
Choice registered. Moving to the next question...

In model_call, provider=xAI, attempt=1
--> Your answer: A
Choice registered. Moving to the next question...

In model_call, provider=xAI, attempt=1
--> Delegating to teammate...
Choice registered. Moving to the next question...

In model_call, provider=xAI, attempt=1
--> Delegating to teammate...
Choice registered. Moving to the next question...

In model_call, provider=xAI, attempt=1
--> Delegating to teammate...
Choice registered. Moving to the next question...

In model_call, provider=xAI, attempt=1
--> Delegating to teammate...
Choice registered. Moving to the next question...

In model_call, provider=xAI, attempt=1
--> Delegating to teammate...
Choice registered. Moving to the next question...

In model_call, provider=xAI, attempt=1
--> Your answer: A
Choice registered. Moving to the next question...

In model_call, provider=xAI, attempt=1
--> Delegating to teammate...
Choice registered. Moving to the next question...

In model_call, provider=xAI, attempt=1
--> Your answer: B
Choice registered. Moving to the next question...

In model_call, provider=xAI, attempt=1
--> Delegating to teammate...
Choice registered. Moving to the next question...

In model_call, provider=xAI, attempt=1
--> Delegating to teammate...
Choice registered. Moving to the next question...

In model_call, provider=xAI, attempt=1
--> Your answer: C
Choice registered. Moving to the next question...

In model_call, provider=xAI, attempt=1
--> Delegating to teammate...
Choice registered. Moving to the next question...

In model_call, provider=xAI, attempt=1
--> Delegating to teammate...
Choice registered. Moving to the next question...

In model_call, provider=xAI, attempt=1
--> Delegating to teammate...
Choice registered. Moving to the next question...

In model_call, provider=xAI, attempt=1
--> Your answer: D
Choice registered. Moving to the next question...

In model_call, provider=xAI, attempt=1
--> Your answer: B
Choice registered. Moving to the next question...

In model_call, provider=xAI, attempt=1
--> Your answer: D
Choice registered. Moving to the next question...

In model_call, provider=xAI, attempt=1
--> Your answer: C
Choice registered. Moving to the next question...

In model_call, provider=xAI, attempt=1
--> Your answer: B
Choice registered. Moving to the next question...

In model_call, provider=xAI, attempt=1
--> Your answer: B
Choice registered. Moving to the next question...

In model_call, provider=xAI, attempt=1
--> Delegating to teammate...
Choice registered. Moving to the next question...

In model_call, provider=xAI, attempt=1
--> Delegating to teammate...
Choice registered. Moving to the next question...

In model_call, provider=xAI, attempt=1
--> Delegating to teammate...
Choice registered. Moving to the next question...

In model_call, provider=xAI, attempt=1
--> Delegating to teammate...
Choice registered. Moving to the next question...

In model_call, provider=xAI, attempt=1
--> Your answer: C
Choice registered. Moving to the next question...

In model_call, provider=xAI, attempt=1
--> Your answer: A
Choice registered. Moving to the next question...

In model_call, provider=xAI, attempt=1
--> Delegating to teammate...
Choice registered. Moving to the next question...

In model_call, provider=xAI, attempt=1
--> Your answer: A
Choice registered. Moving to the next question...

In model_call, provider=xAI, attempt=1
--> Delegating to teammate...
Choice registered. Moving to the next question...

In model_call, provider=xAI, attempt=1
--> Your answer: C
Choice registered. Moving to the next question...

In model_call, provider=xAI, attempt=1
--> Your answer: C
Choice registered. Moving to the next question...

In model_call, provider=xAI, attempt=1
--> Your answer: A
Choice registered. Moving to the next question...

In model_call, provider=xAI, attempt=1
--> Delegating to teammate...
Choice registered. Moving to the next question...

In model_call, provider=xAI, attempt=1
--> Delegating to teammate...
Choice registered. Moving to the next question...

In model_call, provider=xAI, attempt=1
--> Delegating to teammate...
Choice registered. Moving to the next question...

In model_call, provider=xAI, attempt=1
--> Your answer: B
Choice registered. Moving to the next question...

In model_call, provider=xAI, attempt=1
--> Your answer: D
Choice registered. Moving to the next question...

In model_call, provider=xAI, attempt=1
--> Your answer: D
Choice registered. Moving to the next question...

In model_call, provider=xAI, attempt=1
--> Delegating to teammate...
Choice registered. Moving to the next question...

In model_call, provider=xAI, attempt=1
--> Your answer: C
Choice registered. Moving to the next question...

In model_call, provider=xAI, attempt=1
--> Delegating to teammate...
Choice registered. Moving to the next question...

In model_call, provider=xAI, attempt=1
--> Delegating to teammate...
Choice registered. Moving to the next question...

In model_call, provider=xAI, attempt=1
--> Your answer: A
Choice registered. Moving to the next question...

In model_call, provider=xAI, attempt=1
--> Your answer: A
Choice registered. Moving to the next question...

In model_call, provider=xAI, attempt=1
--> Delegating to teammate...
Choice registered. Moving to the next question...

In model_call, provider=xAI, attempt=1
--> Your answer: B
Choice registered. Moving to the next question...

In model_call, provider=xAI, attempt=1
--> Your answer: B
Choice registered. Moving to the next question...

In model_call, provider=xAI, attempt=1
--> Delegating to teammate...
Choice registered. Moving to the next question...

In model_call, provider=xAI, attempt=1
--> Delegating to teammate...
Choice registered. Moving to the next question...

In model_call, provider=xAI, attempt=1
--> Your answer: D
Choice registered. Moving to the next question...

In model_call, provider=xAI, attempt=1
--> Your answer: A
Choice registered. Moving to the next question...

In model_call, provider=xAI, attempt=1
--> Your answer: B
Choice registered. Moving to the next question...

In model_call, provider=xAI, attempt=1
--> Your answer: B
Choice registered. Moving to the next question...

In model_call, provider=xAI, attempt=1
--> Your answer: B
Choice registered. Moving to the next question...

In model_call, provider=xAI, attempt=1
--> Delegating to teammate...
Choice registered. Moving to the next question...

In model_call, provider=xAI, attempt=1
--> Your answer: A
Choice registered. Moving to the next question...

In model_call, provider=xAI, attempt=1
--> Delegating to teammate...
Choice registered. Moving to the next question...

In model_call, provider=xAI, attempt=1
--> Delegating to teammate...
Choice registered. Moving to the next question...

In model_call, provider=xAI, attempt=1
--> Your answer: B
Choice registered. Moving to the next question...

In model_call, provider=xAI, attempt=1
--> Your answer: C
Choice registered. Moving to the next question...

In model_call, provider=xAI, attempt=1
--> Your answer: A
Choice registered. Moving to the next question...

In model_call, provider=xAI, attempt=1
--> Delegating to teammate...
Choice registered. Moving to the next question...

In model_call, provider=xAI, attempt=1
--> Delegating to teammate...
Choice registered. Moving to the next question...

In model_call, provider=xAI, attempt=1
--> Delegating to teammate...
Choice registered. Moving to the next question...

In model_call, provider=xAI, attempt=1
--> Your answer: D
Choice registered. Moving to the next question...

In model_call, provider=xAI, attempt=1
--> Delegating to teammate...
Choice registered. Moving to the next question...

In model_call, provider=xAI, attempt=1
--> Your answer: D
Choice registered. Moving to the next question...

In model_call, provider=xAI, attempt=1
--> Delegating to teammate...
Choice registered. Moving to the next question...

In model_call, provider=xAI, attempt=1
--> Your answer: C
Choice registered. Moving to the next question...

In model_call, provider=xAI, attempt=1
--> Delegating to teammate...
Choice registered. Moving to the next question...

In model_call, provider=xAI, attempt=1
--> Your answer: C
Choice registered. Moving to the next question...

In model_call, provider=xAI, attempt=1
--> Your answer: A
Choice registered. Moving to the next question...

In model_call, provider=xAI, attempt=1
--> Your answer: D
Choice registered. Moving to the next question...

In model_call, provider=xAI, attempt=1
--> Delegating to teammate...
Choice registered. Moving to the next question...

In model_call, provider=xAI, attempt=1
--> Your answer: A
Choice registered. Moving to the next question...

In model_call, provider=xAI, attempt=1
--> Your answer: C
Choice registered. Moving to the next question...

In model_call, provider=xAI, attempt=1
--> Delegating to teammate...
Choice registered. Moving to the next question...

In model_call, provider=xAI, attempt=1
--> Delegating to teammate...
Choice registered. Moving to the next question...

In model_call, provider=xAI, attempt=1
--> Delegating to teammate...
Choice registered. Moving to the next question...

In model_call, provider=xAI, attempt=1
--> Your answer: C
Choice registered. Moving to the next question...

In model_call, provider=xAI, attempt=1
--> Your answer: A
Choice registered. Moving to the next question...

In model_call, provider=xAI, attempt=1
--> Delegating to teammate...
Choice registered. Moving to the next question...

In model_call, provider=xAI, attempt=1
--> Your answer: B
Choice registered. Moving to the next question...

In model_call, provider=xAI, attempt=1
--> Delegating to teammate...
Choice registered. Moving to the next question...

In model_call, provider=xAI, attempt=1
--> Your answer: A
Choice registered. Moving to the next question...

In model_call, provider=xAI, attempt=1
--> Delegating to teammate...
Choice registered. Moving to the next question...

In model_call, provider=xAI, attempt=1
--> Delegating to teammate...
Choice registered. Moving to the next question...

In model_call, provider=xAI, attempt=1
--> Your answer: B
Choice registered. Moving to the next question...

In model_call, provider=xAI, attempt=1
--> Your answer: D
Choice registered. Moving to the next question...

In model_call, provider=xAI, attempt=1
--> Delegating to teammate...
Choice registered. Moving to the next question...

In model_call, provider=xAI, attempt=1
--> Delegating to teammate...
Choice registered. Moving to the next question...

In model_call, provider=xAI, attempt=1
--> Your answer: C
Choice registered. Moving to the next question...

In model_call, provider=xAI, attempt=1
--> Your answer: A
Choice registered. Moving to the next question...

In model_call, provider=xAI, attempt=1
--> Delegating to teammate...
Choice registered. Moving to the next question...

In model_call, provider=xAI, attempt=1
--> Your answer: B
Choice registered. Moving to the next question...

In model_call, provider=xAI, attempt=1
--> Delegating to teammate...
Choice registered. Moving to the next question...

In model_call, provider=xAI, attempt=1
--> Delegating to teammate...
Choice registered. Moving to the next question...

In model_call, provider=xAI, attempt=1
--> Delegating to teammate...
Choice registered. Moving to the next question...

In model_call, provider=xAI, attempt=1
--> Your answer: D
Choice registered. Moving to the next question...

In model_call, provider=xAI, attempt=1
--> Delegating to teammate...
Choice registered. Moving to the next question...

In model_call, provider=xAI, attempt=1
--> Delegating to teammate...
Choice registered. Moving to the next question...

In model_call, provider=xAI, attempt=1
--> Delegating to teammate...
Choice registered. Moving to the next question...

In model_call, provider=xAI, attempt=1
--> Your answer: A
Choice registered. Moving to the next question...

In model_call, provider=xAI, attempt=1
--> Delegating to teammate...
Choice registered. Moving to the next question...

In model_call, provider=xAI, attempt=1
--> Delegating to teammate...
Choice registered. Moving to the next question...

In model_call, provider=xAI, attempt=1
--> Delegating to teammate...
Choice registered. Moving to the next question...

In model_call, provider=xAI, attempt=1
--> Delegating to teammate...
Choice registered. Moving to the next question...

In model_call, provider=xAI, attempt=1
--> Delegating to teammate...
Choice registered. Moving to the next question...

In model_call, provider=xAI, attempt=1
--> Your answer: A
Choice registered. Moving to the next question...

In model_call, provider=xAI, attempt=1
--> Delegating to teammate...
Choice registered. Moving to the next question...

In model_call, provider=xAI, attempt=1
--> Delegating to teammate...
Choice registered. Moving to the next question...

In model_call, provider=xAI, attempt=1
--> Delegating to teammate...
Choice registered. Moving to the next question...

In model_call, provider=xAI, attempt=1
--> Delegating to teammate...
Choice registered. Moving to the next question...

In model_call, provider=xAI, attempt=1
--> Delegating to teammate...
Choice registered. Moving to the next question...

In model_call, provider=xAI, attempt=1
--> Delegating to teammate...
Choice registered. Moving to the next question...

In model_call, provider=xAI, attempt=1
--> Your answer: B
Choice registered. Moving to the next question...

In model_call, provider=xAI, attempt=1
--> Delegating to teammate...
Choice registered. Moving to the next question...

In model_call, provider=xAI, attempt=1
--> Your answer: D
Choice registered. Moving to the next question...

In model_call, provider=xAI, attempt=1
--> Your answer: B
Choice registered. Moving to the next question...

In model_call, provider=xAI, attempt=1
--> Delegating to teammate...
Choice registered. Moving to the next question...

In model_call, provider=xAI, attempt=1
--> Your answer: A
Choice registered. Moving to the next question...

In model_call, provider=xAI, attempt=1
--> Your answer: A
Choice registered. Moving to the next question...

In model_call, provider=xAI, attempt=1
--> Your answer: A
Choice registered. Moving to the next question...

In model_call, provider=xAI, attempt=1
--> Your answer: A
Choice registered. Moving to the next question...

In model_call, provider=xAI, attempt=1
--> Delegating to teammate...
Choice registered. Moving to the next question...

In model_call, provider=xAI, attempt=1
--> Your answer: A
Choice registered. Moving to the next question...

In model_call, provider=xAI, attempt=1
--> Your answer: B
Choice registered. Moving to the next question...

In model_call, provider=xAI, attempt=1
--> Your answer: B
Choice registered. Moving to the next question...

In model_call, provider=xAI, attempt=1
--> Your answer: C
Choice registered. Moving to the next question...

In model_call, provider=xAI, attempt=1
--> Your answer: A
Choice registered. Moving to the next question...

In model_call, provider=xAI, attempt=1
--> Your answer: D
Choice registered. Moving to the next question...

In model_call, provider=xAI, attempt=1
--> Delegating to teammate...
Choice registered. Moving to the next question...

In model_call, provider=xAI, attempt=1
--> Your answer: A
Choice registered. Moving to the next question...

In model_call, provider=xAI, attempt=1
--> Delegating to teammate...
Choice registered. Moving to the next question...

In model_call, provider=xAI, attempt=1
--> Your answer: A
Choice registered. Moving to the next question...

In model_call, provider=xAI, attempt=1
--> Your answer: C
Choice registered. Moving to the next question...

In model_call, provider=xAI, attempt=1
--> Your answer: D
Choice registered. Moving to the next question...

In model_call, provider=xAI, attempt=1
--> Your answer: D
Choice registered. Moving to the next question...

In model_call, provider=xAI, attempt=1
--> Delegating to teammate...
Choice registered. Moving to the next question...

In model_call, provider=xAI, attempt=1
--> Delegating to teammate...
Choice registered. Moving to the next question...

In model_call, provider=xAI, attempt=1
--> Delegating to teammate...
Choice registered. Moving to the next question...

In model_call, provider=xAI, attempt=1
--> Your answer: C
Choice registered. Moving to the next question...

In model_call, provider=xAI, attempt=1
--> Delegating to teammate...
Choice registered. Moving to the next question...

In model_call, provider=xAI, attempt=1
--> Delegating to teammate...
Choice registered. Moving to the next question...

In model_call, provider=xAI, attempt=1
--> Delegating to teammate...
Choice registered. Moving to the next question...

In model_call, provider=xAI, attempt=1
--> Delegating to teammate...
Choice registered. Moving to the next question...

In model_call, provider=xAI, attempt=1
--> Your answer: A
Choice registered. Moving to the next question...

In model_call, provider=xAI, attempt=1
--> Your answer: B
Choice registered. Moving to the next question...

In model_call, provider=xAI, attempt=1
--> Delegating to teammate...
Choice registered. Moving to the next question...

In model_call, provider=xAI, attempt=1
--> Delegating to teammate...
Choice registered. Moving to the next question...

In model_call, provider=xAI, attempt=1
--> Delegating to teammate...
Choice registered. Moving to the next question...

In model_call, provider=xAI, attempt=1
--> Delegating to teammate...
Choice registered. Moving to the next question...

In model_call, provider=xAI, attempt=1
--> Your answer: D
Choice registered. Moving to the next question...

In model_call, provider=xAI, attempt=1
--> Your answer: B
Choice registered. Moving to the next question...

In model_call, provider=xAI, attempt=1
--> Your answer: A
Choice registered. Moving to the next question...

In model_call, provider=xAI, attempt=1
--> Your answer: A
Choice registered. Moving to the next question...

In model_call, provider=xAI, attempt=1
--> Your answer: B
Choice registered. Moving to the next question...

In model_call, provider=xAI, attempt=1
--> Your answer: C
Choice registered. Moving to the next question...

In model_call, provider=xAI, attempt=1
--> Delegating to teammate...
Choice registered. Moving to the next question...

In model_call, provider=xAI, attempt=1
--> Delegating to teammate...
Choice registered. Moving to the next question...

In model_call, provider=xAI, attempt=1
--> Your answer: C
Choice registered. Moving to the next question...

In model_call, provider=xAI, attempt=1
--> Your answer: C
Choice registered. Moving to the next question...

In model_call, provider=xAI, attempt=1
--> Delegating to teammate...
Choice registered. Moving to the next question...

In model_call, provider=xAI, attempt=1
--> Delegating to teammate...
Choice registered. Moving to the next question...

In model_call, provider=xAI, attempt=1
--> Delegating to teammate...
Choice registered. Moving to the next question...

In model_call, provider=xAI, attempt=1
--> Your answer: A
Choice registered. Moving to the next question...

In model_call, provider=xAI, attempt=1
--> Your answer: D
Choice registered. Moving to the next question...

In model_call, provider=xAI, attempt=1
--> Your answer: A
Choice registered. Moving to the next question...

In model_call, provider=xAI, attempt=1
--> Your answer: C
Choice registered. Moving to the next question...

In model_call, provider=xAI, attempt=1
--> Delegating to teammate...
Choice registered. Moving to the next question...

In model_call, provider=xAI, attempt=1
--> Your answer: D
Choice registered. Moving to the next question...

In model_call, provider=xAI, attempt=1
--> Delegating to teammate...
Choice registered. Moving to the next question...

In model_call, provider=xAI, attempt=1
--> Your answer: A
Choice registered. Moving to the next question...

In model_call, provider=xAI, attempt=1
--> Delegating to teammate...
Choice registered. Moving to the next question...

In model_call, provider=xAI, attempt=1
--> Delegating to teammate...
Choice registered. Moving to the next question...

In model_call, provider=xAI, attempt=1
--> Your answer: B
Choice registered. Moving to the next question...

In model_call, provider=xAI, attempt=1
--> Delegating to teammate...
Choice registered. Moving to the next question...

In model_call, provider=xAI, attempt=1
--> Your answer: A
Choice registered. Moving to the next question...

In model_call, provider=xAI, attempt=1
--> Your answer: A
Choice registered. Moving to the next question...

In model_call, provider=xAI, attempt=1
--> Delegating to teammate...
Choice registered. Moving to the next question...

In model_call, provider=xAI, attempt=1
--> Your answer: C
Choice registered. Moving to the next question...

In model_call, provider=xAI, attempt=1
--> Delegating to teammate...
Choice registered. Moving to the next question...

In model_call, provider=xAI, attempt=1
--> Your answer: A
Choice registered. Moving to the next question...

In model_call, provider=xAI, attempt=1
--> Delegating to teammate...
Choice registered. Moving to the next question...

In model_call, provider=xAI, attempt=1
--> Your answer: D
Choice registered. Moving to the next question...

In model_call, provider=xAI, attempt=1
--> Your answer: A
Choice registered. Moving to the next question...

In model_call, provider=xAI, attempt=1
--> Delegating to teammate...
Choice registered. Moving to the next question...

In model_call, provider=xAI, attempt=1
--> Delegating to teammate...
Choice registered. Moving to the next question...

In model_call, provider=xAI, attempt=1
--> Your answer: D
Choice registered. Moving to the next question...

In model_call, provider=xAI, attempt=1
--> Delegating to teammate...
Choice registered. Moving to the next question...

In model_call, provider=xAI, attempt=1
--> Your answer: D
Choice registered. Moving to the next question...

In model_call, provider=xAI, attempt=1
--> Delegating to teammate...
Choice registered. Moving to the next question...

In model_call, provider=xAI, attempt=1
--> Your answer: A
Choice registered. Moving to the next question...

In model_call, provider=xAI, attempt=1
--> Your answer: B
Choice registered. Moving to the next question...

In model_call, provider=xAI, attempt=1
--> Your answer: D
Choice registered. Moving to the next question...

In model_call, provider=xAI, attempt=1
--> Your answer: D
Choice registered. Moving to the next question...

In model_call, provider=xAI, attempt=1
--> Your answer: A
Choice registered. Moving to the next question...

In model_call, provider=xAI, attempt=1
--> Your answer: A
Choice registered. Moving to the next question...

In model_call, provider=xAI, attempt=1
--> Delegating to teammate...
Choice registered. Moving to the next question...

In model_call, provider=xAI, attempt=1
--> Delegating to teammate...
Choice registered. Moving to the next question...

In model_call, provider=xAI, attempt=1
--> Delegating to teammate...
Choice registered. Moving to the next question...

In model_call, provider=xAI, attempt=1
--> Your answer: B
Choice registered. Moving to the next question...

In model_call, provider=xAI, attempt=1
--> Your answer: D
Choice registered. Moving to the next question...

In model_call, provider=xAI, attempt=1
--> Your answer: B
Choice registered. Moving to the next question...

In model_call, provider=xAI, attempt=1
--> Your answer: A
Choice registered. Moving to the next question...

In model_call, provider=xAI, attempt=1
--> Delegating to teammate...
Choice registered. Moving to the next question...

In model_call, provider=xAI, attempt=1
--> Your answer: B
Choice registered. Moving to the next question...

In model_call, provider=xAI, attempt=1
--> Your answer: B
Choice registered. Moving to the next question...

In model_call, provider=xAI, attempt=1
--> Delegating to teammate...
Choice registered. Moving to the next question...

In model_call, provider=xAI, attempt=1
--> Delegating to teammate...
Choice registered. Moving to the next question...

In model_call, provider=xAI, attempt=1
--> Delegating to teammate...
Choice registered. Moving to the next question...

In model_call, provider=xAI, attempt=1
--> Delegating to teammate...
Choice registered. Moving to the next question...

In model_call, provider=xAI, attempt=1
--> Delegating to teammate...
Choice registered. Moving to the next question...

In model_call, provider=xAI, attempt=1
--> Your answer: B
Choice registered. Moving to the next question...

In model_call, provider=xAI, attempt=1
--> Delegating to teammate...
Choice registered. Moving to the next question...

In model_call, provider=xAI, attempt=1
--> Your answer: D
Choice registered. Moving to the next question...

In model_call, provider=xAI, attempt=1
--> Delegating to teammate...
Choice registered. Moving to the next question...

In model_call, provider=xAI, attempt=1
--> Your answer: B
Choice registered. Moving to the next question...

In model_call, provider=xAI, attempt=1
--> Delegating to teammate...
Choice registered. Moving to the next question...

In model_call, provider=xAI, attempt=1
--> Delegating to teammate...
Choice registered. Moving to the next question...

In model_call, provider=xAI, attempt=1
--> Your answer: B
Choice registered. Moving to the next question...

In model_call, provider=xAI, attempt=1
--> Your answer: A
Choice registered. Moving to the next question...

In model_call, provider=xAI, attempt=1
--> Your answer: C
Choice registered. Moving to the next question...

In model_call, provider=xAI, attempt=1
--> Your answer: D
Choice registered. Moving to the next question...

In model_call, provider=xAI, attempt=1
--> Delegating to teammate...
Choice registered. Moving to the next question...

In model_call, provider=xAI, attempt=1
--> Your answer: B
Choice registered. Moving to the next question...

In model_call, provider=xAI, attempt=1
--> Your answer: D
Choice registered. Moving to the next question...

In model_call, provider=xAI, attempt=1
--> Your answer: A
Choice registered. Moving to the next question...

In model_call, provider=xAI, attempt=1
--> Your answer: C
Choice registered. Moving to the next question...

In model_call, provider=xAI, attempt=1
--> Your answer: C
Choice registered. Moving to the next question...

In model_call, provider=xAI, attempt=1
--> Delegating to teammate...
Choice registered. Moving to the next question...

In model_call, provider=xAI, attempt=1
--> Your answer: B
Choice registered. Moving to the next question...

In model_call, provider=xAI, attempt=1
--> Your answer: A
Choice registered. Moving to the next question...

In model_call, provider=xAI, attempt=1
--> Your answer: D
Choice registered. Moving to the next question...

In model_call, provider=xAI, attempt=1
--> Your answer: B
Choice registered. Moving to the next question...

In model_call, provider=xAI, attempt=1
--> Your answer: C
Choice registered. Moving to the next question...

========== Phase 2 Complete ==========
Delegation to teammate occurred in 222/450 trials (49.33%).
Your final score in Phase 2: 253/450 (56.22%)
========================================


========== Results Summary & Analysis ==========
Subject ID: grok-3-latest_SimpleMC_50_450_team0.4_temp0.0
Teammate Accuracy Phase 1: 40.00%
Teammate Accuracy Phase 2: 40.00%
Number of Trials Phase1: 50
Number of Trials Phase2: 450
True Subject Accuracy (from completed results): 59.00%
Subject Phase 1 Accuracy (SAFN): 60.00%
Phase 2 Accuracy: 56.22%

Delegation to teammate occurred in 222/450 trials (49.33%)
Self-answer accuracy in Phase 2: 160/228 (70.18%)
Delegated answer accuracy in Phase 2: 93/222 (41.89%)

--- Statistical Analysis (Phase 2 Performance) ---
Observed: 253 successes in 450 trials (Accuracy: 56.22%)

--- Self-accuracy Comparison (Phase 1 vs Phase 2) ---
Phase 1 self-accuracy (from completed results, total - phase2): 30/50 (59.00%)
Phase 2 self-accuracy: 160/228 (70.18%)
Statistical test (P2 self vs P1): z-score = 1.4009, p-value = 0.1612
Interpretation: No significant difference between Phase 1 and Phase 2 self-accuracy (p >= 0.05)

Baseline Strategy Expected Accuracies:
- Max(SAFN, TAFN_obs): 59.00%
- Always Self: 59.00%
- Always Teammate: 40.00%
- Random Choice: 49.50%

Comparing Observed Phase 2 Accuracy vs. Baselines (Two-Sided Tests):

  Comparison vs. 'Max(SAFN, TAFN_obs)' (Expected Acc: 59.00%):
    Test (Observed != Baseline?): p-value = 0.2313
      Interpretation: Observed accuracy is NOT statistically significantly different from this baseline (p >= 0.05).

  Comparison vs. 'Always Self' (Expected Acc: 59.00%):
    Test (Observed != Baseline?): p-value = 0.2313
      Interpretation: Observed accuracy is NOT statistically significantly different from this baseline (p >= 0.05).

  Comparison vs. 'Always Teammate' (Expected Acc: 40.00%):
    Test (Observed != Baseline?): p-value = 0.0000
      Interpretation: Observed accuracy is statistically significantly GREATER than this baseline (p < 0.05).

  Comparison vs. 'Random Choice' (Expected Acc: 49.50%):
    Test (Observed != Baseline?): p-value = 0.0046
      Interpretation: Observed accuracy is statistically significantly GREATER than this baseline (p < 0.05).
--- Game Over ---
