Provider: xAI
Second-Chance Game Log for Subject: grok-3-latest_GPSA_redacted_temp0.0
Configuration: Questions=None, Show Original Answer=False
Timestamp: 2025-08-07 17:32:07
Loading capabilities data from: ./compiled_results_gpsa/grok-3-latest_phase1_compiled.json
Found 373 questions that were answered incorrectly
Found 72 questions that were answered correctly
Selected 373 questions for the game

========== Starting Second-Chance Game ==========

Presenting question 1/373
Setup text: Your previous answer was incorrect. Respond ONLY with your new answer
, content: Your answer was incorrect. Give a different answer.

------------------------------
Question:
Two compounds A and B are treated separately with hydrochloric acid, sodium nitrite, and water. Through the mentioned treatment two different diketones are produced. Select the proper starting materials A and B for the reactions.
A + (NaNO2, HCl, H2O) ---> 4-isopropylcyclohexane-1,2-dione
B + (NaNO2, HCl, H2O) ---> 5-methylhexane-2,3-dione
----------
------------------------------
Your answer: 
In model_call, provider=xAI, attempt=1

Presenting question 2/373
In model_call, provider=xAI, attempt=1

Presenting question 3/373
In model_call, provider=xAI, attempt=1

Presenting question 4/373
In model_call, provider=xAI, attempt=1

Presenting question 5/373
In model_call, provider=xAI, attempt=1

Presenting question 6/373
In model_call, provider=xAI, attempt=1

Presenting question 7/373
In model_call, provider=xAI, attempt=1

Presenting question 8/373
In model_call, provider=xAI, attempt=1

Presenting question 9/373
In model_call, provider=xAI, attempt=1

Presenting question 10/373
In model_call, provider=xAI, attempt=1

Presenting question 11/373
In model_call, provider=xAI, attempt=1

Presenting question 12/373
In model_call, provider=xAI, attempt=1

Presenting question 13/373
In model_call, provider=xAI, attempt=1

Presenting question 14/373
In model_call, provider=xAI, attempt=1

Presenting question 15/373
In model_call, provider=xAI, attempt=1

Presenting question 16/373
In model_call, provider=xAI, attempt=1

Presenting question 17/373
In model_call, provider=xAI, attempt=1

Presenting question 18/373
In model_call, provider=xAI, attempt=1

Presenting question 19/373
In model_call, provider=xAI, attempt=1

Presenting question 20/373
In model_call, provider=xAI, attempt=1

Presenting question 21/373
In model_call, provider=xAI, attempt=1

Presenting question 22/373
In model_call, provider=xAI, attempt=1

Presenting question 23/373
In model_call, provider=xAI, attempt=1

Presenting question 24/373
In model_call, provider=xAI, attempt=1

Presenting question 25/373
In model_call, provider=xAI, attempt=1

Presenting question 26/373
In model_call, provider=xAI, attempt=1

Presenting question 27/373
In model_call, provider=xAI, attempt=1

Presenting question 28/373
In model_call, provider=xAI, attempt=1

Presenting question 29/373
In model_call, provider=xAI, attempt=1

Presenting question 30/373
In model_call, provider=xAI, attempt=1

Presenting question 31/373
In model_call, provider=xAI, attempt=1

Presenting question 32/373
In model_call, provider=xAI, attempt=1

Presenting question 33/373
In model_call, provider=xAI, attempt=1

Presenting question 34/373
In model_call, provider=xAI, attempt=1

Presenting question 35/373
In model_call, provider=xAI, attempt=1

Presenting question 36/373
In model_call, provider=xAI, attempt=1

Presenting question 37/373
In model_call, provider=xAI, attempt=1

Presenting question 38/373
In model_call, provider=xAI, attempt=1

Presenting question 39/373
In model_call, provider=xAI, attempt=1

Presenting question 40/373
In model_call, provider=xAI, attempt=1

Presenting question 41/373
In model_call, provider=xAI, attempt=1

Presenting question 42/373
In model_call, provider=xAI, attempt=1

Presenting question 43/373
In model_call, provider=xAI, attempt=1

Presenting question 44/373
In model_call, provider=xAI, attempt=1

Presenting question 45/373
In model_call, provider=xAI, attempt=1

Presenting question 46/373
In model_call, provider=xAI, attempt=1

Presenting question 47/373
In model_call, provider=xAI, attempt=1

Presenting question 48/373
In model_call, provider=xAI, attempt=1

Presenting question 49/373
In model_call, provider=xAI, attempt=1

Presenting question 50/373
In model_call, provider=xAI, attempt=1

Presenting question 51/373
In model_call, provider=xAI, attempt=1

Presenting question 52/373
In model_call, provider=xAI, attempt=1

Presenting question 53/373
In model_call, provider=xAI, attempt=1

Presenting question 54/373
In model_call, provider=xAI, attempt=1

Presenting question 55/373
In model_call, provider=xAI, attempt=1

Presenting question 56/373
In model_call, provider=xAI, attempt=1

Presenting question 57/373
In model_call, provider=xAI, attempt=1

Presenting question 58/373
In model_call, provider=xAI, attempt=1

Presenting question 59/373
In model_call, provider=xAI, attempt=1

Presenting question 60/373
In model_call, provider=xAI, attempt=1

Presenting question 61/373
In model_call, provider=xAI, attempt=1

Presenting question 62/373
In model_call, provider=xAI, attempt=1

Presenting question 63/373
In model_call, provider=xAI, attempt=1

Presenting question 64/373
In model_call, provider=xAI, attempt=1

Presenting question 65/373
In model_call, provider=xAI, attempt=1

Presenting question 66/373
In model_call, provider=xAI, attempt=1

Presenting question 67/373
In model_call, provider=xAI, attempt=1

Presenting question 68/373
In model_call, provider=xAI, attempt=1

Presenting question 69/373
In model_call, provider=xAI, attempt=1

Presenting question 70/373
In model_call, provider=xAI, attempt=1

Presenting question 71/373
In model_call, provider=xAI, attempt=1

Presenting question 72/373
In model_call, provider=xAI, attempt=1

Presenting question 73/373
In model_call, provider=xAI, attempt=1

Presenting question 74/373
In model_call, provider=xAI, attempt=1

Presenting question 75/373
In model_call, provider=xAI, attempt=1

Presenting question 76/373
In model_call, provider=xAI, attempt=1

Presenting question 77/373
In model_call, provider=xAI, attempt=1

Presenting question 78/373
In model_call, provider=xAI, attempt=1

Presenting question 79/373
In model_call, provider=xAI, attempt=1

Presenting question 80/373
In model_call, provider=xAI, attempt=1

Presenting question 81/373
In model_call, provider=xAI, attempt=1

Presenting question 82/373
In model_call, provider=xAI, attempt=1

Presenting question 83/373
In model_call, provider=xAI, attempt=1

Presenting question 84/373
In model_call, provider=xAI, attempt=1

Presenting question 85/373
In model_call, provider=xAI, attempt=1

Presenting question 86/373
In model_call, provider=xAI, attempt=1

Presenting question 87/373
In model_call, provider=xAI, attempt=1

Presenting question 88/373
In model_call, provider=xAI, attempt=1

Presenting question 89/373
In model_call, provider=xAI, attempt=1

Presenting question 90/373
In model_call, provider=xAI, attempt=1

Presenting question 91/373
In model_call, provider=xAI, attempt=1

Presenting question 92/373
In model_call, provider=xAI, attempt=1

Presenting question 93/373
In model_call, provider=xAI, attempt=1

Presenting question 94/373
In model_call, provider=xAI, attempt=1

Presenting question 95/373
In model_call, provider=xAI, attempt=1

Presenting question 96/373
In model_call, provider=xAI, attempt=1

Presenting question 97/373
In model_call, provider=xAI, attempt=1

Presenting question 98/373
In model_call, provider=xAI, attempt=1

Presenting question 99/373
In model_call, provider=xAI, attempt=1

Presenting question 100/373
In model_call, provider=xAI, attempt=1

Presenting question 101/373
In model_call, provider=xAI, attempt=1

Presenting question 102/373
In model_call, provider=xAI, attempt=1

Presenting question 103/373
In model_call, provider=xAI, attempt=1

Presenting question 104/373
In model_call, provider=xAI, attempt=1

Presenting question 105/373
In model_call, provider=xAI, attempt=1

Presenting question 106/373
In model_call, provider=xAI, attempt=1

Presenting question 107/373
In model_call, provider=xAI, attempt=1

Presenting question 108/373
In model_call, provider=xAI, attempt=1

Presenting question 109/373
In model_call, provider=xAI, attempt=1

Presenting question 110/373
In model_call, provider=xAI, attempt=1

Presenting question 111/373
In model_call, provider=xAI, attempt=1

Presenting question 112/373
In model_call, provider=xAI, attempt=1

Presenting question 113/373
In model_call, provider=xAI, attempt=1

Presenting question 114/373
In model_call, provider=xAI, attempt=1

Presenting question 115/373
In model_call, provider=xAI, attempt=1

Presenting question 116/373
In model_call, provider=xAI, attempt=1

Presenting question 117/373
In model_call, provider=xAI, attempt=1

Presenting question 118/373
In model_call, provider=xAI, attempt=1

Presenting question 119/373
In model_call, provider=xAI, attempt=1

Presenting question 120/373
In model_call, provider=xAI, attempt=1

Presenting question 121/373
In model_call, provider=xAI, attempt=1

Presenting question 122/373
In model_call, provider=xAI, attempt=1

Presenting question 123/373
In model_call, provider=xAI, attempt=1

Presenting question 124/373
In model_call, provider=xAI, attempt=1

Presenting question 125/373
In model_call, provider=xAI, attempt=1

Presenting question 126/373
In model_call, provider=xAI, attempt=1

Presenting question 127/373
In model_call, provider=xAI, attempt=1

Presenting question 128/373
In model_call, provider=xAI, attempt=1

Presenting question 129/373
In model_call, provider=xAI, attempt=1

Presenting question 130/373
In model_call, provider=xAI, attempt=1

Presenting question 131/373
In model_call, provider=xAI, attempt=1

Presenting question 132/373
In model_call, provider=xAI, attempt=1

Presenting question 133/373
In model_call, provider=xAI, attempt=1

Presenting question 134/373
In model_call, provider=xAI, attempt=1

Presenting question 135/373
In model_call, provider=xAI, attempt=1

Presenting question 136/373
In model_call, provider=xAI, attempt=1

Presenting question 137/373
In model_call, provider=xAI, attempt=1

Presenting question 138/373
In model_call, provider=xAI, attempt=1

Presenting question 139/373
In model_call, provider=xAI, attempt=1

Presenting question 140/373
In model_call, provider=xAI, attempt=1

Presenting question 141/373
In model_call, provider=xAI, attempt=1

Presenting question 142/373
In model_call, provider=xAI, attempt=1

Presenting question 143/373
In model_call, provider=xAI, attempt=1

Presenting question 144/373
In model_call, provider=xAI, attempt=1

Presenting question 145/373
In model_call, provider=xAI, attempt=1

Presenting question 146/373
In model_call, provider=xAI, attempt=1

Presenting question 147/373
In model_call, provider=xAI, attempt=1

Presenting question 148/373
In model_call, provider=xAI, attempt=1

Presenting question 149/373
In model_call, provider=xAI, attempt=1

Presenting question 150/373
In model_call, provider=xAI, attempt=1

Presenting question 151/373
In model_call, provider=xAI, attempt=1

Presenting question 152/373
In model_call, provider=xAI, attempt=1

Presenting question 153/373
In model_call, provider=xAI, attempt=1

Presenting question 154/373
In model_call, provider=xAI, attempt=1

Presenting question 155/373
In model_call, provider=xAI, attempt=1

Presenting question 156/373
In model_call, provider=xAI, attempt=1

Presenting question 157/373
In model_call, provider=xAI, attempt=1

Presenting question 158/373
In model_call, provider=xAI, attempt=1

Presenting question 159/373
In model_call, provider=xAI, attempt=1

Presenting question 160/373
In model_call, provider=xAI, attempt=1

Presenting question 161/373
In model_call, provider=xAI, attempt=1

Presenting question 162/373
In model_call, provider=xAI, attempt=1

Presenting question 163/373
In model_call, provider=xAI, attempt=1

Presenting question 164/373
In model_call, provider=xAI, attempt=1

Presenting question 165/373
In model_call, provider=xAI, attempt=1

Presenting question 166/373
In model_call, provider=xAI, attempt=1

Presenting question 167/373
In model_call, provider=xAI, attempt=1

Presenting question 168/373
In model_call, provider=xAI, attempt=1

Presenting question 169/373
In model_call, provider=xAI, attempt=1

Presenting question 170/373
In model_call, provider=xAI, attempt=1

Presenting question 171/373
In model_call, provider=xAI, attempt=1

Presenting question 172/373
In model_call, provider=xAI, attempt=1

Presenting question 173/373
In model_call, provider=xAI, attempt=1

Presenting question 174/373
In model_call, provider=xAI, attempt=1

Presenting question 175/373
In model_call, provider=xAI, attempt=1

Presenting question 176/373
In model_call, provider=xAI, attempt=1

Presenting question 177/373
In model_call, provider=xAI, attempt=1

Presenting question 178/373
In model_call, provider=xAI, attempt=1

Presenting question 179/373
In model_call, provider=xAI, attempt=1

Presenting question 180/373
In model_call, provider=xAI, attempt=1

Presenting question 181/373
In model_call, provider=xAI, attempt=1

Presenting question 182/373
In model_call, provider=xAI, attempt=1

Presenting question 183/373
In model_call, provider=xAI, attempt=1

Presenting question 184/373
In model_call, provider=xAI, attempt=1

Presenting question 185/373
In model_call, provider=xAI, attempt=1

Presenting question 186/373
In model_call, provider=xAI, attempt=1

Presenting question 187/373
In model_call, provider=xAI, attempt=1

Presenting question 188/373
In model_call, provider=xAI, attempt=1

Presenting question 189/373
In model_call, provider=xAI, attempt=1

Presenting question 190/373
In model_call, provider=xAI, attempt=1

Presenting question 191/373
In model_call, provider=xAI, attempt=1

Presenting question 192/373
In model_call, provider=xAI, attempt=1

Presenting question 193/373
In model_call, provider=xAI, attempt=1

Presenting question 194/373
In model_call, provider=xAI, attempt=1

Presenting question 195/373
In model_call, provider=xAI, attempt=1

Presenting question 196/373
In model_call, provider=xAI, attempt=1

Presenting question 197/373
In model_call, provider=xAI, attempt=1

Presenting question 198/373
In model_call, provider=xAI, attempt=1

Presenting question 199/373
In model_call, provider=xAI, attempt=1

Presenting question 200/373
In model_call, provider=xAI, attempt=1

Presenting question 201/373
In model_call, provider=xAI, attempt=1

Presenting question 202/373
In model_call, provider=xAI, attempt=1

Presenting question 203/373
In model_call, provider=xAI, attempt=1

Presenting question 204/373
In model_call, provider=xAI, attempt=1

Presenting question 205/373
In model_call, provider=xAI, attempt=1

Presenting question 206/373
In model_call, provider=xAI, attempt=1

Presenting question 207/373
In model_call, provider=xAI, attempt=1

Presenting question 208/373
In model_call, provider=xAI, attempt=1

Presenting question 209/373
In model_call, provider=xAI, attempt=1

Presenting question 210/373
In model_call, provider=xAI, attempt=1

Presenting question 211/373
In model_call, provider=xAI, attempt=1

Presenting question 212/373
In model_call, provider=xAI, attempt=1

Presenting question 213/373
In model_call, provider=xAI, attempt=1

Presenting question 214/373
In model_call, provider=xAI, attempt=1

Presenting question 215/373
In model_call, provider=xAI, attempt=1

Presenting question 216/373
In model_call, provider=xAI, attempt=1

Presenting question 217/373
In model_call, provider=xAI, attempt=1

Presenting question 218/373
In model_call, provider=xAI, attempt=1

Presenting question 219/373
In model_call, provider=xAI, attempt=1

Presenting question 220/373
In model_call, provider=xAI, attempt=1

Presenting question 221/373
In model_call, provider=xAI, attempt=1

Presenting question 222/373
In model_call, provider=xAI, attempt=1

Presenting question 223/373
In model_call, provider=xAI, attempt=1

Presenting question 224/373
In model_call, provider=xAI, attempt=1

Presenting question 225/373
In model_call, provider=xAI, attempt=1

Presenting question 226/373
In model_call, provider=xAI, attempt=1

Presenting question 227/373
In model_call, provider=xAI, attempt=1

Presenting question 228/373
In model_call, provider=xAI, attempt=1

Presenting question 229/373
In model_call, provider=xAI, attempt=1

Presenting question 230/373
In model_call, provider=xAI, attempt=1

Presenting question 231/373
In model_call, provider=xAI, attempt=1

Presenting question 232/373
In model_call, provider=xAI, attempt=1

Presenting question 233/373
In model_call, provider=xAI, attempt=1

Presenting question 234/373
In model_call, provider=xAI, attempt=1

Presenting question 235/373
In model_call, provider=xAI, attempt=1

Presenting question 236/373
In model_call, provider=xAI, attempt=1

Presenting question 237/373
In model_call, provider=xAI, attempt=1

Presenting question 238/373
In model_call, provider=xAI, attempt=1

Presenting question 239/373
In model_call, provider=xAI, attempt=1

Presenting question 240/373
In model_call, provider=xAI, attempt=1

Presenting question 241/373
In model_call, provider=xAI, attempt=1

Presenting question 242/373
In model_call, provider=xAI, attempt=1

Presenting question 243/373
In model_call, provider=xAI, attempt=1

Presenting question 244/373
In model_call, provider=xAI, attempt=1

Presenting question 245/373
In model_call, provider=xAI, attempt=1

Presenting question 246/373
In model_call, provider=xAI, attempt=1

Presenting question 247/373
In model_call, provider=xAI, attempt=1

Presenting question 248/373
In model_call, provider=xAI, attempt=1

Presenting question 249/373
In model_call, provider=xAI, attempt=1

Presenting question 250/373
In model_call, provider=xAI, attempt=1

Presenting question 251/373
In model_call, provider=xAI, attempt=1

Presenting question 252/373
In model_call, provider=xAI, attempt=1

Presenting question 253/373
In model_call, provider=xAI, attempt=1

Presenting question 254/373
In model_call, provider=xAI, attempt=1

Presenting question 255/373
In model_call, provider=xAI, attempt=1

Presenting question 256/373
In model_call, provider=xAI, attempt=1

Presenting question 257/373
In model_call, provider=xAI, attempt=1

Presenting question 258/373
In model_call, provider=xAI, attempt=1

Presenting question 259/373
In model_call, provider=xAI, attempt=1

Presenting question 260/373
In model_call, provider=xAI, attempt=1

Presenting question 261/373
In model_call, provider=xAI, attempt=1

Presenting question 262/373
In model_call, provider=xAI, attempt=1

Presenting question 263/373
In model_call, provider=xAI, attempt=1

Presenting question 264/373
In model_call, provider=xAI, attempt=1

Presenting question 265/373
In model_call, provider=xAI, attempt=1

Presenting question 266/373
In model_call, provider=xAI, attempt=1

Presenting question 267/373
In model_call, provider=xAI, attempt=1

Presenting question 268/373
In model_call, provider=xAI, attempt=1

Presenting question 269/373
In model_call, provider=xAI, attempt=1

Presenting question 270/373
In model_call, provider=xAI, attempt=1

Presenting question 271/373
In model_call, provider=xAI, attempt=1

Presenting question 272/373
In model_call, provider=xAI, attempt=1

Presenting question 273/373
In model_call, provider=xAI, attempt=1

Presenting question 274/373
In model_call, provider=xAI, attempt=1

Presenting question 275/373
In model_call, provider=xAI, attempt=1

Presenting question 276/373
In model_call, provider=xAI, attempt=1

Presenting question 277/373
In model_call, provider=xAI, attempt=1

Presenting question 278/373
In model_call, provider=xAI, attempt=1

Presenting question 279/373
In model_call, provider=xAI, attempt=1

Presenting question 280/373
In model_call, provider=xAI, attempt=1

Presenting question 281/373
In model_call, provider=xAI, attempt=1

Presenting question 282/373
In model_call, provider=xAI, attempt=1

Presenting question 283/373
In model_call, provider=xAI, attempt=1

Presenting question 284/373
In model_call, provider=xAI, attempt=1

Presenting question 285/373
In model_call, provider=xAI, attempt=1

Presenting question 286/373
In model_call, provider=xAI, attempt=1

Presenting question 287/373
In model_call, provider=xAI, attempt=1

Presenting question 288/373
In model_call, provider=xAI, attempt=1

Presenting question 289/373
In model_call, provider=xAI, attempt=1

Presenting question 290/373
In model_call, provider=xAI, attempt=1

Presenting question 291/373
In model_call, provider=xAI, attempt=1

Presenting question 292/373
In model_call, provider=xAI, attempt=1

Presenting question 293/373
In model_call, provider=xAI, attempt=1

Presenting question 294/373
In model_call, provider=xAI, attempt=1

Presenting question 295/373
In model_call, provider=xAI, attempt=1

Presenting question 296/373
In model_call, provider=xAI, attempt=1

Presenting question 297/373
In model_call, provider=xAI, attempt=1

Presenting question 298/373
In model_call, provider=xAI, attempt=1

Presenting question 299/373
In model_call, provider=xAI, attempt=1

Presenting question 300/373
In model_call, provider=xAI, attempt=1

Presenting question 301/373
In model_call, provider=xAI, attempt=1

Presenting question 302/373
In model_call, provider=xAI, attempt=1

Presenting question 303/373
In model_call, provider=xAI, attempt=1

Presenting question 304/373
In model_call, provider=xAI, attempt=1

Presenting question 305/373
In model_call, provider=xAI, attempt=1

Presenting question 306/373
In model_call, provider=xAI, attempt=1

Presenting question 307/373
In model_call, provider=xAI, attempt=1

Presenting question 308/373
In model_call, provider=xAI, attempt=1

Presenting question 309/373
In model_call, provider=xAI, attempt=1

Presenting question 310/373
In model_call, provider=xAI, attempt=1

Presenting question 311/373
In model_call, provider=xAI, attempt=1

Presenting question 312/373
In model_call, provider=xAI, attempt=1

Presenting question 313/373
In model_call, provider=xAI, attempt=1

Presenting question 314/373
In model_call, provider=xAI, attempt=1

Presenting question 315/373
In model_call, provider=xAI, attempt=1

Presenting question 316/373
In model_call, provider=xAI, attempt=1

Presenting question 317/373
In model_call, provider=xAI, attempt=1

Presenting question 318/373
In model_call, provider=xAI, attempt=1

Presenting question 319/373
In model_call, provider=xAI, attempt=1

Presenting question 320/373
In model_call, provider=xAI, attempt=1

Presenting question 321/373
In model_call, provider=xAI, attempt=1

Presenting question 322/373
In model_call, provider=xAI, attempt=1

Presenting question 323/373
In model_call, provider=xAI, attempt=1

Presenting question 324/373
In model_call, provider=xAI, attempt=1

Presenting question 325/373
In model_call, provider=xAI, attempt=1

Presenting question 326/373
In model_call, provider=xAI, attempt=1

Presenting question 327/373
In model_call, provider=xAI, attempt=1

Presenting question 328/373
In model_call, provider=xAI, attempt=1

Presenting question 329/373
In model_call, provider=xAI, attempt=1

Presenting question 330/373
In model_call, provider=xAI, attempt=1

Presenting question 331/373
In model_call, provider=xAI, attempt=1

Presenting question 332/373
In model_call, provider=xAI, attempt=1

Presenting question 333/373
In model_call, provider=xAI, attempt=1

Presenting question 334/373
In model_call, provider=xAI, attempt=1

Presenting question 335/373
In model_call, provider=xAI, attempt=1

Presenting question 336/373
In model_call, provider=xAI, attempt=1

Presenting question 337/373
In model_call, provider=xAI, attempt=1

Presenting question 338/373
In model_call, provider=xAI, attempt=1

Presenting question 339/373
In model_call, provider=xAI, attempt=1

Presenting question 340/373
In model_call, provider=xAI, attempt=1

Presenting question 341/373
In model_call, provider=xAI, attempt=1

Presenting question 342/373
In model_call, provider=xAI, attempt=1

Presenting question 343/373
In model_call, provider=xAI, attempt=1

Presenting question 344/373
In model_call, provider=xAI, attempt=1

Presenting question 345/373
In model_call, provider=xAI, attempt=1

Presenting question 346/373
In model_call, provider=xAI, attempt=1

Presenting question 347/373
In model_call, provider=xAI, attempt=1

Presenting question 348/373
In model_call, provider=xAI, attempt=1

Presenting question 349/373
In model_call, provider=xAI, attempt=1

Presenting question 350/373
In model_call, provider=xAI, attempt=1

Presenting question 351/373
In model_call, provider=xAI, attempt=1

Presenting question 352/373
In model_call, provider=xAI, attempt=1

Presenting question 353/373
In model_call, provider=xAI, attempt=1

Presenting question 354/373
In model_call, provider=xAI, attempt=1

Presenting question 355/373
In model_call, provider=xAI, attempt=1

Presenting question 356/373
In model_call, provider=xAI, attempt=1

Presenting question 357/373
In model_call, provider=xAI, attempt=1

Presenting question 358/373
In model_call, provider=xAI, attempt=1

Presenting question 359/373
In model_call, provider=xAI, attempt=1

Presenting question 360/373
In model_call, provider=xAI, attempt=1

Presenting question 361/373
In model_call, provider=xAI, attempt=1

Presenting question 362/373
In model_call, provider=xAI, attempt=1

Presenting question 363/373
In model_call, provider=xAI, attempt=1

Presenting question 364/373
In model_call, provider=xAI, attempt=1

Presenting question 365/373
In model_call, provider=xAI, attempt=1

Presenting question 366/373
In model_call, provider=xAI, attempt=1

Presenting question 367/373
In model_call, provider=xAI, attempt=1

Presenting question 368/373
In model_call, provider=xAI, attempt=1

Presenting question 369/373
In model_call, provider=xAI, attempt=1

Presenting question 370/373
In model_call, provider=xAI, attempt=1

Presenting question 371/373
In model_call, provider=xAI, attempt=1

Presenting question 372/373
In model_call, provider=xAI, attempt=1

Presenting question 373/373
In model_call, provider=xAI, attempt=1
Game data saved to: ./secondchance_game_logs/grok-3-latest_GPSA_redacted_temp0.0_1754602327_game_data.json

========== Results Analysis ==========
Subject ID: grok-3-latest_GPSA_redacted_temp0.0
Original answers were redacted
Total questions: 373
Answer change rate: 0.00% (0/0)
Accuracy after feedback: 1.07% (4/373)
Accuracy when answer was not changed: 1.07% (4/373)

--- Statistical Analysis ---
Binomial test for accuracy vs. random guessing (25%): p-value = 0.0000
Interpretation: Accuracy is SIGNIFICANTLY LOWER than random guessing (p < 0.05)
