Provider: xAI
Second-Chance Game Log for Subject: grok-3-latest_SimpleMC_redacted_temp0.0
Configuration: Questions=None, Show Original Answer=False
Timestamp: 2025-07-06 14:21:43
Loading capabilities data from: ./compiled_results_smc/grok-3-latest_phase1_compiled.json
Found 205 questions that were answered incorrectly
Found 295 questions that were answered correctly
Selected 205 questions for the game

========== Starting Second-Chance Game ==========

Presenting question 1/205
Original answer: A, Correct answer: D
In model_call, provider=xAI, attempt=1
New answer: D, Changed: True, Correct: True

Presenting question 2/205
Original answer: A, Correct answer: D
In model_call, provider=xAI, attempt=1
New answer: D, Changed: True, Correct: True

Presenting question 3/205
Original answer: A, Correct answer: B
In model_call, provider=xAI, attempt=1
New answer: B, Changed: True, Correct: True

Presenting question 4/205
Original answer: B, Correct answer: D
In model_call, provider=xAI, attempt=1
New answer: B, Changed: False, Correct: False

Presenting question 5/205
Original answer: A, Correct answer: C
In model_call, provider=xAI, attempt=1
New answer: C, Changed: True, Correct: True

Presenting question 6/205
Original answer: A, Correct answer: C
In model_call, provider=xAI, attempt=1
New answer: D, Changed: True, Correct: False

Presenting question 7/205
Original answer: A, Correct answer: C
In model_call, provider=xAI, attempt=1
New answer: A, Changed: False, Correct: False

Presenting question 8/205
Original answer: A, Correct answer: D
In model_call, provider=xAI, attempt=1
New answer: A, Changed: False, Correct: False

Presenting question 9/205
Original answer: A, Correct answer: B
In model_call, provider=xAI, attempt=1
New answer: A, Changed: False, Correct: False

Presenting question 10/205
Original answer: D, Correct answer: B
In model_call, provider=xAI, attempt=1
New answer: C, Changed: True, Correct: False

Presenting question 11/205
Original answer: C, Correct answer: D
In model_call, provider=xAI, attempt=1
New answer: D, Changed: True, Correct: True

Presenting question 12/205
Original answer: C, Correct answer: D
In model_call, provider=xAI, attempt=1
New answer: C, Changed: False, Correct: False

Presenting question 13/205
Original answer: B, Correct answer: D
In model_call, provider=xAI, attempt=1
New answer: B, Changed: False, Correct: False

Presenting question 14/205
Original answer: B, Correct answer: A
In model_call, provider=xAI, attempt=1
New answer: B, Changed: False, Correct: False

Presenting question 15/205
Original answer: B, Correct answer: C
In model_call, provider=xAI, attempt=1
New answer: B, Changed: False, Correct: False

Presenting question 16/205
Original answer: A, Correct answer: B
In model_call, provider=xAI, attempt=1
New answer: B, Changed: True, Correct: True

Presenting question 17/205
Original answer: A, Correct answer: D
In model_call, provider=xAI, attempt=1
New answer: D, Changed: True, Correct: True

Presenting question 18/205
Original answer: A, Correct answer: D
In model_call, provider=xAI, attempt=1
New answer: D, Changed: True, Correct: True

Presenting question 19/205
Original answer: C, Correct answer: B
In model_call, provider=xAI, attempt=1
New answer: A, Changed: True, Correct: False

Presenting question 20/205
Original answer: B, Correct answer: C
In model_call, provider=xAI, attempt=1
New answer: B, Changed: False, Correct: False

Presenting question 21/205
Original answer: B, Correct answer: A
In model_call, provider=xAI, attempt=1
New answer: B, Changed: False, Correct: False

Presenting question 22/205
Original answer: A, Correct answer: D
In model_call, provider=xAI, attempt=1
New answer: A, Changed: False, Correct: False

Presenting question 23/205
Original answer: C, Correct answer: B
In model_call, provider=xAI, attempt=1
New answer: C, Changed: False, Correct: False

Presenting question 24/205
Original answer: A, Correct answer: B
In model_call, provider=xAI, attempt=1
New answer: B, Changed: True, Correct: True

Presenting question 25/205
Original answer: C, Correct answer: A
In model_call, provider=xAI, attempt=1
New answer: C, Changed: False, Correct: False

Presenting question 26/205
Original answer: B, Correct answer: D
In model_call, provider=xAI, attempt=1
New answer: B, Changed: False, Correct: False

Presenting question 27/205
Original answer: A, Correct answer: D
In model_call, provider=xAI, attempt=1
New answer: D, Changed: True, Correct: True

Presenting question 28/205
Original answer: A, Correct answer: D
In model_call, provider=xAI, attempt=1
New answer: B, Changed: True, Correct: False

Presenting question 29/205
Original answer: C, Correct answer: D
In model_call, provider=xAI, attempt=1
New answer: D, Changed: True, Correct: True

Presenting question 30/205
Original answer: C, Correct answer: B
In model_call, provider=xAI, attempt=1
New answer: C, Changed: False, Correct: False

Presenting question 31/205
Original answer: A, Correct answer: C
In model_call, provider=xAI, attempt=1
New answer: A, Changed: False, Correct: False

Presenting question 32/205
Original answer: A, Correct answer: D
In model_call, provider=xAI, attempt=1
New answer: A, Changed: False, Correct: False

Presenting question 33/205
Original answer: D, Correct answer: B
In model_call, provider=xAI, attempt=1
New answer: D, Changed: False, Correct: False

Presenting question 34/205
Original answer: B, Correct answer: C
In model_call, provider=xAI, attempt=1
New answer: C, Changed: True, Correct: True

Presenting question 35/205
Original answer: A, Correct answer: D
In model_call, provider=xAI, attempt=1
New answer: B, Changed: True, Correct: False

Presenting question 36/205
Original answer: D, Correct answer: B
In model_call, provider=xAI, attempt=1
New answer: D, Changed: False, Correct: False

Presenting question 37/205
Original answer: C, Correct answer: D
In model_call, provider=xAI, attempt=1
New answer: D, Changed: True, Correct: True

Presenting question 38/205
Original answer: A, Correct answer: B
In model_call, provider=xAI, attempt=1
New answer: A, Changed: False, Correct: False

Presenting question 39/205
Original answer: B, Correct answer: C
In model_call, provider=xAI, attempt=1
New answer: B, Changed: False, Correct: False

Presenting question 40/205
Original answer: C, Correct answer: D
In model_call, provider=xAI, attempt=1
New answer: B, Changed: True, Correct: False

Presenting question 41/205
Original answer: D, Correct answer: B
In model_call, provider=xAI, attempt=1
New answer: D, Changed: False, Correct: False

Presenting question 42/205
Original answer: A, Correct answer: D
In model_call, provider=xAI, attempt=1
New answer: A, Changed: False, Correct: False

Presenting question 43/205
Original answer: A, Correct answer: D
In model_call, provider=xAI, attempt=1
New answer: A, Changed: False, Correct: False

Presenting question 44/205
Original answer: B, Correct answer: D
In model_call, provider=xAI, attempt=1
New answer: B, Changed: False, Correct: False

Presenting question 45/205
Original answer: A, Correct answer: B
In model_call, provider=xAI, attempt=1
New answer: A, Changed: False, Correct: False

Presenting question 46/205
Original answer: A, Correct answer: C
In model_call, provider=xAI, attempt=1
New answer: C, Changed: True, Correct: True

Presenting question 47/205
Original answer: D, Correct answer: B
In model_call, provider=xAI, attempt=1
New answer: D, Changed: False, Correct: False

Presenting question 48/205
Original answer: B, Correct answer: C
In model_call, provider=xAI, attempt=1
New answer: B, Changed: False, Correct: False

Presenting question 49/205
Original answer: D, Correct answer: B
In model_call, provider=xAI, attempt=1
New answer: B, Changed: True, Correct: True

Presenting question 50/205
Original answer: A, Correct answer: D
In model_call, provider=xAI, attempt=1
New answer: B, Changed: True, Correct: False

Presenting question 51/205
Original answer: A, Correct answer: C
In model_call, provider=xAI, attempt=1
New answer: A, Changed: False, Correct: False

Presenting question 52/205
Original answer: A, Correct answer: B
In model_call, provider=xAI, attempt=1
New answer: C, Changed: True, Correct: False

Presenting question 53/205
Original answer: D, Correct answer: B
In model_call, provider=xAI, attempt=1
New answer: D, Changed: False, Correct: False

Presenting question 54/205
Original answer: A, Correct answer: C
In model_call, provider=xAI, attempt=1
New answer: B, Changed: True, Correct: False

Presenting question 55/205
Original answer: C, Correct answer: B
In model_call, provider=xAI, attempt=1
New answer: C, Changed: False, Correct: False

Presenting question 56/205
Original answer: B, Correct answer: C
In model_call, provider=xAI, attempt=1
New answer: B, Changed: False, Correct: False

Presenting question 57/205
Original answer: A, Correct answer: B
In model_call, provider=xAI, attempt=1
New answer: B, Changed: True, Correct: True

Presenting question 58/205
Original answer: C, Correct answer: A
In model_call, provider=xAI, attempt=1
New answer: C, Changed: False, Correct: False

Presenting question 59/205
Original answer: C, Correct answer: B
In model_call, provider=xAI, attempt=1
New answer: C, Changed: False, Correct: False

Presenting question 60/205
Original answer: C, Correct answer: A
In model_call, provider=xAI, attempt=1
New answer: C, Changed: False, Correct: False

Presenting question 61/205
Original answer: D, Correct answer: C
In model_call, provider=xAI, attempt=1
New answer: D, Changed: False, Correct: False

Presenting question 62/205
Original answer: A, Correct answer: D
In model_call, provider=xAI, attempt=1
New answer: A, Changed: False, Correct: False

Presenting question 63/205
Original answer: B, Correct answer: A
In model_call, provider=xAI, attempt=1
New answer: B, Changed: False, Correct: False

Presenting question 64/205
Original answer: A, Correct answer: C
In model_call, provider=xAI, attempt=1
New answer: C, Changed: True, Correct: True

Presenting question 65/205
Original answer: B, Correct answer: D
In model_call, provider=xAI, attempt=1
New answer: B, Changed: False, Correct: False

Presenting question 66/205
Original answer: A, Correct answer: C
In model_call, provider=xAI, attempt=1
New answer: A, Changed: False, Correct: False

Presenting question 67/205
Original answer: B, Correct answer: C
In model_call, provider=xAI, attempt=1
New answer: B, Changed: False, Correct: False

Presenting question 68/205
Original answer: A, Correct answer: D
In model_call, provider=xAI, attempt=1
New answer: A, Changed: False, Correct: False

Presenting question 69/205
Original answer: A, Correct answer: B
In model_call, provider=xAI, attempt=1
New answer: A, Changed: False, Correct: False

Presenting question 70/205
Original answer: B, Correct answer: D
In model_call, provider=xAI, attempt=1
New answer: B, Changed: False, Correct: False

Presenting question 71/205
Original answer: C, Correct answer: D
In model_call, provider=xAI, attempt=1
New answer: C, Changed: False, Correct: False

Presenting question 72/205
Original answer: A, Correct answer: C
In model_call, provider=xAI, attempt=1
New answer: B, Changed: True, Correct: False

Presenting question 73/205
Original answer: B, Correct answer: A
In model_call, provider=xAI, attempt=1
New answer: B, Changed: False, Correct: False

Presenting question 74/205
Original answer: A, Correct answer: B
In model_call, provider=xAI, attempt=1
New answer: A, Changed: False, Correct: False

Presenting question 75/205
Original answer: B, Correct answer: C
In model_call, provider=xAI, attempt=1
New answer: B, Changed: False, Correct: False

Presenting question 76/205
Original answer: C, Correct answer: B
In model_call, provider=xAI, attempt=1
New answer: B, Changed: True, Correct: True

Presenting question 77/205
Original answer: A, Correct answer: B
In model_call, provider=xAI, attempt=1
New answer: A, Changed: False, Correct: False

Presenting question 78/205
Original answer: C, Correct answer: B
In model_call, provider=xAI, attempt=1
New answer: C, Changed: False, Correct: False

Presenting question 79/205
Original answer: D, Correct answer: C
In model_call, provider=xAI, attempt=1
New answer: D, Changed: False, Correct: False

Presenting question 80/205
Original answer: B, Correct answer: D
In model_call, provider=xAI, attempt=1
New answer: B, Changed: False, Correct: False

Presenting question 81/205
Original answer: C, Correct answer: B
In model_call, provider=xAI, attempt=1
New answer: C, Changed: False, Correct: False

Presenting question 82/205
Original answer: B, Correct answer: D
In model_call, provider=xAI, attempt=1
New answer: B, Changed: False, Correct: False

Presenting question 83/205
Original answer: B, Correct answer: A
In model_call, provider=xAI, attempt=1
New answer: B, Changed: False, Correct: False

Presenting question 84/205
Original answer: B, Correct answer: C
In model_call, provider=xAI, attempt=1
New answer: B, Changed: False, Correct: False

Presenting question 85/205
Original answer: C, Correct answer: D
In model_call, provider=xAI, attempt=1
New answer: C, Changed: False, Correct: False

Presenting question 86/205
Original answer: A, Correct answer: D
In model_call, provider=xAI, attempt=1
New answer: A, Changed: False, Correct: False

Presenting question 87/205
Original answer: C, Correct answer: B
In model_call, provider=xAI, attempt=1
New answer: C, Changed: False, Correct: False

Presenting question 88/205
Original answer: B, Correct answer: A
In model_call, provider=xAI, attempt=1
New answer: B, Changed: False, Correct: False

Presenting question 89/205
Original answer: A, Correct answer: C
In model_call, provider=xAI, attempt=1
New answer: A, Changed: False, Correct: False

Presenting question 90/205
Original answer: B, Correct answer: A
In model_call, provider=xAI, attempt=1
New answer: B, Changed: False, Correct: False

Presenting question 91/205
Original answer: C, Correct answer: D
In model_call, provider=xAI, attempt=1
New answer: C, Changed: False, Correct: False

Presenting question 92/205
Original answer: B, Correct answer: C
In model_call, provider=xAI, attempt=1
New answer: B, Changed: False, Correct: False

Presenting question 93/205
Original answer: B, Correct answer: C
In model_call, provider=xAI, attempt=1
New answer: C, Changed: True, Correct: True

Presenting question 94/205
Original answer: A, Correct answer: D
In model_call, provider=xAI, attempt=1
New answer: A, Changed: False, Correct: False

Presenting question 95/205
Original answer: C, Correct answer: D
In model_call, provider=xAI, attempt=1
New answer: C, Changed: False, Correct: False

Presenting question 96/205
Original answer: A, Correct answer: D
In model_call, provider=xAI, attempt=1
New answer: C, Changed: True, Correct: False

Presenting question 97/205
Original answer: A, Correct answer: D
In model_call, provider=xAI, attempt=1
New answer: C, Changed: True, Correct: False

Presenting question 98/205
Original answer: A, Correct answer: B
In model_call, provider=xAI, attempt=1
New answer: A, Changed: False, Correct: False

Presenting question 99/205
Original answer: A, Correct answer: D
In model_call, provider=xAI, attempt=1
New answer: A, Changed: False, Correct: False

Presenting question 100/205
Original answer: B, Correct answer: C
In model_call, provider=xAI, attempt=1
New answer: C, Changed: True, Correct: True

Presenting question 101/205
Original answer: B, Correct answer: A
In model_call, provider=xAI, attempt=1
New answer: D, Changed: True, Correct: False

Presenting question 102/205
Original answer: A, Correct answer: B
In model_call, provider=xAI, attempt=1
New answer: D, Changed: True, Correct: False

Presenting question 103/205
Original answer: B, Correct answer: C
In model_call, provider=xAI, attempt=1
New answer: B, Changed: False, Correct: False

Presenting question 104/205
Original answer: A, Correct answer: B
In model_call, provider=xAI, attempt=1
New answer: B, Changed: True, Correct: True

Presenting question 105/205
Original answer: A, Correct answer: B
In model_call, provider=xAI, attempt=1
New answer: A, Changed: False, Correct: False

Presenting question 106/205
Original answer: A, Correct answer: D
In model_call, provider=xAI, attempt=1
New answer: D, Changed: True, Correct: True

Presenting question 107/205
Original answer: B, Correct answer: D
In model_call, provider=xAI, attempt=1
New answer: D, Changed: True, Correct: True

Presenting question 108/205
Original answer: A, Correct answer: D
In model_call, provider=xAI, attempt=1
New answer: D, Changed: True, Correct: True

Presenting question 109/205
Original answer: A, Correct answer: B
In model_call, provider=xAI, attempt=1
New answer: A, Changed: False, Correct: False

Presenting question 110/205
Original answer: B, Correct answer: D
In model_call, provider=xAI, attempt=1
New answer: C, Changed: True, Correct: False

Presenting question 111/205
Original answer: A, Correct answer: C
In model_call, provider=xAI, attempt=1
New answer: A, Changed: False, Correct: False

Presenting question 112/205
Original answer: A, Correct answer: C
In model_call, provider=xAI, attempt=1
New answer: A, Changed: False, Correct: False

Presenting question 113/205
Original answer: B, Correct answer: C
In model_call, provider=xAI, attempt=1
New answer: B, Changed: False, Correct: False

Presenting question 114/205
Original answer: D, Correct answer: C
In model_call, provider=xAI, attempt=1
New answer: D, Changed: False, Correct: False

Presenting question 115/205
Original answer: A, Correct answer: B
In model_call, provider=xAI, attempt=1
New answer: A, Changed: False, Correct: False

Presenting question 116/205
Original answer: D, Correct answer: B
In model_call, provider=xAI, attempt=1
New answer: B, Changed: True, Correct: True

Presenting question 117/205
Original answer: C, Correct answer: B
In model_call, provider=xAI, attempt=1
New answer: C, Changed: False, Correct: False

Presenting question 118/205
Original answer: B, Correct answer: C
In model_call, provider=xAI, attempt=1
New answer: B, Changed: False, Correct: False

Presenting question 119/205
Original answer: B, Correct answer: C
In model_call, provider=xAI, attempt=1
New answer: B, Changed: False, Correct: False

Presenting question 120/205
Original answer: C, Correct answer: D
In model_call, provider=xAI, attempt=1
New answer: B, Changed: True, Correct: False

Presenting question 121/205
Original answer: C, Correct answer: B
In model_call, provider=xAI, attempt=1
New answer: C, Changed: False, Correct: False

Presenting question 122/205
Original answer: A, Correct answer: B
In model_call, provider=xAI, attempt=1
New answer: C, Changed: True, Correct: False

Presenting question 123/205
Original answer: A, Correct answer: D
In model_call, provider=xAI, attempt=1
New answer: B, Changed: True, Correct: False

Presenting question 124/205
Original answer: B, Correct answer: A
In model_call, provider=xAI, attempt=1
New answer: B, Changed: False, Correct: False

Presenting question 125/205
Original answer: A, Correct answer: B
In model_call, provider=xAI, attempt=1
New answer: A, Changed: False, Correct: False

Presenting question 126/205
Original answer: A, Correct answer: B
In model_call, provider=xAI, attempt=1
New answer: A, Changed: False, Correct: False

Presenting question 127/205
Original answer: B, Correct answer: A
In model_call, provider=xAI, attempt=1
New answer: B, Changed: False, Correct: False

Presenting question 128/205
Original answer: A, Correct answer: C
In model_call, provider=xAI, attempt=1
New answer: C, Changed: True, Correct: True

Presenting question 129/205
Original answer: B, Correct answer: C
In model_call, provider=xAI, attempt=1
New answer: B, Changed: False, Correct: False

Presenting question 130/205
Original answer: C, Correct answer: A
In model_call, provider=xAI, attempt=1
New answer: C, Changed: False, Correct: False

Presenting question 131/205
Original answer: A, Correct answer: D
In model_call, provider=xAI, attempt=1
New answer: B, Changed: True, Correct: False

Presenting question 132/205
Original answer: B, Correct answer: A
In model_call, provider=xAI, attempt=1
New answer: B, Changed: False, Correct: False

Presenting question 133/205
Original answer: D, Correct answer: B
In model_call, provider=xAI, attempt=1
New answer: D, Changed: False, Correct: False

Presenting question 134/205
Original answer: A, Correct answer: B
In model_call, provider=xAI, attempt=1
New answer: C, Changed: True, Correct: False

Presenting question 135/205
Original answer: B, Correct answer: C
In model_call, provider=xAI, attempt=1
New answer: A, Changed: True, Correct: False

Presenting question 136/205
Original answer: A, Correct answer: D
In model_call, provider=xAI, attempt=1
New answer: D, Changed: True, Correct: True

Presenting question 137/205
Original answer: D, Correct answer: C
In model_call, provider=xAI, attempt=1
New answer: D, Changed: False, Correct: False

Presenting question 138/205
Original answer: B, Correct answer: D
In model_call, provider=xAI, attempt=1
New answer: B, Changed: False, Correct: False

Presenting question 139/205
Original answer: B, Correct answer: D
In model_call, provider=xAI, attempt=1
New answer: C, Changed: True, Correct: False

Presenting question 140/205
Original answer: C, Correct answer: D
In model_call, provider=xAI, attempt=1
New answer: C, Changed: False, Correct: False

Presenting question 141/205
Original answer: C, Correct answer: B
In model_call, provider=xAI, attempt=1
New answer: C, Changed: False, Correct: False

Presenting question 142/205
Original answer: B, Correct answer: C
In model_call, provider=xAI, attempt=1
New answer: B, Changed: False, Correct: False

Presenting question 143/205
Original answer: A, Correct answer: D
In model_call, provider=xAI, attempt=1
New answer: A, Changed: False, Correct: False

Presenting question 144/205
Original answer: C, Correct answer: B
In model_call, provider=xAI, attempt=1
New answer: C, Changed: False, Correct: False

Presenting question 145/205
Original answer: A, Correct answer: C
In model_call, provider=xAI, attempt=1
New answer: A, Changed: False, Correct: False

Presenting question 146/205
Original answer: A, Correct answer: D
In model_call, provider=xAI, attempt=1
New answer: A, Changed: False, Correct: False

Presenting question 147/205
Original answer: A, Correct answer: B
In model_call, provider=xAI, attempt=1
New answer: B, Changed: True, Correct: True

Presenting question 148/205
Original answer: B, Correct answer: A
In model_call, provider=xAI, attempt=1
New answer: A, Changed: True, Correct: True

Presenting question 149/205
Original answer: C, Correct answer: B
In model_call, provider=xAI, attempt=1
New answer: C, Changed: False, Correct: False

Presenting question 150/205
Original answer: C, Correct answer: D
In model_call, provider=xAI, attempt=1
New answer: C, Changed: False, Correct: False

Presenting question 151/205
Original answer: A, Correct answer: D
In model_call, provider=xAI, attempt=1
New answer: A, Changed: False, Correct: False

Presenting question 152/205
Original answer: A, Correct answer: B
In model_call, provider=xAI, attempt=1
New answer: C, Changed: True, Correct: False

Presenting question 153/205
Original answer: B, Correct answer: A
In model_call, provider=xAI, attempt=1
New answer: B, Changed: False, Correct: False

Presenting question 154/205
Original answer: B, Correct answer: C
In model_call, provider=xAI, attempt=1
New answer: B, Changed: False, Correct: False

Presenting question 155/205
Original answer: B, Correct answer: D
In model_call, provider=xAI, attempt=1
New answer: B, Changed: False, Correct: False

Presenting question 156/205
Original answer: C, Correct answer: A
In model_call, provider=xAI, attempt=1
New answer: A, Changed: True, Correct: True

Presenting question 157/205
Original answer: A, Correct answer: B
In model_call, provider=xAI, attempt=1
New answer: A, Changed: False, Correct: False

Presenting question 158/205
Original answer: B, Correct answer: A
In model_call, provider=xAI, attempt=1
New answer: B, Changed: False, Correct: False

Presenting question 159/205
Original answer: B, Correct answer: C
In model_call, provider=xAI, attempt=1
New answer: B, Changed: False, Correct: False

Presenting question 160/205
Original answer: B, Correct answer: D
In model_call, provider=xAI, attempt=1
New answer: B, Changed: False, Correct: False

Presenting question 161/205
Original answer: C, Correct answer: A
In model_call, provider=xAI, attempt=1
New answer: C, Changed: False, Correct: False

Presenting question 162/205
Original answer: A, Correct answer: C
In model_call, provider=xAI, attempt=1
New answer: C, Changed: True, Correct: True

Presenting question 163/205
Original answer: A, Correct answer: B
In model_call, provider=xAI, attempt=1
New answer: A, Changed: False, Correct: False

Presenting question 164/205
Original answer: A, Correct answer: D
In model_call, provider=xAI, attempt=1
New answer: B, Changed: True, Correct: False

Presenting question 165/205
Original answer: A, Correct answer: D
In model_call, provider=xAI, attempt=1
New answer: A, Changed: False, Correct: False

Presenting question 166/205
Original answer: D, Correct answer: C
In model_call, provider=xAI, attempt=1
New answer: D, Changed: False, Correct: False

Presenting question 167/205
Original answer: B, Correct answer: D
In model_call, provider=xAI, attempt=1
New answer: B, Changed: False, Correct: False

Presenting question 168/205
Original answer: B, Correct answer: C
In model_call, provider=xAI, attempt=1
New answer: B, Changed: False, Correct: False

Presenting question 169/205
Original answer: C, Correct answer: D
In model_call, provider=xAI, attempt=1
New answer: C, Changed: False, Correct: False

Presenting question 170/205
Original answer: A, Correct answer: B
In model_call, provider=xAI, attempt=1
New answer: C, Changed: True, Correct: False

Presenting question 171/205
Original answer: A, Correct answer: D
In model_call, provider=xAI, attempt=1
New answer: A, Changed: False, Correct: False

Presenting question 172/205
Original answer: D, Correct answer: C
In model_call, provider=xAI, attempt=1
New answer: C, Changed: True, Correct: True

Presenting question 173/205
Original answer: B, Correct answer: C
In model_call, provider=xAI, attempt=1
New answer: B, Changed: False, Correct: False

Presenting question 174/205
Original answer: A, Correct answer: D
In model_call, provider=xAI, attempt=1
New answer: A, Changed: False, Correct: False

Presenting question 175/205
Original answer: A, Correct answer: B
In model_call, provider=xAI, attempt=1
New answer: A, Changed: False, Correct: False

Presenting question 176/205
Original answer: A, Correct answer: C
In model_call, provider=xAI, attempt=1
New answer: B, Changed: True, Correct: False

Presenting question 177/205
Original answer: A, Correct answer: C
In model_call, provider=xAI, attempt=1
New answer: A, Changed: False, Correct: False

Presenting question 178/205
Original answer: B, Correct answer: C
In model_call, provider=xAI, attempt=1
New answer: B, Changed: False, Correct: False

Presenting question 179/205
Original answer: D, Correct answer: A
In model_call, provider=xAI, attempt=1
New answer: D, Changed: False, Correct: False

Presenting question 180/205
Original answer: D, Correct answer: C
In model_call, provider=xAI, attempt=1
New answer: D, Changed: False, Correct: False

Presenting question 181/205
Original answer: B, Correct answer: A
In model_call, provider=xAI, attempt=1
New answer: D, Changed: True, Correct: False

Presenting question 182/205
Original answer: A, Correct answer: D
In model_call, provider=xAI, attempt=1
New answer: A, Changed: False, Correct: False

Presenting question 183/205
Original answer: A, Correct answer: B
In model_call, provider=xAI, attempt=1
New answer: A, Changed: False, Correct: False

Presenting question 184/205
Original answer: A, Correct answer: D
In model_call, provider=xAI, attempt=1
New answer: A, Changed: False, Correct: False

Presenting question 185/205
Original answer: B, Correct answer: A
In model_call, provider=xAI, attempt=1
New answer: B, Changed: False, Correct: False

Presenting question 186/205
Original answer: A, Correct answer: B
In model_call, provider=xAI, attempt=1
New answer: B, Changed: True, Correct: True

Presenting question 187/205
Original answer: B, Correct answer: A
In model_call, provider=xAI, attempt=1
New answer: B, Changed: False, Correct: False

Presenting question 188/205
Original answer: D, Correct answer: C
In model_call, provider=xAI, attempt=1
New answer: D, Changed: False, Correct: False

Presenting question 189/205
Original answer: A, Correct answer: D
In model_call, provider=xAI, attempt=1
New answer: D, Changed: True, Correct: True

Presenting question 190/205
Original answer: C, Correct answer: B
In model_call, provider=xAI, attempt=1
New answer: C, Changed: False, Correct: False

Presenting question 191/205
Original answer: C, Correct answer: A
In model_call, provider=xAI, attempt=1
New answer: C, Changed: False, Correct: False

Presenting question 192/205
Original answer: D, Correct answer: C
In model_call, provider=xAI, attempt=1
New answer: D, Changed: False, Correct: False

Presenting question 193/205
Original answer: A, Correct answer: C
In model_call, provider=xAI, attempt=1
New answer: C, Changed: True, Correct: True

Presenting question 194/205
Original answer: A, Correct answer: B
In model_call, provider=xAI, attempt=1
New answer: B, Changed: True, Correct: True

Presenting question 195/205
Original answer: C, Correct answer: D
In model_call, provider=xAI, attempt=1
New answer: C, Changed: False, Correct: False

Presenting question 196/205
Original answer: B, Correct answer: A
In model_call, provider=xAI, attempt=1
New answer: B, Changed: False, Correct: False

Presenting question 197/205
Original answer: C, Correct answer: B
In model_call, provider=xAI, attempt=1
New answer: C, Changed: False, Correct: False

Presenting question 198/205
Original answer: B, Correct answer: A
In model_call, provider=xAI, attempt=1
New answer: A, Changed: True, Correct: True

Presenting question 199/205
Original answer: A, Correct answer: D
In model_call, provider=xAI, attempt=1
New answer: B, Changed: True, Correct: False

Presenting question 200/205
Original answer: A, Correct answer: C
In model_call, provider=xAI, attempt=1
New answer: C, Changed: True, Correct: True

Presenting question 201/205
Original answer: B, Correct answer: A
In model_call, provider=xAI, attempt=1
New answer: B, Changed: False, Correct: False

Presenting question 202/205
Original answer: A, Correct answer: C
In model_call, provider=xAI, attempt=1
New answer: B, Changed: True, Correct: False

Presenting question 203/205
Original answer: B, Correct answer: D
In model_call, provider=xAI, attempt=1
New answer: B, Changed: False, Correct: False

Presenting question 204/205
Original answer: B, Correct answer: D
In model_call, provider=xAI, attempt=1
New answer: B, Changed: False, Correct: False

Presenting question 205/205
Original answer: B, Correct answer: C
In model_call, provider=xAI, attempt=1
New answer: B, Changed: False, Correct: False
Game data saved to: ./secondchance_game_logs/grok-3-latest_SimpleMC_redacted_temp0.0_1751826103_game_data.json

========== Results Analysis ==========
Subject ID: grok-3-latest_SimpleMC_redacted_temp0.0
Original answers were redacted
Total questions: 205
Answer change rate: 32.68% (67/205)
Accuracy after feedback: 18.54% (38/205)
Accuracy when answer was changed: 56.72% (38/67)
Accuracy when answer was not changed: 0.00% (0/138)

--- Statistical Analysis ---
Binomial test for accuracy vs. random guessing (25%): p-value = 0.0356
Interpretation: Accuracy is SIGNIFICANTLY LOWER than random guessing (p < 0.05)
