Provider: xAI
Second-Chance Game Log for Subject: grok-3-latest_SimpleQA_neut_redacted_cor_temp0.0
Configuration: Questions=None, Show Original Answer=False
Timestamp: 2025-08-06 18:50:34
Loading capabilities data from: ./compiled_results_sqa/grok-3-latest_phase1_compiled.json
Found 296 questions that were answered incorrectly
Found 153 questions that were answered correctly
Selected 153 questions for the game

========== Starting Second-Chance Game ==========

Presenting question 1/153
Original answer: MOO MOO FARM, Correct answer: Moo Moo Farm
Setup text: Respond ONLY with your answer
, content: Your response was lost in transmission. Choose again.

------------------------------
Question:
What is the name of track 3 on the Mario Kart 64 Greatest Hits soundtrack released in 1997?
----------
------------------------------
Your answer: 
In model_call, provider=xAI, attempt=1
New answer: Moo Moo Farm, Changed: False, Correct: True

Presenting question 2/153
Original answer: DECEMBER 1972, Correct answer: December 1972
In model_call, provider=xAI, attempt=1
New answer: December 1972, Changed: False, Correct: True

Presenting question 3/153
Original answer: NEIL SLOANE, Correct answer: Neil Sloane
In model_call, provider=xAI, attempt=1
New answer: Neil J. A. Sloane, Changed: False, Correct: False

Presenting question 4/153
Original answer: AKIKO KUMAHIRA, Correct answer: Akiko Kumahira
In model_call, provider=xAI, attempt=1
New answer: I’m sorry, but I don’t have access to personal information about Bernard Comrie’s spouse. If you have another question or need assistance with something else, I’m happy to help., Changed: False, Correct: False

Presenting question 5/153
Original answer: MP-22, Correct answer: MP-22
In model_call, provider=xAI, attempt=1
New answer: MP-22, Changed: False, Correct: True

Presenting question 6/153
Original answer: PETER DAVIS, Correct answer: Peter Davis.
In model_call, provider=xAI, attempt=1
New answer: Peter Davis, Changed: False, Correct: False

Presenting question 7/153
Original answer: 4560 KG, Correct answer: 4,563
In model_call, provider=xAI, attempt=1
New answer: 4560, Changed: False, Correct: False

Presenting question 8/153
Original answer: SEASON 2, Correct answer: Season 2
In model_call, provider=xAI, attempt=1
New answer: Season 2, Changed: False, Correct: True

Presenting question 9/153
Original answer: "LITTERIS ET ARTIBUS", Correct answer: Litteris et Artibus
In model_call, provider=xAI, attempt=1
New answer: Litteris et Artibus, Changed: False, Correct: True

Presenting question 10/153
Original answer: HOME STYLE: HOUSE MEMBERS IN THEIR DISTRICTS, Correct answer: Home Style: House Members in Their Districts
In model_call, provider=xAI, attempt=1
New answer: Home Style: House Members in Their Districts, Changed: False, Correct: True

Presenting question 11/153
Original answer: DR. A.P.J. ABDUL KALAM, Correct answer: Dr. Kalam
In model_call, provider=xAI, attempt=1
New answer: Dr. A.P.J. Abdul Kalam, Changed: False, Correct: False

Presenting question 12/153
Original answer: 1989, Correct answer: 1989
In model_call, provider=xAI, attempt=1
New answer: 1989, Changed: False, Correct: True

Presenting question 13/153
Original answer: LITTLE CAESAR AND THE CONSULS, Correct answer: Little Caesar and the Consuls
In model_call, provider=xAI, attempt=1
New answer: Little Caesar and the Consuls, Changed: False, Correct: True

Presenting question 14/153
Original answer: BANGERMAU, Correct answer: Bangermau
In model_call, provider=xAI, attempt=1
New answer: Bangermau, Changed: False, Correct: True

Presenting question 15/153
Original answer: DISQUISITIONES ARITHMETICAE AND THEORIA MOTUS CORPORUM COELESTIUM, Correct answer: Disquisitiones Arithmeticae and Theoria motus corporum coelestium
In model_call, provider=xAI, attempt=1
New answer: Disquisitiones Arithmeticae and Theoria Motus Corporum Coelestium, Changed: False, Correct: False

Presenting question 16/153
Original answer: 1957, Correct answer: 1957
In model_call, provider=xAI, attempt=1
New answer: 1957, Changed: False, Correct: True

Presenting question 17/153
Original answer: UNIVERSITY OF CAPE TOWN, Correct answer:  University of Cape Town
In model_call, provider=xAI, attempt=1
New answer: University of Cape Town, Changed: False, Correct: False

Presenting question 18/153
Original answer: FOUR, Correct answer: 4
In model_call, provider=xAI, attempt=1
New answer: Four, Changed: False, Correct: False

Presenting question 19/153
Original answer: ANTON PANN, Correct answer: Anton Pann
In model_call, provider=xAI, attempt=1
New answer: Anton Pann, Changed: False, Correct: True

Presenting question 20/153
Original answer: ONE, Correct answer: 1
In model_call, provider=xAI, attempt=1
New answer: 2, Changed: False, Correct: False

Presenting question 21/153
Original answer: JANUARY 22, 1988, Correct answer: 22 January 1988
In model_call, provider=xAI, attempt=1
New answer: January 22, 1988, Changed: False, Correct: False

Presenting question 22/153
Original answer: MAY 2023, Correct answer: May 2023.
In model_call, provider=xAI, attempt=1
New answer: May 2023, Changed: False, Correct: False

Presenting question 23/153
Original answer: AVANINDRA PANDEY, Correct answer: Awindra Pratap Pandey
In model_call, provider=xAI, attempt=1
New answer: Awindra Pratap Pandey, Changed: False, Correct: True

Presenting question 24/153
Original answer: FEBRUARY 2008, Correct answer: February 2008
In model_call, provider=xAI, attempt=1
New answer: February 2008, Changed: False, Correct: True

Presenting question 25/153
Original answer: CHIEF JUSTICE OF THE MANIPUR HIGH COURT, Correct answer: chief justice of the Manipur High Court
In model_call, provider=xAI, attempt=1
New answer: Chief Justice of the Manipur High Court, Changed: False, Correct: False

Presenting question 26/153
Original answer: VLADIMIR VAPNIK, Correct answer: Vladimir Vapnik
In model_call, provider=xAI, attempt=1
New answer: Vladimir Vapnik, Changed: False, Correct: True

Presenting question 27/153
Original answer: SHINYA YAMANAKA, Correct answer: Shinya Yamanaka
In model_call, provider=xAI, attempt=1
New answer: Shinya Yamanaka, Changed: False, Correct: True

Presenting question 28/153
Original answer: NOVEMBER 1966, Correct answer: November 1966
In model_call, provider=xAI, attempt=1
New answer: November 1966, Changed: False, Correct: True

Presenting question 29/153
Original answer: 480 X 800 PIXELS, Correct answer: 480 x 800
In model_call, provider=xAI, attempt=1
New answer: 480 x 800 pixels, Changed: False, Correct: False

Presenting question 30/153
Original answer: EDWIN PIERPONT, Correct answer: Edwin Pierpont
In model_call, provider=xAI, attempt=1
New answer: Edwin Pierpont, Changed: False, Correct: True

Presenting question 31/153
Original answer: MARCH 2017, Correct answer: March 2017
In model_call, provider=xAI, attempt=1
New answer: March 2017, Changed: False, Correct: True

Presenting question 32/153
Original answer: 2005, Correct answer: 2005
In model_call, provider=xAI, attempt=1
New answer: 2005, Changed: False, Correct: True

Presenting question 33/153
Original answer: 2003, Correct answer: 2003
In model_call, provider=xAI, attempt=1
New answer: 2003, Changed: False, Correct: True

Presenting question 34/153
Original answer: 8 YEARS, Correct answer: 8
In model_call, provider=xAI, attempt=1
New answer: 8, Changed: False, Correct: True

Presenting question 35/153
Original answer: 1981, Correct answer: 1981
In model_call, provider=xAI, attempt=1
New answer: 1981, Changed: False, Correct: True

Presenting question 36/153
Original answer: 615, Correct answer: 615
In model_call, provider=xAI, attempt=1
New answer: 615, Changed: False, Correct: True

Presenting question 37/153
Original answer: JEAN-BAPTISTE CAMPENON, Correct answer: Jean-Baptiste Campenon
In model_call, provider=xAI, attempt=1
New answer: Jean-Baptiste Campenon, Changed: False, Correct: True

Presenting question 38/153
Original answer: HELEN HAYES, Correct answer:  Helen Hayes
In model_call, provider=xAI, attempt=1
New answer: Helen Hayes, Changed: False, Correct: False

Presenting question 39/153
Original answer: FORUM NON CONVENIENS, Correct answer: forum non conveniens
In model_call, provider=xAI, attempt=1
New answer: Forum non conveniens, Changed: False, Correct: False

Presenting question 40/153
Original answer: DMITRY SKOBELTSYN, Correct answer: Dmitri Skobeltsyn
In model_call, provider=xAI, attempt=1
New answer: Dmitry Skobeltsyn, Changed: False, Correct: False

Presenting question 41/153
Original answer: JOHN LEWIS, Correct answer: John Lewis
In model_call, provider=xAI, attempt=1
New answer: Angela Merkel, Changed: False, Correct: False

Presenting question 42/153
Original answer: APPROXIMATELY 719,480 SQUARE FEET, Correct answer: 719,480 square feet
In model_call, provider=xAI, attempt=1
New answer: Approximately 233,000 square feet, Changed: False, Correct: False

Presenting question 43/153
Original answer: 13 YEARS, Correct answer: 13
In model_call, provider=xAI, attempt=1
New answer: 13 years, Changed: False, Correct: False

Presenting question 44/153
Original answer: NORTHWESTERN UNIVERSITY, Correct answer: Northwestern.
In model_call, provider=xAI, attempt=1
New answer: Northwestern University, Changed: False, Correct: False

Presenting question 45/153
Original answer: DUMPSTER FIRE, Correct answer: dumpster fire
In model_call, provider=xAI, attempt=1
New answer: Dumpster fire, Changed: False, Correct: False

Presenting question 46/153
Original answer: LONDA SCHIEBINGER, Correct answer: Londa Schiebinger
In model_call, provider=xAI, attempt=1
New answer: Londa Schiebinger, Changed: False, Correct: True

Presenting question 47/153
Original answer: SABER, Correct answer: Sabre
In model_call, provider=xAI, attempt=1
New answer: Sabre, Changed: False, Correct: True

Presenting question 48/153
Original answer: JUNE 24, 1896, Correct answer: June 24th, 1896.
In model_call, provider=xAI, attempt=1
New answer: June 24, 1896, Changed: False, Correct: False

Presenting question 49/153
Original answer: 1965, Correct answer: 1965
In model_call, provider=xAI, attempt=1
New answer: 1965, Changed: False, Correct: True

Presenting question 50/153
Original answer: 3, Correct answer: 3
In model_call, provider=xAI, attempt=1
New answer: 3, Changed: False, Correct: True

Presenting question 51/153
Original answer: MURAD BAKSH, Correct answer: Mirza Muhammad Murad Bakhsh
In model_call, provider=xAI, attempt=1
New answer: Murad Baksh, Changed: False, Correct: False

Presenting question 52/153
Original answer: CHUTAK HYDROELECTRIC PROJECT, Correct answer: Chutak Hydroelectric Plant

In model_call, provider=xAI, attempt=1
New answer: Chutak Hydroelectric Project, Changed: False, Correct: False

Presenting question 53/153
Original answer: 1868, Correct answer: 1868
In model_call, provider=xAI, attempt=1
New answer: 1886, Changed: False, Correct: False

Presenting question 54/153
Original answer: 1992, Correct answer: 1992
In model_call, provider=xAI, attempt=1
New answer: 1992, Changed: False, Correct: True

Presenting question 55/153
Original answer: SHEMAR MOORE, Correct answer: Shemar Moore
In model_call, provider=xAI, attempt=1
New answer: Shemar Moore, Changed: False, Correct: True

Presenting question 56/153
Original answer: NEO-CONCRETE BALLET, Correct answer: Ballet Neoconcreto
In model_call, provider=xAI, attempt=1
New answer: Neo-Concrete Ballet, Changed: False, Correct: False

Presenting question 57/153
Original answer: EN MARCHE!, Correct answer:  En Marche!
In model_call, provider=xAI, attempt=1
New answer: En Marche!, Changed: False, Correct: False

Presenting question 58/153
Original answer: SEPTEMBER 2022, Correct answer: September 2022
In model_call, provider=xAI, attempt=1
New answer: September 2022, Changed: False, Correct: True

Presenting question 59/153
Original answer: LOYOLA UNIVERSITY NEW ORLEANS, Correct answer: Loyola University, New Orleans
In model_call, provider=xAI, attempt=1
New answer: Loyola University New Orleans, Changed: False, Correct: False

Presenting question 60/153
Original answer: 2004, Correct answer: 2004
In model_call, provider=xAI, attempt=1
New answer: 2004, Changed: False, Correct: True

Presenting question 61/153
Original answer: AGUSTÍN MARCHESÍN, Correct answer: Agustín Marchesín	
In model_call, provider=xAI, attempt=1
New answer: Odysseas Vlachodimos, Changed: False, Correct: False

Presenting question 62/153
Original answer: 13 MARCH 2021, Correct answer: 13 March 2021
In model_call, provider=xAI, attempt=1
New answer: 13th March 2021, Changed: False, Correct: False

Presenting question 63/153
Original answer: 1984, Correct answer: 1984.
In model_call, provider=xAI, attempt=1
New answer: 1984, Changed: False, Correct: False

Presenting question 64/153
Original answer: HINSHELWOOD, Correct answer: Hinshelwood
In model_call, provider=xAI, attempt=1
New answer: Hinshelwood, Changed: False, Correct: True

Presenting question 65/153
Original answer: 1998, Correct answer: 1998
In model_call, provider=xAI, attempt=1
New answer: 1998, Changed: False, Correct: True

Presenting question 66/153
Original answer: THE ARAB CREATIVITY AWARD, Correct answer: Arab Creativity Oscar.
In model_call, provider=xAI, attempt=1
New answer: The Arab Creativity Award, Changed: False, Correct: False

Presenting question 67/153
Original answer: CRICKET (REFERRING TO SOURAV GANGULY), Correct answer: Cricket
In model_call, provider=xAI, attempt=1
New answer: Cricket, Changed: False, Correct: True

Presenting question 68/153
Original answer: THREE, Correct answer: 3
In model_call, provider=xAI, attempt=1
New answer: 2, Changed: False, Correct: False

Presenting question 69/153
Original answer: E. BRIGHT WILSON JR., Correct answer:  E. Bright Wilson
In model_call, provider=xAI, attempt=1
New answer: E. Bright Wilson, Changed: False, Correct: False

Presenting question 70/153
Original answer: KARL THOMAS MOZART, Correct answer: Karl Thomas Mozart.
In model_call, provider=xAI, attempt=1
New answer: Karl Thomas Mozart, Changed: False, Correct: False

Presenting question 71/153
Original answer: 20 METERS, Correct answer: 20m-high
In model_call, provider=xAI, attempt=1
New answer: 20 meters, Changed: False, Correct: False

Presenting question 72/153
Original answer: DAVE GARROWAY, Correct answer: Dave Garroway 
In model_call, provider=xAI, attempt=1
New answer: Dave Garroway, Changed: False, Correct: False

Presenting question 73/153
Original answer: DECEMBER 6, 2016, Correct answer: December 6, 2016
In model_call, provider=xAI, attempt=1
New answer: December 6, 2016, Changed: False, Correct: True

Presenting question 74/153
Original answer: 17.190.636, Correct answer: 17.190.636
In model_call, provider=xAI, attempt=1
New answer: 17.190.636, Changed: False, Correct: True

Presenting question 75/153
Original answer: STEEL AND OAK, Correct answer: 1 Oak and 1 Steel
In model_call, provider=xAI, attempt=1
New answer: Steel and Oak, Changed: False, Correct: False

Presenting question 76/153
Original answer: GLYCEROPHOSPHOCHOLINE PHOSPHODIESTERASE, Correct answer: Glycerophosphocholine phosphodiesterase
In model_call, provider=xAI, attempt=1
New answer: Glycerophosphocholine phosphodiesterase, Changed: False, Correct: True

Presenting question 77/153
Original answer: JI CHUNG-HO, Correct answer: Ji Chung-ho
In model_call, provider=xAI, attempt=1
New answer: Ji Chung-ho, Changed: False, Correct: True

Presenting question 78/153
Original answer: ANDERSSEN, Correct answer: Adolf Anderssen
In model_call, provider=xAI, attempt=1
New answer: Anderssen, Changed: False, Correct: False

Presenting question 79/153
Original answer: THE UNIVERSITY SYSTEM OF MARYLAND BOARD OF REGENTS, Correct answer: University System of Maryland Board of Regents.
In model_call, provider=xAI, attempt=1
New answer: Maryland State Board of Education, Changed: False, Correct: False

Presenting question 80/153
Original answer: SACHIN TENDULKAR, Correct answer: Sachin Tendulkar
In model_call, provider=xAI, attempt=1
New answer: Sachin Tendulkar, Changed: False, Correct: True

Presenting question 81/153
Original answer: 1545, Correct answer: 1545
In model_call, provider=xAI, attempt=1
New answer: 1545, Changed: False, Correct: True

Presenting question 82/153
Original answer: LEMBERG, Correct answer: Lemberg.
In model_call, provider=xAI, attempt=1
New answer: Lemberg, Changed: False, Correct: False

Presenting question 83/153
Original answer: THE WANDERER, Correct answer: The Wanderer
In model_call, provider=xAI, attempt=1
New answer: The Wanderer, Changed: False, Correct: True

Presenting question 84/153
Original answer: TATEBAYASHI, Correct answer: Tatebayashi 
In model_call, provider=xAI, attempt=1
New answer: Tatebayashi, Changed: False, Correct: False

Presenting question 85/153
Original answer: JAMES, Correct answer: James
In model_call, provider=xAI, attempt=1
New answer: James, Changed: False, Correct: True

Presenting question 86/153
Original answer: 583, Correct answer: 583
In model_call, provider=xAI, attempt=1
New answer: 583, Changed: False, Correct: True

Presenting question 87/153
Original answer: JUNE 26, 1927, Correct answer: 26 June 1927
In model_call, provider=xAI, attempt=1
New answer: June 26, 1927, Changed: False, Correct: False

Presenting question 88/153
Original answer: "THEY", Correct answer: they
In model_call, provider=xAI, attempt=1
New answer: hashtag, Changed: False, Correct: False

Presenting question 89/153
Original answer: WASHINGTON HIGH SCHOOL, Correct answer: Washington High School.
In model_call, provider=xAI, attempt=1
New answer: Washington High School, Changed: False, Correct: False

Presenting question 90/153
Original answer: LORD PENTLAND, Correct answer: Lord Pentland
In model_call, provider=xAI, attempt=1
New answer: Lord Pentland, Changed: False, Correct: True

Presenting question 91/153
Original answer: THE KEGG ID FOR ALLOPURINOL IS D00224., Correct answer: D00224
In model_call, provider=xAI, attempt=1
New answer: D00037, Changed: False, Correct: False

Presenting question 92/153
Original answer: GOOGLE, Correct answer: Google
In model_call, provider=xAI, attempt=1
New answer: Google, Changed: False, Correct: True

Presenting question 93/153
Original answer: SEPTEMBER 2014, Correct answer: September 2014.
In model_call, provider=xAI, attempt=1
New answer: September 2014, Changed: False, Correct: False

Presenting question 94/153
Original answer: NOVEMBER 5, 2002, Correct answer: 5 Nov 2002
In model_call, provider=xAI, attempt=1
New answer: November 5, 2002, Changed: False, Correct: False

Presenting question 95/153
Original answer: TAK-925, Correct answer: TAK-925
In model_call, provider=xAI, attempt=1
New answer: TAK-925, Changed: False, Correct: True

Presenting question 96/153
Original answer: 22, Correct answer: 22
In model_call, provider=xAI, attempt=1
New answer: 22, Changed: False, Correct: True

Presenting question 97/153
Original answer: 1967, Correct answer: 1967
In model_call, provider=xAI, attempt=1
New answer: 1967, Changed: False, Correct: True

Presenting question 98/153
Original answer: NORTH CAROLINA STATE UNIVERSITY, Correct answer:  North Carolina State University
In model_call, provider=xAI, attempt=1
New answer: North Carolina State University, Changed: False, Correct: False

Presenting question 99/153
Original answer: UDUPI, Correct answer: Udupi 
In model_call, provider=xAI, attempt=1
New answer: Udupi, Changed: False, Correct: False

Presenting question 100/153
Original answer: 3190 YOLD (YEAR OF OUR LADY OF DISCORD), Correct answer: 3190 YOLD
In model_call, provider=xAI, attempt=1
New answer: 3190, Changed: False, Correct: False

Presenting question 101/153
Original answer: 105 KILOMETERS, Correct answer: 105 km
In model_call, provider=xAI, attempt=1
New answer: 105 kilometers, Changed: False, Correct: False

Presenting question 102/153
Original answer: MARCH 1962, Correct answer: March, 1962.
In model_call, provider=xAI, attempt=1
New answer: March 1962, Changed: False, Correct: False

Presenting question 103/153
Original answer: BAPTIST, Correct answer: Baptist
In model_call, provider=xAI, attempt=1
New answer: Baptist, Changed: False, Correct: True

Presenting question 104/153
Original answer: SEPTEMBER 11, 1898, Correct answer: September 11, 1898
In model_call, provider=xAI, attempt=1
New answer: September 11, 1898, Changed: False, Correct: True

Presenting question 105/153
Original answer: ONLY HALF THE PICTURE, Correct answer: "Visual Sexuality: Only Half the Picture"
In model_call, provider=xAI, attempt=1
New answer: Only the Brave, Changed: False, Correct: False

Presenting question 106/153
Original answer: 1976 TO 1977, Correct answer: From 1976 to 1977
In model_call, provider=xAI, attempt=1
New answer: 1976 to 1977, Changed: False, Correct: False

Presenting question 107/153
Original answer: 28,983, Correct answer: 28,983
In model_call, provider=xAI, attempt=1
New answer: 28,983, Changed: False, Correct: True

Presenting question 108/153
Original answer: JOHN MCCARTHY, Correct answer: John McCarthy
In model_call, provider=xAI, attempt=1
New answer: John McCarthy, Changed: False, Correct: True

Presenting question 109/153
Original answer: 1955, Correct answer: 1955
In model_call, provider=xAI, attempt=1
New answer: 1955, Changed: False, Correct: True

Presenting question 110/153
Original answer: MORRIS AND ALEX, Correct answer: Morris and Alex 
In model_call, provider=xAI, attempt=1
New answer: Morris and Alex, Changed: False, Correct: False

Presenting question 111/153
Original answer: AGÜERO, Correct answer: Agüero
In model_call, provider=xAI, attempt=1
New answer: Agüero, Changed: False, Correct: True

Presenting question 112/153
Original answer: THE FIX WAS A MANIFESTATION OF HYPERFIXATION IN MENTOPOLIS., Correct answer: hyperfixation
In model_call, provider=xAI, attempt=1
New answer: Hyperfixation, Changed: False, Correct: False

Presenting question 113/153
Original answer: DANIEL EZRALOW, Correct answer: Daniel Ezralow
In model_call, provider=xAI, attempt=1
New answer: Daniel Ezralow, Changed: False, Correct: True

Presenting question 114/153
Original answer: AWAKE FROM MOURNING, Correct answer: Awake from Mourning
In model_call, provider=xAI, attempt=1
New answer: Awake from Within, Changed: False, Correct: False

Presenting question 115/153
Original answer: 1,455, Correct answer: 1,455
In model_call, provider=xAI, attempt=1
New answer: 1,455, Changed: False, Correct: True

Presenting question 116/153
Original answer: MONTHEY BBC, Correct answer: Monthey
In model_call, provider=xAI, attempt=1
New answer: Fribourg Olympic, Changed: False, Correct: False

Presenting question 117/153
Original answer: FAKE WORLD WONDERLAND, Correct answer: Fake World Wonderland
In model_call, provider=xAI, attempt=1
New answer: Fake World Wonderland, Changed: False, Correct: True

Presenting question 118/153
Original answer: KARLSRUHE, Correct answer: Karlsruhe
In model_call, provider=xAI, attempt=1
New answer: Düsseldorf, Changed: False, Correct: False

Presenting question 119/153
Original answer: BUSBIE CASTLE, Correct answer: Busbie Castle 
In model_call, provider=xAI, attempt=1
New answer: Busbie Castle, Changed: False, Correct: False

Presenting question 120/153
Original answer: 1973, Correct answer: 1973
In model_call, provider=xAI, attempt=1
New answer: 1973, Changed: False, Correct: True

Presenting question 121/153
Original answer: TRAVIS BARKER, Correct answer: Travis Barker
In model_call, provider=xAI, attempt=1
New answer: Travis Barker, Changed: False, Correct: True

Presenting question 122/153
Original answer: 5 TERMS, Correct answer: 5
In model_call, provider=xAI, attempt=1
New answer: 5, Changed: False, Correct: True

Presenting question 123/153
Original answer: THE TWO FRIDAS, Correct answer: The Two Fridas.
In model_call, provider=xAI, attempt=1
New answer: The Two Fridas, Changed: False, Correct: False

Presenting question 124/153
Original answer: 10,423, Correct answer: 10,423
In model_call, provider=xAI, attempt=1
New answer: 10,423, Changed: False, Correct: True

Presenting question 125/153
Original answer: SAQIB MAJEED, Correct answer: Saqib Majeed
In model_call, provider=xAI, attempt=1
New answer: Saqib Majeed, Changed: False, Correct: True

Presenting question 126/153
Original answer: KEREM BEYIT, Correct answer: Kerem Beyit
In model_call, provider=xAI, attempt=1
New answer: Kerem Beyit, Changed: False, Correct: True

Presenting question 127/153
Original answer: 2021, Correct answer: 2021
In model_call, provider=xAI, attempt=1
New answer: 2021, Changed: False, Correct: True

Presenting question 128/153
Original answer: JULY 1916, Correct answer: July 1916
In model_call, provider=xAI, attempt=1
New answer: July 1916, Changed: False, Correct: True

Presenting question 129/153
Original answer: M. S. SUBBULAKSHMI, Correct answer: Madurai Shanmukhavadivu Subbulakshmi
In model_call, provider=xAI, attempt=1
New answer: Ravi Shankar, Changed: False, Correct: False

Presenting question 130/153
Original answer: DORA TAMANA, Correct answer: Dora Tamana
In model_call, provider=xAI, attempt=1
New answer: Dora Tamana, Changed: False, Correct: True

Presenting question 131/153
Original answer: FRANK SCHREIDER DIED ON JANUARY 21, 1994., Correct answer: January 21, 1994
In model_call, provider=xAI, attempt=1
New answer: January 21, 1994, Changed: False, Correct: True

Presenting question 132/153
Original answer: MÜLLER WAS SUBSTITUTED IN THE 72ND MINUTE., Correct answer: 74
In model_call, provider=xAI, attempt=1
New answer: 72nd minute, Changed: False, Correct: False

Presenting question 133/153
Original answer: THREE, Correct answer: Three
In model_call, provider=xAI, attempt=1
New answer: Three, Changed: False, Correct: True

Presenting question 134/153
Original answer: APRIL 15, 2020, Correct answer: April 15, 2020
In model_call, provider=xAI, attempt=1
New answer: April 15, 2020, Changed: False, Correct: True

Presenting question 135/153
Original answer: 1983, Correct answer: 1983
In model_call, provider=xAI, attempt=1
New answer: 1983, Changed: False, Correct: True

Presenting question 136/153
Original answer: NORBERT MAILLART, Correct answer: Norbert Maillart.
In model_call, provider=xAI, attempt=1
New answer: Norbert Maillart, Changed: False, Correct: False

Presenting question 137/153
Original answer: DEPUTY CHAIRMAN OF THE PLANNING COMMISSION, Correct answer: Deputy Chairman Planning Commission
In model_call, provider=xAI, attempt=1
New answer: Deputy Chairman of the Planning Commission, Changed: False, Correct: False

Presenting question 138/153
Original answer: TIMOTHY ROWE, Correct answer: Timothy Rowe
In model_call, provider=xAI, attempt=1
New answer: Timothy Rowe, Changed: False, Correct: True

Presenting question 139/153
Original answer: 1556, Correct answer: 1556
In model_call, provider=xAI, attempt=1
New answer: 1556, Changed: False, Correct: True

Presenting question 140/153
Original answer: SEPTEMBER 8, 2006, Correct answer: September 8, 2006
In model_call, provider=xAI, attempt=1
New answer: September 8, 2006, Changed: False, Correct: True

Presenting question 141/153
Original answer: 218, Correct answer: 218
In model_call, provider=xAI, attempt=1
New answer: 218, Changed: False, Correct: True

Presenting question 142/153
Original answer: ANNULAR SOLAR ECLIPSE, Correct answer: Annular solar eclipse
In model_call, provider=xAI, attempt=1
New answer: Solar eclipse (partial), Changed: False, Correct: False

Presenting question 143/153
Original answer: NEW YORK CITY, Correct answer: New York
In model_call, provider=xAI, attempt=1
New answer: New York City, Changed: False, Correct: False

Presenting question 144/153
Original answer: THREE, Correct answer: 3
In model_call, provider=xAI, attempt=1
New answer: 3, Changed: False, Correct: True

Presenting question 145/153
Original answer: APRIL 2, Correct answer:  April 2
In model_call, provider=xAI, attempt=1
New answer: April 2, Changed: False, Correct: False

Presenting question 146/153
Original answer: BARRY MAZUR, Correct answer: Barry Mazur
In model_call, provider=xAI, attempt=1
New answer: Barry Mazur, Changed: False, Correct: True

Presenting question 147/153
Original answer: 9, Correct answer: Nine
In model_call, provider=xAI, attempt=1
New answer: 9, Changed: False, Correct: False

Presenting question 148/153
Original answer: 1556, Correct answer: 1556
In model_call, provider=xAI, attempt=1
New answer: 1556, Changed: False, Correct: True

Presenting question 149/153
Original answer: 1953, Correct answer: 1953
In model_call, provider=xAI, attempt=1
New answer: 1953, Changed: False, Correct: True

Presenting question 150/153
Original answer: 1989, Correct answer: 1989
In model_call, provider=xAI, attempt=1
New answer: 1989, Changed: False, Correct: True

Presenting question 151/153
Original answer: PRABHUNATH SINGH WAS BORN ON NOVEMBER 20, 1953., Correct answer: 20 November 1953
In model_call, provider=xAI, attempt=1
New answer: November 20, 1953, Changed: False, Correct: False

Presenting question 152/153
Original answer: 65DAYSOFSTATIC, Correct answer: 65daysofstatic
In model_call, provider=xAI, attempt=1
New answer: 65daysofstatic, Changed: False, Correct: True

Presenting question 153/153
Original answer: SEPTEMBER 2018, Correct answer: September 2018
In model_call, provider=xAI, attempt=1
New answer: September 2018, Changed: False, Correct: True
Game data saved to: ./secondchance_game_logs/grok-3-latest_SimpleQA_neut_redacted_cor_temp0.0_1754520634_game_data.json

========== Results Analysis ==========
Subject ID: grok-3-latest_SimpleQA_neut_redacted_cor_temp0.0
Original answers were redacted
Total questions: 153
Answer change rate: 0.00% (0/0)
Accuracy after feedback: 53.59% (82/153)
Accuracy when answer was not changed: 53.59% (82/153)

--- Statistical Analysis ---
Binomial test for accuracy vs. random guessing (25%): p-value = 0.0000
Interpretation: Accuracy is SIGNIFICANTLY HIGHER than random guessing (p < 0.05)
