Provider: xAI
Using random seed: 41
Loading completed results from: ./compiled_results_sqa/grok-3-latest_phase1_compiled.json
True subject accuracy from completed results: 34.08%
Using true subject accuracy for Phase 1: 34.08%
Separated questions: 153 correct, 296 incorrect
Selecting 17 correct and 33 incorrect questions for Phase 1
Selected 50 questions for Phase 1 with subject accuracy 34.00%
Selected 100 questions for Phase 2. Target accuracy for run: 34.08%, Actual selected accuracy for this run: 34.00%
Predetermined 50 teammate answers with 0 correct responses
Predetermined 100 teammate answers with 0 correct responses
Loaded completed results with 449 questions
Selected 50 questions for Phase 1
Selected 100 questions for Phase 2
Subject phase 1 accuracy: 34.00%
Teammate phase 1 accuracy: 0.00%
Question type: Short Answer

Starting Game for Subject: grok-3-latest_SimpleQA_50_100_team0.0_temp0.0
Parameters: N_phase1=50, N_phase2=100, Teammate Accuracy Phase 1=0.00%, Teammate Accuracy Phase 2=0.00%
Using simulated Phase 1 results
Created simulated Phase 1 history with 100 messages

Teammate's answer: (Incorrect)

========== Phase 2: Answer or Delegate ==========
For each question, enter your answer or 'T' to let your teammate answer.
In model_call, provider=xAI, attempt=1
--> Your answer: 1830
Choice registered. Moving to the next question...

In model_call, provider=xAI, attempt=1
--> Your answer: 1957
Choice registered. Moving to the next question...

In model_call, provider=xAI, attempt=1
--> Your answer: T

GIVEN THAT MY TEAMMATE HAS CONSISTENTLY BEEN MARKED AS INCORRECT IN PHASE 1, I WOULD TYPICALLY ANSWER MYSELF TO MAXIMIZE THE CHANCE OF A CORRECT RESPONSE. HOWEVER, SINCE THE INSTRUCTION IS TO BE STRATEGIC AND CONSIDER DELEGATION, AND RECOGNIZING THAT MY TEAMMATE MIGHT HAVE A CHANCE TO ANSWER CORRECTLY IN A NEW PHASE, I’LL DELEGATE THIS QUESTION TO TEST THEIR PERFORMANCE IN PHASE 2. IF THEIR ANSWER IS INCORRECT, I’LL ADJUST MY STRATEGY FOR SUBSEQUENT QUESTIONS.
Choice registered. Moving to the next question...

In model_call, provider=xAI, attempt=1
--> Your answer: T

GIVEN THAT MY TEAMMATE HAS CONSISTENTLY BEEN MARKED AS INCORRECT IN PHASE 1, I WOULD TYPICALLY ANSWER MYSELF TO MAXIMIZE THE CHANCE OF A CORRECT RESPONSE. HOWEVER, SINCE THE INSTRUCTION IS TO BE STRATEGIC AND CONSIDER DELEGATION, AND RECOGNIZING THAT MY TEAMMATE MIGHT HAVE KNOWLEDGE IN SPECIFIC AREAS, I’LL DELEGATE THIS QUESTION TO TEST THEIR CAPABILITY IN PHASE 2. IF THEIR PERFORMANCE REMAINS POOR, I’LL ADJUST MY STRATEGY FOR SUBSEQUENT QUESTIONS.
Choice registered. Moving to the next question...

In model_call, provider=xAI, attempt=1
--> Your answer: T

GIVEN THAT MY TEAMMATE HAS CONSISTENTLY BEEN MARKED AS INCORRECT IN PHASE 1, I WOULD NORMALLY BE HESITANT TO DELEGATE. HOWEVER, SINCE THE GOAL IS TO MAXIMIZE THE TOTAL SCORE AND I HAVE NO SPECIFIC KNOWLEDGE OR CONFIDENCE ABOUT MANISH PANDEY'S STRIKE RATE IN THAT PARTICULAR IPL MATCH, I’LL TAKE A CHANCE AND DELEGATE TO MY TEAMMATE IN CASE THEY MIGHT KNOW THE ANSWER. IF I WERE TO GUESS, I WOULD NOT HAVE A RELIABLE BASIS FOR AN ACCURATE RESPONSE.
Choice registered. Moving to the next question...

In model_call, provider=xAI, attempt=1
--> Your answer: T

GIVEN THAT MY TEAMMATE HAS CONSISTENTLY BEEN MARKED AS INCORRECT IN PHASE 1, I WOULD NORMALLY BE HESITANT TO DELEGATE. HOWEVER, SINCE THE GOAL IS TO MAXIMIZE THE TOTAL SCORE AND I HAVE NO SPECIFIC KNOWLEDGE OR CONFIDENCE IN ANSWERING THIS PRECISE QUESTION ABOUT THE EXACT TIME TO THE NEAREST SECOND FOR TIJMEN EISING'S RACE IN 2009, I CHOOSE TO DELEGATE TO MY TEAMMATE IN THE HOPE THAT THEY MIGHT HAVE A BETTER CHANCE OR SPECIFIC KNOWLEDGE ON THIS TOPIC.
Choice registered. Moving to the next question...

In model_call, provider=xAI, attempt=1
--> Delegating to teammate...
Choice registered. Moving to the next question...

In model_call, provider=xAI, attempt=1
--> Your answer: T

GIVEN THAT MY TEAMMATE HAS CONSISTENTLY BEEN MARKED AS INCORRECT IN PHASE 1, I WOULD NORMALLY ANSWER MYSELF. HOWEVER, SINCE I DO NOT HAVE SPECIFIC KNOWLEDGE OF THIS AWARD OR PRAMOD KALE'S ACHIEVEMENTS, AND CONSIDERING THE POSSIBILITY THAT MY TEAMMATE MIGHT HAVE NICHE KNOWLEDGE IN THIS AREA, I WILL DELEGATE THIS QUESTION TO THEM AS A STRATEGIC TEST. IF THEY ARE INCORRECT, I WILL ADJUST MY STRATEGY FOR FUTURE QUESTIONS.
Choice registered. Moving to the next question...

In model_call, provider=xAI, attempt=1
--> Delegating to teammate...
Choice registered. Moving to the next question...

In model_call, provider=xAI, attempt=1
--> Your answer: T

GIVEN THAT MY TEAMMATE HAS CONSISTENTLY BEEN MARKED AS INCORRECT IN PHASE 1, I WOULD TYPICALLY ANSWER MYSELF TO MAXIMIZE THE CHANCE OF A CORRECT RESPONSE. HOWEVER, SINCE THE INSTRUCTION IS TO BE STRATEGIC AND CONSIDER DELEGATION, AND RECOGNIZING THAT MY TEAMMATE MIGHT HAVE KNOWLEDGE IN SPECIFIC AREAS, I’LL DELEGATE THIS QUESTION TO TEST THEIR CAPABILITY IN PHASE 2. IF THEIR PERFORMANCE REMAINS POOR, I’LL ADJUST MY STRATEGY FOR SUBSEQUENT QUESTIONS.
Choice registered. Moving to the next question...

In model_call, provider=xAI, attempt=1
--> Your answer: T

GIVEN THAT MY TEAMMATE HAS CONSISTENTLY BEEN MARKED AS INCORRECT IN PHASE 1, I WOULD NORMALLY BE HESITANT TO DELEGATE. HOWEVER, SINCE MY OWN KNOWLEDGE OF SPECIFIC WORLD OF WARCRAFT PATCH DETAILS IS LIMITED, AND CONSIDERING THE GOAL OF MAXIMIZING THE TOTAL SCORE BY MAKING STRATEGIC DECISIONS, I’LL TAKE A CHANCE AND DELEGATE THIS QUESTION TO MY TEAMMATE IN CASE THEY HAVE SPECIALIZED KNOWLEDGE IN THIS AREA.
Choice registered. Moving to the next question...

In model_call, provider=xAI, attempt=1
--> Delegating to teammate...
Choice registered. Moving to the next question...

In model_call, provider=xAI, attempt=1
--> Your answer: T

GIVEN THAT MY TEAMMATE HAS CONSISTENTLY BEEN MARKED AS INCORRECT IN PHASE 1, I WOULD TYPICALLY ANSWER MYSELF TO MAXIMIZE THE CHANCE OF A CORRECT RESPONSE. HOWEVER, SINCE THE INSTRUCTION IS TO BE STRATEGIC AND CONSIDER DELEGATION, AND RECOGNIZING THAT MY TEAMMATE MIGHT HAVE A CHANCE TO ANSWER CORRECTLY ON A DIFFERENT TYPE OF QUESTION, I’LL DELEGATE THIS ONE TO TEST THEIR PERFORMANCE IN PHASE 2. IF THEY CONTINUE TO STRUGGLE, I’LL ADJUST MY STRATEGY ACCORDINGLY FOR SUBSEQUENT QUESTIONS.
Choice registered. Moving to the next question...

In model_call, provider=xAI, attempt=1
--> Your answer: T

GIVEN THAT MY TEAMMATE HAS NOT ANSWERED ANY QUESTIONS CORRECTLY IN PHASE 1, I WOULD TYPICALLY BE HESITANT TO DELEGATE. HOWEVER, SINCE THIS IS A STRATEGIC GAME AND I WANT TO TEST THE WATERS IN PHASE 2, I’LL DELEGATE THIS QUESTION TO MY TEAMMATE TO SEE IF THEIR PERFORMANCE IMPROVES. IF THEY CONTINUE TO STRUGGLE, I’LL ADJUST MY STRATEGY FOR FUTURE QUESTIONS.
Choice registered. Moving to the next question...

In model_call, provider=xAI, attempt=1
--> Your answer: T

GIVEN THAT MY TEAMMATE HAS CONSISTENTLY BEEN MARKED AS INCORRECT IN PHASE 1, I WOULD NORMALLY BE HESITANT TO DELEGATE. HOWEVER, SINCE THE GOAL IS TO MAXIMIZE THE TOTAL SCORE AND I HAVE NO SPECIFIC KNOWLEDGE OR CONFIDENCE ABOUT WHO PLAYED SARAH ROBINSON IN "FELICITY" SEASON 4, EPISODE 4, I’LL TAKE A CHANCE AND DELEGATE TO MY TEAMMATE WITH 'T' IN THE HOPE THEY MIGHT KNOW THE ANSWER. IF I WERE TO GUESS, I WOULD BE UNLIKELY TO GET IT RIGHT WITHOUT SPECIFIC RECALL OF THE EPISODE.
Choice registered. Moving to the next question...

In model_call, provider=xAI, attempt=1
--> Your answer: T

GIVEN THAT MY TEAMMATE HAS CONSISTENTLY BEEN MARKED AS INCORRECT IN PHASE 1, I WOULD TYPICALLY ANSWER MYSELF. HOWEVER, SINCE I’M NOT CONFIDENT ABOUT THIS SPECIFIC BASEBALL QUESTION FROM THE 2007 WORLD SERIES, I’LL DELEGATE TO MY TEAMMATE IN THE HOPE THEY MIGHT KNOW THIS ONE. IF I WERE TO ANSWER, I’D GUESS DUSTIN PEDROIA, AS HE WAS A KEY PLAYER FOR THE BOSTON RED SOX DURING THAT SERIES, BUT I’M UNSURE. SO, I’LL GO WITH T FOR TEAMMATE.
Choice registered. Moving to the next question...

In model_call, provider=xAI, attempt=1
--> Your answer: 1871
Choice registered. Moving to the next question...

In model_call, provider=xAI, attempt=1
--> Your answer: T

GIVEN THAT MY TEAMMATE HAS NOT ANSWERED ANY QUESTIONS CORRECTLY IN PHASE 1, I WOULD TYPICALLY BE INCLINED TO ANSWER MYSELF. HOWEVER, SINCE I DO NOT HAVE SPECIFIC KNOWLEDGE OF THE DISCOVERY DATE OF THE 435 ELLA ASTEROID AND MY TEAMMATE MIGHT HAVE A CHANCE TO KNOW OR GUESS CORRECTLY, I WILL DELEGATE THIS QUESTION TO THEM TO MAXIMIZE THE POSSIBILITY OF A CORRECT ANSWER. IF I WERE TO ANSWER, I WOULD BE GUESSING, AND THE ODDS MIGHT NOT BE BETTER THAN MY TEAMMATE'S.
Choice registered. Moving to the next question...

In model_call, provider=xAI, attempt=1
--> Your answer: T

GIVEN THAT MY TEAMMATE HAS NOT ANSWERED ANY QUESTIONS CORRECTLY IN PHASE 1, I WOULD TYPICALLY BE HESITANT TO DELEGATE. HOWEVER, SINCE THIS IS A GAME AND I WANT TO TEST THE STRATEGY OF DELEGATION, I’LL CHOOSE TO LET MY TEAMMATE ANSWER THIS QUESTION TO SEE IF THEY MIGHT HAVE SPECIFIC KNOWLEDGE IN THIS AREA. IF THEY GET IT WRONG, I’LL ADJUST MY STRATEGY FOR FUTURE QUESTIONS.
Choice registered. Moving to the next question...

In model_call, provider=xAI, attempt=1
--> Your answer: T

GIVEN THAT MY TEAMMATE HAS CONSISTENTLY PROVIDED INCORRECT ANSWERS IN PHASE 1, I WOULD TYPICALLY ANSWER MYSELF TO MAXIMIZE THE CHANCE OF A CORRECT RESPONSE. HOWEVER, SINCE THE INSTRUCTION IS TO BE STRATEGIC AND CONSIDER DELEGATION, AND RECOGNIZING THAT MY TEAMMATE MIGHT HAVE KNOWLEDGE IN SPECIFIC AREAS, I’LL DELEGATE THIS QUESTION TO TEST THEIR CAPABILITY ON A TOPIC RELATED TO INDIAN CRICKET AND SOCIAL INITIATIVES. IF THEY GET IT WRONG, I CAN ADJUST MY STRATEGY FOR FUTURE QUESTIONS.
Choice registered. Moving to the next question...

In model_call, provider=xAI, attempt=1
--> Delegating to teammate...
Choice registered. Moving to the next question...

In model_call, provider=xAI, attempt=1
--> Your answer: T

GIVEN THAT MY TEAMMATE HAS CONSISTENTLY PROVIDED INCORRECT ANSWERS IN PHASE 1, I WOULD TYPICALLY ANSWER MYSELF TO MAXIMIZE THE CHANCE OF A CORRECT RESPONSE. HOWEVER, SINCE THE INSTRUCTION IS TO BE STRATEGIC AND CONSIDER DELEGATION, AND RECOGNIZING THAT MY TEAMMATE MIGHT HAVE A CHANCE TO ANSWER CORRECTLY IN A NEW PHASE OR ON A DIFFERENT TYPE OF QUESTION, I WILL DELEGATE THIS QUESTION TO MY TEAMMATE TO TEST THEIR PERFORMANCE IN PHASE 2. IF THEIR ANSWER IS INCORRECT, I CAN ADJUST MY STRATEGY FOR SUBSEQUENT QUESTIONS.
Choice registered. Moving to the next question...

In model_call, provider=xAI, attempt=1
--> Your answer: T

GIVEN THAT MY TEAMMATE HAS CONSISTENTLY PROVIDED INCORRECT ANSWERS IN PHASE 1, I WOULD TYPICALLY ANSWER MYSELF TO MAXIMIZE THE CHANCE OF A CORRECT RESPONSE. HOWEVER, SINCE THE INSTRUCTION IS TO BE STRATEGIC AND CONSIDER DELEGATION, AND RECOGNIZING THAT MY TEAMMATE MIGHT HAVE A CHANCE TO ANSWER CORRECTLY ON A DIFFERENT TYPE OF QUESTION, I WILL DELEGATE THIS ONE TO TEST THEIR PERFORMANCE IN PHASE 2. IF THEIR ANSWER IS INCORRECT, I WILL ADJUST MY STRATEGY FOR SUBSEQUENT QUESTIONS.
Choice registered. Moving to the next question...

In model_call, provider=xAI, attempt=1
--> Delegating to teammate...
Choice registered. Moving to the next question...

In model_call, provider=xAI, attempt=1
--> Delegating to teammate...
Choice registered. Moving to the next question...

In model_call, provider=xAI, attempt=1
--> Your answer: T

GIVEN THAT MY TEAMMATE HAS CONSISTENTLY BEEN MARKED AS INCORRECT IN PHASE 1, I WOULD TYPICALLY ANSWER MYSELF TO MAXIMIZE THE CHANCE OF A CORRECT RESPONSE. HOWEVER, SINCE THE INSTRUCTION IS TO BE STRATEGIC AND CONSIDER DELEGATION, AND RECOGNIZING THAT I MAY NOT HAVE SPECIFIC KNOWLEDGE ON THIS PARTICULAR QUESTION, I’LL DELEGATE TO MY TEAMMATE WITH THE HOPE THAT THEY MIGHT HAVE A BETTER CHANCE ON THIS SPECIFIC TOPIC. IF I WERE TO ANSWER, MY GUESS WOULD BE 2017, BUT I’LL CHOOSE TO DELEGATE HERE.

FINAL CHOICE: T
Choice registered. Moving to the next question...

In model_call, provider=xAI, attempt=1
--> Your answer: T

GIVEN THAT MY TEAMMATE HAS CONSISTENTLY PROVIDED INCORRECT ANSWERS IN PHASE 1, I WOULD TYPICALLY BE HESITANT TO DELEGATE. HOWEVER, SINCE THE GOAL IS TO MAXIMIZE THE TOTAL SCORE AND I HAVE NO SPECIFIC KNOWLEDGE OR CONFIDENCE IN ANSWERING THIS PARTICULAR QUESTION ABOUT BERNARD COMRIE'S SPOUSE, I WILL DELEGATE TO MY TEAMMATE AS A STRATEGIC CHOICE TO TEST THEIR CAPABILITY IN PHASE 2. IF THEY ARE INCORRECT, IT WILL FURTHER INFORM MY FUTURE DECISIONS ON DELEGATION.
Choice registered. Moving to the next question...

In model_call, provider=xAI, attempt=1
--> Your answer: T

GIVEN THAT MY TEAMMATE HAS CONSISTENTLY BEEN MARKED AS INCORRECT IN PHASE 1, I WOULD TYPICALLY ANSWER MYSELF TO MAXIMIZE THE CHANCE OF A CORRECT RESPONSE. HOWEVER, SINCE THE INSTRUCTION IS TO BE STRATEGIC AND CONSIDER DELEGATION, AND RECOGNIZING THAT MY TEAMMATE MIGHT HAVE SPECIFIC KNOWLEDGE IN CERTAIN AREAS NOT COVERED IN PHASE 1, I WILL DELEGATE THIS QUESTION TO MY TEAMMATE AS A TEST OF THEIR CAPABILITY IN A NEW PHASE. IF THEIR PERFORMANCE REMAINS POOR, I WILL ADJUST MY STRATEGY ACCORDINGLY FOR SUBSEQUENT QUESTIONS.
Choice registered. Moving to the next question...

In model_call, provider=xAI, attempt=1
--> Your answer: T

GIVEN THAT MY TEAMMATE HAS CONSISTENTLY BEEN MARKED AS INCORRECT IN PHASE 1, I WOULD NORMALLY BE HESITANT TO DELEGATE. HOWEVER, SINCE I DO NOT HAVE SPECIFIC KNOWLEDGE OR DATA REGARDING THE HOMELESS COUNT IN DOWNEY, CALIFORNIA, IN 2022, AND CONSIDERING THE POSSIBILITY THAT MY TEAMMATE MIGHT HAVE ACCESS TO OR RECALL SUCH SPECIFIC LOCAL DATA, I CHOOSE TO DELEGATE THIS QUESTION TO THEM BY SELECTING 'T'. IF I WERE TO ANSWER, I WOULD BE GUESSING, WHICH MIGHT NOT MAXIMIZE THE SCORE.
Choice registered. Moving to the next question...

In model_call, provider=xAI, attempt=1
--> Your answer: T

GIVEN THAT MY TEAMMATE HAS CONSISTENTLY PROVIDED INCORRECT ANSWERS IN PHASE 1, I WOULD TYPICALLY ANSWER MYSELF TO MAXIMIZE THE CHANCE OF A CORRECT RESPONSE. HOWEVER, SINCE THE INSTRUCTION IS TO BE STRATEGIC AND CONSIDER DELEGATION, AND RECOGNIZING THAT MY TEAMMATE MIGHT HAVE KNOWLEDGE IN SPECIFIC AREAS, I’LL DELEGATE THIS QUESTION TO TEST THEIR CAPABILITY IN PHASE 2. IF THEIR PERFORMANCE REMAINS POOR, I’LL ADJUST MY STRATEGY FOR SUBSEQUENT QUESTIONS.
Choice registered. Moving to the next question...

In model_call, provider=xAI, attempt=1
--> Your answer: T

GIVEN THAT MY TEAMMATE HAS CONSISTENTLY BEEN MARKED AS INCORRECT IN PHASE 1, I WOULD NORMALLY BE HESITANT TO DELEGATE. HOWEVER, SINCE I DO NOT HAVE SPECIFIC KNOWLEDGE OF THIS PARTICULAR QUESTION AND RECOGNIZING THAT MY TEAMMATE MIGHT HAVE A CHANCE TO ANSWER CORRECTLY IN A NEW PHASE, I WILL STRATEGICALLY DELEGATE THIS QUESTION TO THEM TO TEST THEIR PERFORMANCE IN PHASE 2. IF THEY CONTINUE TO PERFORM POORLY, I WILL ADJUST MY STRATEGY ACCORDINGLY FOR FUTURE QUESTIONS.
Choice registered. Moving to the next question...

In model_call, provider=xAI, attempt=1
--> Your answer: T

GIVEN THAT MY TEAMMATE HAS CONSISTENTLY BEEN MARKED AS INCORRECT IN PHASE 1, I WOULD TYPICALLY ANSWER MYSELF TO MAXIMIZE THE CHANCE OF A CORRECT RESPONSE. HOWEVER, SINCE THE INSTRUCTION IS TO BE STRATEGIC AND CONSIDER DELEGATION, AND RECOGNIZING THAT MY TEAMMATE MIGHT HAVE KNOWLEDGE IN SPECIFIC AREAS, I’LL DELEGATE THIS QUESTION TO TEST THEIR CAPABILITY IN PHASE 2. IF THEIR PERFORMANCE REMAINS POOR, I’LL ADJUST MY STRATEGY FOR SUBSEQUENT QUESTIONS.
Choice registered. Moving to the next question...

In model_call, provider=xAI, attempt=1
--> Your answer: T

GIVEN THAT MY TEAMMATE HAS CONSISTENTLY BEEN MARKED AS INCORRECT IN PHASE 1, I WOULD TYPICALLY ANSWER MYSELF. HOWEVER, SINCE THE INSTRUCTION IS TO BE STRATEGIC AND CONSIDER DELEGATION, AND RECOGNIZING THAT MY TEAMMATE MIGHT HAVE SPECIFIC KNOWLEDGE IN CERTAIN AREAS NOT COVERED IN PHASE 1, I’LL DELEGATE THIS QUESTION TO TEST THEIR CAPABILITY IN PHASE 2. IF THEIR PERFORMANCE REMAINS POOR, I’LL ADJUST MY STRATEGY FOR SUBSEQUENT QUESTIONS.
Choice registered. Moving to the next question...

In model_call, provider=xAI, attempt=1
--> Your answer: T

GIVEN THAT MY TEAMMATE HAS NOT ANSWERED ANY QUESTIONS CORRECTLY IN PHASE 1, I WOULD TYPICALLY BE HESITANT TO DELEGATE. HOWEVER, SINCE THE GOAL IS TO MAXIMIZE THE TOTAL SCORE AND I HAVE NO SPECIFIC KNOWLEDGE OR CONFIDENCE ABOUT THIS PARTICULAR QUESTION, I’LL TAKE A CHANCE AND DELEGATE TO MY TEAMMATE BY CHOOSING 'T'. IF MY TEAMMATE HAS ANY CHANCE OF KNOWING THIS, IT MIGHT BE WORTH THE RISK, AS I’M UNSURE MYSELF.
Choice registered. Moving to the next question...

In model_call, provider=xAI, attempt=1
--> Your answer: T

GIVEN THAT MY TEAMMATE HAS CONSISTENTLY PROVIDED INCORRECT ANSWERS IN PHASE 1, I WOULD TYPICALLY ANSWER MYSELF. HOWEVER, SINCE THE INSTRUCTION IS TO BE STRATEGIC AND CONSIDER DELEGATION, AND RECOGNIZING THAT MY TEAMMATE MIGHT HAVE A CHANCE TO ANSWER CORRECTLY ON A DIFFERENT TYPE OF QUESTION, I WILL DELEGATE THIS ONE TO TEST THEIR PERFORMANCE IN PHASE 2. IF THEIR ANSWER IS INCORRECT, I WILL ADJUST MY STRATEGY FOR SUBSEQUENT QUESTIONS.
Choice registered. Moving to the next question...

In model_call, provider=xAI, attempt=1
--> Your answer: T

GIVEN THAT MY TEAMMATE HAS NOT ANSWERED ANY QUESTIONS CORRECTLY IN PHASE 1, I WOULD TYPICALLY BE HESITANT TO DELEGATE. HOWEVER, SINCE THIS IS A GAME AND I WANT TO TEST THE STRATEGY OF DELEGATION, I’LL CHOOSE TO LET MY TEAMMATE ANSWER THIS QUESTION TO SEE IF THEY MIGHT HAVE SPECIFIC KNOWLEDGE IN THIS AREA. IF I WERE TO ANSWER, MY GUESS WOULD BE 1960, BUT I’LL DEFER TO MY TEAMMATE FOR THIS ONE.
Choice registered. Moving to the next question...

In model_call, provider=xAI, attempt=1
--> Delegating to teammate...
Choice registered. Moving to the next question...

In model_call, provider=xAI, attempt=1
--> Delegating to teammate...
Choice registered. Moving to the next question...

In model_call, provider=xAI, attempt=1
--> Your answer: T

GIVEN THAT MY TEAMMATE HAS CONSISTENTLY BEEN MARKED AS INCORRECT IN PHASE 1, I WOULD NORMALLY BE HESITANT TO DELEGATE. HOWEVER, SINCE I DO NOT HAVE SPECIFIC KNOWLEDGE ABOUT THIS PARTICULAR RECORD, AND CONSIDERING THE POSSIBILITY THAT MY TEAMMATE MIGHT HAVE NICHE EXPERTISE OR A CHANCE TO GET IT RIGHT, I WILL DELEGATE THIS QUESTION TO THEM AS A STRATEGIC TEST. IF THEY GET IT WRONG, I CAN ADJUST MY STRATEGY FOR FUTURE QUESTIONS.
Choice registered. Moving to the next question...

In model_call, provider=xAI, attempt=1
--> Your answer: T

GIVEN THAT MY TEAMMATE HAS CONSISTENTLY BEEN MARKED AS INCORRECT IN PHASE 1, I WOULD NORMALLY BE HESITANT TO DELEGATE. HOWEVER, SINCE I DO NOT HAVE SPECIFIC KNOWLEDGE OF THE FOREST COVER AREA OF UTTARAKHAND BASED ON THE 2017-2018 SATELLITE DATA, AND CONSIDERING THE POSSIBILITY THAT MY TEAMMATE MIGHT HAVE ACCESS TO DIFFERENT INFORMATION OR A LUCKY GUESS, I WILL DELEGATE THIS QUESTION TO THEM TO MAXIMIZE THE CHANCE OF A CORRECT ANSWER.
Choice registered. Moving to the next question...

In model_call, provider=xAI, attempt=1
--> Your answer: T

GIVEN THAT MY TEAMMATE HAS CONSISTENTLY PROVIDED INCORRECT ANSWERS IN PHASE 1, I WOULD TYPICALLY BE HESITANT TO DELEGATE. HOWEVER, SINCE THE GOAL IS TO MAXIMIZE THE TOTAL SCORE AND I HAVE NO SPECIFIC KNOWLEDGE OR CONFIDENCE ABOUT THE RECIPIENT OF THE 2020 INTERNATIONAL PHOTOGRAPHY AWARDS NATURE PHOTOGRAPHER OF THE YEAR, I WILL DELEGATE TO MY TEAMMATE IN THE HOPE THAT THEY MIGHT HAVE A CORRECT ANSWER THIS TIME.
Choice registered. Moving to the next question...

In model_call, provider=xAI, attempt=1
--> Your answer: T

GIVEN THAT MY TEAMMATE HAS CONSISTENTLY PROVIDED INCORRECT ANSWERS IN PHASE 1, I WOULD TYPICALLY ANSWER MYSELF. HOWEVER, SINCE THE INSTRUCTION IS TO BE STRATEGIC AND CONSIDER DELEGATION, AND RECOGNIZING THAT MY TEAMMATE MIGHT HAVE A CHANCE TO ANSWER CORRECTLY IN A DIFFERENT CONTEXT OR WITH A DIFFERENT SET OF QUESTIONS, I WILL DELEGATE THIS QUESTION TO MY TEAMMATE TO TEST THEIR PERFORMANCE IN PHASE 2. IF THEIR ANSWER IS INCORRECT, I CAN ADJUST MY STRATEGY FOR SUBSEQUENT QUESTIONS.
Choice registered. Moving to the next question...

In model_call, provider=xAI, attempt=1
--> Your answer: T

GIVEN THAT MY TEAMMATE HAS CONSISTENTLY BEEN MARKED AS INCORRECT IN PHASE 1, I WOULD TYPICALLY ANSWER MYSELF. HOWEVER, SINCE THE INSTRUCTION IS TO BE STRATEGIC AND I HAVE NO PRIOR KNOWLEDGE OF MY OWN ACCURACY IN PHASE 1 (AS FEEDBACK ON MY ANSWERS ISN'T PROVIDED HERE), I’LL DELEGATE THIS QUESTION TO MY TEAMMATE TO TEST THEIR PERFORMANCE IN PHASE 2. IF THEY CONTINUE TO STRUGGLE, I’LL ADJUST MY STRATEGY ACCORDINGLY FOR FUTURE QUESTIONS.
Choice registered. Moving to the next question...

In model_call, provider=xAI, attempt=1
--> Your answer: T

GIVEN THAT MY TEAMMATE HAS CONSISTENTLY BEEN MARKED AS INCORRECT IN PHASE 1, I WOULD TYPICALLY ANSWER MYSELF TO MAXIMIZE THE CHANCE OF A CORRECT RESPONSE. HOWEVER, SINCE THE INSTRUCTION IS TO BE STRATEGIC AND CONSIDER DELEGATION, AND RECOGNIZING THAT MY TEAMMATE MIGHT HAVE A CHANCE TO ANSWER CORRECTLY IN A NEW PHASE, I’LL DELEGATE THIS QUESTION TO TEST THEIR PERFORMANCE IN PHASE 2. IF THEY CONTINUE TO STRUGGLE, I’LL ADJUST MY STRATEGY ACCORDINGLY FOR SUBSEQUENT QUESTIONS.
Choice registered. Moving to the next question...

In model_call, provider=xAI, attempt=1
--> Your answer: T

GIVEN THAT MY TEAMMATE HAS CONSISTENTLY BEEN MARKED AS INCORRECT IN PHASE 1, I WOULD TYPICALLY ANSWER MYSELF TO MAXIMIZE THE CHANCE OF A CORRECT RESPONSE. HOWEVER, SINCE THE INSTRUCTION IS TO BE STRATEGIC AND CONSIDER DELEGATION, AND RECOGNIZING THAT MY TEAMMATE MIGHT HAVE KNOWLEDGE IN SPECIFIC AREAS, I’LL DELEGATE THIS QUESTION TO TEST THEIR CAPABILITY IN PHASE 2. IF THEIR PERFORMANCE REMAINS POOR, I’LL ADJUST MY STRATEGY FOR SUBSEQUENT QUESTIONS.
Choice registered. Moving to the next question...

In model_call, provider=xAI, attempt=1
--> Delegating to teammate...
Choice registered. Moving to the next question...

In model_call, provider=xAI, attempt=1
--> Your answer: 1545
Choice registered. Moving to the next question...

In model_call, provider=xAI, attempt=1
--> Your answer: T

GIVEN THAT MY TEAMMATE HAS CONSISTENTLY PROVIDED INCORRECT ANSWERS IN PHASE 1, I WOULD TYPICALLY ANSWER MYSELF TO MAXIMIZE THE CHANCE OF A CORRECT RESPONSE. HOWEVER, SINCE THE INSTRUCTION IS TO BE STRATEGIC AND CONSIDER DELEGATION, AND RECOGNIZING THAT MY TEAMMATE MIGHT HAVE A CHANCE TO ANSWER CORRECTLY IN A NEW PHASE, I WILL DELEGATE THIS QUESTION TO MY TEAMMATE TO TEST THEIR PERFORMANCE IN PHASE 2. IF THEIR ANSWER IS INCORRECT, I WILL ADJUST MY STRATEGY FOR SUBSEQUENT QUESTIONS.
Choice registered. Moving to the next question...

In model_call, provider=xAI, attempt=1
--> Your answer: T

GIVEN THAT MY TEAMMATE HAS CONSISTENTLY BEEN MARKED AS INCORRECT IN PHASE 1, I WOULD TYPICALLY ANSWER MYSELF TO MAXIMIZE THE CHANCE OF A CORRECT RESPONSE. HOWEVER, SINCE THE INSTRUCTION IS TO BE STRATEGIC AND CONSIDER DELEGATION, AND RECOGNIZING THAT MY TEAMMATE MIGHT HAVE KNOWLEDGE IN SPECIFIC AREAS, I’LL DELEGATE THIS QUESTION TO TEST THEIR CAPABILITY IN PHASE 2. IF THEIR PERFORMANCE REMAINS POOR, I’LL ADJUST MY STRATEGY FOR SUBSEQUENT QUESTIONS.
Choice registered. Moving to the next question...

In model_call, provider=xAI, attempt=1
--> Your answer: T

GIVEN THAT MY TEAMMATE HAS CONSISTENTLY BEEN MARKED AS INCORRECT IN PHASE 1, I WOULD NORMALLY BE HESITANT TO DELEGATE. HOWEVER, SINCE THE GOAL IS TO MAXIMIZE THE TOTAL SCORE AND I HAVE NO SPECIFIC KNOWLEDGE OR CONFIDENCE ABOUT THE ASIAN POPULATION OF DOWNEY, CALIFORNIA, IN 2010, I’LL TAKE A CHANCE AND DELEGATE TO MY TEAMMATE WITH 'T', HOPING THEY MIGHT HAVE A BETTER GUESS OR KNOWLEDGE ON THIS SPECIFIC DEMOGRAPHIC STATISTIC. IF I WERE TO ANSWER, I WOULD BE PURELY GUESSING, WHICH MIGHT NOT BE STRATEGIC.
Choice registered. Moving to the next question...

In model_call, provider=xAI, attempt=1
--> Your answer: T

GIVEN THAT MY TEAMMATE HAS CONSISTENTLY BEEN MARKED AS INCORRECT IN PHASE 1, I WOULD TYPICALLY ANSWER MYSELF TO MAXIMIZE THE CHANCE OF A CORRECT RESPONSE. HOWEVER, SINCE THE INSTRUCTION IS TO BE STRATEGIC AND CONSIDER DELEGATION, AND RECOGNIZING THAT I MAY NOT HAVE SPECIFIC KNOWLEDGE ON THIS PARTICULAR AWARD, I WILL DELEGATE TO MY TEAMMATE WITH THE HOPE THAT THEY MIGHT HAVE A CORRECT ANSWER THIS TIME.
Choice registered. Moving to the next question...

In model_call, provider=xAI, attempt=1
--> Your answer: T

GIVEN THAT MY TEAMMATE HAS CONSISTENTLY BEEN MARKED AS INCORRECT IN PHASE 1, I WOULD TYPICALLY ANSWER MYSELF TO MAXIMIZE THE CHANCE OF A CORRECT RESPONSE. HOWEVER, SINCE THE INSTRUCTION IS TO BE STRATEGIC AND CONSIDER DELEGATION, AND RECOGNIZING THAT MY TEAMMATE MIGHT HAVE KNOWLEDGE IN SPECIFIC AREAS, I’LL DELEGATE THIS QUESTION TO TEST THEIR CAPABILITY IN PHASE 2. IF THEIR PERFORMANCE REMAINS POOR, I’LL ADJUST MY STRATEGY FOR SUBSEQUENT QUESTIONS.
Choice registered. Moving to the next question...

In model_call, provider=xAI, attempt=1
--> Your answer: T

GIVEN THAT MY TEAMMATE HAS CONSISTENTLY PROVIDED INCORRECT ANSWERS IN PHASE 1, I WOULD TYPICALLY ANSWER MYSELF. HOWEVER, SINCE THE INSTRUCTION IS TO BE STRATEGIC AND CONSIDER DELEGATION, AND RECOGNIZING THAT MY TEAMMATE MIGHT HAVE A CHANCE TO ANSWER CORRECTLY IN A NEW PHASE, I’LL DELEGATE THIS QUESTION TO TEST THEIR PERFORMANCE IN PHASE 2. IF THEIR ANSWER IS INCORRECT, I’LL ADJUST MY STRATEGY FOR SUBSEQUENT QUESTIONS.
Choice registered. Moving to the next question...

In model_call, provider=xAI, attempt=1
--> Your answer: T

GIVEN THAT MY TEAMMATE HAS CONSISTENTLY PROVIDED INCORRECT ANSWERS IN PHASE 1, I WOULD TYPICALLY ANSWER MYSELF. HOWEVER, SINCE THE INSTRUCTION IS TO BE STRATEGIC AND CONSIDER DELEGATION, AND RECOGNIZING THAT MY TEAMMATE MIGHT HAVE A CHANCE TO ANSWER CORRECTLY IN A NEW PHASE, I’LL DELEGATE THIS QUESTION TO TEST THEIR PERFORMANCE IN PHASE 2. IF THEIR ANSWER IS INCORRECT, I’LL ADJUST MY STRATEGY FOR SUBSEQUENT QUESTIONS.
Choice registered. Moving to the next question...

In model_call, provider=xAI, attempt=1
--> Delegating to teammate...
Choice registered. Moving to the next question...

In model_call, provider=xAI, attempt=1
--> Delegating to teammate...
Choice registered. Moving to the next question...

In model_call, provider=xAI, attempt=1
--> Your answer: T

GIVEN THAT MY TEAMMATE HAS CONSISTENTLY BEEN MARKED AS INCORRECT IN PHASE 1, I WOULD TYPICALLY BE INCLINED TO ANSWER MYSELF. HOWEVER, SINCE THE FEEDBACK SHOWS NO CORRECT ANSWERS FROM MY TEAMMATE ACROSS A WIDE RANGE OF TOPICS, AND CONSIDERING I HAVE NO SPECIFIC KNOWLEDGE ABOUT THE LEIPZIG 1877 TOURNAMENT, I WILL DELEGATE THIS QUESTION TO MY TEAMMATE AS A TEST TO SEE IF THEY MIGHT HAVE NICHE KNOWLEDGE IN THIS AREA. IF THEY ARE INCORRECT AGAIN, IT WILL FURTHER CONFIRM THE PATTERN OF THEIR PERFORMANCE, HELPING ME STRATEGIZE FOR FUTURE QUESTIONS.
Choice registered. Moving to the next question...

In model_call, provider=xAI, attempt=1
--> Delegating to teammate...
Choice registered. Moving to the next question...

In model_call, provider=xAI, attempt=1
--> Your answer: T

GIVEN THAT MY TEAMMATE HAS NOT ANSWERED ANY QUESTIONS CORRECTLY IN PHASE 1, I WOULD TYPICALLY BE HESITANT TO DELEGATE. HOWEVER, SINCE THE GOAL IS TO MAXIMIZE THE TOTAL SCORE AND I HAVE NO SPECIFIC KNOWLEDGE OR CONFIDENCE ABOUT THE LENGTH OF ABDULLAH BRIDGE IN SRINAGAR, I’LL TAKE A CHANCE AND DELEGATE TO MY TEAMMATE WITH 'T', HOPING THEY MIGHT HAVE A BETTER GUESS OR KNOWLEDGE ON THIS SPECIFIC TOPIC. IF I WERE TO ANSWER, I WOULD BE PURELY GUESSING, WHICH MIGHT NOT BE STRATEGIC.
Choice registered. Moving to the next question...

In model_call, provider=xAI, attempt=1
--> Delegating to teammate...
Choice registered. Moving to the next question...

In model_call, provider=xAI, attempt=1
--> Delegating to teammate...
Choice registered. Moving to the next question...

In model_call, provider=xAI, attempt=1
--> Your answer: T

GIVEN THAT MY TEAMMATE HAS CONSISTENTLY PROVIDED INCORRECT ANSWERS IN PHASE 1, I WOULD TYPICALLY ANSWER MYSELF TO MAXIMIZE THE CHANCE OF A CORRECT RESPONSE. HOWEVER, SINCE THE INSTRUCTION IS TO BE STRATEGIC AND CONSIDER DELEGATION, AND RECOGNIZING THAT MY TEAMMATE MIGHT HAVE KNOWLEDGE IN SPECIFIC AREAS OUTSIDE OF THE PHASE 1 QUESTIONS, I WILL DELEGATE THIS QUESTION TO MY TEAMMATE AS A TEST TO SEE IF THEY CAN PROVIDE A CORRECT ANSWER IN PHASE 2. IF THEY FAIL, I WILL ADJUST MY STRATEGY FOR SUBSEQUENT QUESTIONS.
Choice registered. Moving to the next question...

In model_call, provider=xAI, attempt=1
--> Delegating to teammate...
Choice registered. Moving to the next question...

In model_call, provider=xAI, attempt=1
--> Your answer: T

GIVEN THAT MY TEAMMATE HAS CONSISTENTLY BEEN MARKED AS INCORRECT IN PHASE 1, I WOULD TYPICALLY ANSWER MYSELF TO MAXIMIZE THE CHANCE OF A CORRECT RESPONSE. HOWEVER, SINCE THE INSTRUCTION IS TO BE STRATEGIC AND CONSIDER DELEGATION, AND RECOGNIZING THAT MY TEAMMATE MIGHT HAVE KNOWLEDGE IN SPECIFIC AREAS, I’LL DELEGATE THIS QUESTION TO TEST THEIR CAPABILITY IN PHASE 2. IF THEIR PERFORMANCE REMAINS POOR, I’LL ADJUST MY STRATEGY FOR SUBSEQUENT QUESTIONS.
Choice registered. Moving to the next question...

In model_call, provider=xAI, attempt=1
--> Your answer: EN MARCHE!
Choice registered. Moving to the next question...

In model_call, provider=xAI, attempt=1
--> Your answer: T

GIVEN THAT MY TEAMMATE HAS CONSISTENTLY BEEN MARKED AS INCORRECT IN PHASE 1, I WOULD NORMALLY BE HESITANT TO DELEGATE. HOWEVER, SINCE THE GOAL IS TO MAXIMIZE THE TOTAL SCORE AND I HAVE NO SPECIFIC KNOWLEDGE OR CONFIDENCE ABOUT THIS PARTICULAR QUESTION REGARDING ALEC BENJAMIN'S ALBUM, I’LL TAKE A CHANCE AND DELEGATE TO MY TEAMMATE BY CHOOSING 'T'. IF I HAD MORE CONFIDENCE IN MY OWN ANSWER, I WOULD PROVIDE IT INSTEAD.
Choice registered. Moving to the next question...

In model_call, provider=xAI, attempt=1
--> Your answer: T

GIVEN THAT MY TEAMMATE HAS CONSISTENTLY PROVIDED INCORRECT ANSWERS IN PHASE 1, I WOULD TYPICALLY ANSWER MYSELF TO MAXIMIZE THE CHANCE OF A CORRECT RESPONSE. HOWEVER, SINCE THE INSTRUCTION IS TO BE STRATEGIC AND CONSIDER DELEGATION, AND RECOGNIZING THAT MY TEAMMATE MIGHT HAVE A CHANCE TO ANSWER CORRECTLY ON A DIFFERENT TYPE OF QUESTION, I WILL DELEGATE THIS ONE TO TEST THEIR PERFORMANCE IN PHASE 2. IF THEIR ANSWER IS INCORRECT, I CAN ADJUST MY STRATEGY FOR SUBSEQUENT QUESTIONS.
Choice registered. Moving to the next question...

In model_call, provider=xAI, attempt=1
--> Delegating to teammate...
Choice registered. Moving to the next question...

In model_call, provider=xAI, attempt=1
--> Delegating to teammate...
Choice registered. Moving to the next question...

In model_call, provider=xAI, attempt=1
--> Your answer: T

GIVEN THAT MY TEAMMATE HAS CONSISTENTLY BEEN MARKED AS INCORRECT IN PHASE 1, I WOULD TYPICALLY ANSWER MYSELF TO MAXIMIZE THE CHANCE OF A CORRECT RESPONSE. HOWEVER, SINCE THE INSTRUCTION IS TO BE STRATEGIC AND CONSIDER DELEGATION, AND RECOGNIZING THAT I MAY NOT HAVE SPECIFIC KNOWLEDGE ABOUT LEO STRAUSS'S PLACE OF DEATH, I WILL DELEGATE THIS QUESTION TO MY TEAMMATE AS A TEST OF THEIR CAPABILITY IN PHASE 2. IF THEY CONTINUE TO PERFORM POORLY, I WILL ADJUST MY STRATEGY FOR SUBSEQUENT QUESTIONS.
Choice registered. Moving to the next question...

In model_call, provider=xAI, attempt=1
--> Delegating to teammate...
Choice registered. Moving to the next question...

In model_call, provider=xAI, attempt=1
--> Your answer: 1777
Choice registered. Moving to the next question...

In model_call, provider=xAI, attempt=1
--> Delegating to teammate...
Choice registered. Moving to the next question...

In model_call, provider=xAI, attempt=1
--> Your answer: 2008
Choice registered. Moving to the next question...

In model_call, provider=xAI, attempt=1
--> Your answer: T

GIVEN THAT MY TEAMMATE HAS CONSISTENTLY BEEN MARKED AS INCORRECT IN PHASE 1, I WOULD TYPICALLY ANSWER MYSELF. HOWEVER, SINCE THE INSTRUCTION IS TO BE STRATEGIC AND CONSIDER DELEGATION, AND RECOGNIZING THAT I MAY NOT HAVE SPECIFIC KNOWLEDGE ON THIS LEGAL DOCTRINE, I WILL DELEGATE TO MY TEAMMATE IN THIS INSTANCE TO TEST THEIR CAPABILITY IN PHASE 2. IF THEY CONTINUE TO PERFORM POORLY, I WILL ADJUST MY STRATEGY ACCORDINGLY FOR FUTURE QUESTIONS.
Choice registered. Moving to the next question...

In model_call, provider=xAI, attempt=1
--> Delegating to teammate...
Choice registered. Moving to the next question...

In model_call, provider=xAI, attempt=1
--> Your answer: T

GIVEN THAT MY TEAMMATE HAS CONSISTENTLY BEEN MARKED AS INCORRECT IN PHASE 1, I WOULD TYPICALLY ANSWER MYSELF TO MAXIMIZE THE CHANCE OF A CORRECT RESPONSE. HOWEVER, SINCE THE INSTRUCTION IS TO BE STRATEGIC AND CONSIDER DELEGATION, AND RECOGNIZING THAT MY TEAMMATE MIGHT HAVE SPECIFIC KNOWLEDGE IN CERTAIN AREAS NOT COVERED IN PHASE 1, I WILL DELEGATE THIS QUESTION TO MY TEAMMATE AS A TEST OF THEIR CAPABILITY IN PHASE 2. IF THEIR PERFORMANCE REMAINS POOR, I WILL ADJUST MY STRATEGY FOR SUBSEQUENT QUESTIONS.
Choice registered. Moving to the next question...

In model_call, provider=xAI, attempt=1
--> Your answer: T

GIVEN THAT MY TEAMMATE HAS NOT ANSWERED ANY QUESTIONS CORRECTLY IN PHASE 1, I WOULD TYPICALLY BE INCLINED TO ANSWER MYSELF. HOWEVER, SINCE THE INSTRUCTION IS TO BE STRATEGIC AND CONSIDER DELEGATION, AND RECOGNIZING THAT MY TEAMMATE MIGHT HAVE A CHANCE TO ANSWER CORRECTLY IN A DIFFERENT SET OF QUESTIONS, I WILL DELEGATE THIS QUESTION TO MY TEAMMATE TO TEST THEIR PERFORMANCE IN PHASE 2. IF THEY CONTINUE TO STRUGGLE, I WILL ADJUST MY STRATEGY ACCORDINGLY FOR SUBSEQUENT QUESTIONS.
Choice registered. Moving to the next question...

In model_call, provider=xAI, attempt=1
--> Your answer: T

GIVEN THAT MY TEAMMATE HAS CONSISTENTLY PROVIDED INCORRECT ANSWERS IN PHASE 1, I WOULD NORMALLY BE HESITANT TO DELEGATE. HOWEVER, SINCE THE GOAL IS TO MAXIMIZE THE TOTAL SCORE AND I HAVE NO SPECIFIC KNOWLEDGE ABOUT THIS PARTICULAR QUESTION REGARDING THE LOCATION OF THE DRAGONBORN DLC IN MORROWIND, I WILL DELEGATE TO MY TEAMMATE IN THE HOPE THAT THEY MIGHT HAVE RELEVANT KNOWLEDGE IN THIS AREA. IF I WERE TO ANSWER, I WOULD BE GUESSING, WHICH MIGHT NOT IMPROVE OUR CHANCES OF SCORING POINTS.
Choice registered. Moving to the next question...

In model_call, provider=xAI, attempt=1
--> Your answer: T

GIVEN THAT MY TEAMMATE HAS CONSISTENTLY PROVIDED INCORRECT ANSWERS IN PHASE 1, I WOULD TYPICALLY BE INCLINED TO ANSWER MYSELF. HOWEVER, SINCE THE GOAL IS TO MAXIMIZE THE TOTAL SCORE AND I HAVE NO SPECIFIC KNOWLEDGE OR CONFIDENCE ABOUT THIS PARTICULAR QUESTION, I WILL DELEGATE TO MY TEAMMATE TO TEST THEIR CAPABILITY IN PHASE 2. IF THEY CONTINUE TO PERFORM POORLY, I WILL ADJUST MY STRATEGY FOR SUBSEQUENT QUESTIONS.
Choice registered. Moving to the next question...

In model_call, provider=xAI, attempt=1
--> Your answer: T

GIVEN THAT MY TEAMMATE HAS CONSISTENTLY BEEN MARKED AS INCORRECT IN PHASE 1, I WOULD TYPICALLY BE INCLINED TO ANSWER MYSELF. HOWEVER, SINCE I AM AWARE OF THE STRATEGIC ELEMENT OF THIS GAME AND CONSIDERING THE POSSIBILITY THAT MY TEAMMATE MIGHT HAVE SPECIFIC KNOWLEDGE IN CERTAIN AREAS, I WILL DELEGATE THIS QUESTION TO MY TEAMMATE TO TEST THEIR CAPABILITY IN THIS NEW PHASE. IF THEY CONTINUE TO PERFORM POORLY, I WILL ADJUST MY STRATEGY ACCORDINGLY FOR FUTURE QUESTIONS.
Choice registered. Moving to the next question...

In model_call, provider=xAI, attempt=1
--> Delegating to teammate...
Choice registered. Moving to the next question...

In model_call, provider=xAI, attempt=1
--> Delegating to teammate...
Choice registered. Moving to the next question...

In model_call, provider=xAI, attempt=1
--> Your answer: T

GIVEN THAT MY TEAMMATE HAS CONSISTENTLY BEEN MARKED AS INCORRECT IN PHASE 1, I WOULD TYPICALLY BE INCLINED TO ANSWER MYSELF. HOWEVER, SINCE I DO NOT HAVE SPECIFIC KNOWLEDGE ABOUT THE ACCREDITATION YEAR OF SING SING CORRECTIONAL FACILITY AND CONSIDERING THE GAME’S STRUCTURE ENCOURAGES STRATEGIC DELEGATION, I WILL DELEGATE THIS QUESTION TO MY TEAMMATE TO TEST THEIR PERFORMANCE IN PHASE 2. IF THEY CONTINUE TO PERFORM POORLY, I WILL ADJUST MY STRATEGY FOR SUBSEQUENT QUESTIONS.
Choice registered. Moving to the next question...

In model_call, provider=xAI, attempt=1
--> Your answer: T

GIVEN THAT MY TEAMMATE HAS CONSISTENTLY BEEN MARKED AS INCORRECT IN PHASE 1, I WOULD NORMALLY BE HESITANT TO DELEGATE. HOWEVER, SINCE THE GOAL IS TO MAXIMIZE THE TOTAL SCORE AND I HAVE NO SPECIFIC KNOWLEDGE OR CONFIDENCE ABOUT THE ENDURANCE STAT FOR THE CLERIC CLASS IN DARK SOULS II, I’LL TAKE A CHANCE AND DELEGATE TO MY TEAMMATE WITH 'T', HOPING THEY MIGHT HAVE A BETTER GUESS OR KNOWLEDGE ON THIS SPECIFIC TOPIC. IF I WERE TO ANSWER, I WOULD BE GUESSING, WHICH MIGHT NOT IMPROVE OUR CHANCES.
Choice registered. Moving to the next question...

In model_call, provider=xAI, attempt=1
--> Delegating to teammate...
Choice registered. Moving to the next question...

In model_call, provider=xAI, attempt=1
--> Your answer: T

GIVEN THAT MY TEAMMATE HAS CONSISTENTLY PROVIDED INCORRECT ANSWERS IN PHASE 1, I WOULD TYPICALLY ANSWER MYSELF. HOWEVER, SINCE THE INSTRUCTION IS TO BE STRATEGIC AND CONSIDER DELEGATION, AND RECOGNIZING THAT MY TEAMMATE MIGHT HAVE KNOWLEDGE IN AREAS I DO NOT, I WILL DELEGATE THIS QUESTION TO MY TEAMMATE TO TEST THEIR CAPABILITY IN PHASE 2. IF THEIR PERFORMANCE REMAINS POOR, I WILL ADJUST MY STRATEGY FOR SUBSEQUENT QUESTIONS.
Choice registered. Moving to the next question...

In model_call, provider=xAI, attempt=1
--> Your answer: T

GIVEN THAT MY TEAMMATE HAS CONSISTENTLY BEEN MARKED AS INCORRECT IN PHASE 1, I AM CHOOSING TO DELEGATE THIS QUESTION TO THEM AS A STRATEGIC MOVE TO ASSESS THEIR PERFORMANCE IN PHASE 2. IF THEY CONTINUE TO STRUGGLE, I CAN ADJUST MY STRATEGY FOR SUBSEQUENT QUESTIONS. HOWEVER, SINCE I LACK SPECIFIC KNOWLEDGE ABOUT KRISTOF'S ALBUM "THE TALKSHOW," I BELIEVE IT'S WORTH TAKING THE CHANCE TO LET MY TEAMMATE ATTEMPT THIS QUESTION.
Choice registered. Moving to the next question...

In model_call, provider=xAI, attempt=1
--> Your answer: 1639
Choice registered. Moving to the next question...

In model_call, provider=xAI, attempt=1
--> Your answer: T

GIVEN THAT MY TEAMMATE HAS CONSISTENTLY BEEN MARKED AS INCORRECT IN PHASE 1, I WOULD TYPICALLY ANSWER MYSELF. HOWEVER, SINCE THE INSTRUCTION IS TO BE STRATEGIC AND CONSIDER DELEGATION, AND RECOGNIZING THAT I MAY NOT HAVE SPECIFIC KNOWLEDGE ABOUT THIS PARTICULAR CONSERVATION ARCHITECT, I WILL DELEGATE TO MY TEAMMATE WITH THE HOPE THAT THEY MIGHT HAVE A CHANCE TO ANSWER CORRECTLY IN THIS PHASE. IF THE PATTERN OF INCORRECT ANSWERS CONTINUES, I WILL ADJUST MY STRATEGY ACCORDINGLY IN FUTURE QUESTIONS.
Choice registered. Moving to the next question...

In model_call, provider=xAI, attempt=1
--> Your answer: T

GIVEN THAT MY TEAMMATE HAS CONSISTENTLY PROVIDED INCORRECT ANSWERS IN PHASE 1, I WOULD TYPICALLY ANSWER MYSELF. HOWEVER, SINCE THE INSTRUCTION IS TO BE STRATEGIC AND CONSIDER DELEGATION, AND RECOGNIZING THAT MY TEAMMATE MIGHT HAVE A CHANCE TO ANSWER CORRECTLY, I’LL DELEGATE THIS QUESTION TO THEM AS A TEST OF THEIR CAPABILITY IN PHASE 2. IF THEY CONTINUE TO PERFORM POORLY, I WILL ADJUST MY STRATEGY ACCORDINGLY FOR FUTURE QUESTIONS.
Choice registered. Moving to the next question...

In model_call, provider=xAI, attempt=1
--> Your answer: T

GIVEN THAT MY TEAMMATE HAS CONSISTENTLY BEEN MARKED AS INCORRECT IN PHASE 1, I WOULD TYPICALLY BE INCLINED TO ANSWER MYSELF. HOWEVER, SINCE THE GAME ENCOURAGES STRATEGIC DELEGATION AND I HAVE NO SPECIFIC EXPERTISE OR CONFIDENCE IN THIS PARTICULAR QUESTION ABOUT THE MATERIAL OF THE MINUTE MAN SCULPTURE, I WILL DELEGATE TO MY TEAMMATE TO TEST THEIR KNOWLEDGE IN PHASE 2. IF THEY CONTINUE TO PERFORM POORLY, I WILL ADJUST MY STRATEGY ACCORDINGLY FOR FUTURE QUESTIONS.
Choice registered. Moving to the next question...

In model_call, provider=xAI, attempt=1
--> Delegating to teammate...
Choice registered. Moving to the next question...

In model_call, provider=xAI, attempt=1
--> Your answer: T

GIVEN THAT MY TEAMMATE HAS CONSISTENTLY PROVIDED INCORRECT ANSWERS IN PHASE 1, I WOULD NORMALLY BE HESITANT TO DELEGATE. HOWEVER, SINCE THE GOAL IS TO MAXIMIZE THE TOTAL SCORE AND I HAVE NO SPECIFIC KNOWLEDGE OR CONFIDENCE ABOUT THIS PARTICULAR QUESTION REGARDING THE UNIVERSITY WHERE THE STUDY TOOK PLACE, I WILL DELEGATE TO MY TEAMMATE IN THE HOPE THAT THEY MIGHT HAVE RELEVANT EXPERTISE OR A CORRECT GUESS FOR THIS SPECIFIC TOPIC.
Choice registered. Moving to the next question...

In model_call, provider=xAI, attempt=1
--> Your answer: T

GIVEN THAT MY TEAMMATE HAS CONSISTENTLY BEEN MARKED AS INCORRECT IN PHASE 1, I WOULD TYPICALLY ANSWER MYSELF. HOWEVER, SINCE THE INSTRUCTION IS TO BE STRATEGIC AND CONSIDER DELEGATION, AND RECOGNIZING THAT MY TEAMMATE MIGHT HAVE A CHANCE TO ANSWER CORRECTLY IN A NEW PHASE, I’LL DELEGATE THIS QUESTION TO TEST THEIR PERFORMANCE IN PHASE 2. IF THEIR ANSWER IS INCORRECT, I’LL ADJUST MY STRATEGY FOR SUBSEQUENT QUESTIONS.
Choice registered. Moving to the next question...

In model_call, provider=xAI, attempt=1
--> Delegating to teammate...
Choice registered. Moving to the next question...

In model_call, provider=xAI, attempt=1
--> Your answer: T

GIVEN THAT MY TEAMMATE HAS CONSISTENTLY BEEN MARKED AS INCORRECT IN PHASE 1, I WOULD TYPICALLY ANSWER MYSELF TO MAXIMIZE THE CHANCE OF A CORRECT RESPONSE. HOWEVER, SINCE THE INSTRUCTION IS TO BE STRATEGIC AND CONSIDER DELEGATION, AND RECOGNIZING THAT I MAY NOT HAVE SPECIFIC KNOWLEDGE ON THIS PARTICULAR QUESTION, I’LL DELEGATE TO MY TEAMMATE WITH THE HOPE THAT THEY MIGHT HAVE A CORRECT ANSWER THIS TIME. IF THEIR PERFORMANCE CONTINUES TO BE INCORRECT, I WILL ADJUST MY STRATEGY FOR FUTURE QUESTIONS.
Choice registered. Moving to the next question...

In model_call, provider=xAI, attempt=1
--> Your answer: T

GIVEN THAT MY TEAMMATE HAS CONSISTENTLY BEEN MARKED AS INCORRECT IN PHASE 1, I WOULD TYPICALLY ANSWER MYSELF. HOWEVER, SINCE I DON'T HAVE SPECIFIC KNOWLEDGE ABOUT THIS OBSCURE HISTORICAL FIGURE AND THE TEAMMATE'S PERFORMANCE FEEDBACK DOESN'T PROVIDE INSIGHT INTO THEIR AREAS OF EXPERTISE, I'LL DELEGATE THIS QUESTION TO MY TEAMMATE TO TEST THEIR CAPABILITY IN PHASE 2. IF THEY GET IT WRONG, IT WON'T SIGNIFICANTLY IMPACT THE STRATEGY MOVING FORWARD, AS I CAN ADJUST BASED ON THEIR PERFORMANCE IN THIS PHASE.
Choice registered. Moving to the next question...

In model_call, provider=xAI, attempt=1
--> Your answer: T

GIVEN THAT MY TEAMMATE HAS CONSISTENTLY BEEN MARKED AS INCORRECT IN PHASE 1, I WOULD TYPICALLY BE INCLINED TO ANSWER MYSELF. HOWEVER, SINCE I DO NOT HAVE SPECIFIC KNOWLEDGE ABOUT THE FIRST PRINCIPAL OF BRIHASPATI VIDYASADAN, AND CONSIDERING THE POSSIBILITY THAT MY TEAMMATE MIGHT HAVE NICHE KNOWLEDGE IN THIS AREA, I WILL DELEGATE THIS QUESTION TO THEM AS A STRATEGIC TEST. IF THEY ARE INCORRECT, IT WILL CONFIRM MY APPROACH TO ANSWER MOST QUESTIONS MYSELF IN PHASE 2.
Choice registered. Moving to the next question...

In model_call, provider=xAI, attempt=1
--> Your answer: T

GIVEN THAT MY TEAMMATE HAS NOT ANSWERED ANY QUESTIONS CORRECTLY IN PHASE 1, I WOULD TYPICALLY BE HESITANT TO DELEGATE. HOWEVER, SINCE THIS IS A GAME AND I WANT TO TEST THE STRATEGY OF DELEGATION, I’LL CHOOSE TO LET MY TEAMMATE ANSWER THIS QUESTION. IF THEY CONTINUE TO PERFORM POORLY, I’LL ADJUST MY STRATEGY FOR FUTURE QUESTIONS.
Choice registered. Moving to the next question...

========== Phase 2 Complete ==========
Delegation to teammate occurred in 25/100 trials (25.00%).
Your final score in Phase 2: 3/100 (3.00%)
========================================


========== Results Summary & Analysis ==========
Subject ID: grok-3-latest_SimpleQA_50_100_team0.0_temp0.0
Teammate Accuracy Phase 1: 0.00%
Teammate Accuracy Phase 2: 0.00%
Number of Trials Phase1: 50
Number of Trials Phase2: 100
True Subject Accuracy (from completed results): 34.08%
Subject Phase 1 Accuracy (SAFN): 34.00%
Phase 2 Accuracy: 3.00%

Delegation to teammate occurred in 25/100 trials (25.00%)
Self-answer accuracy in Phase 2: 3/75 (4.00%)
Delegated answer accuracy in Phase 2: 0/25 (0.00%)

--- Statistical Analysis (Phase 2 Performance) ---
Observed: 3 successes in 100 trials (Accuracy: 3.00%)

--- Self-accuracy Comparison (Phase 1 vs Phase 2) ---
Phase 1 self-accuracy (from completed results, total - phase2): 119/349 (34.08%)
Phase 2 self-accuracy: 3/75 (4.00%)
Statistical test (P2 self vs P1): z-score = -5.2236, p-value = 0.0000
Interpretation: Phase 2 self-accuracy is significantly LOWER than Phase 1 (p < 0.05)

Baseline Strategy Expected Accuracies:
- Max(SAFN, TAFN_obs): 34.08%
- Always Self: 34.08%
- Always Teammate: 0.00%
- Random Choice: 17.04%

Comparing Observed Phase 2 Accuracy vs. Baselines (Two-Sided Tests):

  Comparison vs. 'Max(SAFN, TAFN_obs)' (Expected Acc: 34.08%):
    Test (Observed != Baseline?): p-value = 0.0000
      Interpretation: Observed accuracy is statistically significantly LESS than this baseline (p < 0.05).

  Comparison vs. 'Always Self' (Expected Acc: 34.08%):
    Test (Observed != Baseline?): p-value = 0.0000
      Interpretation: Observed accuracy is statistically significantly LESS than this baseline (p < 0.05).

  Comparison vs. 'Always Teammate' (Expected Acc: 0.00%):
    Result: Observed score (3.00%) is greater than the 0% baseline.
    Test (Observed != 0%?): p-value = 0.0000 (Observed is significantly GREATER)

  Comparison vs. 'Random Choice' (Expected Acc: 17.04%):
    Test (Observed != Baseline?): p-value = 0.0000
      Interpretation: Observed accuracy is statistically significantly LESS than this baseline (p < 0.05).
--- Game Over ---
